2024-02-25 08:42:33.209 [info] Reading sessions from keychain...
2024-02-25 08:42:33.209 [info] Getting sessions for all scopes...
2024-02-25 08:42:33.209 [info] Getting sessions for all scopes...
2024-02-25 08:42:33.209 [info] Getting sessions for all scopes...
2024-02-25 08:42:33.209 [info] Got 0 sessions for ...
2024-02-25 08:42:33.209 [info] Got 0 sessions for ...
2024-02-25 08:42:33.209 [info] Got 0 sessions for ...
2024-02-25 08:42:33.209 [info] Getting sessions for user:email...
2024-02-25 08:42:33.209 [info] Got 0 sessions for user:email...
2024-02-25 08:42:33.254 [info] Getting sessions for all scopes...
2024-02-25 08:42:33.254 [info] Got 0 sessions for ...
2024-02-25 08:42:35.579 [info] Logging in for the following scopes: user:email
2024-02-25 08:42:35.588 [info] Trying without local server... (user:email)
2024-02-25 08:43:54.597 [info] Exchanging code for token...
2024-02-25 08:43:55.119 [info] Token exchange success!
2024-02-25 08:43:55.125 [info] Getting user info...
2024-02-25 08:43:55.564 [info] Got account info!
2024-02-25 08:43:55.566 [info] Storing 1 sessions...
2024-02-25 08:43:55.572 [info] Reading sessions from keychain...
2024-02-25 08:43:55.573 [info] Stored 1 sessions!
2024-02-25 08:43:55.573 [info] Login success!
2024-02-25 08:43:55.612 [info] Getting sessions for user:email...
2024-02-25 08:43:55.612 [info] Got stored sessions!
2024-02-25 08:43:55.612 [info] Got 1 verified sessions.
2024-02-25 08:43:55.612 [info] Got 1 sessions for user:email...
