2023-12-22 13:39:44.586 [warning] Via 'product.json#extensionEnabledApiProposals' extension 'ms-python.python' wants API proposal 'registerIssueDataProvider' but that proposal DOES NOT EXIST. Likely, the proposal has been finalized (check 'vscode.d.ts') or was abandoned.
2023-12-22 13:39:45.005 [info] Started local extension host with pid 8904.
2023-12-22 13:39:47.687 [info] [perf] Render performance baseline is 41ms
2023-12-22 14:08:08.896 [error] Cannot read properties of undefined (reading 'data'): TypeError: Cannot read properties of undefined (reading 'data')
	at /home/stickee/.vscode/extensions/ms-python.vscode-pylance-2023.12.1/dist/extension.bundle.js:1:139734
	at _0x1be708 (/home/stickee/.vscode/extensions/ms-python.vscode-pylance-2023.12.1/dist/extension.bundle.js:1:152918)
	at async ve.provideCompletionItems (/opt/visual-studio-code/resources/app/out/vs/workbench/api/node/extensionHostProcess.js:143:53055)
2023-12-22 22:23:38.448 [info] [onWill-handler] applying additional workspace edit from extensions ["Python"]
2023-12-22 23:03:19.327 [error] Cannot read properties of undefined (reading 'data'): TypeError: Cannot read properties of undefined (reading 'data')
	at /home/stickee/.vscode/extensions/ms-python.vscode-pylance-2023.12.1/dist/extension.bundle.js:1:139734
	at _0x1be708 (/home/stickee/.vscode/extensions/ms-python.vscode-pylance-2023.12.1/dist/extension.bundle.js:1:152918)
	at async ve.provideCompletionItems (/opt/visual-studio-code/resources/app/out/vs/workbench/api/node/extensionHostProcess.js:143:53055)
2023-12-23 00:20:51.331 [error] Unknown (FileSystemError): Failed to move 'log.log' to the trash
    at c.create (/opt/visual-studio-code/resources/app/out/vs/code/electron-main/main.js:54:3486)
    at w (/opt/visual-studio-code/resources/app/out/vs/code/electron-main/main.js:54:3600)
    at p.y (/opt/visual-studio-code/resources/app/out/vs/code/electron-main/main.js:59:39643)
2023-12-23 00:20:51.335 [error] Failed to move 'log.log' to the trash: Unknown (FileSystemError): Failed to move 'log.log' to the trash
    at c.create (/opt/visual-studio-code/resources/app/out/vs/code/electron-main/main.js:54:3486)
    at w (/opt/visual-studio-code/resources/app/out/vs/code/electron-main/main.js:54:3600)
    at p.y (/opt/visual-studio-code/resources/app/out/vs/code/electron-main/main.js:59:39643)
2023-12-23 09:32:54.206 [error] Cannot read properties of undefined (reading 'data'): TypeError: Cannot read properties of undefined (reading 'data')
	at /home/stickee/.vscode/extensions/ms-python.vscode-pylance-2023.12.1/dist/extension.bundle.js:1:139734
	at _0x1be708 (/home/stickee/.vscode/extensions/ms-python.vscode-pylance-2023.12.1/dist/extension.bundle.js:1:152918)
	at async ve.provideCompletionItems (/opt/visual-studio-code/resources/app/out/vs/workbench/api/node/extensionHostProcess.js:143:53055)
2023-12-23 09:48:56.814 [error] ENOENT: no such file or directory, open '/home/stickee/.config/Code/User/globalStorage/vscodevim.vim/.registers': Error: ENOENT: no such file or directory, open '/home/stickee/.config/Code/User/globalStorage/vscodevim.vim/.registers'
