2024-02-25 08:38:51.588 [info] Log level: Info
2024-02-25 08:38:51.588 [info] Validating found git in: "git"
2024-02-25 08:38:51.588 [info] Using git "2.43.0" from "git"
2024-02-25 08:38:51.588 [info] > git rev-parse --show-toplevel [3ms]
2024-02-25 08:38:51.588 [info] fatal: not a git repository (or any parent up to mount point /)
Stopping at filesystem boundary (GIT_DISCOVERY_ACROSS_FILESYSTEM not set).
2024-02-25 08:38:51.588 [info] > git rev-parse --show-toplevel [3ms]
2024-02-25 08:38:51.588 [info] fatal: not a git repository (or any parent up to mount point /)
Stopping at filesystem boundary (GIT_DISCOVERY_ACROSS_FILESYSTEM not set).
2024-02-25 08:38:51.588 [info] > git rev-parse --show-toplevel [4ms]
2024-02-25 08:38:51.588 [info] fatal: not a git repository (or any parent up to mount point /)
Stopping at filesystem boundary (GIT_DISCOVERY_ACROSS_FILESYSTEM not set).
2024-02-25 08:38:51.589 [info] > git rev-parse --show-toplevel [2ms]
2024-02-25 08:38:51.589 [info] fatal: not a git repository (or any parent up to mount point /)
Stopping at filesystem boundary (GIT_DISCOVERY_ACROSS_FILESYSTEM not set).
2024-02-25 08:38:51.597 [info] > git rev-parse --show-toplevel [1ms]
2024-02-25 08:38:51.597 [info] fatal: not a git repository (or any parent up to mount point /)
Stopping at filesystem boundary (GIT_DISCOVERY_ACROSS_FILESYSTEM not set).
2024-02-25 08:38:51.607 [info] > git rev-parse --show-toplevel [1ms]
2024-02-25 08:38:51.607 [info] fatal: not a git repository (or any parent up to mount point /)
Stopping at filesystem boundary (GIT_DISCOVERY_ACROSS_FILESYSTEM not set).
2024-02-25 08:38:51.615 [info] > git rev-parse --show-toplevel [2ms]
2024-02-25 08:38:51.615 [info] fatal: not a git repository (or any parent up to mount point /)
Stopping at filesystem boundary (GIT_DISCOVERY_ACROSS_FILESYSTEM not set).
2024-02-25 08:38:51.623 [info] > git rev-parse --show-toplevel [1ms]
2024-02-25 08:38:51.623 [info] fatal: not a git repository (or any parent up to mount point /)
Stopping at filesystem boundary (GIT_DISCOVERY_ACROSS_FILESYSTEM not set).
2024-02-25 08:38:51.630 [info] > git rev-parse --show-toplevel [1ms]
2024-02-25 08:38:51.630 [info] fatal: not a git repository (or any parent up to mount point /)
Stopping at filesystem boundary (GIT_DISCOVERY_ACROSS_FILESYSTEM not set).
2024-02-25 08:38:51.638 [info] > git rev-parse --show-toplevel [1ms]
2024-02-25 08:38:51.638 [info] fatal: not a git repository (or any parent up to mount point /)
Stopping at filesystem boundary (GIT_DISCOVERY_ACROSS_FILESYSTEM not set).
2024-02-25 08:38:51.646 [info] > git rev-parse --show-toplevel [1ms]
2024-02-25 08:38:51.646 [info] fatal: not a git repository (or any parent up to mount point /)
Stopping at filesystem boundary (GIT_DISCOVERY_ACROSS_FILESYSTEM not set).
2024-02-25 08:38:51.658 [info] > git rev-parse --show-toplevel [1ms]
2024-02-25 08:38:51.658 [info] fatal: not a git repository (or any parent up to mount point /)
Stopping at filesystem boundary (GIT_DISCOVERY_ACROSS_FILESYSTEM not set).
2024-02-25 08:38:51.671 [info] > git rev-parse --show-toplevel [5ms]
2024-02-25 08:38:51.671 [info] fatal: not a git repository (or any parent up to mount point /)
Stopping at filesystem boundary (GIT_DISCOVERY_ACROSS_FILESYSTEM not set).
2024-02-25 08:38:51.682 [info] > git rev-parse --show-toplevel [1ms]
2024-02-25 08:38:51.682 [info] fatal: not a git repository (or any parent up to mount point /)
Stopping at filesystem boundary (GIT_DISCOVERY_ACROSS_FILESYSTEM not set).
2024-02-25 08:38:51.691 [info] > git rev-parse --show-toplevel [2ms]
2024-02-25 08:38:51.691 [info] fatal: not a git repository (or any parent up to mount point /)
Stopping at filesystem boundary (GIT_DISCOVERY_ACROSS_FILESYSTEM not set).
2024-02-25 08:38:51.947 [info] > git rev-parse --show-toplevel [2ms]
2024-02-25 08:38:51.947 [info] fatal: not a git repository (or any parent up to mount point /)
Stopping at filesystem boundary (GIT_DISCOVERY_ACROSS_FILESYSTEM not set).
2024-02-25 08:38:52.259 [info] > git rev-parse --show-toplevel [1ms]
2024-02-25 08:38:52.259 [info] fatal: not a git repository (or any parent up to mount point /)
Stopping at filesystem boundary (GIT_DISCOVERY_ACROSS_FILESYSTEM not set).
2024-02-25 08:46:23.844 [info] > git rev-parse --show-toplevel [1ms]
2024-02-25 08:46:23.845 [info] fatal: not a git repository (or any parent up to mount point /)
Stopping at filesystem boundary (GIT_DISCOVERY_ACROSS_FILESYSTEM not set).
2024-02-25 08:50:38.232 [info] > git rev-parse --show-toplevel [1ms]
2024-02-25 08:50:38.232 [info] fatal: not a git repository (or any parent up to mount point /)
Stopping at filesystem boundary (GIT_DISCOVERY_ACROSS_FILESYSTEM not set).
