2024-02-10 20:15:19.064 [info] Active editor: file:///mnt/Kynthos%20Development/blbsr/pinia-orm-models/base-models/BaseDepartment.ts
2024-02-10 20:17:54.901 [info] Active editor: file:///mnt/Kynthos%20Development/blbsr/pinia-orm-models/models/Department.ts
2024-02-10 20:18:08.801 [info] Active editor: file:///mnt/Kynthos%20Development/blbsr/pinia-orm-models/base-models/BaseDepartment.ts
2024-02-10 20:18:14.297 [info] /mnt/Kynthos Development/blbsr/pinia-orm-models/base-models/BaseDepartment.ts closed
2024-02-10 20:18:14.303 [info] Active editor: file:///mnt/Kynthos%20Development/blbsr/pinia-orm-models/models/Department.ts
2024-02-10 20:18:16.789 [info] Active editor: file:///mnt/Kynthos%20Development/blbsr/pinia-orm-models/base-models/BaseNonConformance.ts
2024-02-10 20:18:19.171 [info] Active editor: file:///mnt/Kynthos%20Development/blbsr/pinia-orm-models/models/Department.ts
2024-02-10 20:18:21.228 [info] Active editor: file:///mnt/Kynthos%20Development/blbsr/pinia-orm-models/base-models/BaseNonConformance.ts
2024-02-10 20:18:33.235 [info] Active editor: file:///mnt/Kynthos%20Development/blbsr/pinia-orm-models/models/Department.ts
2024-02-10 20:20:45.337 [info] Active editor: file:///mnt/Kynthos%20Development/blbsr/pinia-orm-models/models/Workstation.ts
2024-02-10 20:31:03.858 [info] Active editor: file:///mnt/Kynthos%20Development/blbsr/pinia-orm-models/base-models/BaseNonConformance.ts
2024-02-10 20:34:46.898 [info] Active editor: file:///mnt/Kynthos%20Development/blbsr/pinia-orm-models/models/NonConformance.ts
2024-02-10 20:34:51.195 [info] /mnt/Kynthos Development/blbsr/pinia-orm-models/base-models/BaseNonConformance.ts closed
2024-02-10 20:36:41.955 [info] Active editor: file:///mnt/Kynthos%20Development/blbsr/pinia-orm-models/models/Department.ts
2024-02-10 20:45:32.130 [info] Active editor: file:///mnt/Kynthos%20Development/blbsr/pinia-orm-models/models/NonConformance.ts
2024-02-10 20:50:46.021 [info] Active editor: file:///mnt/Kynthos%20Development/blbsr/pinia-orm-models/models/Department.ts
2024-02-10 20:56:51.642 [info] Active editor: file:///mnt/Kynthos%20Development/blbsr/pinia-orm-models/models/NonConformance.ts
2024-02-10 20:58:30.780 [info] Active editor: file:///mnt/Kynthos%20Development/blbsr/pinia-orm-models/base-models/BaseNonConformance.ts
2024-02-10 20:58:48.812 [info] Active editor: file:///mnt/Kynthos%20Development/blbsr/pinia-orm-models/models/NonConformance.ts
2024-02-10 20:59:08.728 [info] /mnt/Kynthos Development/blbsr/node_modules/.pnpm/pinia-orm@1.7.2_pinia@2.1.7/node_modules/pinia-orm/dist/decorators.d.ts closed
2024-02-10 20:59:56.063 [info] Active editor: file:///mnt/Kynthos%20Development/blbsr/pinia-orm-models/models/Department.ts
2024-02-10 21:00:07.929 [info] Active editor: file:///mnt/Kynthos%20Development/blbsr/pinia-orm-models/models/NonConformance.ts
2024-02-10 21:01:26.053 [info] /mnt/Kynthos Development/blbsr/pinia-orm-models/base-models/BaseNonConformance.ts closed
2024-02-10 21:01:31.151 [info] Active editor: file:///mnt/Kynthos%20Development/blbsr/pinia-orm-models/models/Department.ts
2024-02-10 21:02:37.211 [info] Active editor: file:///mnt/Kynthos%20Development/blbsr/pinia-orm-models/models/NonConformance.ts
2024-02-10 21:02:46.480 [info] Active editor: file:///mnt/Kynthos%20Development/blbsr/pinia-orm-models/models/Department.ts
2024-02-10 21:02:46.504 [info] /mnt/Kynthos Development/blbsr/pinia-orm-models/models/NonConformance.ts closed
2024-02-10 21:02:47.589 [info] /mnt/Kynthos Development/blbsr/pinia-orm-models/models/Workstation.ts closed
2024-02-10 21:02:48.818 [info] /mnt/Kynthos Development/blbsr/pinia-orm-models/models/Department.ts closed
2024-02-10 21:04:11.843 [info] Active editor: file:///mnt/Kynthos%20Development/blbsr/pinia-orm-models/models/Department.ts
2024-02-10 21:06:35.083 [info] /mnt/Kynthos Development/blbsr/pinia-orm-models/models/Department.ts closed
2024-02-10 21:06:35.104 [info] Active editor: file:///mnt/Kynthos%20Development/blbsr/pinia-orm-models/base-models/BaseMaterial.ts
2024-02-10 21:13:15.058 [info] /mnt/Kynthos Development/blbsr/pinia-orm-models/base-models/BaseMaterial.ts closed
2024-02-10 21:13:15.071 [info] Active editor: file:///mnt/Kynthos%20Development/blbsr/pinia-orm-models/base-models/BaseNonConformance.ts
2024-02-10 21:13:16.954 [info] /mnt/Kynthos Development/blbsr/pinia-orm-models/base-models/BaseNonConformance.ts closed
2024-02-10 21:13:16.970 [info] Active editor: file:///mnt/Kynthos%20Development/blbsr/pinia-orm-models/base-models/BaseNotification.ts
2024-02-10 21:13:59.234 [info] /mnt/Kynthos Development/blbsr/pinia-orm-models/base-models/BaseNotification.ts closed
2024-02-10 21:13:59.249 [info] Active editor: file:///mnt/Kynthos%20Development/blbsr/pinia-orm-models/base-models/BaseNonConformance.ts
2024-02-10 21:14:04.487 [info] /mnt/Kynthos Development/blbsr/pinia-orm-models/base-models/BaseNonConformance.ts closed
2024-02-10 21:14:04.500 [info] Active editor: file:///mnt/Kynthos%20Development/blbsr/pinia-orm-models/base-models/BaseNotification.ts
2024-02-10 21:14:21.590 [info] /mnt/Kynthos Development/blbsr/pinia-orm-models/base-models/BaseNotification.ts closed
2024-02-10 21:14:21.602 [info] Active editor: file:///mnt/Kynthos%20Development/blbsr/pinia-orm-models/base-models/BaseNonConformance.ts
2024-02-10 21:14:24.255 [info] /mnt/Kynthos Development/blbsr/pinia-orm-models/base-models/BaseNonConformance.ts closed
2024-02-10 21:14:29.580 [info] Active editor: file:///mnt/Kynthos%20Development/blbsr/pinia-orm-models/models/NonConformance.ts
2024-02-10 21:14:39.367 [info] /mnt/Kynthos Development/blbsr/pinia-orm-models/models/NonConformance.ts closed
2024-02-10 21:14:39.398 [info] Active editor: file:///mnt/Kynthos%20Development/blbsr/pinia-orm-models/models/Notification.ts
2024-02-10 21:14:53.767 [info] Active editor: file:///mnt/Kynthos%20Development/blbsr/pinia-orm-models/models/Department.ts
2024-02-10 21:15:03.355 [info] Active editor: file:///mnt/Kynthos%20Development/blbsr/pinia-orm-models/models/Notification.ts
2024-02-10 21:17:34.980 [info] /mnt/Kynthos Development/blbsr/pinia-orm-models/models/Notification.ts closed
2024-02-10 21:17:34.987 [info] Active editor: file:///mnt/Kynthos%20Development/blbsr/pinia-orm-models/models/Department.ts
2024-02-10 21:17:39.466 [info] /mnt/Kynthos Development/blbsr/tsconfig.json closed
2024-02-10 21:21:47.686 [info] Active editor: file:///mnt/Kynthos%20Development/blbsr/pinia-orm-models/base-models/BaseNotification.ts
2024-02-10 21:21:49.240 [info] /mnt/Kynthos Development/blbsr/pinia-orm-models/base-models/BaseNotification.ts closed
2024-02-10 21:21:49.267 [info] Active editor: file:///mnt/Kynthos%20Development/blbsr/pinia-orm-models/models/Department.ts
2024-02-10 21:21:51.854 [info] Active editor: file:///mnt/Kynthos%20Development/blbsr/pinia-orm-models/models/Notification.ts
2024-02-10 21:22:04.312 [info] /mnt/Kynthos Development/blbsr/pinia-orm-models/models/Notification.ts closed
2024-02-10 21:22:04.340 [info] Active editor: file:///mnt/Kynthos%20Development/blbsr/pinia-orm-models/models/NonConformance.ts
2024-02-10 21:23:40.661 [info] Active editor: file:///mnt/Kynthos%20Development/blbsr/pinia-orm-models/models/Department.ts
2024-02-10 21:25:04.481 [info] /mnt/Kynthos Development/blbsr/tsconfig.json closed
2024-02-10 21:25:43.786 [info] Active editor: file:///mnt/Kynthos%20Development/blbsr/pinia-orm-models/models/NonConformance.ts
2024-02-10 21:25:47.228 [info] Active editor: file:///mnt/Kynthos%20Development/blbsr/pinia-orm-models/models/Department.ts
2024-02-10 21:25:57.365 [info] Active editor: file:///mnt/Kynthos%20Development/blbsr/pinia-orm-models/models/NonConformance.ts
2024-02-10 21:26:00.621 [info] Active editor: file:///mnt/Kynthos%20Development/blbsr/pinia-orm-models/models/Department.ts
2024-02-10 21:26:33.866 [info] /mnt/Kynthos Development/blbsr/pinia-orm-models/models/NonConformance.ts closed
2024-02-10 21:26:34.804 [info] /mnt/Kynthos Development/blbsr/pinia-orm-models/models/Department.ts closed
2024-02-10 21:29:49.889 [info] Active editor: file:///mnt/Kynthos%20Development/blbsr/pinia-orm-models/base-models/BaseTasks.ts
2024-02-10 21:29:51.564 [info] /mnt/Kynthos Development/blbsr/pinia-orm-models/base-models/BaseTasks.ts closed
2024-02-10 21:39:58.745 [info] Active editor: file:///mnt/Kynthos%20Development/blbsr/src/modules/NonConformance/views/ManageNonConformancesView/ManageNonConformancesView.vue
2024-02-10 21:40:01.327 [info] /mnt/Kynthos Development/blbsr/src/modules/NonConformance/views/ManageNonConformancesView/ManageNonConformancesView.vue closed
