2024-01-03 14:29:10.451 [info] Log level: Info
2024-01-03 14:29:10.451 [info] Validating found git in: "git"
2024-01-03 14:29:10.451 [info] Using git "2.43.0" from "git"
2024-01-03 14:29:10.475 [info] > git rev-parse --show-toplevel [25ms]
2024-01-03 14:29:10.481 [info] > git rev-parse --git-dir --git-common-dir [1ms]
2024-01-03 14:29:10.489 [info] Open repository: /mnt/Kynthos Development/blbsr
2024-01-03 14:29:10.501 [info] > git rev-parse --show-toplevel [3ms]
2024-01-03 14:29:10.501 [info] > git config --get commit.template [6ms]
2024-01-03 14:29:10.595 [info] > git rev-parse --show-toplevel [26ms]
2024-01-03 14:29:10.642 [info] > git for-each-ref --format=%(refname)%00%(upstream:short)%00%(objectname)%00%(upstream:track)%00%(upstream:remotename)%00%(upstream:remoteref) refs/heads/main refs/remotes/main [48ms]
2024-01-03 14:29:10.681 [info] > git status -z -uall [35ms]
2024-01-03 14:29:10.691 [info] > git config --get commit.template [4ms]
2024-01-03 14:29:10.691 [info] > git for-each-ref --format=%(refname)%00%(upstream:short)%00%(objectname)%00%(upstream:track)%00%(upstream:remotename)%00%(upstream:remoteref) refs/heads/main refs/remotes/main [1ms]
2024-01-03 14:29:10.695 [info] > git status -z -uall [1ms]
2024-01-03 14:29:11.077 [info] > git check-ignore -v -z --stdin [2ms]
2024-01-03 14:29:11.348 [info] > git show --textconv :src/backend/compose.yaml [8ms]
2024-01-03 14:29:11.348 [info] > git ls-files --stage -- /mnt/Kynthos Development/blbsr/src/backend/compose.yaml [4ms]
2024-01-03 14:29:36.201 [info] > git config --get commit.template [4ms]
2024-01-03 14:29:36.201 [info] > git for-each-ref --format=%(refname)%00%(upstream:short)%00%(objectname)%00%(upstream:track)%00%(upstream:remotename)%00%(upstream:remoteref) refs/heads/main refs/remotes/main [1ms]
2024-01-03 14:29:36.206 [info] > git status -z -uall [1ms]
2024-01-03 14:30:12.105 [info] > git config --get commit.template [4ms]
2024-01-03 14:30:12.105 [info] > git for-each-ref --format=%(refname)%00%(upstream:short)%00%(objectname)%00%(upstream:track)%00%(upstream:remotename)%00%(upstream:remoteref) refs/heads/main refs/remotes/main [0ms]
2024-01-03 14:30:12.109 [info] > git status -z -uall [1ms]
2024-01-03 14:39:23.449 [info] > git check-ignore -v -z --stdin [0ms]
2024-01-03 14:39:24.116 [info] > git check-ignore -v -z --stdin [1ms]
2024-01-03 14:39:24.216 [info] > git config --get commit.template [3ms]
2024-01-03 14:39:24.216 [info] > git for-each-ref --format=%(refname)%00%(upstream:short)%00%(objectname)%00%(upstream:track)%00%(upstream:remotename)%00%(upstream:remoteref) refs/heads/main refs/remotes/main [1ms]
2024-01-03 14:39:24.220 [info] > git status -z -uall [1ms]
2024-01-03 14:39:51.758 [info] > git ls-files --stage -- /mnt/Kynthos Development/blbsr/src/backend/.gitignore [1ms]
2024-01-03 14:39:52.141 [info] > git cat-file -s 6769e21d99a63338394e47bc4c7d0aba1e88d5a5 [380ms]
2024-01-03 14:39:52.152 [info] > git show --textconv :src/backend/.gitignore [398ms]
2024-01-03 14:40:30.660 [info] > git check-ignore -v -z --stdin [1ms]
2024-01-03 14:40:30.672 [info] > git config --get commit.template [3ms]
2024-01-03 14:40:30.672 [info] > git for-each-ref --format=%(refname)%00%(upstream:short)%00%(objectname)%00%(upstream:track)%00%(upstream:remotename)%00%(upstream:remoteref) refs/heads/main refs/remotes/main [0ms]
2024-01-03 14:40:30.677 [info] > git status -z -uall [1ms]
2024-01-03 14:40:52.853 [info] > git check-ignore -v -z --stdin [0ms]
2024-01-03 14:40:53.413 [info] > git config --get commit.template [3ms]
2024-01-03 14:40:53.414 [info] > git for-each-ref --format=%(refname)%00%(upstream:short)%00%(objectname)%00%(upstream:track)%00%(upstream:remotename)%00%(upstream:remoteref) refs/heads/main refs/remotes/main [1ms]
2024-01-03 14:40:53.418 [info] > git status -z -uall [1ms]
2024-01-03 14:47:18.584 [info] > git merge-base refs/heads/main refs/remotes/origin/main [2ms]
2024-01-03 14:47:18.589 [info] > git rev-list --count --left-right refs/heads/main...refs/remotes/origin/main [1ms]
2024-01-03 14:47:19.074 [info] > git check-ignore -v -z --stdin [1ms]
2024-01-03 14:47:30.285 [info] > git check-ignore -v -z --stdin [1ms]
2024-01-03 14:47:50.135 [info] > git show --textconv :src/backend/app/preprocessors/ncs.py [31ms]
2024-01-03 14:47:50.136 [info] > git ls-files --stage -- /mnt/Kynthos Development/blbsr/src/backend/app/preprocessors/ncs.py [26ms]
2024-01-03 14:47:50.146 [info] > git cat-file -s dd6efb23d85ce125ec2b6c929f63c449e907c7d2 [5ms]
2024-01-03 14:47:52.283 [info] > git config --get commit.template [7ms]
2024-01-03 14:47:52.283 [info] > git for-each-ref --format=%(refname)%00%(upstream:short)%00%(objectname)%00%(upstream:track)%00%(upstream:remotename)%00%(upstream:remoteref) refs/heads/main refs/remotes/main [1ms]
2024-01-03 14:47:52.292 [info] > git status -z -uall [1ms]
2024-01-03 14:47:52.377 [info] > git ls-files --stage -- /mnt/Kynthos Development/blbsr/src/backend/app/preprocessors/ncs.py [1ms]
2024-01-03 14:47:52.389 [info] > git cat-file -s dd6efb23d85ce125ec2b6c929f63c449e907c7d2 [1ms]
2024-01-03 14:47:52.402 [info] > git show --textconv :src/backend/app/preprocessors/ncs.py [4ms]
2024-01-03 14:47:53.731 [info] > git ls-files --stage -- /mnt/Kynthos Development/blbsr/src/backend/app/preprocessors/ncs.py [1ms]
2024-01-03 14:47:53.737 [info] > git cat-file -s dd6efb23d85ce125ec2b6c929f63c449e907c7d2 [1ms]
2024-01-03 14:47:53.745 [info] > git show --textconv :src/backend/app/preprocessors/ncs.py [1ms]
2024-01-03 14:47:57.308 [info] > git config --get commit.template [6ms]
2024-01-03 14:47:57.308 [info] > git for-each-ref --format=%(refname)%00%(upstream:short)%00%(objectname)%00%(upstream:track)%00%(upstream:remotename)%00%(upstream:remoteref) refs/heads/main refs/remotes/main [1ms]
2024-01-03 14:47:57.315 [info] > git status -z -uall [1ms]
2024-01-03 14:48:10.253 [info] > git config --get commit.template [5ms]
2024-01-03 14:48:10.253 [info] > git for-each-ref --format=%(refname)%00%(upstream:short)%00%(objectname)%00%(upstream:track)%00%(upstream:remotename)%00%(upstream:remoteref) refs/heads/main refs/remotes/main [1ms]
2024-01-03 14:48:10.259 [info] > git status -z -uall [1ms]
2024-01-03 14:48:37.759 [info] > git ls-files --stage -- /mnt/Kynthos Development/blbsr/src/backend/app/main.py [1ms]
2024-01-03 14:48:37.769 [info] > git show --textconv :src/backend/app/main.py [17ms]
2024-01-03 14:48:37.769 [info] > git cat-file -s ba4d95ee964da2bc036a10bc0b60de099e890f93 [2ms]
2024-01-03 15:09:44.397 [info] > git config --get commit.template [6ms]
2024-01-03 15:09:44.398 [info] > git for-each-ref --format=%(refname)%00%(upstream:short)%00%(objectname)%00%(upstream:track)%00%(upstream:remotename)%00%(upstream:remoteref) refs/heads/main refs/remotes/main [1ms]
2024-01-03 15:09:44.403 [info] > git status -z -uall [1ms]
2024-01-03 15:10:15.983 [info] > git add -A -- . [31ms]
2024-01-03 15:10:16.018 [info] > git -c user.useConfigOnly=true commit --quiet --allow-empty-message --file - [28ms]
2024-01-03 15:10:16.025 [info] > git config --get commit.template [1ms]
2024-01-03 15:10:16.032 [info] > git config --get commit.template [1ms]
2024-01-03 15:10:16.039 [info] > git for-each-ref --format=%(refname)%00%(upstream:short)%00%(objectname)%00%(upstream:track)%00%(upstream:remotename)%00%(upstream:remoteref) refs/heads/main refs/remotes/main [1ms]
2024-01-03 15:10:16.047 [info] > git status -z -uall [1ms]
2024-01-03 15:10:16.076 [info] > git merge-base refs/heads/main refs/remotes/origin/main [8ms]
2024-01-03 15:10:16.082 [info] > git config --get commit.template [6ms]
2024-01-03 15:10:16.082 [info] > git rev-list --count --left-right refs/heads/main...refs/remotes/origin/main [1ms]
2024-01-03 15:10:16.090 [info] > git for-each-ref --format=%(refname)%00%(upstream:short)%00%(objectname)%00%(upstream:track)%00%(upstream:remotename)%00%(upstream:remoteref) refs/heads/main refs/remotes/main [1ms]
2024-01-03 15:10:16.098 [info] > git status -z -uall [1ms]
2024-01-03 15:10:17.144 [info] > git config --get commit.template [5ms]
2024-01-03 15:10:17.145 [info] > git for-each-ref --format=%(refname)%00%(upstream:short)%00%(objectname)%00%(upstream:track)%00%(upstream:remotename)%00%(upstream:remoteref) refs/heads/main refs/remotes/main [1ms]
2024-01-03 15:10:17.150 [info] > git status -z -uall [1ms]
