2024-01-02 12:55:40.232 [warning] Via 'product.json#extensionEnabledApiProposals' extension 'ms-python.python' wants API proposal 'registerIssueDataProvider' but that proposal DOES NOT EXIST. Likely, the proposal has been finalized (check 'vscode.d.ts') or was abandoned.
2024-01-02 12:55:40.562 [info] Started local extension host with pid 6702.
2024-01-02 12:55:43.347 [info] [perf] Render performance baseline is 49ms
2024-01-02 14:09:24.167 [error] Unknown (FileSystemError): Failed to move '.venv' to the trash
    at c.create (/opt/visual-studio-code/resources/app/out/vs/code/electron-main/main.js:54:3486)
    at w (/opt/visual-studio-code/resources/app/out/vs/code/electron-main/main.js:54:3600)
    at p.y (/opt/visual-studio-code/resources/app/out/vs/code/electron-main/main.js:59:39643)
2024-01-02 14:09:24.171 [error] Failed to move '.venv' to the trash: Unknown (FileSystemError): Failed to move '.venv' to the trash
    at c.create (/opt/visual-studio-code/resources/app/out/vs/code/electron-main/main.js:54:3486)
    at w (/opt/visual-studio-code/resources/app/out/vs/code/electron-main/main.js:54:3600)
    at p.y (/opt/visual-studio-code/resources/app/out/vs/code/electron-main/main.js:59:39643)
2024-01-02 14:38:12.514 [error] Unknown (FileSystemError): Failed to move 'backend' to the trash
    at c.create (/opt/visual-studio-code/resources/app/out/vs/code/electron-main/main.js:54:3486)
    at w (/opt/visual-studio-code/resources/app/out/vs/code/electron-main/main.js:54:3600)
    at p.y (/opt/visual-studio-code/resources/app/out/vs/code/electron-main/main.js:59:39643)
2024-01-02 14:38:12.520 [error] Failed to move 'backend' to the trash: Unknown (FileSystemError): Failed to move 'backend' to the trash
    at c.create (/opt/visual-studio-code/resources/app/out/vs/code/electron-main/main.js:54:3486)
    at w (/opt/visual-studio-code/resources/app/out/vs/code/electron-main/main.js:54:3600)
    at p.y (/opt/visual-studio-code/resources/app/out/vs/code/electron-main/main.js:59:39643)
2024-01-02 14:42:05.286 [warning] [File Watcher (node.js)] Watcher shutdown because watched path got deleted
2024-01-02 14:55:18.195 [error] Unknown (FileSystemError): Failed to move '.venv' to the trash
    at c.create (/opt/visual-studio-code/resources/app/out/vs/code/electron-main/main.js:54:3486)
    at w (/opt/visual-studio-code/resources/app/out/vs/code/electron-main/main.js:54:3600)
    at p.y (/opt/visual-studio-code/resources/app/out/vs/code/electron-main/main.js:59:39643)
2024-01-02 14:55:18.199 [error] Failed to move '.venv' to the trash: Unknown (FileSystemError): Failed to move '.venv' to the trash
    at c.create (/opt/visual-studio-code/resources/app/out/vs/code/electron-main/main.js:54:3486)
    at w (/opt/visual-studio-code/resources/app/out/vs/code/electron-main/main.js:54:3600)
    at p.y (/opt/visual-studio-code/resources/app/out/vs/code/electron-main/main.js:59:39643)
