2024-03-30 09:12:28.495 [info] Using settings sync service https://vscode-sync.trafficmanager.net/
2024-03-30 09:12:28.495 [info] Auto Sync is enabled.
2024-03-30 09:12:28.495 [info] Auto Sync: Suspended until auth token is available.
2024-03-30 09:12:28.866 [info] Auto Sync: Triggered by Interval
2024-03-30 09:12:28.866 [info] Sync started.
2024-03-30 09:12:28.931 [info] Deleting non existing profile from backup /home/stickee/.config/Code/User/sync/extensions
2024-03-30 09:12:28.989 [info] Deleting non existing profile from backup /home/stickee/.config/Code/User/sync/globalState
2024-03-30 09:12:29.016 [info] Deleting non existing profile from backup /home/stickee/.config/Code/User/sync/keybindings
2024-03-30 09:12:29.018 [info] Deleting non existing profile from backup /home/stickee/.config/Code/User/sync/profiles
2024-03-30 09:12:29.018 [info] Deleting non existing profile from backup /home/stickee/.config/Code/User/sync/settings
2024-03-30 09:12:29.019 [info] Deleting non existing profile from backup /home/stickee/.config/Code/User/sync/snippets
2024-03-30 09:12:29.019 [info] Deleting non existing profile from backup /home/stickee/.config/Code/User/sync/tasks
2024-03-30 09:12:29.737 [info] Settings: Last sync resource does not exist locally.
2024-03-30 09:12:29.970 [info] Settings: No changes found during synchronizing settings.
2024-03-30 09:12:29.971 [info] Keybindings: Last sync resource does not exist locally.
2024-03-30 09:12:30.155 [info] Keybindings: No changes found during synchronizing keybindings.
2024-03-30 09:12:30.156 [info] Snippets: Last sync resource does not exist locally.
2024-03-30 09:12:30.353 [info] Snippets: No changes found during synchronizing snippets.
2024-03-30 09:12:30.357 [info] Tasks: Last sync resource does not exist locally.
2024-03-30 09:12:30.561 [info] Tasks: No changes found during synchronizing tasks.
2024-03-30 09:12:30.562 [info] GlobalState: Last sync resource does not exist locally.
2024-03-30 09:12:30.926 [info] GlobalState: No changes found during synchronizing ui state.
2024-03-30 09:12:30.927 [info] Extensions: Last sync resource does not exist locally.
2024-03-30 09:12:31.182 [info] Extensions: No changes found during synchronizing extensions.
2024-03-30 09:12:31.182 [info] Profiles: Last sync resource does not exist locally.
2024-03-30 09:12:31.369 [info] Profiles: No changes found during synchronizing profiles.
2024-03-30 09:12:31.374 [info] Sync done. Took 2498ms
