Initializing document watcher...
blbsr/src/modules/NonConformance/components/CreateNonConformanceDialog/CreateNonConformanceDialog.vue: {"insertSpaces":true,"tabSize":2}
blbsr/src/modules/NonConformance/components/CreateNonConformanceDialog/CreateNonConformanceDialog.vue: {"insertSpaces":true,"tabSize":2}
blbsr/src/modules/NonConformance/components/CreateNonConformanceDialog/CreateNonConformanceDialog.vue: {"insertSpaces":true,"tabSize":2}
blbsr/src/modules/NonConformance/components/CreateNonConformanceDialog/CreateNonConformanceDialog.vue: {"insertSpaces":true,"tabSize":2}
blbsr/src/modules/NonConformance/components/CreateNonConformanceDialog/CreateNonConformanceDialog.vue: {"insertSpaces":true,"tabSize":2}
blbsr/src/modules/NonConformance/components/CreateNonConformanceDialog/CreateNonConformanceDialog.vue: Using EditorConfig core...
src/modules/NonConformance/components/CreateNonConformanceDialog/CreateNonConformanceDialog.vue: editor.action.trimTrailingWhitespace
blbsr/src/modules/NonConformance/components/CreateNonConformanceDialog/CreateNonConformanceDialog.vue: {"insertSpaces":true,"tabSize":2}
blbsr/src/modules/NonConformance/components/CreateNonConformanceDialog/CreateNonConformanceDialog.vue: Using EditorConfig core...
src/modules/NonConformance/components/CreateNonConformanceDialog/CreateNonConformanceDialog.vue: editor.action.trimTrailingWhitespace
blbsr/src/modules/NonConformance/components/CreateNonConformanceDialog/CreateNonConformanceDialog.vue: {"insertSpaces":true,"tabSize":2}
blbsr/src/modules/NonConformance/components/CreateNonConformanceDialog/CreateNonConformanceDialog.vue: {"insertSpaces":true,"tabSize":2}
blbsr/src/modules/NonConformance/components/CreateNonConformanceDialog/CreateNonConformanceDialog.vue: Using EditorConfig core...
src/modules/NonConformance/components/CreateNonConformanceDialog/CreateNonConformanceDialog.vue: editor.action.trimTrailingWhitespace
blbsr/src/modules/NonConformance/components/CreateNonConformanceDialog/CreateNonConformanceDialog.vue: Using EditorConfig core...
src/modules/NonConformance/components/CreateNonConformanceDialog/CreateNonConformanceDialog.vue: editor.action.trimTrailingWhitespace
blbsr/src/modules/NonConformance/views/ManageNonConformancesView/ManageNonConformancesView.vue: {"insertSpaces":true,"tabSize":2}
blbsr/src/modules/NonConformance/views/ManageNonConformancesView/ManageNonConformancesView.vue: {"insertSpaces":true,"tabSize":2}
blbsr/src/modules/NonConformance/views/ManageNonConformancesView/ManageNonConformancesView.vue: {"insertSpaces":true,"tabSize":2}
blbsr/src/modules/NonConformance/views/ManageNonConformancesView/ManageNonConformancesView.vue: Using EditorConfig core...
src/modules/NonConformance/views/ManageNonConformancesView/ManageNonConformancesView.vue: editor.action.trimTrailingWhitespace
blbsr/src/modules/NonConformance/views/ManageNonConformancesView/ManageNonConformancesView.vue: Using EditorConfig core...
src/modules/NonConformance/views/ManageNonConformancesView/ManageNonConformancesView.vue: editor.action.trimTrailingWhitespace
blbsr/src/modules/NonConformance/components/CreateNonConformanceDialog/CreateNonConformanceDialog.vue: {"insertSpaces":true,"tabSize":2}
blbsr/src/modules/NonConformance/components/CreateNonConformanceDialog/CreateNonConformanceDialog.vue: Using EditorConfig core...
src/modules/NonConformance/components/CreateNonConformanceDialog/CreateNonConformanceDialog.vue: editor.action.trimTrailingWhitespace
blbsr/src/modules/NonConformance/components/CreateNonConformanceDialog/CreateNonConformanceDialog.vue: {"insertSpaces":true,"tabSize":2}
blbsr/src/modules/NonConformance/components/CreateNonConformanceDialog/CreateNonConformanceDialog.vue: Using EditorConfig core...
src/modules/NonConformance/components/CreateNonConformanceDialog/CreateNonConformanceDialog.vue: editor.action.trimTrailingWhitespace
blbsr/src/modules/NonConformance/components/CreateNonConformanceDialog/CreateNonConformanceDialog.vue: {"insertSpaces":true,"tabSize":2}
blbsr/src/modules/NonConformance/components/CreateNonConformanceDialog/CreateNonConformanceDialog.vue: {"insertSpaces":true,"tabSize":2}
blbsr/src/modules/NonConformance/components/CreateNonConformanceDialog/CreateNonConformanceDialog.vue: Using EditorConfig core...
src/modules/NonConformance/components/CreateNonConformanceDialog/CreateNonConformanceDialog.vue: editor.action.trimTrailingWhitespace
blbsr/src/modules/NonConformance/components/CreateNonConformanceDialog/CreateNonConformanceDialog.vue: {"insertSpaces":true,"tabSize":2}
blbsr/src/modules/NonConformance/components/CreateNonConformanceDialog/CreateNonConformanceDialog.vue: Using EditorConfig core...
src/modules/NonConformance/components/CreateNonConformanceDialog/CreateNonConformanceDialog.vue: editor.action.trimTrailingWhitespace
blbsr/src/modules/NonConformance/components/CreateNonConformanceDialog/CreateNonConformanceDialog.vue: {"insertSpaces":true,"tabSize":2}
blbsr/src/modules/NonConformance/components/CreateNonConformanceDialog/CreateNonConformanceDialog.vue: Using EditorConfig core...
src/modules/NonConformance/components/CreateNonConformanceDialog/CreateNonConformanceDialog.vue: editor.action.trimTrailingWhitespace
blbsr/src/modules/NonConformance/components/NonConformanceForm/NonConformanceForm.vue: {"insertSpaces":true,"tabSize":2}
blbsr/src/modules/NonConformance/components/CreateNonConformanceDialog/CreateNonConformanceDialog.vue: {"insertSpaces":true,"tabSize":2}
blbsr/src/modules/NonConformance/components/CreateNonConformanceDialog/CreateNonConformanceDialog.vue: Using EditorConfig core...
src/modules/NonConformance/components/CreateNonConformanceDialog/CreateNonConformanceDialog.vue: editor.action.trimTrailingWhitespace
blbsr/src/modules/NonConformance/components/CreateNonConformanceDialog/CreateNonConformanceDialog.vue: {"insertSpaces":true,"tabSize":2}
blbsr/src/modules/NonConformance/components/CreateNonConformanceDialog/CreateNonConformanceDialog.vue: {"insertSpaces":true,"tabSize":2}
blbsr/src/modules/NonConformance/components/CreateNonConformanceDialog/CreateNonConformanceDialog.vue: {"insertSpaces":true,"tabSize":2}
blbsr/src/modules/NonConformance/components/NonConformanceForm/NonConformanceForm.vue: {"insertSpaces":true,"tabSize":2}
blbsr/src/modules/NonConformance/components/CreateNonConformanceDialog/CreateNonConformanceDialog.vue: {"insertSpaces":true,"tabSize":2}
blbsr/src/modules/NonConformance/components/NonConformanceForm/NonConformanceForm.vue: {"insertSpaces":true,"tabSize":2}
blbsr/src/modules/NonConformance/components/CreateNonConformanceDialog/CreateNonConformanceDialog.vue: {"insertSpaces":true,"tabSize":2}
blbsr/src/modules/NonConformance/components/CreateNonConformanceDialog/CreateNonConformanceDialog.vue: Using EditorConfig core...
src/modules/NonConformance/components/CreateNonConformanceDialog/CreateNonConformanceDialog.vue: editor.action.trimTrailingWhitespace
blbsr/src/modules/NonConformance/components/CreateNonConformanceDialog/CreateNonConformanceDialog.vue: {"insertSpaces":true,"tabSize":2}
blbsr/src/modules/NonConformance/components/CreateNonConformanceDialog/CreateNonConformanceDialog.vue: Using EditorConfig core...
src/modules/NonConformance/components/CreateNonConformanceDialog/CreateNonConformanceDialog.vue: editor.action.trimTrailingWhitespace
blbsr/src/modules/NonConformance/components/NonConformanceForm/NonConformanceForm.vue: {"insertSpaces":true,"tabSize":2}
blbsr/src/modules/NonConformance/components/NonConformanceForm/NonConformanceForm.vue: Using EditorConfig core...
src/modules/NonConformance/components/NonConformanceForm/NonConformanceForm.vue: editor.action.trimTrailingWhitespace
blbsr/src/modules/NonConformance/components/NonConformanceForm/NonConformanceForm.vue: {"insertSpaces":true,"tabSize":2}
blbsr/src/modules/NonConformance/components/NonConformanceForm/NonConformanceForm.vue: Using EditorConfig core...
src/modules/NonConformance/components/NonConformanceForm/NonConformanceForm.vue: editor.action.trimTrailingWhitespace
blbsr/src/modules/NonConformance/components/NonConformanceForm/NonConformanceForm.vue: {"insertSpaces":true,"tabSize":2}
blbsr/src/modules/NonConformance/components/NonConformanceForm/NonConformanceForm.vue: {"insertSpaces":true,"tabSize":2}
blbsr/src/modules/NonConformance/components/NonConformanceForm/NonConformanceForm.vue: {"insertSpaces":true,"tabSize":2}
blbsr/src/modules/NonConformance/components/NonConformanceForm/NonConformanceForm.vue: {"insertSpaces":true,"tabSize":2}
blbsr/src/modules/NonConformance/components/NonConformanceForm/NonConformanceForm.vue: {"insertSpaces":true,"tabSize":2}
blbsr/src/modules/NonConformance/components/NonConformanceForm/NonConformanceForm.vue: Using EditorConfig core...
src/modules/NonConformance/components/NonConformanceForm/NonConformanceForm.vue: editor.action.trimTrailingWhitespace
blbsr/src/modules/NonConformance/components/NonConformanceForm/NonConformanceForm.vue: {"insertSpaces":true,"tabSize":2}
blbsr/src/modules/NonConformance/components/NonConformanceForm/NonConformanceForm.vue: {"insertSpaces":true,"tabSize":2}
blbsr/src/modules/NonConformance/components/NonConformanceForm/NonConformanceForm.vue: Using EditorConfig core...
src/modules/NonConformance/components/NonConformanceForm/NonConformanceForm.vue: editor.action.trimTrailingWhitespace
blbsr/src/modules/NonConformance/components/NonConformanceForm/NonConformanceForm.vue: {"insertSpaces":true,"tabSize":2}
blbsr/src/modules/NonConformance/components/NonConformanceForm/NonConformanceForm.vue: Using EditorConfig core...
src/modules/NonConformance/components/NonConformanceForm/NonConformanceForm.vue: editor.action.trimTrailingWhitespace
blbsr/src/modules/NonConformance/components/NonConformanceForm/NonConformanceForm.vue: Using EditorConfig core...
src/modules/NonConformance/components/NonConformanceForm/NonConformanceForm.vue: editor.action.trimTrailingWhitespace
blbsr/src/modules/NonConformance/components/NonConformanceForm/NonConformanceForm.vue: {"insertSpaces":true,"tabSize":2}
blbsr/src/modules/NonConformance/components/NonConformanceForm/NonConformanceForm.vue: {"insertSpaces":true,"tabSize":2}
blbsr/src/modules/NonConformance/components/NonConformanceForm/NonConformanceForm.vue: {"insertSpaces":true,"tabSize":2}
blbsr/src/modules/NonConformance/views/ManageNonConformancesView/ManageNonConformancesView.vue: {"insertSpaces":true,"tabSize":2}
blbsr/src/modules/NonConformance/views/ManageNonConformancesView/ManageNonConformancesView.vue: Using EditorConfig core...
src/modules/NonConformance/views/ManageNonConformancesView/ManageNonConformancesView.vue: editor.action.trimTrailingWhitespace
blbsr/src/modules/NonConformance/components/NonConformanceForm/NonConformanceForm.vue: {"insertSpaces":true,"tabSize":2}
blbsr/src/modules/NonConformance/components/NonConformanceForm/NonConformanceForm.vue: Using EditorConfig core...
src/modules/NonConformance/components/NonConformanceForm/NonConformanceForm.vue: editor.action.trimTrailingWhitespace
blbsr/src/modules/NonConformance/components/NonConformanceForm/NonConformanceForm.vue: {"insertSpaces":true,"tabSize":2}
blbsr/src/modules/NonConformance/components/NonConformanceForm/NonConformanceForm.vue: {"insertSpaces":true,"tabSize":2}
blbsr/src/modules/NonConformance/components/NonConformanceForm/NonConformanceForm.vue: {"insertSpaces":true,"tabSize":2}
blbsr/src/modules/NonConformance/components/NonConformanceForm/NonConformanceForm.vue: Using EditorConfig core...
src/modules/NonConformance/components/NonConformanceForm/NonConformanceForm.vue: editor.action.trimTrailingWhitespace
blbsr/src/modules/NonConformance/components/NonConformanceForm/NonConformanceForm.vue: {"insertSpaces":true,"tabSize":2}
blbsr/src/modules/NonConformance/components/NonConformanceForm/NonConformanceForm.vue: {"insertSpaces":true,"tabSize":2}
blbsr/src/modules/NonConformance/components/NonConformanceForm/NonConformanceForm.vue: {"insertSpaces":true,"tabSize":2}
blbsr/src/modules/NonConformance/components/NonConformanceForm/NonConformanceForm.vue: Using EditorConfig core...
src/modules/NonConformance/components/NonConformanceForm/NonConformanceForm.vue: editor.action.trimTrailingWhitespace
blbsr/src/modules/NonConformance/components/NonConformanceForm/NonConformanceForm.vue: Using EditorConfig core...
src/modules/NonConformance/components/NonConformanceForm/NonConformanceForm.vue: editor.action.trimTrailingWhitespace
blbsr/src/modules/NonConformance/components/NonConformanceForm/NonConformanceForm.vue: Using EditorConfig core...
src/modules/NonConformance/components/NonConformanceForm/NonConformanceForm.vue: editor.action.trimTrailingWhitespace
blbsr/src/modules/NonConformance/views/ManageNonConformancesView/ManageNonConformancesView.vue: {"insertSpaces":true,"tabSize":2}
blbsr/src/modules/NonConformance/views/ManageNonConformancesView/ManageNonConformancesView.vue: {"insertSpaces":true,"tabSize":2}
blbsr/src/modules/NonConformance/views/ManageNonConformancesView/ManageNonConformancesView.vue: Using EditorConfig core...
src/modules/NonConformance/views/ManageNonConformancesView/ManageNonConformancesView.vue: editor.action.trimTrailingWhitespace
blbsr/src/modules/NonConformance/views/ManageNonConformancesView/ManageNonConformancesView.vue: {"insertSpaces":true,"tabSize":2}
blbsr/src/modules/NonConformance/views/ManageNonConformancesView/ManageNonConformancesView.vue: {"insertSpaces":true,"tabSize":2}
blbsr/src/modules/NonConformance/views/ManageNonConformancesView/useNotificationsCreator.ts: {"insertSpaces":true,"tabSize":2}
blbsr/src/modules/NonConformance/views/ManageNonConformancesView/useNotificationsCreator.ts: {"insertSpaces":true,"tabSize":2}
blbsr/src/modules/NonConformance/views/ManageNonConformancesView/useNotificationsCreator.ts: {"insertSpaces":true,"tabSize":2}
blbsr/src/modules/NonConformance/views/ManageNonConformancesView/ManageNonConformancesView.vue: {"insertSpaces":true,"tabSize":2}
blbsr/src/modules/NonConformance/views/ManageNonConformancesView/ManageNonConformancesView.vue: Using EditorConfig core...
src/modules/NonConformance/views/ManageNonConformancesView/ManageNonConformancesView.vue: editor.action.trimTrailingWhitespace
blbsr/src/modules/NonConformance/views/ManageNonConformancesView/useNotificationsCreator.ts: {"insertSpaces":true,"tabSize":2}
blbsr/src/modules/NonConformance/views/ManageNonConformancesView/useNotificationsCreator.ts: {"insertSpaces":true,"tabSize":2}
blbsr/src/modules/NonConformance/views/ManageNonConformancesView/useNotificationsCreator.ts: {"insertSpaces":true,"tabSize":2}
blbsr/src/modules/NonConformance/views/ManageNonConformancesView/useNotificationsCreator.ts: {"insertSpaces":true,"tabSize":2}
blbsr/src/modules/NonConformance/views/ManageNonConformancesView/useNotificationsCreator.ts: {"insertSpaces":true,"tabSize":2}
blbsr/src/modules/NonConformance/views/ManageNonConformancesView/useNotificationsCreator.ts: {"insertSpaces":true,"tabSize":2}
blbsr/src/modules/NonConformance/views/ManageNonConformancesView/useNotificationsCreator.ts: Using EditorConfig core...
src/modules/NonConformance/views/ManageNonConformancesView/useNotificationsCreator.ts: editor.action.trimTrailingWhitespace
blbsr/src/modules/NonConformance/views/ManageNonConformancesView/ManageNonConformancesView.vue: {"insertSpaces":true,"tabSize":2}
blbsr/src/modules/NonConformance/views/ManageNonConformancesView/useNotificationsCreator.ts: {"insertSpaces":true,"tabSize":2}
blbsr/src/modules/NonConformance/views/ManageNonConformancesView/useNotificationsCreator.ts: Using EditorConfig core...
src/modules/NonConformance/views/ManageNonConformancesView/useNotificationsCreator.ts: editor.action.trimTrailingWhitespace
blbsr/src/modules/NonConformance/views/ManageNonConformancesView/useNotificationsCreator.ts: {"insertSpaces":true,"tabSize":2}
blbsr/src/modules/NonConformance/views/ManageNonConformancesView/useNotificationsCreator.ts: {"insertSpaces":true,"tabSize":2}
blbsr/src/modules/NonConformance/views/ManageNonConformancesView/useNotificationsCreator.ts: {"insertSpaces":true,"tabSize":2}
blbsr/src/modules/NonConformance/views/ManageNonConformancesView/useNotificationsCreator.ts: {"insertSpaces":true,"tabSize":2}
blbsr/src/modules/NonConformance/views/ManageNonConformancesView/useNotificationsCreator.ts: {"insertSpaces":true,"tabSize":2}
blbsr/src/modules/NonConformance/views/ManageNonConformancesView/useNotificationsCreator.ts: {"insertSpaces":true,"tabSize":2}
blbsr/src/modules/NonConformance/views/ManageNonConformancesView/useNotificationsCreator.ts: {"insertSpaces":true,"tabSize":2}
blbsr/src/modules/NonConformance/views/ManageNonConformancesView/useNotificationsCreator.ts: {"insertSpaces":true,"tabSize":2}
blbsr/src/modules/NonConformance/views/ManageNonConformancesView/ManageNonConformancesView.vue: {"insertSpaces":true,"tabSize":2}
blbsr/src/modules/NonConformance/views/ManageNonConformancesView/ManageNonConformancesView.vue: Using EditorConfig core...
src/modules/NonConformance/views/ManageNonConformancesView/ManageNonConformancesView.vue: editor.action.trimTrailingWhitespace
blbsr/src/modules/NonConformance/views/ManageNonConformancesView/ManageNonConformancesView.vue: Using EditorConfig core...
src/modules/NonConformance/views/ManageNonConformancesView/ManageNonConformancesView.vue: editor.action.trimTrailingWhitespace
blbsr/src/modules/NonConformance/views/ManageNonConformancesView/useNotificationsUpdater.ts: {"insertSpaces":true,"tabSize":2}
blbsr/src/modules/NonConformance/views/ManageNonConformancesView/useNotificationsUpdater.ts: {"insertSpaces":true,"tabSize":2}
blbsr/src/modules/NonConformance/views/ManageNonConformancesView/useNotificationsUpdater.ts: {"insertSpaces":true,"tabSize":2}
blbsr/src/modules/NonConformance/views/ManageNonConformancesView/useNotificationsUpdater.ts: Using EditorConfig core...
src/modules/NonConformance/views/ManageNonConformancesView/useNotificationsUpdater.ts: editor.action.trimTrailingWhitespace
blbsr/src/modules/NonConformance/views/ManageNonConformancesView/ManageNonConformancesView.vue: {"insertSpaces":true,"tabSize":2}
blbsr/src/modules/NonConformance/views/ManageNonConformancesView/ManageNonConformancesView.vue: Using EditorConfig core...
src/modules/NonConformance/views/ManageNonConformancesView/ManageNonConformancesView.vue: editor.action.trimTrailingWhitespace
blbsr/src/modules/NonConformance/views/ManageNonConformancesView/useNotificationsUpdater.ts: {"insertSpaces":true,"tabSize":2}
blbsr/src/modules/NonConformance/views/ManageNonConformancesView/useNotificationsUpdater.ts: Using EditorConfig core...
src/modules/NonConformance/views/ManageNonConformancesView/useNotificationsUpdater.ts: editor.action.trimTrailingWhitespace
blbsr/src/modules/NonConformance/views/ManageNonConformancesView/ManageNonConformancesView.vue: {"insertSpaces":true,"tabSize":2}
blbsr/src/modules/NonConformance/views/ManageNonConformancesView/ManageNonConformancesView.vue: {"insertSpaces":true,"tabSize":2}
blbsr/src/modules/NonConformance/views/ManageNonConformancesView/ManageNonConformancesView.vue: {"insertSpaces":true,"tabSize":2}
blbsr/src/modules/NonConformance/views/ManageNonConformancesView/ManageNonConformancesView.vue: {"insertSpaces":true,"tabSize":2}
blbsr/src/modules/NonConformance/views/ManageNonConformancesView/ManageNonConformancesView.vue: Using EditorConfig core...
src/modules/NonConformance/views/ManageNonConformancesView/ManageNonConformancesView.vue: editor.action.trimTrailingWhitespace
blbsr/src/modules/NonConformance/views/ManageNonConformancesView/ManageNonConformancesView.vue: {"insertSpaces":true,"tabSize":2}
blbsr/src/modules/NonConformance/views/ManageNonConformancesView/useNotificationsUpdater.ts: {"insertSpaces":true,"tabSize":2}
blbsr/src/modules/NonConformance/views/ManageNonConformancesView/useNotificationsUpdater.ts: Using EditorConfig core...
src/modules/NonConformance/views/ManageNonConformancesView/useNotificationsUpdater.ts: editor.action.trimTrailingWhitespace
blbsr/src/modules/NonConformance/views/ManageNonConformancesView/ManageNonConformancesView.vue: {"insertSpaces":true,"tabSize":2}
blbsr/src/modules/NonConformance/views/ManageNonConformancesView/useNotificationsUpdater.ts: {"insertSpaces":true,"tabSize":2}
blbsr/src/modules/NonConformance/views/ManageNonConformancesView/ManageNonConformancesView.vue: {"insertSpaces":true,"tabSize":2}
blbsr/src/modules/NonConformance/views/ManageNonConformancesView/ManageNonConformancesView.vue: {"insertSpaces":true,"tabSize":2}
blbsr/src/modules/NonConformance/views/ManageNonConformancesView/useNotificationsUpdater.ts: {"insertSpaces":true,"tabSize":2}
blbsr/src/modules/NonConformance/views/ManageNonConformancesView/useNotificationsUpdater.ts: {"insertSpaces":true,"tabSize":2}
blbsr/src/modules/NonConformance/views/ManageNonConformancesView/useNotificationsUpdater.ts: {"insertSpaces":true,"tabSize":2}
blbsr/src/modules/NonConformance/views/ManageNonConformancesView/useNotificationsUpdater.ts: Using EditorConfig core...
src/modules/NonConformance/views/ManageNonConformancesView/useNotificationsUpdater.ts: editor.action.trimTrailingWhitespace
blbsr/src/modules/NonConformance/views/ManageNonConformancesView/ManageNonConformancesView.vue: {"insertSpaces":true,"tabSize":2}
blbsr/src/modules/NonConformance/components/UpdateNonConformanceDialog/UpdateNonConformanceDialog.vue: {"insertSpaces":true,"tabSize":2}
blbsr/src/modules/NonConformance/components/UpdateNonConformanceDialog/UpdateNonConformanceDialog.vue: {"insertSpaces":true,"tabSize":2}
blbsr/src/modules/NonConformance/components/NonConformanceForm/NonConformanceForm.vue: {"insertSpaces":true,"tabSize":2}
blbsr/src/modules/NonConformance/components/CreateNonConformanceDialog/CreateNonConformanceDialog.vue: {"insertSpaces":true,"tabSize":2}
blbsr/src/modules/NonConformance/components/UpdateNonConformanceDialog/UpdateNonConformanceDialog.vue: {"insertSpaces":true,"tabSize":2}
blbsr/src/modules/NonConformance/components/UpdateNonConformanceDialog/UpdateNonConformanceDialog.vue: Using EditorConfig core...
src/modules/NonConformance/components/UpdateNonConformanceDialog/UpdateNonConformanceDialog.vue: editor.action.trimTrailingWhitespace
blbsr/src/modules/NonConformance/views/ManageNonConformancesView/ManageNonConformancesView.vue: {"insertSpaces":true,"tabSize":2}
blbsr/src/modules/NonConformance/views/ManageNonConformancesView/ManageNonConformancesView.vue: Using EditorConfig core...
src/modules/NonConformance/views/ManageNonConformancesView/ManageNonConformancesView.vue: editor.action.trimTrailingWhitespace
blbsr/src/modules/NonConformance/views/ManageNonConformancesView/ManageNonConformancesView.vue: {"insertSpaces":true,"tabSize":2}
blbsr/src/modules/NonConformance/components/UpdateNonConformanceDialog/UpdateNonConformanceDialog.vue: {"insertSpaces":true,"tabSize":2}
blbsr/src/modules/NonConformance/components/UpdateNonConformanceDialog/UpdateNonConformanceDialog.vue: Using EditorConfig core...
src/modules/NonConformance/components/UpdateNonConformanceDialog/UpdateNonConformanceDialog.vue: editor.action.trimTrailingWhitespace
blbsr/src/modules/NonConformance/views/ManageNonConformancesView/ManageNonConformancesView.vue: {"insertSpaces":true,"tabSize":2}
blbsr/src/modules/NonConformance/views/ManageNonConformancesView/ManageNonConformancesView.vue: Using EditorConfig core...
src/modules/NonConformance/views/ManageNonConformancesView/ManageNonConformancesView.vue: editor.action.trimTrailingWhitespace
blbsr/src/modules/NonConformance/views/ManageNonConformancesView/ManageNonConformancesView.vue: {"insertSpaces":true,"tabSize":2}
blbsr/src/modules/NonConformance/views/ManageNonConformancesView/ManageNonConformancesView.vue: {"insertSpaces":true,"tabSize":2}
blbsr/src/modules/NonConformance/views/ManageNonConformancesView/ManageNonConformancesView.vue: {"insertSpaces":true,"tabSize":2}
blbsr/src/modules/NonConformance/views/ManageNonConformancesView/ManageNonConformancesView.vue: Using EditorConfig core...
src/modules/NonConformance/views/ManageNonConformancesView/ManageNonConformancesView.vue: editor.action.trimTrailingWhitespace
blbsr/src/modules/NonConformance/components/UpdateNonConformanceDialog/UpdateNonConformanceDialog.vue: {"insertSpaces":true,"tabSize":2}
blbsr/src/modules/NonConformance/components/UpdateNonConformanceDialog/UpdateNonConformanceDialog.vue: {"insertSpaces":true,"tabSize":2}
blbsr/src/modules/NonConformance/components/UpdateNonConformanceDialog/UpdateNonConformanceDialog.vue: Using EditorConfig core...
src/modules/NonConformance/components/UpdateNonConformanceDialog/UpdateNonConformanceDialog.vue: editor.action.trimTrailingWhitespace
blbsr/src/modules/NonConformance/views/ManageNonConformancesView/ManageNonConformancesView.vue: {"insertSpaces":true,"tabSize":2}
blbsr/src/modules/NonConformance/views/ManageNonConformancesView/ManageNonConformancesView.vue: {"insertSpaces":true,"tabSize":2}
blbsr/src/modules/NonConformance/views/ManageNonConformancesView/ManageNonConformancesView.vue: {"insertSpaces":true,"tabSize":2}
blbsr/src/modules/NonConformance/views/ManageNonConformancesView/ManageNonConformancesView.vue: {"insertSpaces":true,"tabSize":2}
blbsr/src/modules/NonConformance/views/ManageNonConformancesView/ManageNonConformancesView.vue: Using EditorConfig core...
src/modules/NonConformance/views/ManageNonConformancesView/ManageNonConformancesView.vue: editor.action.trimTrailingWhitespace
blbsr/src/modules/NonConformance/views/ManageNonConformancesView/ManageNonConformancesView.vue: {"insertSpaces":true,"tabSize":2}
blbsr/src/modules/NonConformance/views/ManageNonConformancesView/ManageNonConformancesView.vue: Using EditorConfig core...
src/modules/NonConformance/views/ManageNonConformancesView/ManageNonConformancesView.vue: editor.action.trimTrailingWhitespace
blbsr/src/modules/NonConformance/views/ManageNonConformancesView/ManageNonConformancesView.vue: {"insertSpaces":true,"tabSize":2}
blbsr/src/modules/NonConformance/views/ManageNonConformancesView/useNotificationsUpdater.ts: {"insertSpaces":true,"tabSize":2}
blbsr/src/modules/NonConformance/views/ManageNonConformancesView/useNotificationsCreator.ts: {"insertSpaces":true,"tabSize":2}
blbsr/src/modules/NonConformance/components/UpdateNonConformanceDialog/UpdateNonConformanceDialog.vue: {"insertSpaces":true,"tabSize":2}
blbsr/src/modules/NonConformance/components/UpdateNonConformanceDialog/UpdateNonConformanceDialog.vue: {"insertSpaces":true,"tabSize":2}
blbsr/src/modules/NonConformance/components/UpdateNonConformanceDialog/UpdateNonConformanceDialog.vue: {"insertSpaces":true,"tabSize":2}
blbsr/src/modules/NonConformance/components/UpdateNonConformanceDialog/UpdateNonConformanceDialog.vue: Using EditorConfig core...
src/modules/NonConformance/components/UpdateNonConformanceDialog/UpdateNonConformanceDialog.vue: editor.action.trimTrailingWhitespace
blbsr/src/modules/NonConformance/components/UpdateNonConformanceDialog/UpdateNonConformanceDialog.vue: {"insertSpaces":true,"tabSize":2}
blbsr/src/modules/NonConformance/components/NonConformanceForm/NonConformanceForm.vue: {"insertSpaces":true,"tabSize":2}
blbsr/src/modules/NonConformance/components/ManageNonConformancesTable/columns.ts: {"insertSpaces":true,"tabSize":2}
