2023-12-23 09:48:58.406 [info] Active editor: file:///mnt/Kynthos%20Development/chrmndr/chrmndr/models/card.py
2023-12-23 09:51:49.359 [info] /mnt/Kynthos Development/chrmndr/chrmndr/models/card.py.git closed
2023-12-23 09:52:12.104 [info] /home/stickee/.config/Code/User/settings.json closed
2023-12-23 09:52:12.111 [info] Configuration changed
2023-12-23 09:52:17.858 [info] /home/stickee/.config/Code/User/settings.json closed
2023-12-23 09:52:17.870 [info] Configuration changed
2023-12-23 09:52:20.073 [info] /home/stickee/.config/Code/User/settings.json closed
2023-12-23 09:52:20.087 [info] Configuration changed
2023-12-23 09:52:25.144 [info] Active editor: file:///mnt/Kynthos%20Development/chrmndr/chrmndr/models/card.py
2023-12-23 09:52:27.086 [info] /mnt/Kynthos Development/chrmndr/.venv/lib/python3.11/site-packages/attr/__init__.py closed
2023-12-23 09:52:36.749 [info] /mnt/Kynthos Development/chrmndr/chrmndr/models/card.py.git closed
2023-12-23 09:52:39.191 [info] Active editor: file:///mnt/Kynthos%20Development/chrmndr/chrmndr/models/card.py
2023-12-23 09:53:11.395 [info] Active editor: vscode-userdata:/home/stickee/.config/Code/User/settings.json
2023-12-23 09:53:11.408 [info] /mnt/Kynthos Development/chrmndr/chrmndr/models/card.py.git closed
2023-12-23 09:53:17.190 [info] /home/stickee/.config/Code/User/settings.json closed
2023-12-23 09:53:17.195 [info] Active editor: file:///mnt/Kynthos%20Development/chrmndr/chrmndr/models/card.py
2023-12-23 09:53:27.343 [info] Active editor: file:///mnt/Kynthos%20Development/chrmndr/chrmndr/engine/mechanics/action.py
2023-12-23 09:53:27.363 [info] /mnt/Kynthos Development/chrmndr/chrmndr/models/card.py.git closed
2023-12-23 09:53:30.720 [info] /usr/lib/python3.11/logging/__init__.py closed
2023-12-23 09:53:30.736 [info] /mnt/Kynthos Development/chrmndr/chrmndr/__init__.py closed
2023-12-23 09:53:30.841 [info] /usr/lib/python3.11/logging/__init__.py closed
2023-12-23 09:53:32.458 [info] /mnt/Kynthos Development/chrmndr/chrmndr/engine/mechanics/action.py closed
2023-12-23 09:53:32.462 [info] Active editor: file:///mnt/Kynthos%20Development/chrmndr/chrmndr/models/card.py
2023-12-23 09:53:32.471 [info] /mnt/Kynthos Development/chrmndr/chrmndr/engine/mechanics/action.py.git closed
2023-12-23 09:53:32.910 [info] /mnt/Kynthos Development/chrmndr/chrmndr/models/card.py closed
2023-12-23 09:53:32.915 [info] Active editor: file:///mnt/Kynthos%20Development/chrmndr/tests/test_action.py
2023-12-23 09:53:32.930 [info] /mnt/Kynthos Development/chrmndr/chrmndr/models/card.py.git closed
2023-12-23 09:53:34.705 [info] /mnt/Kynthos Development/chrmndr/tests/test_action.py closed
2023-12-23 09:53:34.705 [info] /mnt/Kynthos Development/chrmndr/tests/test_action.py.git closed
2023-12-23 09:53:42.825 [info] Active editor: file:///mnt/Kynthos%20Development/chrmndr/chrmndr/engine/mechanics/action.py
2023-12-23 09:56:05.812 [info] Active editor: file:///mnt/Kynthos%20Development/chrmndr/tests/test_action.py
2023-12-23 09:56:05.819 [info] /mnt/Kynthos Development/chrmndr/chrmndr/engine/mechanics/action.py.git closed
2023-12-23 09:56:09.101 [info] /mnt/Kynthos Development/chrmndr/tests/test_action.py closed
2023-12-23 09:56:09.123 [info] Active editor: file:///mnt/Kynthos%20Development/chrmndr/chrmndr/models/card.py
2023-12-23 09:56:09.128 [info] /mnt/Kynthos Development/chrmndr/tests/test_action.py.git closed
2023-12-23 09:56:11.449 [info] /settings/user closed
2023-12-23 09:56:11.547 [info] /settings/resourceLanguage closed
2023-12-23 09:56:11.548 [info] /ignoredSettings closed
2023-12-23 09:56:11.606 [info] /launch closed
2023-12-23 09:56:11.606 [info] /token-styling closed
2023-12-23 09:56:11.607 [info] /textmate-colors closed
2023-12-23 09:56:11.607 [info] /workbench-colors closed
2023-12-23 09:56:44.867 [info] /mnt/Kynthos Development/chrmndr/chrmndr/models/card.py.git closed
