Initializing document watcher...
blbsr/pinia-orm-models/base-models/BaseNonConformance.ts: {"insertSpaces":true,"tabSize":2}
blbsr/pinia-orm-models/base-models/BaseNonConformance.ts: {"insertSpaces":true,"tabSize":2}
blbsr/pinia-orm-models/base-models/BaseNonConformance.ts: {"insertSpaces":true,"tabSize":2}
blbsr/pinia-orm-models/base-models/BaseNonConformance.ts: {"insertSpaces":true,"tabSize":2}
blbsr/pinia-orm-models/base-models/BaseNonConformance.ts: Using EditorConfig core...
pinia-orm-models/base-models/BaseNonConformance.ts: editor.action.trimTrailingWhitespace
blbsr/pinia-orm-models/base-models/BaseNonConformance.ts: {"insertSpaces":true,"tabSize":2}
blbsr/pinia-orm-models/models/Material.ts: {"insertSpaces":true,"tabSize":2}
blbsr/pinia-orm-models/models/NonConformance.ts: {"insertSpaces":true,"tabSize":2}
blbsr/pinia-orm-models/models/Material.ts: {"insertSpaces":true,"tabSize":2}
blbsr/pinia-orm-models/base-models/BaseNonConformance.ts: {"insertSpaces":true,"tabSize":2}
blbsr/pinia-orm-models/models/Action.ts: {"insertSpaces":true,"tabSize":2}
blbsr/pinia-orm-models/models/Category.ts: {"insertSpaces":true,"tabSize":2}
blbsr/pinia-orm-models/models/Department.ts: {"insertSpaces":true,"tabSize":2}
blbsr/pinia-orm-models/models/Impact.ts: {"insertSpaces":true,"tabSize":2}
blbsr/pinia-orm-models/models/Material.ts: {"insertSpaces":true,"tabSize":2}
blbsr/pinia-orm-models/models/NonConformance.ts: {"insertSpaces":true,"tabSize":2}
blbsr/pinia-orm-models/models/Order.ts: {"insertSpaces":true,"tabSize":2}
blbsr/pinia-orm-models/models/Risk.ts: {"insertSpaces":true,"tabSize":2}
blbsr/pinia-orm-models/models/Status.ts: {"insertSpaces":true,"tabSize":2}
blbsr/pinia-orm-models/models/SubCategory.ts: {"insertSpaces":true,"tabSize":2}
blbsr/pinia-orm-models/models/Tasks.ts: {"insertSpaces":true,"tabSize":2}
blbsr/pinia-orm-models/models/Type.ts: {"insertSpaces":true,"tabSize":2}
blbsr/pinia-orm-models/models/Uom.ts: {"insertSpaces":true,"tabSize":2}
blbsr/pinia-orm-models/models/User.ts: {"insertSpaces":true,"tabSize":2}
blbsr/pinia-orm-models/models/Workstation.ts: {"insertSpaces":true,"tabSize":2}
blbsr/scripts/generate.ts: {"insertSpaces":true,"tabSize":2}
blbsr/scripts/generate.ts: Using EditorConfig core...
scripts/generate.ts: editor.action.trimTrailingWhitespace
blbsr/pinia-orm-models/models/Workstation.ts: {"insertSpaces":true,"tabSize":2}
blbsr/pinia-orm-models/base-models/BaseNonConformance.ts: {"insertSpaces":true,"tabSize":2}
blbsr/pinia-orm-models/base-models/BaseNonConformance.ts: {"insertSpaces":true,"tabSize":2}
blbsr/pinia-orm-models/base-models/BaseNonConformance.ts: {"insertSpaces":true,"tabSize":2}
blbsr/pinia-orm-models/base-models/BaseDepartment.ts: {"insertSpaces":true,"tabSize":2}
blbsr/pinia-orm-models/base-models/BaseDepartment.ts: Using EditorConfig core...
pinia-orm-models/base-models/BaseDepartment.ts: editor.action.trimTrailingWhitespace
blbsr/pinia-orm-models/base-models/BaseDepartment.ts: {"insertSpaces":true,"tabSize":2}
blbsr/pinia-orm-models/base-models/BaseDepartment.ts: Using EditorConfig core...
pinia-orm-models/base-models/BaseDepartment.ts: editor.action.trimTrailingWhitespace
blbsr/pinia-orm-models/base-models/BaseDepartment.ts: Using EditorConfig core...
pinia-orm-models/base-models/BaseDepartment.ts: editor.action.trimTrailingWhitespace
blbsr/pinia-orm-models/base-models/BaseDepartment.ts: Using EditorConfig core...
pinia-orm-models/base-models/BaseDepartment.ts: editor.action.trimTrailingWhitespace
blbsr/pinia-orm-models/models/Department.ts: {"insertSpaces":true,"tabSize":2}
blbsr/pinia-orm-models/models/Department.ts: {"insertSpaces":true,"tabSize":2}
blbsr/pinia-orm-models/models/Department.ts: {"insertSpaces":true,"tabSize":2}
blbsr/pinia-orm-models/base-models/BaseDepartment.ts: {"insertSpaces":true,"tabSize":2}
blbsr/pinia-orm-models/base-models/BaseDepartment.ts: {"insertSpaces":true,"tabSize":2}
blbsr/pinia-orm-models/models/Department.ts: {"insertSpaces":true,"tabSize":2}
blbsr/pinia-orm-models/base-models/BaseNonConformance.ts: {"insertSpaces":true,"tabSize":2}
blbsr/pinia-orm-models/models/Department.ts: {"insertSpaces":true,"tabSize":2}
blbsr/pinia-orm-models/base-models/BaseNonConformance.ts: {"insertSpaces":true,"tabSize":2}
blbsr/pinia-orm-models/models/Department.ts: {"insertSpaces":true,"tabSize":2}
blbsr/pinia-orm-models/models/Department.ts: Using EditorConfig core...
pinia-orm-models/models/Department.ts: editor.action.trimTrailingWhitespace
blbsr/pinia-orm-models/models/Department.ts: Using EditorConfig core...
pinia-orm-models/models/Department.ts: editor.action.trimTrailingWhitespace
blbsr/pinia-orm-models/models/Workstation.ts: {"insertSpaces":true,"tabSize":2}
blbsr/pinia-orm-models/models/Workstation.ts: Using EditorConfig core...
pinia-orm-models/models/Workstation.ts: editor.action.trimTrailingWhitespace
blbsr/pinia-orm-models/base-models/BaseNonConformance.ts: {"insertSpaces":true,"tabSize":2}
blbsr/pinia-orm-models/base-models/BaseNonConformance.ts: {"insertSpaces":true,"tabSize":2}
blbsr/pinia-orm-models/base-models/BaseNonConformance.ts: Using EditorConfig core...
pinia-orm-models/base-models/BaseNonConformance.ts: editor.action.trimTrailingWhitespace
blbsr/pinia-orm-models/base-models/BaseNonConformance.ts: Using EditorConfig core...
pinia-orm-models/base-models/BaseNonConformance.ts: editor.action.trimTrailingWhitespace
blbsr/pinia-orm-models/models/NonConformance.ts: {"insertSpaces":true,"tabSize":2}
blbsr/pinia-orm-models/models/NonConformance.ts: Using EditorConfig core...
pinia-orm-models/models/NonConformance.ts: editor.action.trimTrailingWhitespace
blbsr/pinia-orm-models/models/Department.ts: {"insertSpaces":true,"tabSize":2}
blbsr/pinia-orm-models/models/Department.ts: {"insertSpaces":true,"tabSize":2}
blbsr/pinia-orm-models/models/NonConformance.ts: {"insertSpaces":true,"tabSize":2}
blbsr/pinia-orm-models/models/NonConformance.ts: {"insertSpaces":true,"tabSize":2}
blbsr/pinia-orm-models/models/NonConformance.ts: Using EditorConfig core...
pinia-orm-models/models/NonConformance.ts: editor.action.trimTrailingWhitespace
blbsr/pinia-orm-models/models/Department.ts: {"insertSpaces":true,"tabSize":2}
blbsr/pinia-orm-models/models/Department.ts: {"insertSpaces":true,"tabSize":2}
blbsr/pinia-orm-models/models/Department.ts: {"insertSpaces":true,"tabSize":2}
blbsr/pinia-orm-models/models/Department.ts: {"insertSpaces":true,"tabSize":2}
blbsr/pinia-orm-models/models/Department.ts: Using EditorConfig core...
pinia-orm-models/models/Department.ts: editor.action.trimTrailingWhitespace
blbsr/pinia-orm-models/models/Department.ts: Using EditorConfig core...
pinia-orm-models/models/Department.ts: editor.action.trimTrailingWhitespace
blbsr/pinia-orm-models/models/NonConformance.ts: {"insertSpaces":true,"tabSize":2}
blbsr/pinia-orm-models/base-models/BaseNonConformance.ts: {"insertSpaces":true,"tabSize":2}
blbsr/pinia-orm-models/models/NonConformance.ts: {"insertSpaces":true,"tabSize":2}
blbsr/pinia-orm-models/models/Department.ts: {"insertSpaces":true,"tabSize":2}
blbsr/pinia-orm-models/models/NonConformance.ts: {"insertSpaces":true,"tabSize":2}
blbsr/pinia-orm-models/models/NonConformance.ts: Using EditorConfig core...
pinia-orm-models/models/NonConformance.ts: editor.action.trimTrailingWhitespace
blbsr/pinia-orm-models/models/NonConformance.ts: Using EditorConfig core...
pinia-orm-models/models/NonConformance.ts: editor.action.trimTrailingWhitespace
blbsr/pinia-orm-models/models/Department.ts: {"insertSpaces":true,"tabSize":2}
blbsr/pinia-orm-models/models/Department.ts: Using EditorConfig core...
pinia-orm-models/models/Department.ts: editor.action.trimTrailingWhitespace
blbsr/pinia-orm-models/models/NonConformance.ts: {"insertSpaces":true,"tabSize":2}
blbsr/pinia-orm-models/models/NonConformance.ts: Using EditorConfig core...
pinia-orm-models/models/NonConformance.ts: editor.action.trimTrailingWhitespace
blbsr/pinia-orm-models/models/Department.ts: {"insertSpaces":true,"tabSize":2}
No more open editors.
No more open editors.
blbsr/pinia-orm-models/models/Department.ts: {"insertSpaces":true,"tabSize":2}
blbsr/pinia-orm-models/models/Department.ts: {"insertSpaces":true,"tabSize":2}
blbsr/pinia-orm-models/models/Department.ts: {"insertSpaces":true,"tabSize":2}
blbsr/pinia-orm-models/base-models/BaseMaterial.ts: {"insertSpaces":true,"tabSize":2}
blbsr/pinia-orm-models/base-models/BaseMaterial.ts: {"insertSpaces":true,"tabSize":2}
blbsr/pinia-orm-models/base-models/BaseMaterial.ts: {"insertSpaces":true,"tabSize":2}
blbsr/pinia-orm-models/base-models/BaseMaterial.ts: {"insertSpaces":true,"tabSize":2}
blbsr/pinia-orm-models/base-models/BaseMaterial.ts: {"insertSpaces":true,"tabSize":2}
blbsr/pinia-orm-models/base-models/BaseMaterial.ts: {"insertSpaces":true,"tabSize":2}
blbsr/pinia-orm-models/base-models/BaseNonConformance.ts: {"insertSpaces":true,"tabSize":2}
blbsr/pinia-orm-models/base-models/BaseNotification.ts: {"insertSpaces":true,"tabSize":2}
blbsr/pinia-orm-models/base-models/BaseNotification.ts: {"insertSpaces":true,"tabSize":2}
blbsr/pinia-orm-models/base-models/BaseNotification.ts: {"insertSpaces":true,"tabSize":2}
blbsr/pinia-orm-models/base-models/BaseNonConformance.ts: {"insertSpaces":true,"tabSize":2}
blbsr/pinia-orm-models/base-models/BaseNotification.ts: {"insertSpaces":true,"tabSize":2}
blbsr/pinia-orm-models/base-models/BaseNotification.ts: {"insertSpaces":true,"tabSize":2}
blbsr/pinia-orm-models/base-models/BaseNonConformance.ts: {"insertSpaces":true,"tabSize":2}
blbsr/pinia-orm-models/models/NonConformance.ts: {"insertSpaces":true,"tabSize":2}
blbsr/pinia-orm-models/models/Notification.ts: {"insertSpaces":true,"tabSize":2}
blbsr/pinia-orm-models/models/Notification.ts: {"insertSpaces":true,"tabSize":2}
blbsr/pinia-orm-models/models/Department.ts: {"insertSpaces":true,"tabSize":2}
blbsr/pinia-orm-models/models/Notification.ts: {"insertSpaces":true,"tabSize":2}
blbsr/pinia-orm-models/models/Notification.ts: Using EditorConfig core...
pinia-orm-models/models/Notification.ts: editor.action.trimTrailingWhitespace
blbsr/pinia-orm-models/models/Notification.ts: Using EditorConfig core...
pinia-orm-models/models/Notification.ts: editor.action.trimTrailingWhitespace
blbsr/pinia-orm-models/models/Department.ts: {"insertSpaces":true,"tabSize":2}
blbsr/pinia-orm-models/models/Department.ts: Using EditorConfig core...
pinia-orm-models/models/Department.ts: editor.action.trimTrailingWhitespace
blbsr/pinia-orm-models/models/Department.ts: {"insertSpaces":true,"tabSize":2}
blbsr/pinia-orm-models/models/Department.ts: {"insertSpaces":true,"tabSize":2}
blbsr/pinia-orm-models/base-models/BaseNotification.ts: {"insertSpaces":true,"tabSize":2}
blbsr/pinia-orm-models/models/Department.ts: {"insertSpaces":true,"tabSize":2}
blbsr/pinia-orm-models/models/Notification.ts: {"insertSpaces":true,"tabSize":2}
blbsr/pinia-orm-models/models/NonConformance.ts: {"insertSpaces":true,"tabSize":2}
blbsr/pinia-orm-models/models/NonConformance.ts: Using EditorConfig core...
pinia-orm-models/models/NonConformance.ts: editor.action.trimTrailingWhitespace
blbsr/pinia-orm-models/models/Department.ts: {"insertSpaces":true,"tabSize":2}
blbsr/pinia-orm-models/models/Department.ts: Using EditorConfig core...
pinia-orm-models/models/Department.ts: editor.action.trimTrailingWhitespace
blbsr/pinia-orm-models/models/NonConformance.ts: {"insertSpaces":true,"tabSize":2}
blbsr/pinia-orm-models/models/Department.ts: {"insertSpaces":true,"tabSize":2}
blbsr/pinia-orm-models/models/NonConformance.ts: {"insertSpaces":true,"tabSize":2}
blbsr/pinia-orm-models/models/Department.ts: {"insertSpaces":true,"tabSize":2}
No more open editors.
No more open editors.
No more open editors.
blbsr/pinia-orm-models/base-models/BaseTasks.ts: {"insertSpaces":true,"tabSize":2}
No more open editors.
No more open editors.
No more open editors.
No more open editors.
No more open editors.
No more open editors.
blbsr/src/modules/NonConformance/views/ManageNonConformancesView/ManageNonConformancesView.vue: {"insertSpaces":true,"tabSize":2}
No more open editors.
No more open editors.
No more open editors.
No more open editors.
No more open editors.
No more open editors.
No more open editors.
No more open editors.
No more open editors.
No more open editors.
No more open editors.
No more open editors.
No more open editors.
No more open editors.
No more open editors.
No more open editors.
No more open editors.
No more open editors.
No more open editors.
No more open editors.
No more open editors.
No more open editors.
No more open editors.
No more open editors.
No more open editors.
No more open editors.
