2023-12-27 15:45:07.936 [info] Log level: Info
2023-12-27 15:45:07.936 [info] Validating found git in: "git"
2023-12-27 15:45:07.936 [info] Using git "2.43.0" from "git"
2023-12-27 15:45:07.936 [info] > git rev-parse --show-toplevel [2ms]
2023-12-27 15:45:07.938 [info] > git rev-parse --git-dir --git-common-dir [2ms]
2023-12-27 15:45:07.943 [info] Open repository: /mnt/Kynthos Development/chrmndr
2023-12-27 15:45:07.971 [info] > git rev-parse --show-toplevel [2ms]
2023-12-27 15:45:07.972 [info] > git config --get commit.template [13ms]
2023-12-27 15:45:08.101 [info] > git rev-parse --show-toplevel [40ms]
2023-12-27 15:45:08.110 [info] > git for-each-ref --format=%(refname)%00%(upstream:short)%00%(objectname)%00%(upstream:track)%00%(upstream:remotename)%00%(upstream:remoteref) refs/heads/LCI refs/remotes/LCI [11ms]
2023-12-27 15:45:08.112 [info] > git rev-parse --show-toplevel [3ms]
2023-12-27 15:45:08.149 [info] > git status -z -uall [3ms]
2023-12-27 15:45:08.149 [info] > git rev-parse --show-toplevel [20ms]
2023-12-27 15:45:08.184 [info] > git rev-parse --show-toplevel [27ms]
2023-12-27 15:45:08.194 [info] > git config --get commit.template [18ms]
2023-12-27 15:45:08.196 [info] > git rev-parse --show-toplevel [2ms]
2023-12-27 15:45:08.210 [info] > git for-each-ref --format=%(refname)%00%(upstream:short)%00%(objectname)%00%(upstream:track)%00%(upstream:remotename)%00%(upstream:remoteref) refs/heads/LCI refs/remotes/LCI [5ms]
2023-12-27 15:45:08.252 [info] > git status -z -uall [2ms]
2023-12-27 15:45:08.579 [info] > git check-ignore -v -z --stdin [2ms]
2023-12-27 15:45:08.601 [info] > git show --textconv :chrmndr/models/card.py [10ms]
2023-12-27 15:45:08.607 [info] > git ls-files --stage -- /mnt/Kynthos Development/chrmndr/chrmndr/models/card.py [7ms]
2023-12-27 15:45:08.617 [info] > git cat-file -s b6f109a3e468990b3ef3c24025ca51a95aeb6474 [2ms]
2023-12-27 15:45:09.672 [info] > git config --get commit.template [0ms]
2023-12-27 15:45:09.693 [info] > git for-each-ref --format=%(refname)%00%(upstream:short)%00%(objectname)%00%(upstream:track)%00%(upstream:remotename)%00%(upstream:remoteref) refs/heads/LCI refs/remotes/LCI [9ms]
2023-12-27 15:45:09.708 [info] > git status -z -uall [3ms]
2023-12-27 15:45:09.783 [info] > git ls-files --stage -- /mnt/Kynthos Development/chrmndr/chrmndr/models/card.py [0ms]
2023-12-27 15:45:09.797 [info] > git cat-file -s b6f109a3e468990b3ef3c24025ca51a95aeb6474 [0ms]
2023-12-27 15:45:09.877 [info] > git show --textconv :chrmndr/models/card.py [3ms]
2023-12-27 15:45:10.883 [info] Log level: Info
2023-12-27 15:45:10.883 [info] Validating found git in: "git"
2023-12-27 15:45:10.883 [info] Using git "2.43.0" from "git"
2023-12-27 15:46:02.687 [info] Log level: Info
2023-12-27 15:46:02.687 [info] Validating found git in: "git"
2023-12-27 15:46:02.687 [info] Using git "2.43.0" from "git"
2023-12-27 15:46:02.687 [info] > git rev-parse --show-toplevel [3ms]
2023-12-27 15:46:02.697 [info] > git rev-parse --git-dir --git-common-dir [2ms]
2023-12-27 15:46:02.702 [info] Open repository: /mnt/Kynthos Development/chrmndr
2023-12-27 15:46:02.823 [info] > git rev-parse --show-toplevel [36ms]
2023-12-27 15:46:02.823 [info] > git config --get commit.template [47ms]
2023-12-27 15:46:02.854 [info] > git rev-parse --show-toplevel [18ms]
2023-12-27 15:46:02.881 [info] > git for-each-ref --format=%(refname)%00%(upstream:short)%00%(objectname)%00%(upstream:track)%00%(upstream:remotename)%00%(upstream:remoteref) refs/heads/LCI refs/remotes/LCI [31ms]
2023-12-27 15:46:02.883 [info] > git rev-parse --show-toplevel [7ms]
2023-12-27 15:46:02.907 [info] > git rev-parse --show-toplevel [9ms]
2023-12-27 15:46:02.934 [info] > git status -z -uall [14ms]
2023-12-27 15:46:02.960 [info] > git rev-parse --show-toplevel [28ms]
2023-12-27 15:46:02.973 [info] > git config --get commit.template [14ms]
2023-12-27 15:46:02.975 [info] > git rev-parse --show-toplevel [3ms]
2023-12-27 15:46:03.000 [info] > git for-each-ref --format=%(refname)%00%(upstream:short)%00%(objectname)%00%(upstream:track)%00%(upstream:remotename)%00%(upstream:remoteref) refs/heads/LCI refs/remotes/LCI [14ms]
2023-12-27 15:46:03.020 [info] > git status -z -uall [4ms]
2023-12-27 15:46:03.305 [info] > git check-ignore -v -z --stdin [1ms]
2023-12-27 15:46:03.370 [info] > git show --textconv :chrmndr/models/card.py [11ms]
2023-12-27 15:46:03.372 [info] > git ls-files --stage -- /mnt/Kynthos Development/chrmndr/chrmndr/models/card.py [2ms]
2023-12-27 15:46:03.383 [info] > git cat-file -s b6f109a3e468990b3ef3c24025ca51a95aeb6474 [1ms]
2023-12-27 15:46:04.394 [info] > git config --get commit.template [3ms]
2023-12-27 15:46:04.415 [info] > git for-each-ref --format=%(refname)%00%(upstream:short)%00%(objectname)%00%(upstream:track)%00%(upstream:remotename)%00%(upstream:remoteref) refs/heads/LCI refs/remotes/LCI [1ms]
2023-12-27 15:46:04.441 [info] > git status -z -uall [2ms]
2023-12-27 15:46:04.505 [info] > git ls-files --stage -- /mnt/Kynthos Development/chrmndr/chrmndr/models/card.py [1ms]
2023-12-27 15:46:04.520 [info] > git cat-file -s b6f109a3e468990b3ef3c24025ca51a95aeb6474 [0ms]
2023-12-27 15:46:04.602 [info] > git show --textconv :chrmndr/models/card.py [1ms]
2023-12-27 15:46:05.865 [info] > git ls-files --stage -- /mnt/Kynthos Development/chrmndr/chrmndr/models/card.py [1ms]
2023-12-27 15:46:05.874 [info] > git cat-file -s b6f109a3e468990b3ef3c24025ca51a95aeb6474 [1ms]
2023-12-27 15:46:05.885 [info] > git show --textconv :chrmndr/models/card.py [1ms]
2023-12-27 15:46:07.921 [info] Log level: Info
2023-12-27 15:46:07.921 [info] Validating found git in: "git"
2023-12-27 15:46:07.921 [info] Using git "2.43.0" from "git"
2023-12-27 15:46:19.729 [info] Log level: Info
2023-12-27 15:46:19.729 [info] Validating found git in: "git"
2023-12-27 15:46:19.729 [info] Using git "2.43.0" from "git"
2023-12-27 15:46:19.733 [info] > git rev-parse --show-toplevel [19ms]
2023-12-27 15:46:19.744 [info] > git rev-parse --git-dir --git-common-dir [3ms]
2023-12-27 15:46:19.749 [info] Open repository: /mnt/Kynthos Development/blbsr
2023-12-27 15:46:19.836 [info] > git rev-parse --show-toplevel [23ms]
2023-12-27 15:46:19.837 [info] > git config --get commit.template [28ms]
2023-12-27 15:46:19.877 [info] > git rev-parse --show-toplevel [7ms]
2023-12-27 15:46:19.889 [info] > git rev-parse --show-toplevel [1ms]
2023-12-27 15:46:19.910 [info] > git for-each-ref --format=%(refname)%00%(upstream:short)%00%(objectname)%00%(upstream:track)%00%(upstream:remotename)%00%(upstream:remoteref) refs/heads/main refs/remotes/main [34ms]
2023-12-27 15:46:20.131 [info] > git status -z -uall [216ms]
2023-12-27 15:46:20.180 [info] > git config --get commit.template [4ms]
2023-12-27 15:46:20.191 [info] > git for-each-ref --format=%(refname)%00%(upstream:short)%00%(objectname)%00%(upstream:track)%00%(upstream:remotename)%00%(upstream:remoteref) refs/heads/main refs/remotes/main [1ms]
2023-12-27 15:46:20.202 [info] > git status -z -uall [1ms]
2023-12-27 15:46:20.323 [info] > git check-ignore -v -z --stdin [1ms]
2023-12-27 15:46:22.905 [info] > git check-ignore -v -z --stdin [0ms]
2023-12-27 15:46:23.216 [info] > git config --get commit.template [1ms]
2023-12-27 15:46:23.222 [info] > git for-each-ref --format=%(refname)%00%(upstream:short)%00%(objectname)%00%(upstream:track)%00%(upstream:remotename)%00%(upstream:remoteref) refs/heads/main refs/remotes/main [1ms]
2023-12-27 15:46:23.229 [info] > git status -z -uall [1ms]
2023-12-27 15:46:24.589 [info] > git show --textconv :app/main.py [22ms]
2023-12-27 15:46:24.589 [info] > git ls-files --stage -- /mnt/Kynthos Development/blbsr/app/main.py [14ms]
2023-12-27 15:46:24.608 [info] > git cat-file -s ba4d95ee964da2bc036a10bc0b60de099e890f93 [7ms]
2023-12-27 15:47:18.210 [info] > git check-ignore -v -z --stdin [1ms]
2023-12-27 15:49:42.441 [info] > git check-ignore -v -z --stdin [1ms]
2023-12-27 15:49:44.753 [info] > git ls-files --stage -- /mnt/Kynthos Development/blbsr/app/preprocessors/ncs.py [0ms]
2023-12-27 15:49:44.765 [info] > git show --textconv :app/preprocessors/ncs.py [18ms]
2023-12-27 15:49:44.765 [info] > git cat-file -s dd6efb23d85ce125ec2b6c929f63c449e907c7d2 [8ms]
2023-12-27 15:49:56.771 [info] > git show --textconv :app/main.py [5ms]
2023-12-27 15:49:56.772 [info] > git ls-files --stage -- /mnt/Kynthos Development/blbsr/app/main.py [1ms]
2023-12-27 15:49:56.777 [info] > git cat-file -s ba4d95ee964da2bc036a10bc0b60de099e890f93 [0ms]
