2024-02-09 19:07:08.165 [info] Added views:workbench.panel.markers.view in workbench.panel.markers
2024-02-09 19:07:08.165 [info] Added views:workbench.panel.output in workbench.panel.output
2024-02-09 19:07:08.165 [info] Added views:terminal in terminal
2024-02-09 19:07:08.165 [info] Added views:outline in workbench.view.explorer
2024-02-09 19:07:08.165 [info] Added views:workbench.scm in workbench.view.scm
2024-02-09 19:07:08.165 [info] Added views:workbench.view.search in workbench.view.search
2024-02-09 19:07:08.165 [info] Added views:timeline in workbench.view.explorer
2024-02-09 19:07:08.165 [info] Added views:workbench.explorer.openEditorsView,workbench.explorer.emptyView in workbench.view.explorer
2024-02-09 19:07:08.480 [info] Added views:workbench.debug.welcome in workbench.view.debug
2024-02-09 19:07:08.597 [info] Added views:~remote.forwardedPorts in ~remote.forwardedPortsContainer
2024-02-09 19:07:08.662 [info] Added views:workbench.panel.repl.view in workbench.panel.repl
2024-02-09 19:10:05.466 [info] Added views:workbench.panel.markers.view in workbench.panel.markers
2024-02-09 19:10:05.466 [info] Added views:workbench.panel.output in workbench.panel.output
2024-02-09 19:10:05.466 [info] Added views:terminal in terminal
2024-02-09 19:10:05.466 [info] Added views:outline in workbench.view.explorer
2024-02-09 19:10:05.466 [info] Added views:workbench.scm in workbench.view.scm
2024-02-09 19:10:05.466 [info] Added views:workbench.view.search in workbench.view.search
2024-02-09 19:10:05.466 [info] Added views:timeline in workbench.view.explorer
2024-02-09 19:10:05.466 [info] Added views:workbench.explorer.openEditorsView,workbench.explorer.fileView in workbench.view.explorer
2024-02-09 19:10:05.575 [info] Added views:workbench.debug.welcome in workbench.view.debug
2024-02-09 19:10:06.619 [info] Added views:~remote.forwardedPorts in ~remote.forwardedPortsContainer
2024-02-09 19:10:06.821 [info] Added views:workbench.panel.repl.view in workbench.panel.repl
2024-02-09 19:10:19.492 [info] Added views:workbench.views.extensions.installed,workbench.views.extensions.popular,extensions.recommendedList in workbench.view.extensions
2024-02-09 19:10:19.501 [info] Removed views:workbench.views.extensions.popular from workbench.view.extensions
2024-02-09 19:10:19.684 [info] Added views:workbench.views.extensions.popular in workbench.view.extensions
2024-02-09 21:00:41.322 [info] Added views:workbench.panel.markers.view in workbench.panel.markers
2024-02-09 21:00:41.322 [info] Added views:workbench.panel.output in workbench.panel.output
2024-02-09 21:00:41.322 [info] Added views:terminal in terminal
2024-02-09 21:00:41.322 [info] Added views:outline in workbench.view.explorer
2024-02-09 21:00:41.322 [info] Added views:workbench.scm in workbench.view.scm
2024-02-09 21:00:41.322 [info] Added views:workbench.view.search in workbench.view.search
2024-02-09 21:00:41.322 [info] Added views:timeline in workbench.view.explorer
2024-02-09 21:00:41.322 [info] Added views:workbench.explorer.openEditorsView,workbench.explorer.emptyView in workbench.view.explorer
2024-02-09 21:00:41.584 [info] Added views:workbench.debug.variablesView,workbench.debug.watchExpressionsView,workbench.debug.callStackView,workbench.debug.breakPointsView in workbench.view.debug
2024-02-09 21:00:41.661 [info] Added views:~remote.forwardedPorts in ~remote.forwardedPortsContainer
2024-02-09 21:00:41.710 [info] Added views:workbench.panel.repl.view in workbench.panel.repl
2024-02-09 21:00:41.713 [info] Removed views:workbench.debug.breakPointsView,workbench.debug.callStackView,workbench.debug.watchExpressionsView,workbench.debug.variablesView from workbench.view.debug
2024-02-09 21:00:41.714 [info] Added views:workbench.debug.welcome in workbench.view.debug
2024-02-09 21:04:29.003 [info] Added views:workbench.panel.markers.view in workbench.panel.markers
2024-02-09 21:04:29.003 [info] Added views:workbench.panel.output in workbench.panel.output
2024-02-09 21:04:29.003 [info] Added views:terminal in terminal
2024-02-09 21:04:29.003 [info] Added views:outline in workbench.view.explorer
2024-02-09 21:04:29.003 [info] Added views:workbench.scm in workbench.view.scm
2024-02-09 21:04:29.003 [info] Added views:workbench.view.search in workbench.view.search
2024-02-09 21:04:29.004 [info] Added views:timeline in workbench.view.explorer
2024-02-09 21:04:29.004 [info] Added views:workbench.explorer.openEditorsView,workbench.explorer.fileView in workbench.view.explorer
2024-02-09 21:04:29.440 [info] Added views:workbench.debug.welcome in workbench.view.debug
2024-02-09 21:04:29.461 [info] Added views:workbench.panel.repl.view in workbench.panel.repl
2024-02-09 21:04:29.943 [info] Added views:~remote.forwardedPorts in ~remote.forwardedPortsContainer
2024-02-09 22:16:33.837 [info] Added views:workbench.panel.markers.view in workbench.panel.markers
2024-02-09 22:16:33.837 [info] Added views:workbench.panel.output in workbench.panel.output
2024-02-09 22:16:33.837 [info] Added views:terminal in terminal
2024-02-09 22:16:33.837 [info] Added views:outline in workbench.view.explorer
2024-02-09 22:16:33.837 [info] Added views:workbench.scm in workbench.view.scm
2024-02-09 22:16:33.837 [info] Added views:workbench.view.search in workbench.view.search
2024-02-09 22:16:33.837 [info] Added views:timeline in workbench.view.explorer
2024-02-09 22:16:33.837 [info] Added views:workbench.explorer.openEditorsView,workbench.explorer.emptyView in workbench.view.explorer
2024-02-09 22:16:34.090 [info] Added views:workbench.debug.variablesView,workbench.debug.watchExpressionsView,workbench.debug.callStackView,workbench.debug.breakPointsView in workbench.view.debug
2024-02-09 22:16:34.172 [info] Added views:~remote.forwardedPorts in ~remote.forwardedPortsContainer
2024-02-09 22:16:34.265 [info] Added views:workbench.panel.repl.view in workbench.panel.repl
2024-02-09 22:16:34.265 [info] Removed views:workbench.debug.breakPointsView,workbench.debug.callStackView,workbench.debug.watchExpressionsView,workbench.debug.variablesView from workbench.view.debug
2024-02-09 22:16:34.266 [info] Added views:workbench.debug.welcome in workbench.view.debug
2024-02-09 22:17:04.860 [info] Added views:workbench.panel.markers.view in workbench.panel.markers
2024-02-09 22:17:04.860 [info] Added views:workbench.panel.output in workbench.panel.output
2024-02-09 22:17:04.860 [info] Added views:terminal in terminal
2024-02-09 22:17:04.860 [info] Added views:outline in workbench.view.explorer
2024-02-09 22:17:04.860 [info] Added views:workbench.scm in workbench.view.scm
2024-02-09 22:17:04.860 [info] Added views:workbench.view.search in workbench.view.search
2024-02-09 22:17:04.860 [info] Added views:timeline in workbench.view.explorer
2024-02-09 22:17:04.860 [info] Added views:workbench.explorer.openEditorsView,workbench.explorer.fileView in workbench.view.explorer
2024-02-09 22:17:04.941 [info] Added views:workbench.debug.welcome in workbench.view.debug
2024-02-09 22:17:05.286 [info] Added views:workbench.panel.repl.view in workbench.panel.repl
2024-02-09 22:17:06.779 [info] Added views:~remote.forwardedPorts in ~remote.forwardedPortsContainer
