2024-01-02 12:55:41.546 [info] Experiment 'pythonaacf' is active
2024-01-02 12:55:41.547 [info] Experiment 'pythonRecommendTensorboardExtcf' is active
2024-01-02 12:55:41.547 [info] Experiment 'pythonREPLSmartSend' is active
2024-01-02 12:55:41.547 [info] Experiment 'pythonTerminalEnvVarActivation' is active
2024-01-02 12:55:41.547 [info] Experiment 'pythonTestAdapter' is active
2024-01-02 12:55:41.547 [info] Default formatter is set to null for workspace /mnt/Kynthos Development/blbsr
2024-01-02 12:55:41.547 [info] Test server listening.
2024-01-02 12:55:41.547 [info] Python interpreter path: ./.venv/bin/python
2024-01-02 12:55:41.819 [info] Send text to terminal: echo /usr/bin/zsh
2024-01-02 12:55:41.912 [info] > conda info --json
2024-01-02 12:55:41.972 [info] > . "/mnt/Kynthos Development/blbsr/.venv/bin/activate" && echo 'e8b39361-0157-4923-80e1-22d70d46dee6' && python ~/.vscode/extensions/ms-python.python-2023.22.1/pythonFiles/printEnvVariables.py
2024-01-02 12:55:41.972 [info] shell: bash
2024-01-02 12:55:43.250 [info] Starting Pylance language server.
2024-01-02 12:55:44.820 [info] Shell integration is not working for zsh
2024-01-02 12:55:44.820 [warning] Shell integration is not active, environment activated maybe overriden by the shell.
2024-01-02 12:55:44.833 [info] > . "/mnt/Kynthos Development/blbsr/.venv/bin/activate" && echo 'e8b39361-0157-4923-80e1-22d70d46dee6' && python ~/.vscode/extensions/ms-python.python-2023.22.1/pythonFiles/printEnvVariables.py
2024-01-02 12:55:44.833 [info] shell: zsh
2024-01-02 12:55:44.865 [info] > /bin/python ~/.vscode/extensions/ms-python.python-2023.22.1/pythonFiles/printEnvVariables.py
2024-01-02 12:55:44.865 [info] shell: zsh
2024-01-02 12:55:44.886 [info] Send text to terminal: /bin/python /home/stickee/.vscode/extensions/ms-python.python-2023.22.1/pythonFiles/printEnvVariablesToFile.py /home/stickee/.vscode/extensions/ms-python.python-2023.22.1/pythonFiles/deactivate/zsh/envVars.txt
2024-01-02 14:05:14.275 [info] Discover tests for workspace name: blbsr - uri: /mnt/Kynthos Development/blbsr/pyproject.toml
2024-01-02 14:07:31.047 [warning] Identifier for virt-virtualenv failed to identify /mnt/Kynthos Development/blbsr/.venv/bin/python [Error: ENOENT: no such file or directory, scandir '/mnt/Kynthos Development/blbsr/.venv/bin'] {
  errno: -2,
  code: 'ENOENT',
  syscall: 'scandir',
  path: '/mnt/Kynthos Development/blbsr/.venv/bin'
}
2024-01-02 14:07:31.055 [info] > "/mnt/Kynthos Development/blbsr/.venv/bin/python" -I ~/.vscode/extensions/ms-python.python-2023.22.1/pythonFiles/get_output_via_markers.py ~/.vscode/extensions/ms-python.python-2023.22.1/pythonFiles/interpreterInfo.py
2024-01-02 14:07:31.057 [error] [Error: Command failed: "/mnt/Kynthos Development/blbsr/.venv/bin/python" -I /home/stickee/.vscode/extensions/ms-python.python-2023.22.1/pythonFiles/get_output_via_markers.py /home/stickee/.vscode/extensions/ms-python.python-2023.22.1/pythonFiles/interpreterInfo.py
/bin/sh: line 1: /mnt/Kynthos Development/blbsr/.venv/bin/python: No such file or directory

	at ChildProcess.exithandler (node:child_process:431:12)
	at ChildProcess.emit (node:events:525:35)
	at maybeClose (node:internal/child_process:1091:16)
	at Socket.<anonymous> (node:internal/child_process:449:11)
	at Socket.emit (node:events:513:28)
	at Pipe.<anonymous> (node:net:322:12)] {
  code: 127,
  killed: false,
  signal: null,
  cmd: '"/mnt/Kynthos Development/blbsr/.venv/bin/python" -I /home/stickee/.vscode/extensions/ms-python.python-2023.22.1/pythonFiles/get_output_via_markers.py /home/stickee/.vscode/extensions/ms-python.python-2023.22.1/pythonFiles/interpreterInfo.py'
}
2024-01-02 14:07:33.062 [info] > "/mnt/Kynthos Development/blbsr/.venv/bin/python" -I ~/.vscode/extensions/ms-python.python-2023.22.1/pythonFiles/get_output_via_markers.py ~/.vscode/extensions/ms-python.python-2023.22.1/pythonFiles/interpreterInfo.py
2024-01-02 14:07:33.065 [error] [Error: Command failed: "/mnt/Kynthos Development/blbsr/.venv/bin/python" -I /home/stickee/.vscode/extensions/ms-python.python-2023.22.1/pythonFiles/get_output_via_markers.py /home/stickee/.vscode/extensions/ms-python.python-2023.22.1/pythonFiles/interpreterInfo.py
/bin/sh: line 1: /mnt/Kynthos Development/blbsr/.venv/bin/python: No such file or directory

	at ChildProcess.exithandler (node:child_process:431:12)
	at ChildProcess.emit (node:events:525:35)
	at maybeClose (node:internal/child_process:1091:16)
	at Socket.<anonymous> (node:internal/child_process:449:11)
	at Socket.emit (node:events:513:28)
	at Pipe.<anonymous> (node:net:322:12)] {
  code: 127,
  killed: false,
  signal: null,
  cmd: '"/mnt/Kynthos Development/blbsr/.venv/bin/python" -I /home/stickee/.vscode/extensions/ms-python.python-2023.22.1/pythonFiles/get_output_via_markers.py /home/stickee/.vscode/extensions/ms-python.python-2023.22.1/pythonFiles/interpreterInfo.py'
}
2024-01-02 14:07:33.074 [warning] Failed to check if /mnt/Kynthos Development/blbsr/.venv/bin/python is an executable [Error: ENOENT: no such file or directory, lstat '/mnt/Kynthos Development/blbsr/.venv/bin/python'] {
  errno: -2,
  code: 'ENOENT',
  syscall: 'lstat',
  path: '/mnt/Kynthos Development/blbsr/.venv/bin/python'
}
2024-01-02 14:07:33.075 [warning] Failed to check if /mnt/Kynthos Development/blbsr/.venv/bin/python is an executable [Error: ENOENT: no such file or directory, lstat '/mnt/Kynthos Development/blbsr/.venv/bin/python'] {
  errno: -2,
  code: 'ENOENT',
  syscall: 'lstat',
  path: '/mnt/Kynthos Development/blbsr/.venv/bin/python'
}
2024-01-02 14:07:33.075 [warning] Failed to check if /mnt/Kynthos Development/blbsr/.venv/bin/python is an executable [Error: ENOENT: no such file or directory, lstat '/mnt/Kynthos Development/blbsr/.venv/bin/python'] {
  errno: -2,
  code: 'ENOENT',
  syscall: 'lstat',
  path: '/mnt/Kynthos Development/blbsr/.venv/bin/python'
}
2024-01-02 14:07:33.075 [warning] Failed to check if /mnt/Kynthos Development/blbsr/.venv/bin/python is an executable [Error: ENOENT: no such file or directory, lstat '/mnt/Kynthos Development/blbsr/.venv/bin/python'] {
  errno: -2,
  code: 'ENOENT',
  syscall: 'lstat',
  path: '/mnt/Kynthos Development/blbsr/.venv/bin/python'
}
2024-01-02 14:07:33.075 [warning] Failed to check if /mnt/Kynthos Development/blbsr/.venv/bin/python is an executable [Error: ENOENT: no such file or directory, lstat '/mnt/Kynthos Development/blbsr/.venv/bin/python'] {
  errno: -2,
  code: 'ENOENT',
  syscall: 'lstat',
  path: '/mnt/Kynthos Development/blbsr/.venv/bin/python'
}
2024-01-02 14:07:33.075 [warning] Failed to check if /mnt/Kynthos Development/blbsr/.venv/bin/python is an executable [Error: ENOENT: no such file or directory, lstat '/mnt/Kynthos Development/blbsr/.venv/bin/python'] {
  errno: -2,
  code: 'ENOENT',
  syscall: 'lstat',
  path: '/mnt/Kynthos Development/blbsr/.venv/bin/python'
}
2024-01-02 14:07:33.075 [warning] Failed to check if /mnt/Kynthos Development/blbsr/.venv/bin/python is an executable [Error: ENOENT: no such file or directory, lstat '/mnt/Kynthos Development/blbsr/.venv/bin/python'] {
  errno: -2,
  code: 'ENOENT',
  syscall: 'lstat',
  path: '/mnt/Kynthos Development/blbsr/.venv/bin/python'
}
2024-01-02 14:07:33.082 [warning] Failed to check if /mnt/Kynthos Development/blbsr/.venv/bin/python is an executable [Error: ENOENT: no such file or directory, lstat '/mnt/Kynthos Development/blbsr/.venv/bin/python'] {
  errno: -2,
  code: 'ENOENT',
  syscall: 'lstat',
  path: '/mnt/Kynthos Development/blbsr/.venv/bin/python'
}
2024-01-02 14:07:33.099 [warning] Identifier for virt-virtualenv failed to identify /mnt/Kynthos Development/blbsr/.venv/bin/python [Error: ENOENT: no such file or directory, scandir '/mnt/Kynthos Development/blbsr/.venv/bin'] {
  errno: -2,
  code: 'ENOENT',
  syscall: 'scandir',
  path: '/mnt/Kynthos Development/blbsr/.venv/bin'
}
2024-01-02 14:07:33.099 [warning] Identifier for virt-virtualenv failed to identify /mnt/Kynthos Development/blbsr/.venv/bin/python [Error: ENOENT: no such file or directory, scandir '/mnt/Kynthos Development/blbsr/.venv/bin'] {
  errno: -2,
  code: 'ENOENT',
  syscall: 'scandir',
  path: '/mnt/Kynthos Development/blbsr/.venv/bin'
}
2024-01-02 14:07:33.099 [warning] Identifier for virt-virtualenv failed to identify /mnt/Kynthos Development/blbsr/.venv/bin/python [Error: ENOENT: no such file or directory, scandir '/mnt/Kynthos Development/blbsr/.venv/bin'] {
  errno: -2,
  code: 'ENOENT',
  syscall: 'scandir',
  path: '/mnt/Kynthos Development/blbsr/.venv/bin'
}
2024-01-02 14:07:33.099 [warning] Identifier for virt-virtualenv failed to identify /mnt/Kynthos Development/blbsr/.venv/bin/python [Error: ENOENT: no such file or directory, scandir '/mnt/Kynthos Development/blbsr/.venv/bin'] {
  errno: -2,
  code: 'ENOENT',
  syscall: 'scandir',
  path: '/mnt/Kynthos Development/blbsr/.venv/bin'
}
2024-01-02 14:07:33.099 [warning] Identifier for virt-virtualenv failed to identify /mnt/Kynthos Development/blbsr/.venv/bin/python [Error: ENOENT: no such file or directory, scandir '/mnt/Kynthos Development/blbsr/.venv/bin'] {
  errno: -2,
  code: 'ENOENT',
  syscall: 'scandir',
  path: '/mnt/Kynthos Development/blbsr/.venv/bin'
}
2024-01-02 14:07:33.099 [warning] Identifier for virt-virtualenv failed to identify /mnt/Kynthos Development/blbsr/.venv/bin/python [Error: ENOENT: no such file or directory, scandir '/mnt/Kynthos Development/blbsr/.venv/bin'] {
  errno: -2,
  code: 'ENOENT',
  syscall: 'scandir',
  path: '/mnt/Kynthos Development/blbsr/.venv/bin'
}
2024-01-02 14:07:33.099 [warning] Identifier for virt-virtualenv failed to identify /mnt/Kynthos Development/blbsr/.venv/bin/python [Error: ENOENT: no such file or directory, scandir '/mnt/Kynthos Development/blbsr/.venv/bin'] {
  errno: -2,
  code: 'ENOENT',
  syscall: 'scandir',
  path: '/mnt/Kynthos Development/blbsr/.venv/bin'
}
2024-01-02 14:07:33.103 [warning] Identifier for virt-virtualenv failed to identify /mnt/Kynthos Development/blbsr/.venv/bin/python [Error: ENOENT: no such file or directory, scandir '/mnt/Kynthos Development/blbsr/.venv/bin'] {
  errno: -2,
  code: 'ENOENT',
  syscall: 'scandir',
  path: '/mnt/Kynthos Development/blbsr/.venv/bin'
}
2024-01-02 14:07:33.105 [warning] Failed to check if /mnt/Kynthos Development/blbsr/.venv/bin/python is an executable [Error: ENOENT: no such file or directory, lstat '/mnt/Kynthos Development/blbsr/.venv/bin/python'] {
  errno: -2,
  code: 'ENOENT',
  syscall: 'lstat',
  path: '/mnt/Kynthos Development/blbsr/.venv/bin/python'
}
2024-01-02 14:07:33.107 [warning] Failed to check if /mnt/Kynthos Development/blbsr/.venv/bin/python is an executable [Error: ENOENT: no such file or directory, lstat '/mnt/Kynthos Development/blbsr/.venv/bin/python'] {
  errno: -2,
  code: 'ENOENT',
  syscall: 'lstat',
  path: '/mnt/Kynthos Development/blbsr/.venv/bin/python'
}
2024-01-02 14:07:33.107 [warning] Failed to check if /mnt/Kynthos Development/blbsr/.venv/bin/python is an executable [Error: ENOENT: no such file or directory, lstat '/mnt/Kynthos Development/blbsr/.venv/bin/python'] {
  errno: -2,
  code: 'ENOENT',
  syscall: 'lstat',
  path: '/mnt/Kynthos Development/blbsr/.venv/bin/python'
}
2024-01-02 14:07:33.109 [warning] Identifier for virt-virtualenv failed to identify /mnt/Kynthos Development/blbsr/.venv/bin/python [Error: ENOENT: no such file or directory, scandir '/mnt/Kynthos Development/blbsr/.venv/bin'] {
  errno: -2,
  code: 'ENOENT',
  syscall: 'scandir',
  path: '/mnt/Kynthos Development/blbsr/.venv/bin'
}
2024-01-02 14:07:33.113 [warning] Identifier for virt-virtualenv failed to identify /mnt/Kynthos Development/blbsr/.venv/bin/python [Error: ENOENT: no such file or directory, scandir '/mnt/Kynthos Development/blbsr/.venv/bin'] {
  errno: -2,
  code: 'ENOENT',
  syscall: 'scandir',
  path: '/mnt/Kynthos Development/blbsr/.venv/bin'
}
2024-01-02 14:07:33.114 [warning] Identifier for virt-virtualenv failed to identify /mnt/Kynthos Development/blbsr/.venv/bin/python [Error: ENOENT: no such file or directory, scandir '/mnt/Kynthos Development/blbsr/.venv/bin'] {
  errno: -2,
  code: 'ENOENT',
  syscall: 'scandir',
  path: '/mnt/Kynthos Development/blbsr/.venv/bin'
}
2024-01-02 14:07:33.120 [warning] Failed to check if /mnt/Kynthos Development/blbsr/.venv/bin/python is an executable [Error: ENOENT: no such file or directory, lstat '/mnt/Kynthos Development/blbsr/.venv/bin/python'] {
  errno: -2,
  code: 'ENOENT',
  syscall: 'lstat',
  path: '/mnt/Kynthos Development/blbsr/.venv/bin/python'
}
2024-01-02 14:07:33.125 [warning] Identifier for virt-virtualenv failed to identify /mnt/Kynthos Development/blbsr/.venv/bin/python [Error: ENOENT: no such file or directory, scandir '/mnt/Kynthos Development/blbsr/.venv/bin'] {
  errno: -2,
  code: 'ENOENT',
  syscall: 'scandir',
  path: '/mnt/Kynthos Development/blbsr/.venv/bin'
}
2024-01-02 14:07:33.128 [warning] Failed to check if /mnt/Kynthos Development/blbsr/.venv/bin/python is an executable [Error: ENOENT: no such file or directory, lstat '/mnt/Kynthos Development/blbsr/.venv/bin/python'] {
  errno: -2,
  code: 'ENOENT',
  syscall: 'lstat',
  path: '/mnt/Kynthos Development/blbsr/.venv/bin/python'
}
2024-01-02 14:07:33.130 [warning] Identifier for virt-virtualenv failed to identify /mnt/Kynthos Development/blbsr/.venv/bin/python [Error: ENOENT: no such file or directory, scandir '/mnt/Kynthos Development/blbsr/.venv/bin'] {
  errno: -2,
  code: 'ENOENT',
  syscall: 'scandir',
  path: '/mnt/Kynthos Development/blbsr/.venv/bin'
}
2024-01-02 14:08:54.308 [warning] Failed to check if /mnt/Kynthos Development/blbsr/.venv/bin/python is an executable [Error: ENOENT: no such file or directory, lstat '/mnt/Kynthos Development/blbsr/.venv/bin/python'] {
  errno: -2,
  code: 'ENOENT',
  syscall: 'lstat',
  path: '/mnt/Kynthos Development/blbsr/.venv/bin/python'
}
2024-01-02 14:08:54.310 [warning] Identifier for virt-virtualenv failed to identify /mnt/Kynthos Development/blbsr/.venv/bin/python [Error: ENOENT: no such file or directory, scandir '/mnt/Kynthos Development/blbsr/.venv/bin'] {
  errno: -2,
  code: 'ENOENT',
  syscall: 'scandir',
  path: '/mnt/Kynthos Development/blbsr/.venv/bin'
}
2024-01-02 14:15:18.299 [warning] Failed to check if /mnt/Kynthos Development/blbsr/.venv/bin/python is an executable [Error: ENOENT: no such file or directory, lstat '/mnt/Kynthos Development/blbsr/.venv/bin/python'] {
  errno: -2,
  code: 'ENOENT',
  syscall: 'lstat',
  path: '/mnt/Kynthos Development/blbsr/.venv/bin/python'
}
2024-01-02 14:15:18.301 [warning] Identifier for virt-virtualenv failed to identify /mnt/Kynthos Development/blbsr/.venv/bin/python [Error: ENOENT: no such file or directory, scandir '/mnt/Kynthos Development/blbsr/.venv/bin'] {
  errno: -2,
  code: 'ENOENT',
  syscall: 'scandir',
  path: '/mnt/Kynthos Development/blbsr/.venv/bin'
}
2024-01-02 14:15:25.318 [warning] Failed to check if /mnt/Kynthos Development/blbsr/.venv/bin/python is an executable [Error: ENOENT: no such file or directory, lstat '/mnt/Kynthos Development/blbsr/.venv/bin/python'] {
  errno: -2,
  code: 'ENOENT',
  syscall: 'lstat',
  path: '/mnt/Kynthos Development/blbsr/.venv/bin/python'
}
2024-01-02 14:15:25.320 [warning] Identifier for virt-virtualenv failed to identify /mnt/Kynthos Development/blbsr/.venv/bin/python [Error: ENOENT: no such file or directory, scandir '/mnt/Kynthos Development/blbsr/.venv/bin'] {
  errno: -2,
  code: 'ENOENT',
  syscall: 'scandir',
  path: '/mnt/Kynthos Development/blbsr/.venv/bin'
}
2024-01-02 14:15:44.919 [warning] Failed to check if /mnt/Kynthos Development/blbsr/.venv/bin/python is an executable [Error: ENOENT: no such file or directory, lstat '/mnt/Kynthos Development/blbsr/.venv/bin/python'] {
  errno: -2,
  code: 'ENOENT',
  syscall: 'lstat',
  path: '/mnt/Kynthos Development/blbsr/.venv/bin/python'
}
2024-01-02 14:15:44.921 [warning] Identifier for virt-virtualenv failed to identify /mnt/Kynthos Development/blbsr/.venv/bin/python [Error: ENOENT: no such file or directory, scandir '/mnt/Kynthos Development/blbsr/.venv/bin'] {
  errno: -2,
  code: 'ENOENT',
  syscall: 'scandir',
  path: '/mnt/Kynthos Development/blbsr/.venv/bin'
}
2024-01-02 14:18:52.489 [warning] Failed to check if /mnt/Kynthos Development/blbsr/.venv/bin/python is an executable [Error: ENOENT: no such file or directory, lstat '/mnt/Kynthos Development/blbsr/.venv/bin/python'] {
  errno: -2,
  code: 'ENOENT',
  syscall: 'lstat',
  path: '/mnt/Kynthos Development/blbsr/.venv/bin/python'
}
2024-01-02 14:18:52.490 [warning] Identifier for virt-virtualenv failed to identify /mnt/Kynthos Development/blbsr/.venv/bin/python [Error: ENOENT: no such file or directory, scandir '/mnt/Kynthos Development/blbsr/.venv/bin'] {
  errno: -2,
  code: 'ENOENT',
  syscall: 'scandir',
  path: '/mnt/Kynthos Development/blbsr/.venv/bin'
}
2024-01-02 14:19:04.802 [warning] Failed to check if /mnt/Kynthos Development/blbsr/.venv/bin/python is an executable [Error: ENOENT: no such file or directory, lstat '/mnt/Kynthos Development/blbsr/.venv/bin/python'] {
  errno: -2,
  code: 'ENOENT',
  syscall: 'lstat',
  path: '/mnt/Kynthos Development/blbsr/.venv/bin/python'
}
2024-01-02 14:19:04.802 [warning] Identifier for virt-virtualenv failed to identify /mnt/Kynthos Development/blbsr/.venv/bin/python [Error: ENOENT: no such file or directory, scandir '/mnt/Kynthos Development/blbsr/.venv/bin'] {
  errno: -2,
  code: 'ENOENT',
  syscall: 'scandir',
  path: '/mnt/Kynthos Development/blbsr/.venv/bin'
}
2024-01-02 14:19:04.804 [warning] Failed to check if /mnt/Kynthos Development/blbsr/.venv/bin/python is an executable [Error: ENOENT: no such file or directory, lstat '/mnt/Kynthos Development/blbsr/.venv/bin/python'] {
  errno: -2,
  code: 'ENOENT',
  syscall: 'lstat',
  path: '/mnt/Kynthos Development/blbsr/.venv/bin/python'
}
2024-01-02 14:19:04.804 [warning] Identifier for virt-virtualenv failed to identify /mnt/Kynthos Development/blbsr/.venv/bin/python [Error: ENOENT: no such file or directory, scandir '/mnt/Kynthos Development/blbsr/.venv/bin'] {
  errno: -2,
  code: 'ENOENT',
  syscall: 'scandir',
  path: '/mnt/Kynthos Development/blbsr/.venv/bin'
}
2024-01-02 14:20:33.409 [warning] Failed to check if /mnt/Kynthos Development/blbsr/.venv/bin/python is an executable [Error: ENOENT: no such file or directory, lstat '/mnt/Kynthos Development/blbsr/.venv/bin/python'] {
  errno: -2,
  code: 'ENOENT',
  syscall: 'lstat',
  path: '/mnt/Kynthos Development/blbsr/.venv/bin/python'
}
2024-01-02 14:20:33.411 [warning] Identifier for virt-virtualenv failed to identify /mnt/Kynthos Development/blbsr/.venv/bin/python [Error: ENOENT: no such file or directory, scandir '/mnt/Kynthos Development/blbsr/.venv/bin'] {
  errno: -2,
  code: 'ENOENT',
  syscall: 'scandir',
  path: '/mnt/Kynthos Development/blbsr/.venv/bin'
}
2024-01-02 14:23:36.713 [warning] Failed to check if /mnt/Kynthos Development/blbsr/.venv/bin/python is an executable [Error: ENOENT: no such file or directory, lstat '/mnt/Kynthos Development/blbsr/.venv/bin/python'] {
  errno: -2,
  code: 'ENOENT',
  syscall: 'lstat',
  path: '/mnt/Kynthos Development/blbsr/.venv/bin/python'
}
2024-01-02 14:23:36.717 [warning] Identifier for virt-virtualenv failed to identify /mnt/Kynthos Development/blbsr/.venv/bin/python [Error: ENOENT: no such file or directory, scandir '/mnt/Kynthos Development/blbsr/.venv/bin'] {
  errno: -2,
  code: 'ENOENT',
  syscall: 'scandir',
  path: '/mnt/Kynthos Development/blbsr/.venv/bin'
}
2024-01-02 14:23:44.588 [warning] Failed to check if /mnt/Kynthos Development/blbsr/.venv/bin/python is an executable [Error: ENOENT: no such file or directory, lstat '/mnt/Kynthos Development/blbsr/.venv/bin/python'] {
  errno: -2,
  code: 'ENOENT',
  syscall: 'lstat',
  path: '/mnt/Kynthos Development/blbsr/.venv/bin/python'
}
2024-01-02 14:23:44.590 [warning] Identifier for virt-virtualenv failed to identify /mnt/Kynthos Development/blbsr/.venv/bin/python [Error: ENOENT: no such file or directory, scandir '/mnt/Kynthos Development/blbsr/.venv/bin'] {
  errno: -2,
  code: 'ENOENT',
  syscall: 'scandir',
  path: '/mnt/Kynthos Development/blbsr/.venv/bin'
}
2024-01-02 14:25:39.437 [warning] Failed to check if /mnt/Kynthos Development/blbsr/.venv/bin/python is an executable [Error: ENOENT: no such file or directory, lstat '/mnt/Kynthos Development/blbsr/.venv/bin/python'] {
  errno: -2,
  code: 'ENOENT',
  syscall: 'lstat',
  path: '/mnt/Kynthos Development/blbsr/.venv/bin/python'
}
2024-01-02 14:25:39.439 [warning] Identifier for virt-virtualenv failed to identify /mnt/Kynthos Development/blbsr/.venv/bin/python [Error: ENOENT: no such file or directory, scandir '/mnt/Kynthos Development/blbsr/.venv/bin'] {
  errno: -2,
  code: 'ENOENT',
  syscall: 'scandir',
  path: '/mnt/Kynthos Development/blbsr/.venv/bin'
}
2024-01-02 14:35:07.003 [warning] Failed to check if /mnt/Kynthos Development/blbsr/.venv/bin/python is an executable [Error: ENOENT: no such file or directory, lstat '/mnt/Kynthos Development/blbsr/.venv/bin/python'] {
  errno: -2,
  code: 'ENOENT',
  syscall: 'lstat',
  path: '/mnt/Kynthos Development/blbsr/.venv/bin/python'
}
2024-01-02 14:35:07.005 [warning] Identifier for virt-virtualenv failed to identify /mnt/Kynthos Development/blbsr/.venv/bin/python [Error: ENOENT: no such file or directory, scandir '/mnt/Kynthos Development/blbsr/.venv/bin'] {
  errno: -2,
  code: 'ENOENT',
  syscall: 'scandir',
  path: '/mnt/Kynthos Development/blbsr/.venv/bin'
}
2024-01-02 14:35:08.129 [warning] Failed to check if /mnt/Kynthos Development/blbsr/.venv/bin/python is an executable [Error: ENOENT: no such file or directory, lstat '/mnt/Kynthos Development/blbsr/.venv/bin/python'] {
  errno: -2,
  code: 'ENOENT',
  syscall: 'lstat',
  path: '/mnt/Kynthos Development/blbsr/.venv/bin/python'
}
2024-01-02 14:35:08.131 [warning] Identifier for virt-virtualenv failed to identify /mnt/Kynthos Development/blbsr/.venv/bin/python [Error: ENOENT: no such file or directory, scandir '/mnt/Kynthos Development/blbsr/.venv/bin'] {
  errno: -2,
  code: 'ENOENT',
  syscall: 'scandir',
  path: '/mnt/Kynthos Development/blbsr/.venv/bin'
}
2024-01-02 14:35:09.651 [info] Running installed packages checker:  /mnt/Kynthos Development/blbsr/.venv/bin/python /home/stickee/.vscode/extensions/ms-python.python-2023.22.1/pythonFiles/installed_check.py /mnt/Kynthos Development/blbsr/backend/pyproject.toml
2024-01-02 14:35:09.651 [info] > "/mnt/Kynthos Development/blbsr/.venv/bin/python" ~/.vscode/extensions/ms-python.python-2023.22.1/pythonFiles/installed_check.py "/mnt/Kynthos Development/blbsr/backend/pyproject.toml"
2024-01-02 14:35:09.652 [error] Error while getting installed packages check result:
 [Error: spawn /mnt/Kynthos Development/blbsr/.venv/bin/python ENOENT
	at ChildProcess._handle.onexit (node:internal/child_process:283:19)
	at onErrorNT (node:internal/child_process:476:16)
	at process.processTicksAndRejections (node:internal/process/task_queues:82:21)] {
  errno: -2,
  code: 'ENOENT',
  syscall: 'spawn /mnt/Kynthos Development/blbsr/.venv/bin/python',
  path: '/mnt/Kynthos Development/blbsr/.venv/bin/python',
  spawnargs: [
    '/home/stickee/.vscode/extensions/ms-python.python-2023.22.1/pythonFiles/installed_check.py',
    '/mnt/Kynthos Development/blbsr/backend/pyproject.toml'
  ]
}
2024-01-02 14:35:09.655 [warning] Failed to check if /mnt/Kynthos Development/blbsr/.venv/bin/python is an executable [Error: ENOENT: no such file or directory, lstat '/mnt/Kynthos Development/blbsr/.venv/bin/python'] {
  errno: -2,
  code: 'ENOENT',
  syscall: 'lstat',
  path: '/mnt/Kynthos Development/blbsr/.venv/bin/python'
}
2024-01-02 14:35:09.656 [warning] Identifier for virt-virtualenv failed to identify /mnt/Kynthos Development/blbsr/.venv/bin/python [Error: ENOENT: no such file or directory, scandir '/mnt/Kynthos Development/blbsr/.venv/bin'] {
  errno: -2,
  code: 'ENOENT',
  syscall: 'scandir',
  path: '/mnt/Kynthos Development/blbsr/.venv/bin'
}
2024-01-02 14:38:03.709 [info] Discover tests for workspace name: blbsr - uri: /mnt/Kynthos Development/blbsr/backend/pyproject.toml
2024-01-02 14:55:05.432 [info] Discover tests for workspace name: blbsr - uri: /mnt/Kynthos Development/blbsr/pyproject.toml
2024-01-02 14:59:17.555 [warning] Failed to check if /mnt/Kynthos Development/blbsr/.venv/bin/python is an executable [Error: ENOENT: no such file or directory, lstat '/mnt/Kynthos Development/blbsr/.venv/bin/python'] {
  errno: -2,
  code: 'ENOENT',
  syscall: 'lstat',
  path: '/mnt/Kynthos Development/blbsr/.venv/bin/python'
}
2024-01-02 14:59:17.558 [warning] Identifier for virt-virtualenv failed to identify /mnt/Kynthos Development/blbsr/.venv/bin/python [Error: ENOENT: no such file or directory, scandir '/mnt/Kynthos Development/blbsr/.venv/bin'] {
  errno: -2,
  code: 'ENOENT',
  syscall: 'scandir',
  path: '/mnt/Kynthos Development/blbsr/.venv/bin'
}
2024-01-02 15:05:32.613 [warning] Failed to check if /mnt/Kynthos Development/blbsr/.venv/bin/python is an executable [Error: ENOENT: no such file or directory, lstat '/mnt/Kynthos Development/blbsr/.venv/bin/python'] {
  errno: -2,
  code: 'ENOENT',
  syscall: 'lstat',
  path: '/mnt/Kynthos Development/blbsr/.venv/bin/python'
}
2024-01-02 15:05:32.615 [warning] Identifier for virt-virtualenv failed to identify /mnt/Kynthos Development/blbsr/.venv/bin/python [Error: ENOENT: no such file or directory, scandir '/mnt/Kynthos Development/blbsr/.venv/bin'] {
  errno: -2,
  code: 'ENOENT',
  syscall: 'scandir',
  path: '/mnt/Kynthos Development/blbsr/.venv/bin'
}
