2023-12-27 15:45:07.396 [info] Experiment 'pythonaacf' is active
2023-12-27 15:45:07.396 [info] Experiment 'pythonRecommendTensorboardExtcf' is active
2023-12-27 15:45:07.396 [info] Experiment 'pythonREPLSmartSend' is active
2023-12-27 15:45:07.396 [info] Experiment 'pythonTerminalEnvVarActivation' is active
2023-12-27 15:45:07.396 [info] Experiment 'pythonTestAdapter' is active
2023-12-27 15:45:07.396 [info] Default formatter is set to null for workspace /mnt/Kynthos Development/chrmndr
2023-12-27 15:45:07.396 [info] Test server listening.
2023-12-27 15:45:07.396 [info] Python interpreter path: ./.venv/bin/python
2023-12-27 15:45:07.657 [info] Send text to terminal: echo /usr/bin/zsh
2023-12-27 15:45:07.781 [info] > conda info --json
2023-12-27 15:45:07.803 [info] > . "/mnt/Kynthos Development/chrmndr/.venv/bin/activate" && echo 'e8b39361-0157-4923-80e1-22d70d46dee6' && python ~/.vscode/extensions/ms-python.python-2023.22.1/pythonFiles/printEnvVariables.py
2023-12-27 15:45:07.803 [info] shell: bash
2023-12-27 15:45:08.873 [info] Starting Pylance language server.
2023-12-27 15:46:02.078 [info] Experiment 'pythonaacf' is active
2023-12-27 15:46:02.078 [info] Experiment 'pythonRecommendTensorboardExtcf' is active
2023-12-27 15:46:02.078 [info] Experiment 'pythonREPLSmartSend' is active
2023-12-27 15:46:02.078 [info] Experiment 'pythonTerminalEnvVarActivation' is active
2023-12-27 15:46:02.078 [info] Experiment 'pythonTestAdapter' is active
2023-12-27 15:46:02.078 [info] Default formatter is set to null for workspace /mnt/Kynthos Development/chrmndr
2023-12-27 15:46:02.078 [info] Test server listening.
2023-12-27 15:46:02.078 [info] Python interpreter path: ./.venv/bin/python
2023-12-27 15:46:02.387 [info] Send text to terminal: echo /usr/bin/zsh
2023-12-27 15:46:02.513 [info] > conda info --json
2023-12-27 15:46:02.569 [info] > . "/mnt/Kynthos Development/chrmndr/.venv/bin/activate" && echo 'e8b39361-0157-4923-80e1-22d70d46dee6' && python ~/.vscode/extensions/ms-python.python-2023.22.1/pythonFiles/printEnvVariables.py
2023-12-27 15:46:02.569 [info] shell: bash
2023-12-27 15:46:03.579 [info] Starting Pylance language server.
2023-12-27 15:46:05.388 [info] Shell integration is not working for zsh
2023-12-27 15:46:05.388 [warning] Shell integration is not active, environment activated maybe overriden by the shell.
2023-12-27 15:46:05.399 [info] > . "/mnt/Kynthos Development/chrmndr/.venv/bin/activate" && echo 'e8b39361-0157-4923-80e1-22d70d46dee6' && python ~/.vscode/extensions/ms-python.python-2023.22.1/pythonFiles/printEnvVariables.py
2023-12-27 15:46:05.399 [info] shell: zsh
2023-12-27 15:46:05.426 [info] > /bin/python ~/.vscode/extensions/ms-python.python-2023.22.1/pythonFiles/printEnvVariables.py
2023-12-27 15:46:05.426 [info] shell: zsh
2023-12-27 15:46:05.444 [info] Send text to terminal: /bin/python /home/stickee/.vscode/extensions/ms-python.python-2023.22.1/pythonFiles/printEnvVariablesToFile.py /home/stickee/.vscode/extensions/ms-python.python-2023.22.1/pythonFiles/deactivate/zsh/envVars.txt
2023-12-27 15:46:19.695 [info] Experiment 'pythonaacf' is active
2023-12-27 15:46:19.695 [info] Experiment 'pythonRecommendTensorboardExtcf' is active
2023-12-27 15:46:19.695 [info] Experiment 'pythonREPLSmartSend' is active
2023-12-27 15:46:19.695 [info] Experiment 'pythonTerminalEnvVarActivation' is active
2023-12-27 15:46:19.695 [info] Experiment 'pythonTestAdapter' is active
2023-12-27 15:46:19.695 [info] Default formatter is set to null for workspace /mnt/Kynthos Development/blbsr
2023-12-27 15:46:19.695 [info] Test server listening.
2023-12-27 15:46:19.695 [info] Python interpreter path: ./.venv/bin/python
2023-12-27 15:46:19.861 [info] Send text to terminal: echo /usr/bin/zsh
2023-12-27 15:46:21.222 [info] Starting Pylance language server.
2023-12-27 15:46:22.870 [info] Shell integration is not working for zsh
2023-12-27 15:46:22.870 [warning] Shell integration is not active, environment activated maybe overriden by the shell.
2023-12-27 15:46:22.897 [info] > . "/mnt/Kynthos Development/blbsr/.venv/bin/activate" && echo 'e8b39361-0157-4923-80e1-22d70d46dee6' && python ~/.vscode/extensions/ms-python.python-2023.22.1/pythonFiles/printEnvVariables.py
2023-12-27 15:46:22.897 [info] shell: zsh
2023-12-27 15:46:22.923 [info] > /bin/python ~/.vscode/extensions/ms-python.python-2023.22.1/pythonFiles/printEnvVariables.py
2023-12-27 15:46:22.923 [info] shell: zsh
2023-12-27 15:46:22.940 [info] Send text to terminal: /bin/python /home/stickee/.vscode/extensions/ms-python.python-2023.22.1/pythonFiles/printEnvVariablesToFile.py /home/stickee/.vscode/extensions/ms-python.python-2023.22.1/pythonFiles/deactivate/zsh/envVars.txt
2023-12-27 15:46:24.528 [info] > conda info --json
2023-12-27 15:46:24.641 [info] > . "/mnt/Kynthos Development/blbsr/.venv/bin/activate" && echo 'e8b39361-0157-4923-80e1-22d70d46dee6' && python ~/.vscode/extensions/ms-python.python-2023.22.1/pythonFiles/printEnvVariables.py
2023-12-27 15:46:24.641 [info] shell: bash
