2024-02-25 08:38:50.230 [info] Added views:workbench.panel.markers.view in workbench.panel.markers
2024-02-25 08:38:50.230 [info] Added views:workbench.panel.output in workbench.panel.output
2024-02-25 08:38:50.230 [info] Added views:terminal in terminal
2024-02-25 08:38:50.230 [info] Added views:outline in workbench.view.explorer
2024-02-25 08:38:50.230 [info] Added views:workbench.scm in workbench.view.scm
2024-02-25 08:38:50.230 [info] Added views:workbench.view.search in workbench.view.search
2024-02-25 08:38:50.230 [info] Added views:timeline in workbench.view.explorer
2024-02-25 08:38:50.230 [info] Added views:workbench.explorer.openEditorsView,workbench.explorer.fileView in workbench.view.explorer
2024-02-25 08:38:50.518 [info] Added views:workbench.debug.welcome in workbench.view.debug
2024-02-25 08:38:50.881 [info] Added views:workbench.panel.repl.view in workbench.panel.repl
2024-02-25 08:38:51.655 [info] Added views:~remote.forwardedPorts in ~remote.forwardedPortsContainer
2024-02-25 08:40:56.064 [info] Added views:workbench.views.extensions.installed,workbench.views.extensions.popular,extensions.recommendedList in workbench.view.extensions
2024-02-25 08:40:56.074 [info] Removed views:workbench.views.extensions.popular from workbench.view.extensions
2024-02-25 08:41:06.534 [info] Removed views:extensions.recommendedList,workbench.views.extensions.installed from workbench.view.extensions
2024-02-25 08:41:06.539 [info] Added views:workbench.views.extensions.marketplace in workbench.view.extensions
2024-02-25 08:47:09.762 [info] Added views:workbench.views.sync.remoteActivity,workbench.views.sync.machines,workbench.views.sync.externalActivity in workbench.view.sync
2024-02-25 08:49:29.847 [info] Removed views:workbench.views.extensions.marketplace from workbench.view.extensions
2024-02-25 08:49:29.861 [info] Added views:workbench.views.extensions.installed,extensions.recommendedList in workbench.view.extensions
2024-02-25 08:49:33.850 [info] Removed views:extensions.recommendedList,workbench.views.extensions.installed from workbench.view.extensions
2024-02-25 08:49:33.867 [info] Added views:workbench.views.extensions.marketplace in workbench.view.extensions
2024-02-25 08:50:38.259 [info] Added views:snippetExplorer,snippetScopeExplorer in workbench.view.extension.snippet-explorer
