2024-02-11 17:39:44.294 [info] Added views:workbench.panel.markers.view in workbench.panel.markers
2024-02-11 17:39:44.294 [info] Added views:workbench.panel.output in workbench.panel.output
2024-02-11 17:39:44.294 [info] Added views:terminal in terminal
2024-02-11 17:39:44.294 [info] Added views:outline in workbench.view.explorer
2024-02-11 17:39:44.294 [info] Added views:workbench.scm in workbench.view.scm
2024-02-11 17:39:44.294 [info] Added views:workbench.view.search in workbench.view.search
2024-02-11 17:39:44.294 [info] Added views:timeline in workbench.view.explorer
2024-02-11 17:39:44.294 [info] Added views:workbench.explorer.openEditorsView,workbench.explorer.fileView in workbench.view.explorer
2024-02-11 17:39:44.767 [info] Added views:workbench.debug.welcome in workbench.view.debug
2024-02-11 17:39:44.809 [info] Added views:workbench.panel.repl.view in workbench.panel.repl
2024-02-11 17:39:45.446 [info] Added views:~remote.forwardedPorts in ~remote.forwardedPortsContainer
2024-02-11 18:13:26.401 [info] Added views:workbench.views.extensions.installed,workbench.views.extensions.popular,extensions.recommendedList in workbench.view.extensions
2024-02-11 18:13:26.408 [info] Removed views:workbench.views.extensions.popular from workbench.view.extensions
2024-02-11 18:13:40.374 [info] Added views:workbench.panel.markers.view in workbench.panel.markers
2024-02-11 18:13:40.374 [info] Added views:workbench.panel.output in workbench.panel.output
2024-02-11 18:13:40.374 [info] Added views:terminal in terminal
2024-02-11 18:13:40.374 [info] Added views:outline in workbench.view.explorer
2024-02-11 18:13:40.374 [info] Added views:workbench.scm in workbench.view.scm
2024-02-11 18:13:40.374 [info] Added views:workbench.view.search in workbench.view.search
2024-02-11 18:13:40.374 [info] Added views:timeline in workbench.view.explorer
2024-02-11 18:13:40.374 [info] Added views:workbench.explorer.openEditorsView,workbench.explorer.fileView in workbench.view.explorer
2024-02-11 18:13:40.503 [info] Added views:workbench.debug.welcome in workbench.view.debug
2024-02-11 18:13:40.875 [info] Added views:workbench.panel.repl.view in workbench.panel.repl
2024-02-11 18:13:41.719 [info] Added views:~remote.forwardedPorts in ~remote.forwardedPortsContainer
2024-02-11 18:13:41.912 [info] Added views:workbench.views.extensions.installed,extensions.recommendedList in workbench.view.extensions
