2024-01-13 11:34:13.018 [info] Log level: Info
2024-01-13 11:34:13.018 [info] Validating found git in: "git"
2024-01-13 11:34:13.018 [info] Using git "2.43.0" from "git"
2024-01-13 11:34:13.018 [info] > git rev-parse --show-toplevel [6ms]
2024-01-13 11:34:13.018 [info] > git rev-parse --show-toplevel [3ms]
2024-01-13 11:34:13.074 [info] > git rev-parse --show-toplevel [51ms]
2024-01-13 11:34:13.114 [info] > git rev-parse --show-toplevel [9ms]
2024-01-13 11:34:13.133 [info] > git rev-parse --show-toplevel [5ms]
2024-01-13 11:34:13.143 [info] > git rev-parse --show-toplevel [5ms]
2024-01-13 11:34:13.148 [info] > git rev-parse --show-toplevel [1ms]
2024-01-13 11:34:13.153 [info] > git rev-parse --show-toplevel [1ms]
2024-01-13 11:34:13.157 [info] > git rev-parse --show-toplevel [1ms]
2024-01-13 11:34:13.169 [info] > git rev-parse --show-toplevel [1ms]
2024-01-13 11:34:13.174 [info] > git rev-parse --show-toplevel [0ms]
2024-01-13 11:34:13.179 [info] > git rev-parse --show-toplevel [1ms]
2024-01-13 11:34:13.185 [info] > git rev-parse --show-toplevel [1ms]
2024-01-13 11:34:15.590 [info] > git rev-parse --show-toplevel [6ms]
2024-01-13 11:34:15.595 [info] > git rev-parse --show-toplevel [1ms]
2024-01-13 11:34:21.282 [info] > git rev-parse --show-toplevel [2ms]
2024-01-13 11:34:21.289 [info] > git rev-parse --git-dir --git-common-dir [1ms]
2024-01-13 11:34:21.294 [info] Open repository: /mnt/Kynthos Development/blbsr
2024-01-13 11:34:21.300 [info] > git config --get commit.template [1ms]
2024-01-13 11:34:21.307 [info] > git for-each-ref --format=%(refname)%00%(upstream:short)%00%(objectname)%00%(upstream:track)%00%(upstream:remotename)%00%(upstream:remoteref) refs/heads/main refs/remotes/main [2ms]
2024-01-13 11:34:21.313 [info] > git status -z -uall [2ms]
2024-01-13 11:34:21.326 [info] > git config --get commit.template [1ms]
2024-01-13 11:34:21.348 [info] > git for-each-ref --format=%(refname)%00%(upstream:short)%00%(objectname)%00%(upstream:track)%00%(upstream:remotename)%00%(upstream:remoteref) refs/heads/main refs/remotes/main [17ms]
2024-01-13 11:34:21.359 [info] > git status -z -uall [2ms]
2024-01-13 11:34:21.824 [info] > git check-ignore -v -z --stdin [3ms]
2024-01-13 11:35:31.434 [info] Log level: Info
2024-01-13 11:35:31.434 [info] Validating found git in: "git"
2024-01-13 11:35:31.434 [info] Using git "2.43.0" from "git"
2024-01-13 11:35:50.113 [info] Log level: Info
2024-01-13 11:35:50.113 [info] Validating found git in: "git"
2024-01-13 11:35:50.113 [info] Using git "2.43.0" from "git"
2024-01-13 11:35:50.113 [info] > git rev-parse --show-toplevel [4ms]
2024-01-13 11:35:50.113 [info] > git rev-parse --git-dir --git-common-dir [3ms]
2024-01-13 11:35:50.113 [info] Open repository: /mnt/Kynthos Development/blbsr
2024-01-13 11:35:50.194 [info] > git rev-parse --show-toplevel [71ms]
2024-01-13 11:35:50.196 [info] > git config --get commit.template [76ms]
2024-01-13 11:35:50.223 [info] > git for-each-ref --format=%(refname)%00%(upstream:short)%00%(objectname)%00%(upstream:track)%00%(upstream:remotename)%00%(upstream:remoteref) refs/heads/main refs/remotes/main [4ms]
2024-01-13 11:35:50.230 [info] > git status -z -uall [1ms]
2024-01-13 11:35:50.248 [info] > git config --get commit.template [1ms]
2024-01-13 11:35:50.256 [info] > git for-each-ref --format=%(refname)%00%(upstream:short)%00%(objectname)%00%(upstream:track)%00%(upstream:remotename)%00%(upstream:remoteref) refs/heads/main refs/remotes/main [2ms]
2024-01-13 11:35:50.264 [info] > git status -z -uall [2ms]
2024-01-13 11:35:50.704 [info] > git check-ignore -v -z --stdin [1ms]
2024-01-13 11:35:53.076 [info] > git config --get commit.template [16ms]
2024-01-13 11:35:53.078 [info] > git for-each-ref --format=%(refname)%00%(upstream:short)%00%(objectname)%00%(upstream:track)%00%(upstream:remotename)%00%(upstream:remoteref) refs/heads/main refs/remotes/main [3ms]
2024-01-13 11:35:53.100 [info] > git status -z -uall [7ms]
2024-01-13 11:35:54.498 [info] > git ls-files --stage -- /mnt/Kynthos Development/blbsr/.gitignore [3ms]
2024-01-13 11:35:56.625 [info] > git show --textconv :.gitignore [2147ms]
2024-01-13 11:35:56.626 [info] > git cat-file -s e69de29bb2d1d6434b8b29ae775ad8c2e48c5391 [2115ms]
2024-01-13 11:35:57.883 [info] > git check-ignore -v -z --stdin [1ms]
2024-01-13 11:53:23.292 [info] > git config --get commit.template [18ms]
2024-01-13 11:53:23.293 [info] > git for-each-ref --format=%(refname)%00%(upstream:short)%00%(objectname)%00%(upstream:track)%00%(upstream:remotename)%00%(upstream:remoteref) refs/heads/main refs/remotes/main [7ms]
2024-01-13 11:53:23.309 [info] > git status -z -uall [2ms]
2024-01-13 11:53:23.342 [info] > git check-ignore -v -z --stdin [3ms]
2024-01-13 11:53:56.323 [info] > git config --get commit.template [6ms]
2024-01-13 11:53:56.324 [info] > git for-each-ref --format=%(refname)%00%(upstream:short)%00%(objectname)%00%(upstream:track)%00%(upstream:remotename)%00%(upstream:remoteref) refs/heads/main refs/remotes/main [1ms]
2024-01-13 11:53:56.330 [info] > git status -z -uall [2ms]
2024-01-13 11:54:01.349 [info] > git config --get commit.template [3ms]
2024-01-13 11:54:01.350 [info] > git for-each-ref --format=%(refname)%00%(upstream:short)%00%(objectname)%00%(upstream:track)%00%(upstream:remotename)%00%(upstream:remoteref) refs/heads/main refs/remotes/main [1ms]
2024-01-13 11:54:01.355 [info] > git status -z -uall [2ms]
2024-01-13 11:54:14.174 [info] > git check-ignore -v -z --stdin [0ms]
2024-01-13 11:54:17.187 [info] > git show --textconv :src/frontend/pinia-orm-models/User.ts [8ms]
2024-01-13 11:54:17.187 [info] > git ls-files --stage -- /mnt/Kynthos Development/blbsr/src/frontend/pinia-orm-models/User.ts [2ms]
2024-01-13 11:54:27.680 [info] > git check-ignore -v -z --stdin [1ms]
2024-01-13 11:54:31.382 [info] > git check-ignore -v -z --stdin [1ms]
2024-01-13 11:54:33.343 [info] > git check-ignore -v -z --stdin [1ms]
2024-01-13 11:54:38.122 [info] > git check-ignore -v -z --stdin [1ms]
2024-01-13 11:54:43.056 [info] > git config --get commit.template [4ms]
2024-01-13 11:54:43.057 [info] > git for-each-ref --format=%(refname)%00%(upstream:short)%00%(objectname)%00%(upstream:track)%00%(upstream:remotename)%00%(upstream:remoteref) refs/heads/main refs/remotes/main [1ms]
2024-01-13 11:54:43.062 [info] > git status -z -uall [2ms]
2024-01-13 11:54:48.088 [info] > git config --get commit.template [4ms]
2024-01-13 11:54:48.088 [info] > git for-each-ref --format=%(refname)%00%(upstream:short)%00%(objectname)%00%(upstream:track)%00%(upstream:remotename)%00%(upstream:remoteref) refs/heads/main refs/remotes/main [1ms]
2024-01-13 11:54:48.093 [info] > git status -z -uall [1ms]
2024-01-13 11:55:01.115 [info] > git config --get commit.template [15ms]
2024-01-13 11:55:01.117 [info] > git for-each-ref --format=%(refname)%00%(upstream:short)%00%(objectname)%00%(upstream:track)%00%(upstream:remotename)%00%(upstream:remoteref) refs/heads/main refs/remotes/main [4ms]
2024-01-13 11:55:01.127 [info] > git status -z -uall [2ms]
2024-01-13 11:55:06.922 [info] > git check-ignore -v -z --stdin [1ms]
2024-01-13 11:55:15.591 [info] > git show --textconv :src/frontend/src/boot/vue-model.ts [20ms]
2024-01-13 11:55:15.597 [info] > git ls-files --stage -- /mnt/Kynthos Development/blbsr/src/frontend/src/boot/vue-model.ts [8ms]
2024-01-13 11:55:17.288 [info] > git show --textconv :src/frontend/src/boot/vuemodel.ts [9ms]
2024-01-13 11:55:17.289 [info] > git ls-files --stage -- /mnt/Kynthos Development/blbsr/src/frontend/src/boot/vuemodel.ts [2ms]
2024-01-13 11:55:19.339 [info] > git show --textconv :src/frontend/src/boot/vue-model.ts [18ms]
2024-01-13 11:55:19.341 [info] > git ls-files --stage -- /mnt/Kynthos Development/blbsr/src/frontend/src/boot/vue-model.ts [3ms]
2024-01-13 11:55:28.271 [info] > git config --get commit.template [19ms]
2024-01-13 11:55:28.273 [info] > git for-each-ref --format=%(refname)%00%(upstream:short)%00%(objectname)%00%(upstream:track)%00%(upstream:remotename)%00%(upstream:remoteref) refs/heads/main refs/remotes/main [4ms]
2024-01-13 11:55:28.290 [info] > git status -z -uall [4ms]
2024-01-13 11:55:29.323 [info] > git show --textconv :src/frontend/src/boot/unocss.js [19ms]
2024-01-13 11:55:29.327 [info] > git ls-files --stage -- /mnt/Kynthos Development/blbsr/src/frontend/src/boot/unocss.js [6ms]
2024-01-13 11:55:30.025 [info] > git show --textconv :src/frontend/src/boot/vuemodel.ts [4ms]
2024-01-13 11:55:30.026 [info] > git ls-files --stage -- /mnt/Kynthos Development/blbsr/src/frontend/src/boot/vuemodel.ts [2ms]
2024-01-13 11:56:05.012 [info] > git show --textconv :src/frontend/quasar.config.js [5ms]
2024-01-13 11:56:05.013 [info] > git ls-files --stage -- /mnt/Kynthos Development/blbsr/src/frontend/quasar.config.js [1ms]
2024-01-13 11:56:25.101 [info] > git check-ignore -v -z --stdin [3ms]
2024-01-13 11:56:53.058 [info] > git check-ignore -v -z --stdin [3ms]
2024-01-13 11:56:53.623 [info] > git config --get commit.template [4ms]
2024-01-13 11:56:53.623 [info] > git for-each-ref --format=%(refname)%00%(upstream:short)%00%(objectname)%00%(upstream:track)%00%(upstream:remotename)%00%(upstream:remoteref) refs/heads/main refs/remotes/main [0ms]
2024-01-13 11:56:53.629 [info] > git status -z -uall [2ms]
2024-01-13 11:59:14.947 [info] > git show --textconv :src/frontend/package.json [8ms]
2024-01-13 11:59:14.948 [info] > git ls-files --stage -- /mnt/Kynthos Development/blbsr/src/frontend/package.json [3ms]
2024-01-13 11:59:48.181 [info] > git check-ignore -v -z --stdin [3ms]
2024-01-13 11:59:55.683 [info] > git show --textconv :src/frontend/.gitignore [19ms]
2024-01-13 11:59:55.687 [info] > git ls-files --stage -- /mnt/Kynthos Development/blbsr/src/frontend/.gitignore [4ms]
2024-01-13 12:01:36.861 [info] > git show --textconv :src/frontend/src/boot/vuemodel.ts [6ms]
2024-01-13 12:01:36.861 [info] > git ls-files --stage -- /mnt/Kynthos Development/blbsr/src/frontend/src/boot/vuemodel.ts [1ms]
2024-01-13 12:04:35.944 [info] > git config --get commit.template [1ms]
2024-01-13 12:04:35.949 [info] > git for-each-ref --format=%(refname)%00%(upstream:short)%00%(objectname)%00%(upstream:track)%00%(upstream:remotename)%00%(upstream:remoteref) refs/heads/main refs/remotes/main [1ms]
2024-01-13 12:04:35.955 [info] > git status -z -uall [2ms]
2024-01-13 12:04:37.051 [info] > git ls-files --stage -- /mnt/Kynthos Development/blbsr/src/frontend/src/boot/vuemodel.ts [1ms]
2024-01-13 12:04:37.056 [info] > git show --textconv :src/frontend/src/boot/vuemodel.ts [1ms]
2024-01-13 12:05:40.899 [info] > git check-ignore -v -z --stdin [1ms]
2024-01-13 12:05:41.898 [info] > git check-ignore -v -z --stdin [0ms]
2024-01-13 12:05:43.230 [info] > git check-ignore -v -z --stdin [0ms]
2024-01-13 12:05:48.143 [info] > git show --textconv :src/frontend/_templates/module/new/index.js [6ms]
2024-01-13 12:05:48.143 [info] > git ls-files --stage -- /mnt/Kynthos Development/blbsr/src/frontend/_templates/module/new/index.js [1ms]
2024-01-13 12:08:01.751 [info] > git show --textconv :src/frontend/_templates/module/new/prompt/Model.ejs.t [4ms]
2024-01-13 12:08:01.751 [info] > git ls-files --stage -- /mnt/Kynthos Development/blbsr/src/frontend/_templates/module/new/prompt/Model.ejs.t [1ms]
2024-01-13 12:08:08.952 [info] > git show --textconv :src/frontend/_templates/module/new/prompt/moduleNamePrompt.js [7ms]
2024-01-13 12:08:08.953 [info] > git ls-files --stage -- /mnt/Kynthos Development/blbsr/src/frontend/_templates/module/new/prompt/moduleNamePrompt.js [2ms]
2024-01-13 12:08:14.033 [info] > git show --textconv :src/frontend/_templates/module/new/index.js [6ms]
2024-01-13 12:08:14.034 [info] > git ls-files --stage -- /mnt/Kynthos Development/blbsr/src/frontend/_templates/module/new/index.js [2ms]
2024-01-13 12:08:18.640 [info] > git show --textconv :src/frontend/_templates/module/new/prompt/moduleNamePrompt.js [5ms]
2024-01-13 12:08:18.641 [info] > git ls-files --stage -- /mnt/Kynthos Development/blbsr/src/frontend/_templates/module/new/prompt/moduleNamePrompt.js [1ms]
2024-01-13 12:08:19.472 [info] > git show --textconv :src/frontend/_templates/module/new/prompt/Model.ejs.t [4ms]
2024-01-13 12:08:19.473 [info] > git ls-files --stage -- /mnt/Kynthos Development/blbsr/src/frontend/_templates/module/new/prompt/Model.ejs.t [1ms]
2024-01-13 12:14:15.871 [info] > git show --textconv :src/frontend/src/boot/vuemodel.ts [4ms]
2024-01-13 12:14:15.872 [info] > git ls-files --stage -- /mnt/Kynthos Development/blbsr/src/frontend/src/boot/vuemodel.ts [1ms]
2024-01-13 12:14:24.008 [info] > git show --textconv :src/frontend/_templates/module/new/index.js [5ms]
2024-01-13 12:14:24.009 [info] > git ls-files --stage -- /mnt/Kynthos Development/blbsr/src/frontend/_templates/module/new/index.js [1ms]
2024-01-13 12:15:18.802 [info] > git config --get commit.template [3ms]
2024-01-13 12:15:18.802 [info] > git for-each-ref --format=%(refname)%00%(upstream:short)%00%(objectname)%00%(upstream:track)%00%(upstream:remotename)%00%(upstream:remoteref) refs/heads/main refs/remotes/main [1ms]
2024-01-13 12:15:18.808 [info] > git status -z -uall [2ms]
2024-01-13 12:15:18.828 [info] > git check-ignore -v -z --stdin [1ms]
2024-01-13 12:15:23.820 [info] > git config --get commit.template [1ms]
2024-01-13 12:15:23.824 [info] > git for-each-ref --format=%(refname)%00%(upstream:short)%00%(objectname)%00%(upstream:track)%00%(upstream:remotename)%00%(upstream:remoteref) refs/heads/main refs/remotes/main [1ms]
2024-01-13 12:15:23.829 [info] > git status -z -uall [2ms]
2024-01-13 12:15:53.615 [info] > git config --get commit.template [3ms]
2024-01-13 12:15:53.616 [info] > git for-each-ref --format=%(refname)%00%(upstream:short)%00%(objectname)%00%(upstream:track)%00%(upstream:remotename)%00%(upstream:remoteref) refs/heads/main refs/remotes/main [1ms]
2024-01-13 12:15:53.621 [info] > git status -z -uall [1ms]
2024-01-13 12:16:11.614 [info] > git check-ignore -v -z --stdin [0ms]
2024-01-13 12:16:17.752 [info] > git check-ignore -v -z --stdin [0ms]
2024-01-13 12:16:21.235 [info] > git check-ignore -v -z --stdin [1ms]
2024-01-13 12:16:22.087 [info] > git check-ignore -v -z --stdin [1ms]
2024-01-13 12:16:23.350 [info] > git check-ignore -v -z --stdin [1ms]
2024-01-13 12:16:24.442 [info] > git check-ignore -v -z --stdin [1ms]
2024-01-13 12:16:31.329 [info] > git check-ignore -v -z --stdin [1ms]
2024-01-13 12:16:34.229 [info] > git show --textconv :src/frontend/node_modules/change-case/package.json [11ms]
2024-01-13 12:16:34.229 [info] > git ls-files --stage -- /mnt/Kynthos Development/blbsr/src/frontend/node_modules/change-case/package.json [6ms]
2024-01-13 12:16:43.233 [info] > git show --textconv :src/frontend/src/boot/vuemodel.ts [5ms]
2024-01-13 12:16:43.234 [info] > git ls-files --stage -- /mnt/Kynthos Development/blbsr/src/frontend/src/boot/vuemodel.ts [1ms]
2024-01-13 12:16:43.570 [info] > git check-ignore -v -z --stdin [1ms]
2024-01-13 12:17:50.431 [info] > git show --textconv :src/frontend/package.json [5ms]
2024-01-13 12:17:50.432 [info] > git ls-files --stage -- /mnt/Kynthos Development/blbsr/src/frontend/package.json [1ms]
2024-01-13 12:20:38.676 [info] > git show --textconv :src/frontend/src/boot/vuemodel.ts [6ms]
2024-01-13 12:20:38.677 [info] > git ls-files --stage -- /mnt/Kynthos Development/blbsr/src/frontend/src/boot/vuemodel.ts [1ms]
2024-01-13 12:25:05.400 [info] > git config --get commit.template [1ms]
2024-01-13 12:25:05.405 [info] > git for-each-ref --format=%(refname)%00%(upstream:short)%00%(objectname)%00%(upstream:track)%00%(upstream:remotename)%00%(upstream:remoteref) refs/heads/main refs/remotes/main [1ms]
2024-01-13 12:25:05.411 [info] > git status -z -uall [2ms]
2024-01-13 12:25:09.851 [info] > git check-ignore -v -z --stdin [1ms]
2024-01-13 12:25:10.422 [info] > git config --get commit.template [4ms]
2024-01-13 12:25:10.423 [info] > git for-each-ref --format=%(refname)%00%(upstream:short)%00%(objectname)%00%(upstream:track)%00%(upstream:remotename)%00%(upstream:remoteref) refs/heads/main refs/remotes/main [1ms]
2024-01-13 12:25:10.428 [info] > git status -z -uall [2ms]
2024-01-13 12:25:17.310 [info] > git check-ignore -v -z --stdin [1ms]
2024-01-13 12:25:19.558 [info] > git check-ignore -v -z --stdin [1ms]
2024-01-13 12:25:21.806 [info] > git check-ignore -v -z --stdin [1ms]
2024-01-13 12:25:22.956 [info] > git check-ignore -v -z --stdin [1ms]
2024-01-13 12:25:28.707 [info] > git check-ignore -v -z --stdin [0ms]
2024-01-13 12:25:30.525 [info] > git check-ignore -v -z --stdin [1ms]
2024-01-13 12:25:44.852 [info] > git check-ignore -v -z --stdin [1ms]
2024-01-13 12:25:47.229 [info] > git show --textconv :src/frontend/node_modules/change-case/package.json [8ms]
2024-01-13 12:25:47.229 [info] > git ls-files --stage -- /mnt/Kynthos Development/blbsr/src/frontend/node_modules/change-case/package.json [2ms]
2024-01-13 12:27:16.039 [info] > git show --textconv :src/frontend/pnpm-lock.yaml [5ms]
2024-01-13 12:27:16.040 [info] > git ls-files --stage -- /mnt/Kynthos Development/blbsr/src/frontend/pnpm-lock.yaml [1ms]
2024-01-13 12:27:21.254 [info] > git config --get commit.template [5ms]
2024-01-13 12:27:21.254 [info] > git for-each-ref --format=%(refname)%00%(upstream:short)%00%(objectname)%00%(upstream:track)%00%(upstream:remotename)%00%(upstream:remoteref) refs/heads/main refs/remotes/main [1ms]
2024-01-13 12:27:21.259 [info] > git status -z -uall [1ms]
2024-01-13 12:27:35.597 [info] > git config --get commit.template [5ms]
2024-01-13 12:27:35.597 [info] > git for-each-ref --format=%(refname)%00%(upstream:short)%00%(objectname)%00%(upstream:track)%00%(upstream:remotename)%00%(upstream:remoteref) refs/heads/main refs/remotes/main [1ms]
2024-01-13 12:27:35.603 [info] > git status -z -uall [1ms]
2024-01-13 12:27:38.118 [info] > git show --textconv :src/frontend/tsconfig.json [7ms]
2024-01-13 12:27:38.119 [info] > git ls-files --stage -- /mnt/Kynthos Development/blbsr/src/frontend/tsconfig.json [2ms]
2024-01-13 12:28:25.484 [info] > git config --get commit.template [0ms]
2024-01-13 12:28:25.489 [info] > git for-each-ref --format=%(refname)%00%(upstream:short)%00%(objectname)%00%(upstream:track)%00%(upstream:remotename)%00%(upstream:remoteref) refs/heads/main refs/remotes/main [1ms]
2024-01-13 12:28:25.496 [info] > git status -z -uall [2ms]
2024-01-13 12:32:49.996 [info] > git check-ignore -v -z --stdin [1ms]
2024-01-13 12:35:11.369 [info] > git config --get commit.template [3ms]
2024-01-13 12:35:11.369 [info] > git for-each-ref --format=%(refname)%00%(upstream:short)%00%(objectname)%00%(upstream:track)%00%(upstream:remotename)%00%(upstream:remoteref) refs/heads/main refs/remotes/main [1ms]
2024-01-13 12:35:11.375 [info] > git status -z -uall [1ms]
2024-01-13 12:41:12.218 [info] > git check-ignore -v -z --stdin [1ms]
2024-01-13 12:41:37.492 [info] > git check-ignore -v -z --stdin [1ms]
2024-01-13 12:41:40.755 [info] > git check-ignore -v -z --stdin [1ms]
2024-01-13 12:42:10.691 [info] > git check-ignore -v -z --stdin [1ms]
2024-01-13 12:42:14.067 [info] > git check-ignore -v -z --stdin [1ms]
2024-01-13 12:42:26.530 [info] > git check-ignore -v -z --stdin [1ms]
2024-01-13 12:42:41.715 [info] > git check-ignore -v -z --stdin [0ms]
2024-01-13 12:42:43.345 [info] > git show --textconv :src/frontend/node_modules/.pnpm/change-case@5.4.1/node_modules/change-case/dist/index.js [6ms]
2024-01-13 12:42:43.346 [info] > git ls-files --stage -- /mnt/Kynthos Development/blbsr/src/frontend/node_modules/.pnpm/change-case@5.4.1/node_modules/change-case/dist/index.js [2ms]
2024-01-13 12:42:43.588 [info] > git check-ignore -v -z --stdin [1ms]
2024-01-13 12:43:08.025 [info] > git show --textconv :.gitignore [4ms]
2024-01-13 12:43:08.026 [info] > git ls-files --stage -- /mnt/Kynthos Development/blbsr/.gitignore [2ms]
2024-01-13 12:43:08.032 [info] > git cat-file -s e69de29bb2d1d6434b8b29ae775ad8c2e48c5391 [1ms]
2024-01-13 12:43:13.010 [info] > git show --textconv :src/frontend/_templates/module/new/index.js [6ms]
2024-01-13 12:43:13.011 [info] > git ls-files --stage -- /mnt/Kynthos Development/blbsr/src/frontend/_templates/module/new/index.js [1ms]
2024-01-13 12:43:47.433 [info] > git config --get commit.template [5ms]
2024-01-13 12:43:47.434 [info] > git for-each-ref --format=%(refname)%00%(upstream:short)%00%(objectname)%00%(upstream:track)%00%(upstream:remotename)%00%(upstream:remoteref) refs/heads/main refs/remotes/main [1ms]
2024-01-13 12:43:47.439 [info] > git status -z -uall [1ms]
2024-01-13 12:45:08.506 [info] > git config --get commit.template [6ms]
2024-01-13 12:45:08.506 [info] > git for-each-ref --format=%(refname)%00%(upstream:short)%00%(objectname)%00%(upstream:track)%00%(upstream:remotename)%00%(upstream:remoteref) refs/heads/main refs/remotes/main [1ms]
2024-01-13 12:45:08.513 [info] > git status -z -uall [2ms]
2024-01-13 12:46:45.949 [info] > git config --get commit.template [6ms]
2024-01-13 12:46:45.949 [info] > git for-each-ref --format=%(refname)%00%(upstream:short)%00%(objectname)%00%(upstream:track)%00%(upstream:remotename)%00%(upstream:remoteref) refs/heads/main refs/remotes/main [0ms]
2024-01-13 12:46:45.955 [info] > git status -z -uall [1ms]
2024-01-13 12:47:08.490 [info] > git config --get commit.template [4ms]
2024-01-13 12:47:08.491 [info] > git for-each-ref --format=%(refname)%00%(upstream:short)%00%(objectname)%00%(upstream:track)%00%(upstream:remotename)%00%(upstream:remoteref) refs/heads/main refs/remotes/main [1ms]
2024-01-13 12:47:08.497 [info] > git status -z -uall [2ms]
2024-01-13 12:49:47.574 [info] > git config --get commit.template [4ms]
2024-01-13 12:49:47.574 [info] > git for-each-ref --format=%(refname)%00%(upstream:short)%00%(objectname)%00%(upstream:track)%00%(upstream:remotename)%00%(upstream:remoteref) refs/heads/main refs/remotes/main [0ms]
2024-01-13 12:49:47.580 [info] > git status -z -uall [2ms]
2024-01-13 12:49:53.301 [info] > git show --textconv :src/frontend/package.json [5ms]
2024-01-13 12:49:53.302 [info] > git ls-files --stage -- /mnt/Kynthos Development/blbsr/src/frontend/package.json [1ms]
2024-01-13 12:50:22.720 [info] > git config --get commit.template [5ms]
2024-01-13 12:50:22.720 [info] > git for-each-ref --format=%(refname)%00%(upstream:short)%00%(objectname)%00%(upstream:track)%00%(upstream:remotename)%00%(upstream:remoteref) refs/heads/main refs/remotes/main [1ms]
2024-01-13 12:50:22.727 [info] > git status -z -uall [1ms]
2024-01-13 12:50:49.824 [info] > git show --textconv :src/frontend/_templates/module/new/prompt/Model.ejs.t [5ms]
2024-01-13 12:50:49.825 [info] > git ls-files --stage -- /mnt/Kynthos Development/blbsr/src/frontend/_templates/module/new/prompt/Model.ejs.t [2ms]
2024-01-13 12:50:53.851 [info] > git show --textconv :src/frontend/_templates/module/new/prompt/moduleNamePrompt.js [4ms]
2024-01-13 12:50:53.852 [info] > git ls-files --stage -- /mnt/Kynthos Development/blbsr/src/frontend/_templates/module/new/prompt/moduleNamePrompt.js [1ms]
2024-01-13 12:55:08.538 [info] > git show --textconv :src/frontend/package.json [9ms]
2024-01-13 12:55:08.540 [info] > git ls-files --stage -- /mnt/Kynthos Development/blbsr/src/frontend/package.json [3ms]
2024-01-13 12:55:21.225 [info] > git config --get commit.template [5ms]
2024-01-13 12:55:21.225 [info] > git for-each-ref --format=%(refname)%00%(upstream:short)%00%(objectname)%00%(upstream:track)%00%(upstream:remotename)%00%(upstream:remoteref) refs/heads/main refs/remotes/main [0ms]
2024-01-13 12:55:21.232 [info] > git status -z -uall [2ms]
2024-01-13 12:55:34.920 [info] > git show --textconv :src/frontend/_templates/module/new/index.js [7ms]
2024-01-13 12:55:34.921 [info] > git ls-files --stage -- /mnt/Kynthos Development/blbsr/src/frontend/_templates/module/new/index.js [2ms]
2024-01-13 12:55:39.886 [info] > git config --get commit.template [1ms]
2024-01-13 12:55:39.892 [info] > git for-each-ref --format=%(refname)%00%(upstream:short)%00%(objectname)%00%(upstream:track)%00%(upstream:remotename)%00%(upstream:remoteref) refs/heads/main refs/remotes/main [1ms]
2024-01-13 12:55:39.898 [info] > git status -z -uall [1ms]
