2023-12-27 15:44:36.393 [info] Log level: Info
2023-12-27 15:44:36.393 [info] Validating found git in: "git"
2023-12-27 15:44:36.393 [info] Using git "2.43.0" from "git"
2023-12-27 15:44:36.393 [info] > git rev-parse --show-toplevel [21ms]
2023-12-27 15:44:36.405 [info] > git rev-parse --git-dir --git-common-dir [2ms]
2023-12-27 15:44:36.410 [info] Open repository: /mnt/Kynthos Development/chrmndr
2023-12-27 15:44:36.464 [info] > git rev-parse --show-toplevel [17ms]
2023-12-27 15:44:36.465 [info] > git config --get commit.template [28ms]
2023-12-27 15:44:36.496 [info] > git rev-parse --show-toplevel [17ms]
2023-12-27 15:44:36.510 [info] > git rev-parse --show-toplevel [3ms]
2023-12-27 15:44:36.523 [info] > git rev-parse --show-toplevel [1ms]
2023-12-27 15:44:36.541 [info] > git rev-parse --show-toplevel [7ms]
2023-12-27 15:44:36.542 [info] > git for-each-ref --format=%(refname)%00%(upstream:short)%00%(objectname)%00%(upstream:track)%00%(upstream:remotename)%00%(upstream:remoteref) refs/heads/LCI refs/remotes/LCI [47ms]
2023-12-27 15:44:36.555 [info] > git rev-parse --show-toplevel [1ms]
2023-12-27 15:44:36.580 [info] > git status -z -uall [8ms]
2023-12-27 15:44:36.600 [info] > git config --get commit.template [2ms]
2023-12-27 15:44:36.610 [info] > git for-each-ref --format=%(refname)%00%(upstream:short)%00%(objectname)%00%(upstream:track)%00%(upstream:remotename)%00%(upstream:remoteref) refs/heads/LCI refs/remotes/LCI [1ms]
2023-12-27 15:44:36.622 [info] > git status -z -uall [1ms]
2023-12-27 15:44:36.976 [info] > git show --textconv :chrmndr/models/card.py [10ms]
2023-12-27 15:44:36.977 [info] > git ls-files --stage -- /mnt/Kynthos Development/chrmndr/chrmndr/models/card.py [1ms]
2023-12-27 15:44:36.988 [info] > git cat-file -s b6f109a3e468990b3ef3c24025ca51a95aeb6474 [1ms]
2023-12-27 15:44:37.058 [info] > git check-ignore -v -z --stdin [1ms]
2023-12-27 15:44:38.104 [info] > git config --get commit.template [1ms]
2023-12-27 15:44:38.116 [info] > git for-each-ref --format=%(refname)%00%(upstream:short)%00%(objectname)%00%(upstream:track)%00%(upstream:remotename)%00%(upstream:remoteref) refs/heads/LCI refs/remotes/LCI [0ms]
2023-12-27 15:44:38.128 [info] > git status -z -uall [1ms]
2023-12-27 15:44:38.249 [info] > git ls-files --stage -- /mnt/Kynthos Development/chrmndr/chrmndr/models/card.py [2ms]
2023-12-27 15:44:38.263 [info] > git cat-file -s b6f109a3e468990b3ef3c24025ca51a95aeb6474 [3ms]
2023-12-27 15:44:38.275 [info] > git show --textconv :chrmndr/models/card.py [1ms]
2023-12-27 15:44:39.729 [info] > git ls-files --stage -- /mnt/Kynthos Development/chrmndr/chrmndr/models/card.py [0ms]
2023-12-27 15:44:39.735 [info] > git cat-file -s b6f109a3e468990b3ef3c24025ca51a95aeb6474 [1ms]
2023-12-27 15:44:39.742 [info] > git show --textconv :chrmndr/models/card.py [0ms]
2023-12-27 15:44:43.144 [info] > git config --get commit.template [7ms]
2023-12-27 15:44:43.144 [info] > git for-each-ref --format=%(refname)%00%(upstream:short)%00%(objectname)%00%(upstream:track)%00%(upstream:remotename)%00%(upstream:remoteref) refs/heads/LCI refs/remotes/LCI [1ms]
2023-12-27 15:44:43.151 [info] > git status -z -uall [1ms]
