Initializing document watcher...
blbsr/blue.config.ts: {"insertSpaces":true,"tabSize":2}
blbsr/blue.config.ts: Using EditorConfig core...
blue.config.ts: editor.action.trimTrailingWhitespace
blue.config.ts: insertFinalNewline(LF)
blbsr/scripts/generate.ts: {"insertSpaces":true,"tabSize":2}
blbsr/scripts/generate.ts: {"insertSpaces":true,"tabSize":2}
blbsr/scripts/generate.ts: Using EditorConfig core...
scripts/generate.ts: editor.action.trimTrailingWhitespace
scripts/generate.ts: insertFinalNewline(LF)
blbsr/.gitignore: {"insertSpaces":true,"tabSize":2}
blbsr/scripts/generate.ts: {"insertSpaces":true,"tabSize":2}
blbsr/pinia-orm-models/Eden.ts: {"insertSpaces":true,"tabSize":2}
blbsr/scripts/generate.ts: {"insertSpaces":true,"tabSize":2}
blbsr/pinia-orm-models/User.ts: {"insertSpaces":true,"tabSize":2}
blbsr/scripts/generate.ts: {"insertSpaces":true,"tabSize":2}
blbsr/scripts/generate.ts: Using EditorConfig core...
scripts/generate.ts: editor.action.trimTrailingWhitespace
blbsr/blue.config.ts: {"insertSpaces":true,"tabSize":2}
blbsr/blue.config.ts: Using EditorConfig core...
blue.config.ts: editor.action.trimTrailingWhitespace
blbsr/blue.config.ts: {"insertSpaces":true,"tabSize":2}
blbsr/blue.config.ts: {"insertSpaces":true,"tabSize":2}
blbsr/blue.config.ts: {"insertSpaces":true,"tabSize":2}
blbsr/blue.config.ts: {"insertSpaces":true,"tabSize":2}
blbsr/blue.config.ts: {"insertSpaces":true,"tabSize":2}
blbsr/blue.config.ts: {"insertSpaces":true,"tabSize":2}
blbsr/blue.config.ts: {"insertSpaces":true,"tabSize":2}
blbsr/blue.config.ts: {"insertSpaces":true,"tabSize":2}
blbsr/blue.config.ts: {"insertSpaces":true,"tabSize":2}
blbsr/scripts/generate.ts: {"insertSpaces":true,"tabSize":2}
blbsr/scripts/generate.ts: Using EditorConfig core...
scripts/generate.ts: editor.action.trimTrailingWhitespace
blbsr/scripts/generate.ts: {"insertSpaces":true,"tabSize":2}
blbsr/scripts/generate.ts: {"insertSpaces":true,"tabSize":2}
blbsr/blue.config.ts: {"insertSpaces":true,"tabSize":2}
blbsr/scripts/generate.ts: {"insertSpaces":true,"tabSize":2}
blbsr/blue.config.ts: {"insertSpaces":true,"tabSize":2}
blbsr/blue.config.ts: Using EditorConfig core...
blue.config.ts: editor.action.trimTrailingWhitespace
blbsr/blue.config.ts: {"insertSpaces":true,"tabSize":2}
blbsr/blue.config.ts: {"insertSpaces":true,"tabSize":2}
blbsr/blue.config.ts: {"insertSpaces":true,"tabSize":2}
blbsr/blue.config.ts: Using EditorConfig core...
blue.config.ts: editor.action.trimTrailingWhitespace
blbsr/blue.config.ts: {"insertSpaces":true,"tabSize":2}
blbsr/blue.config.ts: Using EditorConfig core...
blue.config.ts: editor.action.trimTrailingWhitespace
blbsr/blue.config.ts: {"insertSpaces":true,"tabSize":2}
blbsr/blue.config.ts: {"insertSpaces":true,"tabSize":2}
blbsr/blue.config.ts: {"insertSpaces":true,"tabSize":2}
blbsr/blue.config.ts: {"insertSpaces":true,"tabSize":2}
blbsr/blue.config.ts: {"insertSpaces":true,"tabSize":2}
blbsr/blue.config.ts: {"insertSpaces":true,"tabSize":2}
blbsr/scripts/generate.ts: {"insertSpaces":true,"tabSize":2}
blbsr/scripts/generate.ts: {"insertSpaces":true,"tabSize":2}
blbsr/blue.config.ts: {"insertSpaces":true,"tabSize":2}
blbsr/blue.config.ts: {"insertSpaces":true,"tabSize":2}
blbsr/blue.config.ts: {"insertSpaces":true,"tabSize":2}
blbsr/blue.config.ts: Using EditorConfig core...
blue.config.ts: editor.action.trimTrailingWhitespace
blbsr/blue.config.ts: {"insertSpaces":true,"tabSize":2}
blbsr/blue.config.ts: {"insertSpaces":true,"tabSize":2}
blbsr/scripts/generate.ts: {"insertSpaces":true,"tabSize":2}
blbsr/scripts/generate.ts: {"insertSpaces":true,"tabSize":2}
blbsr/scripts/generate.ts: Using EditorConfig core...
scripts/generate.ts: editor.action.trimTrailingWhitespace
blbsr/blue.config.ts: {"insertSpaces":true,"tabSize":2}
blbsr/blue.config.ts: Using EditorConfig core...
blue.config.ts: editor.action.trimTrailingWhitespace
blbsr/blue.config.ts: {"insertSpaces":true,"tabSize":2}
blbsr/blue.config.ts: {"insertSpaces":true,"tabSize":2}
blbsr/blue.config.ts: Using EditorConfig core...
blue.config.ts: editor.action.trimTrailingWhitespace
blbsr/blue.config.ts: {"insertSpaces":true,"tabSize":2}
blbsr/blue.config.ts: {"insertSpaces":true,"tabSize":2}
blbsr/scripts/generate.ts: {"insertSpaces":true,"tabSize":2}
blbsr/blue.config.ts: {"insertSpaces":true,"tabSize":2}
blbsr/blue.config.ts: Using EditorConfig core...
blue.config.ts: editor.action.trimTrailingWhitespace
blbsr/blue.config.ts: Using EditorConfig core...
blue.config.ts: editor.action.trimTrailingWhitespace
blbsr/blue.config.ts: {"insertSpaces":true,"tabSize":2}
blbsr/blue.config.ts: Using EditorConfig core...
blue.config.ts: editor.action.trimTrailingWhitespace
blbsr/blue.config.ts: {"insertSpaces":true,"tabSize":2}
blbsr/blue.config.ts: {"insertSpaces":true,"tabSize":2}
blbsr/blue.config.ts: Using EditorConfig core...
blue.config.ts: editor.action.trimTrailingWhitespace
blbsr/blue.config.ts: {"insertSpaces":true,"tabSize":2}
blbsr/blue.config.ts: {"insertSpaces":true,"tabSize":2}
blbsr/blue.config.ts: {"insertSpaces":true,"tabSize":2}
blbsr/blue.config.ts: {"insertSpaces":true,"tabSize":2}
blbsr/blue.config.ts: Using EditorConfig core...
blue.config.ts: editor.action.trimTrailingWhitespace
blbsr/scripts/generate.ts: {"insertSpaces":true,"tabSize":2}
blbsr/scripts/generate.ts: Using EditorConfig core...
scripts/generate.ts: editor.action.trimTrailingWhitespace
blbsr/blue.config.ts: {"insertSpaces":true,"tabSize":2}
blbsr/blue.config.ts: Using EditorConfig core...
blue.config.ts: editor.action.trimTrailingWhitespace
blbsr/blue.config.ts: {"insertSpaces":true,"tabSize":2}
blbsr/scripts/generate.ts: {"insertSpaces":true,"tabSize":2}
blbsr/schemas/base_user.schema.json: {"insertSpaces":true,"tabSize":2}
blbsr/schemas/base_user.schema.json: {"insertSpaces":true,"tabSize":2}
blbsr/scripts/generate.ts: {"insertSpaces":true,"tabSize":2}
blbsr/schemas/base_user.schema.json: {"insertSpaces":true,"tabSize":2}
blbsr/scripts/generate.ts: {"insertSpaces":true,"tabSize":2}
blbsr/blue.config.ts: {"insertSpaces":true,"tabSize":2}
blbsr/blue.config.ts: Using EditorConfig core...
blue.config.ts: editor.action.trimTrailingWhitespace
blbsr/blue.config.ts: {"insertSpaces":true,"tabSize":2}
blbsr/blue.config.ts: {"insertSpaces":true,"tabSize":2}
blbsr/blue.config.ts: {"insertSpaces":true,"tabSize":2}
blbsr/scripts/generate.ts: {"insertSpaces":true,"tabSize":2}
blbsr/scripts/generate.ts: Using EditorConfig core...
scripts/generate.ts: editor.action.trimTrailingWhitespace
blbsr/scripts/generate.ts: {"insertSpaces":true,"tabSize":2}
blbsr/pinia-orm-models/base-models/BaseEden.ts: {"insertSpaces":true,"tabSize":2}
blbsr/scripts/generate.ts: {"insertSpaces":true,"tabSize":2}
blbsr/blue.config.ts: {"insertSpaces":true,"tabSize":2}
blbsr/blue.config.ts: {"insertSpaces":true,"tabSize":2}
blbsr/blue.config.ts: Using EditorConfig core...
blue.config.ts: editor.action.trimTrailingWhitespace
blbsr/blue.config.ts: Using EditorConfig core...
blue.config.ts: editor.action.trimTrailingWhitespace
blbsr/scripts/generate.ts: {"insertSpaces":true,"tabSize":2}
blbsr/scripts/generate.ts: Using EditorConfig core...
scripts/generate.ts: editor.action.trimTrailingWhitespace
blbsr/blue.config.ts: {"insertSpaces":true,"tabSize":2}
blbsr/blue.config.ts: Using EditorConfig core...
blue.config.ts: editor.action.trimTrailingWhitespace
blbsr/blue.config.ts: {"insertSpaces":true,"tabSize":2}
blbsr/scripts/generate.ts: {"insertSpaces":true,"tabSize":2}
blbsr/scripts/generate.ts: Using EditorConfig core...
scripts/generate.ts: editor.action.trimTrailingWhitespace
blbsr/scripts/generate.ts: {"insertSpaces":true,"tabSize":2}
blbsr/scripts/generate.ts: {"insertSpaces":true,"tabSize":2}
blbsr/scripts/generate.ts: {"insertSpaces":true,"tabSize":2}
blbsr/scripts/generate.ts: {"insertSpaces":true,"tabSize":2}
blbsr/scripts/generate.ts: {"insertSpaces":true,"tabSize":2}
blbsr/blue.config.ts: {"insertSpaces":true,"tabSize":2}
blbsr/scripts/generate.ts: {"insertSpaces":true,"tabSize":2}
No more open editors.
