Initializing document watcher...
blbsr/blue.config.ts: {"insertSpaces":true,"tabSize":2}
blbsr/blue.config.ts: {"insertSpaces":true,"tabSize":2}
blbsr/blue.config.ts: {"insertSpaces":true,"tabSize":2}
blbsr/blue.config.ts: {"insertSpaces":true,"tabSize":2}
blbsr/blue.config.ts: {"insertSpaces":true,"tabSize":2}
blbsr/scripts/generate.ts: {"insertSpaces":true,"tabSize":2}
blbsr/scripts/generate.ts: {"insertSpaces":true,"tabSize":2}
blbsr/scripts/generate.ts: {"insertSpaces":true,"tabSize":2}
blbsr/.env: {"insertSpaces":true,"tabSize":2}
blbsr/.env: {"insertSpaces":true,"tabSize":2}
blbsr/.env: Using EditorConfig core...
.env: editor.action.trimTrailingWhitespace
blbsr/scripts/generate.ts: {"insertSpaces":true,"tabSize":2}
blbsr/scripts/generate.ts: {"insertSpaces":true,"tabSize":2}
blbsr/scripts/generate.ts: {"insertSpaces":true,"tabSize":2}
blbsr/scripts/generate.ts: {"insertSpaces":true,"tabSize":2}
blbsr/scripts/generate.ts: {"insertSpaces":true,"tabSize":2}
blbsr/blue.config.ts: {"insertSpaces":true,"tabSize":2}
blbsr/blue.config.ts: Using EditorConfig core...
blue.config.ts: editor.action.trimTrailingWhitespace
blbsr/scripts/generate.ts: {"insertSpaces":true,"tabSize":2}
blbsr/scripts/generate.ts: Using EditorConfig core...
scripts/generate.ts: editor.action.trimTrailingWhitespace
blbsr/blue.config.ts: {"insertSpaces":true,"tabSize":2}
blbsr/blue.config.ts: {"insertSpaces":true,"tabSize":2}
blbsr/scripts/generate.ts: {"insertSpaces":true,"tabSize":2}
blbsr/scripts/generate.ts: {"insertSpaces":true,"tabSize":2}
blbsr/scripts/generate.ts: Using EditorConfig core...
scripts/generate.ts: editor.action.trimTrailingWhitespace
blbsr/blue.config.ts: {"insertSpaces":true,"tabSize":2}
blbsr/scripts/generate.ts: {"insertSpaces":true,"tabSize":2}
blbsr/blue.config.ts: {"insertSpaces":true,"tabSize":2}
blbsr/scripts/generate.ts: {"insertSpaces":true,"tabSize":2}
blbsr/scripts/generate.ts: Using EditorConfig core...
scripts/generate.ts: editor.action.trimTrailingWhitespace
blbsr/scripts/generate.ts: {"insertSpaces":true,"tabSize":2}
blbsr/blue.config.ts: {"insertSpaces":true,"tabSize":2}
blbsr/scripts/generate.ts: {"insertSpaces":true,"tabSize":2}
blbsr/scripts/generate.ts: Using EditorConfig core...
scripts/generate.ts: editor.action.trimTrailingWhitespace
blbsr/scripts/generate.ts: {"insertSpaces":true,"tabSize":2}
blbsr/scripts/generate.ts: Using EditorConfig core...
scripts/generate.ts: editor.action.trimTrailingWhitespace
blbsr/scripts/generate.ts: {"insertSpaces":true,"tabSize":2}
blbsr/blue.config.ts: {"insertSpaces":true,"tabSize":2}
blbsr/scripts/generate.ts: {"insertSpaces":true,"tabSize":2}
blbsr/scripts/generate.ts: Using EditorConfig core...
scripts/generate.ts: editor.action.trimTrailingWhitespace
blbsr/scripts/generate.ts: {"insertSpaces":true,"tabSize":2}
blbsr/scripts/generate.ts: {"insertSpaces":true,"tabSize":2}
blbsr/scripts/generate.ts: {"insertSpaces":true,"tabSize":2}
blbsr/scripts/generate.ts: {"insertSpaces":true,"tabSize":2}
blbsr/scripts/generate.ts: {"insertSpaces":true,"tabSize":2}
blbsr/scripts/generate.ts: Using EditorConfig core...
scripts/generate.ts: editor.action.trimTrailingWhitespace
blbsr/scripts/generate.ts: {"insertSpaces":true,"tabSize":2}
blbsr/blue.config.ts: {"insertSpaces":true,"tabSize":2}
blbsr/blue.config.ts: Using EditorConfig core...
blue.config.ts: editor.action.trimTrailingWhitespace
blbsr/blue.config.ts: {"insertSpaces":true,"tabSize":2}
blbsr/blue.config.ts: Using EditorConfig core...
blue.config.ts: editor.action.trimTrailingWhitespace
blbsr/blue.config.ts: {"insertSpaces":true,"tabSize":2}
blbsr/blue.config.ts: {"insertSpaces":true,"tabSize":2}
blbsr/blue.config.ts: Using EditorConfig core...
blue.config.ts: editor.action.trimTrailingWhitespace
blbsr/blue.config.ts: {"insertSpaces":true,"tabSize":2}
blbsr/blue.config.ts: {"insertSpaces":true,"tabSize":2}
blbsr/blue.config.ts: {"insertSpaces":true,"tabSize":2}
blbsr/scripts/generate.ts: {"insertSpaces":true,"tabSize":2}
blbsr/scripts/generate.ts: Using EditorConfig core...
scripts/generate.ts: editor.action.trimTrailingWhitespace
blbsr/blue.config.ts: {"insertSpaces":true,"tabSize":2}
blbsr/scripts/generate.ts: {"insertSpaces":true,"tabSize":2}
blbsr/scripts/generate.ts: Using EditorConfig core...
scripts/generate.ts: editor.action.trimTrailingWhitespace
blbsr/pinia-orm-models/base-models/BaseEden.ts: {"insertSpaces":true,"tabSize":2}
blbsr/scripts/generate.ts: {"insertSpaces":true,"tabSize":2}
blbsr/scripts/generate.ts: Using EditorConfig core...
scripts/generate.ts: editor.action.trimTrailingWhitespace
blbsr/scripts/generate.ts: {"insertSpaces":true,"tabSize":2}
blbsr/scripts/generate.ts: {"insertSpaces":true,"tabSize":2}
blbsr/scripts/generate.ts: Using EditorConfig core...
scripts/generate.ts: editor.action.trimTrailingWhitespace
blbsr/pinia-orm-models/base-models/BaseEden.ts: {"insertSpaces":true,"tabSize":2}
blbsr/scripts/generate.ts: {"insertSpaces":true,"tabSize":2}
blbsr/blue.config.ts: {"insertSpaces":true,"tabSize":2}
blbsr/blue.config.ts: Using EditorConfig core...
blue.config.ts: editor.action.trimTrailingWhitespace
blbsr/scripts/generate.ts: {"insertSpaces":true,"tabSize":2}
blbsr/schemas/user.schema.json: {"insertSpaces":true,"tabSize":2}
blbsr/scripts/generate.ts: {"insertSpaces":true,"tabSize":2}
blbsr/blue.config.ts: {"insertSpaces":true,"tabSize":2}
blbsr/scripts/generate.ts: {"insertSpaces":true,"tabSize":2}
blbsr/scripts/generate.ts: Using EditorConfig core...
scripts/generate.ts: editor.action.trimTrailingWhitespace
blbsr/blue.config.ts: {"insertSpaces":true,"tabSize":2}
blbsr/scripts/generate.ts: {"insertSpaces":true,"tabSize":2}
blbsr/scripts/generate.ts: Using EditorConfig core...
scripts/generate.ts: editor.action.trimTrailingWhitespace
blbsr/scripts/generate.ts: {"insertSpaces":true,"tabSize":2}
blbsr/base-models/User.ts: {"insertSpaces":true,"tabSize":2}
blbsr/base-models/BaseEden.ts: {"insertSpaces":true,"tabSize":2}
blbsr/scripts/generate.ts: {"insertSpaces":true,"tabSize":2}
blbsr/scripts/generate.ts: {"insertSpaces":true,"tabSize":2}
blbsr/scripts/generate.ts: Using EditorConfig core...
scripts/generate.ts: editor.action.trimTrailingWhitespace
blbsr/scripts/generate.ts: Using EditorConfig core...
scripts/generate.ts: editor.action.trimTrailingWhitespace
blbsr/scripts/generate.ts: Using EditorConfig core...
scripts/generate.ts: editor.action.trimTrailingWhitespace
blbsr/scripts/generate.ts: Using EditorConfig core...
scripts/generate.ts: editor.action.trimTrailingWhitespace
blbsr/blue.config.ts: {"insertSpaces":true,"tabSize":2}
blbsr/blue.config.ts: Using EditorConfig core...
blue.config.ts: editor.action.trimTrailingWhitespace
blbsr/scripts/generate.ts: {"insertSpaces":true,"tabSize":2}
blbsr/scripts/generate.ts: {"insertSpaces":true,"tabSize":2}
blbsr/base-models/BaseEden.ts: {"insertSpaces":true,"tabSize":2}
blbsr/scripts/generate.ts: {"insertSpaces":true,"tabSize":2}
blbsr/pinia-orm-models/Eden.ts: {"insertSpaces":true,"tabSize":2}
blbsr/scripts/generate.ts: {"insertSpaces":true,"tabSize":2}
blbsr/pinia-orm-models/User.ts: {"insertSpaces":true,"tabSize":2}
blbsr/scripts/generate.ts: {"insertSpaces":true,"tabSize":2}
blbsr/scripts/generate.ts: Using EditorConfig core...
scripts/generate.ts: editor.action.trimTrailingWhitespace
blbsr/scripts/generate.ts: {"insertSpaces":true,"tabSize":2}
blbsr/pinia-orm-models/.ts: {"insertSpaces":true,"tabSize":2}
blbsr/scripts/generate.ts: {"insertSpaces":true,"tabSize":2}
blbsr/pinia-orm-models/Eden.ts: {"insertSpaces":true,"tabSize":2}
blbsr/scripts/generate.ts: {"insertSpaces":true,"tabSize":2}
blbsr/scripts/generate.ts: {"insertSpaces":true,"tabSize":2}
blbsr/scripts/generate.ts: Using EditorConfig core...
scripts/generate.ts: editor.action.trimTrailingWhitespace
blbsr/blue.config.ts: {"insertSpaces":true,"tabSize":2}
blbsr/blue.config.ts: Using EditorConfig core...
blue.config.ts: editor.action.trimTrailingWhitespace
blbsr/blue.config.ts: {"insertSpaces":true,"tabSize":2}
blbsr/scripts/generate.ts: {"insertSpaces":true,"tabSize":2}
blbsr/schemas/user.schema.json: {"insertSpaces":true,"tabSize":2}
blbsr/scripts/generate.ts: {"insertSpaces":true,"tabSize":2}
blbsr/schemas/user.schema.json: {"insertSpaces":true,"tabSize":2}
blbsr/schemas/base_user.schema.json: {"insertSpaces":true,"tabSize":2}
blbsr/schemas/base_user.schema.json: Using EditorConfig core...
schemas/base_user.schema.json: editor.action.trimTrailingWhitespace
schemas/base_user.schema.json: insertFinalNewline(LF)
blbsr/schemas/base_eden.schema.json: {"insertSpaces":true,"tabSize":2}
blbsr/schemas/base_user.schema.json: {"insertSpaces":true,"tabSize":2}
blbsr/schemas/base_user.schema.json: Using EditorConfig core...
schemas/base_user.schema.json: editor.action.trimTrailingWhitespace
blbsr/schemas/base_eden.schema.json: {"insertSpaces":true,"tabSize":2}
blbsr/pinia-orm-models/.ts: {"insertSpaces":true,"tabSize":2}
blbsr/scripts/generate.ts: {"insertSpaces":true,"tabSize":2}
blbsr/pinia-orm-models/Eden.ts: {"insertSpaces":true,"tabSize":2}
blbsr/scripts/generate.ts: {"insertSpaces":true,"tabSize":2}
blbsr/pinia-orm-models/User.ts: {"insertSpaces":true,"tabSize":2}
blbsr/scripts/generate.ts: {"insertSpaces":true,"tabSize":2}
blbsr/schemas/base_eden.schema.json: {"insertSpaces":true,"tabSize":2}
blbsr/scripts/generate.ts: {"insertSpaces":true,"tabSize":2}
blbsr/scripts/generate.ts: {"insertSpaces":true,"tabSize":2}
blbsr/scripts/generate.ts: {"insertSpaces":true,"tabSize":2}
blbsr/pinia-orm-models/Eden.ts: {"insertSpaces":true,"tabSize":2}
blbsr/pinia-orm-models/User.ts: {"insertSpaces":true,"tabSize":2}
blbsr/scripts/generate.ts: {"insertSpaces":true,"tabSize":2}
blbsr/scripts/generate.ts: {"insertSpaces":true,"tabSize":2}
blbsr/blue.config.ts: {"insertSpaces":true,"tabSize":2}
blbsr/blue.config.ts: Using EditorConfig core...
blue.config.ts: editor.action.trimTrailingWhitespace
blbsr/blue.config.ts: Using EditorConfig core...
blue.config.ts: editor.action.trimTrailingWhitespace
blbsr/blue.config.ts: {"insertSpaces":true,"tabSize":2}
blbsr/blue.config.ts: {"insertSpaces":true,"tabSize":2}
blbsr/blue.config.ts: {"insertSpaces":true,"tabSize":2}
blbsr/blue.config.ts: {"insertSpaces":true,"tabSize":2}
blbsr/blue.config.ts: {"insertSpaces":true,"tabSize":2}
blbsr/blue.config.ts: {"insertSpaces":true,"tabSize":2}
blbsr/blue.config.ts: Using EditorConfig core...
blue.config.ts: editor.action.trimTrailingWhitespace
blbsr/blue.config.ts: {"insertSpaces":true,"tabSize":2}
blbsr/base-models/BaseEden.ts: {"insertSpaces":true,"tabSize":2}
blbsr/blue.config.ts: {"insertSpaces":true,"tabSize":2}
blbsr/pinia-orm-models/Eden.ts: {"insertSpaces":true,"tabSize":2}
blbsr/blue.config.ts: {"insertSpaces":true,"tabSize":2}
blbsr/blue.config.ts: {"insertSpaces":true,"tabSize":2}
blbsr/blue.config.ts: {"insertSpaces":true,"tabSize":2}
blbsr/blue.config.ts: {"insertSpaces":true,"tabSize":2}
blbsr/blue.config.ts: {"insertSpaces":true,"tabSize":2}
blbsr/blue.config.ts: {"insertSpaces":true,"tabSize":2}
blbsr/blue.config.ts: Using EditorConfig core...
blue.config.ts: editor.action.trimTrailingWhitespace
blbsr/blue.config.ts: {"insertSpaces":true,"tabSize":2}
blbsr/base-models/BaseEden.ts: {"insertSpaces":true,"tabSize":2}
blbsr/blue.config.ts: {"insertSpaces":true,"tabSize":2}
blbsr/pinia-orm-models/Eden.ts: {"insertSpaces":true,"tabSize":2}
blbsr/blue.config.ts: {"insertSpaces":true,"tabSize":2}
blbsr/blue.config.ts: Using EditorConfig core...
blue.config.ts: editor.action.trimTrailingWhitespace
blbsr/blue.config.ts: {"insertSpaces":true,"tabSize":2}
blbsr/blue.config.ts: {"insertSpaces":true,"tabSize":2}
blbsr/blue.config.ts: {"insertSpaces":true,"tabSize":2}
blbsr/blue.config.ts: {"insertSpaces":true,"tabSize":2}
blbsr/blue.config.ts: {"insertSpaces":true,"tabSize":2}
blbsr/pinia-orm-models/User.ts: {"insertSpaces":true,"tabSize":2}
blbsr/blue.config.ts: {"insertSpaces":true,"tabSize":2}
blbsr/blue.config.ts: {"insertSpaces":true,"tabSize":2}
blbsr/blue.config.ts: Using EditorConfig core...
blue.config.ts: editor.action.trimTrailingWhitespace
blbsr/base-models/BaseEden.ts: {"insertSpaces":true,"tabSize":2}
blbsr/blue.config.ts: {"insertSpaces":true,"tabSize":2}
blbsr/pinia-orm-models/Eden.ts: {"insertSpaces":true,"tabSize":2}
blbsr/blue.config.ts: {"insertSpaces":true,"tabSize":2}
blbsr/blue.config.ts: {"insertSpaces":true,"tabSize":2}
blbsr/blue.config.ts: {"insertSpaces":true,"tabSize":2}
blbsr/blue.config.ts: {"insertSpaces":true,"tabSize":2}
blbsr/blue.config.ts: Using EditorConfig core...
blue.config.ts: editor.action.trimTrailingWhitespace
blbsr/blue.config.ts: Using EditorConfig core...
blue.config.ts: editor.action.trimTrailingWhitespace
blbsr/scripts/generate.ts: {"insertSpaces":true,"tabSize":2}
blbsr/scripts/generate.ts: Using EditorConfig core...
scripts/generate.ts: editor.action.trimTrailingWhitespace
blbsr/scripts/generate.ts: Using EditorConfig core...
scripts/generate.ts: editor.action.trimTrailingWhitespace
blbsr/scripts/generate.ts: Using EditorConfig core...
scripts/generate.ts: editor.action.trimTrailingWhitespace
blbsr/scripts/generate.ts: Using EditorConfig core...
scripts/generate.ts: editor.action.trimTrailingWhitespace
blbsr/scripts/generate.ts: Using EditorConfig core...
scripts/generate.ts: editor.action.trimTrailingWhitespace
blbsr/scripts/generate.ts: Using EditorConfig core...
scripts/generate.ts: editor.action.trimTrailingWhitespace
blbsr/scripts/generate.ts: Using EditorConfig core...
scripts/generate.ts: editor.action.trimTrailingWhitespace
blbsr/scripts/generate.ts: Using EditorConfig core...
scripts/generate.ts: editor.action.trimTrailingWhitespace
blbsr/scripts/generate.ts: Using EditorConfig core...
scripts/generate.ts: editor.action.trimTrailingWhitespace
blbsr/scripts/generate.ts: Using EditorConfig core...
scripts/generate.ts: editor.action.trimTrailingWhitespace
blbsr/scripts/generate.ts: Using EditorConfig core...
scripts/generate.ts: editor.action.trimTrailingWhitespace
