2023-12-27 15:45:08.256 [info] Reading sessions from keychain...
2023-12-27 15:45:08.256 [info] Getting sessions for all scopes...
2023-12-27 15:45:08.256 [info] Got 0 sessions for ...
2023-12-27 15:45:08.269 [info] Getting sessions for read:user,repo,user:email,workflow...
2023-12-27 15:45:08.269 [info] Got 0 sessions for read:user,repo,user:email,workflow...
2023-12-27 15:45:08.409 [info] Getting sessions for all scopes...
2023-12-27 15:45:08.409 [info] Got 0 sessions for ...
2023-12-27 15:46:03.024 [info] Reading sessions from keychain...
2023-12-27 15:46:03.025 [info] Getting sessions for all scopes...
2023-12-27 15:46:03.025 [info] Got 0 sessions for ...
2023-12-27 15:46:03.025 [info] Getting sessions for all scopes...
2023-12-27 15:46:03.025 [info] Got 0 sessions for ...
2023-12-27 15:46:03.025 [info] Getting sessions for read:user,repo,user:email,workflow...
2023-12-27 15:46:03.025 [info] Got 0 sessions for read:user,repo,user:email,workflow...
2023-12-27 15:46:20.275 [info] Reading sessions from keychain...
2023-12-27 15:46:20.275 [info] Getting sessions for all scopes...
2023-12-27 15:46:20.275 [info] Got 0 sessions for ...
2023-12-27 15:46:20.286 [info] Getting sessions for read:user,repo,user:email,workflow...
2023-12-27 15:46:20.286 [info] Got 0 sessions for read:user,repo,user:email,workflow...
2023-12-27 15:46:20.286 [info] Getting sessions for all scopes...
2023-12-27 15:46:20.286 [info] Got 0 sessions for ...
