Initializing document watcher...
blbsr/src/modules/NonConformance/pages/ManageNonConformancesPage/ManageNonConformancesPage.vue: {"insertSpaces":true,"tabSize":2}
blbsr/src/modules/NonConformance/pages/ManageNonConformancesPage/ManageNonConformancesPage.vue: Using EditorConfig core...
src/modules/NonConformance/pages/ManageNonConformancesPage/ManageNonConformancesPage.vue: editor.action.trimTrailingWhitespace
blbsr/src/modules/NonConformance/pages/ManageNonConformancesPage/ManageNonConformancesPage.vue: Using EditorConfig core...
src/modules/NonConformance/pages/ManageNonConformancesPage/ManageNonConformancesPage.vue: editor.action.trimTrailingWhitespace
blbsr/src/modules/NonConformance/pages/ManageNonConformancesPage/ManageNonConformancesPage.vue: Using EditorConfig core...
src/modules/NonConformance/pages/ManageNonConformancesPage/ManageNonConformancesPage.vue: editor.action.trimTrailingWhitespace
blbsr/src/modules/NonConformance/pages/ManageNonConformancesPage/ManageNonConformancesPage.vue: {"insertSpaces":true,"tabSize":2}
blbsr/src/modules/NonConformance/views/ManageNonConformancesView/ManageNonConformancesView.vue: {"insertSpaces":true,"tabSize":2}
blbsr/src/modules/NonConformance/views/ManageNonConformancesView/ManageNonConformancesView.vue: {"insertSpaces":true,"tabSize":2}
blbsr/src/modules/NonConformance/views/ManageNonConformancesView/ManageNonConformancesView.vue: Using EditorConfig core...
src/modules/NonConformance/views/ManageNonConformancesView/ManageNonConformancesView.vue: editor.action.trimTrailingWhitespace
blbsr/src/modules/NonConformance/views/ManageNonConformancesView/ManageNonConformancesView.vue: {"insertSpaces":true,"tabSize":2}
blbsr/src/modules/NonConformance/views/ManageNonConformancesView/ManageNonConformancesView.vue: {"insertSpaces":true,"tabSize":2}
blbsr/src/modules/NonConformance/views/ManageNonConformancesView/ManageNonConformancesView.vue: {"insertSpaces":true,"tabSize":2}
blbsr/src/modules/NonConformance/views/ManageNonConformancesView/ManageNonConformancesView.vue: {"insertSpaces":true,"tabSize":2}
blbsr/src/modules/NonConformance/views/ManageNonConformancesView/ManageNonConformancesView.vue: {"insertSpaces":true,"tabSize":2}
blbsr/src/modules/NonConformance/views/ManageNonConformancesView/ManageNonConformancesView.vue: {"insertSpaces":true,"tabSize":2}
blbsr/src/modules/NonConformance/views/ManageNonConformancesView/ManageNonConformancesView.vue: Using EditorConfig core...
src/modules/NonConformance/views/ManageNonConformancesView/ManageNonConformancesView.vue: editor.action.trimTrailingWhitespace
blbsr/src/modules/NonConformance/views/ManageNonConformancesView/ManageNonConformancesView.vue: {"insertSpaces":true,"tabSize":2}
blbsr/src/modules/NonConformance/views/ManageNonConformancesView/ManageNonConformancesView.vue: {"insertSpaces":true,"tabSize":2}
blbsr/src/modules/NonConformance/views/ManageNonConformancesView/ManageNonConformancesView.vue: Using EditorConfig core...
src/modules/NonConformance/views/ManageNonConformancesView/ManageNonConformancesView.vue: editor.action.trimTrailingWhitespace
blbsr/src/modules/NonConformance/views/ManageNonConformancesView/ManageNonConformancesView.vue: {"insertSpaces":true,"tabSize":2}
blbsr/src/modules/NonConformance/views/ManageNonConformancesView/ManageNonConformancesView.vue: {"insertSpaces":true,"tabSize":2}
blbsr/src/modules/NonConformance/views/ManageNonConformancesView/ManageNonConformancesView.vue: Using EditorConfig core...
src/modules/NonConformance/views/ManageNonConformancesView/ManageNonConformancesView.vue: editor.action.trimTrailingWhitespace
blbsr/src/modules/NonConformance/views/ManageNonConformancesView/ManageNonConformancesView.vue: {"insertSpaces":true,"tabSize":2}
blbsr/src/modules/NonConformance/views/ManageNonConformancesView/ManageNonConformancesView.vue: {"insertSpaces":true,"tabSize":2}
blbsr/src/modules/NonConformance/views/ManageNonConformancesView/ManageNonConformancesView.vue: Using EditorConfig core...
src/modules/NonConformance/views/ManageNonConformancesView/ManageNonConformancesView.vue: editor.action.trimTrailingWhitespace
blbsr/src/modules/NonConformance/views/ManageNonConformancesView/ManageNonConformancesView.vue: Using EditorConfig core...
src/modules/NonConformance/views/ManageNonConformancesView/ManageNonConformancesView.vue: editor.action.trimTrailingWhitespace
blbsr/src/modules/NonConformance/views/ManageNonConformancesView/ManageNonConformancesView.vue: Using EditorConfig core...
src/modules/NonConformance/views/ManageNonConformancesView/ManageNonConformancesView.vue: editor.action.trimTrailingWhitespace
blbsr/src/modules/NonConformance/views/ManageNonConformancesView/ManageNonConformancesView.vue: Using EditorConfig core...
src/modules/NonConformance/views/ManageNonConformancesView/ManageNonConformancesView.vue: editor.action.trimTrailingWhitespace
blbsr/src/modules/NonConformance/views/ManageNonConformancesView/ManageNonConformancesView.vue: {"insertSpaces":true,"tabSize":2}
blbsr/src/modules/NonConformance/views/ManageNonConformancesView/ManageNonConformancesView.vue: {"insertSpaces":true,"tabSize":2}
blbsr/src/modules/NonConformance/views/ManageNonConformancesView/ManageNonConformancesView.vue: {"insertSpaces":true,"tabSize":2}
blbsr/src/modules/NonConformance/views/ManageNonConformancesView/ManageNonConformancesView.vue: {"insertSpaces":true,"tabSize":2}
blbsr/src/modules/NonConformance/views/ManageNonConformancesView/ManageNonConformancesView.vue: {"insertSpaces":true,"tabSize":2}
blbsr/src/modules/NonConformance/views/ManageNonConformancesView/ManageNonConformancesView.vue: {"insertSpaces":true,"tabSize":2}
blbsr/src/modules/NonConformance/views/ManageNonConformancesView/useNonConformancesIndexer.ts: {"insertSpaces":true,"tabSize":2}
blbsr/src/modules/NonConformance/pages/ManageNonConformancesPage/ManageNonConformancesPage.vue: {"insertSpaces":true,"tabSize":2}
blbsr/src/modules/NonConformance/views/ManageNonConformancesView/ManageNonConformancesView.vue: {"insertSpaces":true,"tabSize":2}
blbsr/src/modules/NonConformance/views/ManageNonConformancesView/useNonConformancesIndexer.ts: {"insertSpaces":true,"tabSize":2}
blbsr/src/modules/NonConformance/views/ManageNonConformancesView/ManageNonConformancesView.vue: {"insertSpaces":true,"tabSize":2}
blbsr/src/modules/NonConformance/views/ManageNonConformancesView/useNonConformancesIndexer.ts: {"insertSpaces":true,"tabSize":2}
blbsr/src/modules/NonConformance/views/ManageNonConformancesView/useNonConformancesIndexer.ts: {"insertSpaces":true,"tabSize":2}
blbsr/src/modules/NonConformance/views/ManageNonConformancesView/useNonConformancesIndexer.ts: {"insertSpaces":true,"tabSize":2}
blbsr/src/modules/NonConformance/views/ManageNonConformancesView/useNonConformancesIndexer.ts: {"insertSpaces":true,"tabSize":2}
blbsr/src/modules/NonConformance/views/ManageNonConformancesView/useNonConformancesIndexer.ts: {"insertSpaces":true,"tabSize":2}
blbsr/src/modules/NonConformance/views/ManageNonConformancesView/useNonConformancesIndexer.ts: {"insertSpaces":true,"tabSize":2}
blbsr/src/modules/NonConformance/views/ManageNonConformancesView/useNonConformancesIndexer.ts: {"insertSpaces":true,"tabSize":2}
blbsr/src/modules/NonConformance/views/ManageNonConformancesView/useNonConformancesIndexer.ts: {"insertSpaces":true,"tabSize":2}
blbsr/src/modules/NonConformance/views/ManageNonConformancesView/useNonConformancesIndexer.ts: {"insertSpaces":true,"tabSize":2}
blbsr/src/modules/NonConformance/views/ManageNonConformancesView/useNonConformancesIndexer.ts: {"insertSpaces":true,"tabSize":2}
blbsr/src/modules/NonConformance/views/ManageNonConformancesView/useNonConformancesIndexer.ts: Using EditorConfig core...
src/modules/NonConformance/views/ManageNonConformancesView/useNonConformancesIndexer.ts: editor.action.trimTrailingWhitespace
src/modules/NonConformance/views/ManageNonConformancesView/useNonConformancesIndexer.ts: insertFinalNewline(LF)
blbsr/src/modules/NonConformance/views/ManageNonConformancesView/useNonConformancesIndexer.ts: Using EditorConfig core...
src/modules/NonConformance/views/ManageNonConformancesView/useNonConformancesIndexer.ts: editor.action.trimTrailingWhitespace
blbsr/src/modules/NonConformance/views/ManageNonConformancesView/ManageNonConformancesView.vue: {"insertSpaces":true,"tabSize":2}
blbsr/src/modules/NonConformance/views/ManageNonConformancesView/ManageNonConformancesView.vue: {"insertSpaces":true,"tabSize":2}
blbsr/src/modules/NonConformance/views/ManageNonConformancesView/ManageNonConformancesView.vue: {"insertSpaces":true,"tabSize":2}
blbsr/src/modules/NonConformance/views/ManageNonConformancesView/ManageNonConformancesView.vue: Using EditorConfig core...
src/modules/NonConformance/views/ManageNonConformancesView/ManageNonConformancesView.vue: editor.action.trimTrailingWhitespace
blbsr/src/modules/NonConformance/views/ManageNonConformancesView/ManageNonConformancesView.vue: Using EditorConfig core...
src/modules/NonConformance/views/ManageNonConformancesView/ManageNonConformancesView.vue: editor.action.trimTrailingWhitespace
blbsr/src/modules/NonConformance/views/ManageNonConformancesView/ManageNonConformancesView.vue: {"insertSpaces":true,"tabSize":2}
blbsr/src/modules/NonConformance/views/ManageNonConformancesView/ManageNonConformancesView.vue: {"insertSpaces":true,"tabSize":2}
blbsr/src/modules/NonConformance/views/ManageNonConformancesView/ManageNonConformancesView.vue: {"insertSpaces":true,"tabSize":2}
blbsr/src/modules/NonConformance/views/ManageNonConformancesView/ManageNonConformancesView.vue: {"insertSpaces":true,"tabSize":2}
blbsr/src/modules/NonConformance/views/ManageNonConformancesView/useNonConformancesIndexer.ts: {"insertSpaces":true,"tabSize":2}
blbsr/src/modules/NonConformance/views/ManageNonConformancesView/useNonConformancesIndexer.ts: {"insertSpaces":true,"tabSize":2}
blbsr/src/modules/NonConformance/views/ManageNonConformancesView/ManageNonConformancesView.vue: {"insertSpaces":true,"tabSize":2}
blbsr/src/modules/NonConformance/views/ManageNonConformancesView/ManageNonConformancesView.vue: {"insertSpaces":true,"tabSize":2}
blbsr/src/modules/NonConformance/views/ManageNonConformancesView/ManageNonConformancesView.vue: {"insertSpaces":true,"tabSize":2}
blbsr/src/modules/NonConformance/views/ManageNonConformancesView/ManageNonConformancesView.vue: Using EditorConfig core...
src/modules/NonConformance/views/ManageNonConformancesView/ManageNonConformancesView.vue: editor.action.trimTrailingWhitespace
blbsr/src/modules/NonConformance/views/ManageNonConformancesView/ManageNonConformancesView.vue: Using EditorConfig core...
src/modules/NonConformance/views/ManageNonConformancesView/ManageNonConformancesView.vue: editor.action.trimTrailingWhitespace
blbsr/src/modules/NonConformance/views/ManageNonConformancesView/useNonConformancesIndexer.ts: {"insertSpaces":true,"tabSize":2}
blbsr/src/modules/NonConformance/views/ManageNonConformancesView/useNonConformancesIndexer.ts: Using EditorConfig core...
src/modules/NonConformance/views/ManageNonConformancesView/useNonConformancesIndexer.ts: editor.action.trimTrailingWhitespace
blbsr/src/modules/NonConformance/views/ManageNonConformancesView/useNonConformancesIndexer.ts: {"insertSpaces":true,"tabSize":2}
blbsr/src/modules/NonConformance/views/ManageNonConformancesView/useNonConformancesIndexer.ts: {"insertSpaces":true,"tabSize":2}
blbsr/src/modules/NonConformance/views/ManageNonConformancesView/useNonConformancesIndexer.ts: {"insertSpaces":true,"tabSize":2}
blbsr/src/modules/NonConformance/views/ManageNonConformancesView/useNonConformancesIndexer.ts: {"insertSpaces":true,"tabSize":2}
blbsr/src/modules/NonConformance/views/ManageNonConformancesView/useNonConformancesIndexer.ts: Using EditorConfig core...
src/modules/NonConformance/views/ManageNonConformancesView/useNonConformancesIndexer.ts: editor.action.trimTrailingWhitespace
blbsr/src/modules/NonConformance/views/ManageNonConformancesView/useNonConformancesIndexer.ts: {"insertSpaces":true,"tabSize":2}
blbsr/src/modules/NonConformance/views/ManageNonConformancesView/useNonConformancesIndexer.ts: Using EditorConfig core...
src/modules/NonConformance/views/ManageNonConformancesView/useNonConformancesIndexer.ts: editor.action.trimTrailingWhitespace
blbsr/src/modules/NonConformance/views/ManageNonConformancesView/ManageNonConformancesView.vue: {"insertSpaces":true,"tabSize":2}
blbsr/src/modules/NonConformance/views/ManageNonConformancesView/useNonConformancesIndexer.ts: {"insertSpaces":true,"tabSize":2}
blbsr/src/modules/NonConformance/views/ManageNonConformancesView/useNonConformancesIndexer.ts: Using EditorConfig core...
src/modules/NonConformance/views/ManageNonConformancesView/useNonConformancesIndexer.ts: editor.action.trimTrailingWhitespace
blbsr/src/modules/NonConformance/views/ManageNonConformancesView/ManageNonConformancesView.vue: {"insertSpaces":true,"tabSize":2}
blbsr/src/modules/NonConformance/views/ManageNonConformancesView/ManageNonConformancesView.vue: Using EditorConfig core...
src/modules/NonConformance/views/ManageNonConformancesView/ManageNonConformancesView.vue: editor.action.trimTrailingWhitespace
blbsr/src/modules/NonConformance/views/ManageNonConformancesView/ManageNonConformancesView.vue: Using EditorConfig core...
src/modules/NonConformance/views/ManageNonConformancesView/ManageNonConformancesView.vue: editor.action.trimTrailingWhitespace
blbsr/src/modules/NonConformance/views/ManageNonConformancesView/ManageNonConformancesView.vue: {"insertSpaces":true,"tabSize":2}
blbsr/src/modules/NonConformance/views/ManageNonConformancesView/ManageNonConformancesView.vue: Using EditorConfig core...
src/modules/NonConformance/views/ManageNonConformancesView/ManageNonConformancesView.vue: editor.action.trimTrailingWhitespace
blbsr/src/modules/NonConformance/views/ManageNonConformancesView/ManageNonConformancesView.vue: {"insertSpaces":true,"tabSize":2}
blbsr/src/modules/NonConformance/views/ManageNonConformancesView/ManageNonConformancesView.vue: {"insertSpaces":true,"tabSize":2}
blbsr/src/modules/NonConformance/views/ManageNonConformancesView/ManageNonConformancesView.vue: {"insertSpaces":true,"tabSize":2}
blbsr/src/modules/NonConformance/views/ManageNonConformancesView/ManageNonConformancesView.vue: {"insertSpaces":true,"tabSize":2}
blbsr/src/modules/NonConformance/views/ManageNonConformancesView/useNonConformancesIndexer.ts: {"insertSpaces":true,"tabSize":2}
blbsr/src/modules/NonConformance/views/ManageNonConformancesView/useNotificationsIndexer.ts: {"insertSpaces":true,"tabSize":2}
blbsr/src/modules/NonConformance/views/ManageNonConformancesView/useNotificationsIndexer.ts: Using EditorConfig core...
src/modules/NonConformance/views/ManageNonConformancesView/useNotificationsIndexer.ts: editor.action.trimTrailingWhitespace
blbsr/src/modules/NonConformance/views/ManageNonConformancesView/ManageNonConformancesView.vue: {"insertSpaces":true,"tabSize":2}
blbsr/src/modules/NonConformance/views/ManageNonConformancesView/ManageNonConformancesView.vue: Using EditorConfig core...
src/modules/NonConformance/views/ManageNonConformancesView/ManageNonConformancesView.vue: editor.action.trimTrailingWhitespace
blbsr/src/modules/NonConformance/views/ManageNonConformancesView/ManageNonConformancesView.vue: Using EditorConfig core...
src/modules/NonConformance/views/ManageNonConformancesView/ManageNonConformancesView.vue: editor.action.trimTrailingWhitespace
blbsr/src/modules/NonConformance/views/ManageNonConformancesView/ManageNonConformancesView.vue: {"insertSpaces":true,"tabSize":2}
blbsr/src/modules/NonConformance/views/ManageNonConformancesView/ManageNonConformancesView.vue: {"insertSpaces":true,"tabSize":2}
blbsr/src/modules/NonConformance/views/ManageNonConformancesView/ManageNonConformancesView.vue: {"insertSpaces":true,"tabSize":2}
blbsr/src/modules/NonConformance/views/ManageNonConformancesView/ManageNonConformancesView.vue: {"insertSpaces":true,"tabSize":2}
blbsr/src/modules/NonConformance/views/ManageNonConformancesView/ManageNonConformancesView.vue: {"insertSpaces":true,"tabSize":2}
blbsr/src/modules/NonConformance/views/ManageNonConformancesView/ManageNonConformancesView.vue: {"insertSpaces":true,"tabSize":2}
blbsr/src/modules/NonConformance/views/ManageNonConformancesView/ManageNonConformancesView.vue: Using EditorConfig core...
src/modules/NonConformance/views/ManageNonConformancesView/ManageNonConformancesView.vue: editor.action.trimTrailingWhitespace
blbsr/src/modules/NonConformance/views/ManageNonConformancesView/ManageNonConformancesView.vue: {"insertSpaces":true,"tabSize":2}
blbsr/src/modules/NonConformance/components/ManageNonConformancesTable/ManageNonConformancesTable.vue: {"insertSpaces":true,"tabSize":2}
blbsr/src/modules/NonConformance/components/ManageNonConformancesTable/ManageNonConformancesTable.vue: {"insertSpaces":true,"tabSize":2}
blbsr/src/modules/NonConformance/components/ManageNonConformancesTable/ManageNonConformancesTable.vue: {"insertSpaces":true,"tabSize":2}
blbsr/src/modules/NonConformance/components/ManageNonConformancesTable/ManageNonConformancesTable.vue: {"insertSpaces":true,"tabSize":2}
blbsr/src/modules/NonConformance/components/ManageNonConformancesTable/ManageNonConformancesTable.vue: {"insertSpaces":true,"tabSize":2}
blbsr/src/modules/NonConformance/components/ManageNonConformancesTable/ManageNonConformancesTable.vue: {"insertSpaces":true,"tabSize":2}
blbsr/src/modules/NonConformance/components/ManageNonConformancesTable/ManageNonConformancesTable.vue: Using EditorConfig core...
src/modules/NonConformance/components/ManageNonConformancesTable/ManageNonConformancesTable.vue: editor.action.trimTrailingWhitespace
blbsr/src/modules/NonConformance/components/ManageNonConformancesTable/ManageNonConformancesTable.vue: {"insertSpaces":true,"tabSize":2}
blbsr/src/modules/NonConformance/components/ManageNonConformancesTable/ManageNonConformancesTable.vue: Using EditorConfig core...
src/modules/NonConformance/components/ManageNonConformancesTable/ManageNonConformancesTable.vue: editor.action.trimTrailingWhitespace
blbsr/src/modules/NonConformance/components/ManageNonConformancesTable/ManageNonConformancesTable.vue: {"insertSpaces":true,"tabSize":2}
blbsr/src/modules/NonConformance/components/ManageNonConformancesTable/ManageNonConformancesTable.vue: Using EditorConfig core...
src/modules/NonConformance/components/ManageNonConformancesTable/ManageNonConformancesTable.vue: editor.action.trimTrailingWhitespace
blbsr/src/modules/NonConformance/components/ManageNonConformancesTable/ManageNonConformancesTable.vue: Using EditorConfig core...
src/modules/NonConformance/components/ManageNonConformancesTable/ManageNonConformancesTable.vue: editor.action.trimTrailingWhitespace
blbsr/src/modules/NonConformance/views/ManageNonConformancesView/useNotificationsIndexer.ts: {"insertSpaces":true,"tabSize":2}
blbsr/src/modules/NonConformance/views/ManageNonConformancesView/useNotificationsIndexer.ts: {"insertSpaces":true,"tabSize":2}
blbsr/src/modules/NonConformance/components/ManageNonConformancesTable/ManageNonConformancesTable.vue: {"insertSpaces":true,"tabSize":2}
blbsr/src/modules/NonConformance/views/ManageNonConformancesView/ManageNonConformancesView.vue: {"insertSpaces":true,"tabSize":2}
blbsr/src/modules/NonConformance/views/ManageNonConformancesView/ManageNonConformancesView.vue: {"insertSpaces":true,"tabSize":2}
blbsr/src/modules/NonConformance/views/ManageNonConformancesView/ManageNonConformancesView.vue: Using EditorConfig core...
src/modules/NonConformance/views/ManageNonConformancesView/ManageNonConformancesView.vue: editor.action.trimTrailingWhitespace
blbsr/src/modules/NonConformance/components/ManageNonConformancesTable/ManageNonConformancesTable.vue: {"insertSpaces":true,"tabSize":2}
blbsr/src/modules/NonConformance/components/ManageNonConformancesTable/ManageNonConformancesTable.vue: {"insertSpaces":true,"tabSize":2}
blbsr/src/modules/NonConformance/components/ManageNonConformancesTable/ManageNonConformancesTable.vue: {"insertSpaces":true,"tabSize":2}
blbsr/src/modules/NonConformance/components/ManageNonConformancesTable/ManageNonConformancesTable.vue: {"insertSpaces":true,"tabSize":2}
blbsr/src/modules/NonConformance/components/ManageNonConformancesTable/columns.ts: {"insertSpaces":true,"tabSize":2}
blbsr/src/modules/NonConformance/components/ManageNonConformancesTable/columns.ts: {"insertSpaces":true,"tabSize":2}
blbsr/src/modules/NonConformance/components/ManageNonConformancesTable/columns.ts: {"insertSpaces":true,"tabSize":2}
blbsr/src/modules/NonConformance/components/ManageNonConformancesTable/columns.ts: Using EditorConfig core...
src/modules/NonConformance/components/ManageNonConformancesTable/columns.ts: editor.action.trimTrailingWhitespace
src/modules/NonConformance/components/ManageNonConformancesTable/columns.ts: insertFinalNewline(LF)
blbsr/src/modules/NonConformance/components/ManageNonConformancesTable/ManageNonConformancesTable.vue: {"insertSpaces":true,"tabSize":2}
blbsr/src/modules/NonConformance/components/ManageNonConformancesTable/ManageNonConformancesTable.vue: Using EditorConfig core...
src/modules/NonConformance/components/ManageNonConformancesTable/ManageNonConformancesTable.vue: editor.action.trimTrailingWhitespace
blbsr/src/modules/NonConformance/components/ManageNonConformancesTable/columns.ts: {"insertSpaces":true,"tabSize":2}
blbsr/src/modules/NonConformance/components/ManageNonConformancesTable/columns.ts: {"insertSpaces":true,"tabSize":2}
blbsr/src/modules/NonConformance/components/ManageNonConformancesTable/columns.ts: Using EditorConfig core...
src/modules/NonConformance/components/ManageNonConformancesTable/columns.ts: editor.action.trimTrailingWhitespace
blbsr/src/modules/NonConformance/components/ManageNonConformancesTable/columns.ts: Using EditorConfig core...
src/modules/NonConformance/components/ManageNonConformancesTable/columns.ts: editor.action.trimTrailingWhitespace
blbsr/src/modules/NonConformance/components/ManageNonConformancesTable/columns.ts: Using EditorConfig core...
src/modules/NonConformance/components/ManageNonConformancesTable/columns.ts: editor.action.trimTrailingWhitespace
blbsr/src/modules/NonConformance/components/ManageNonConformancesTable/columns.ts: Using EditorConfig core...
src/modules/NonConformance/components/ManageNonConformancesTable/columns.ts: editor.action.trimTrailingWhitespace
blbsr/src/modules/NonConformance/components/ManageNonConformancesTable/columns.ts: {"insertSpaces":true,"tabSize":2}
blbsr/src/modules/NonConformance/components/ManageNonConformancesTable/columns.ts: {"insertSpaces":true,"tabSize":2}
blbsr/src/modules/NonConformance/components/ManageNonConformancesTable/columns.ts: {"insertSpaces":true,"tabSize":2}
blbsr/src/modules/NonConformance/components/ManageNonConformancesTable/columns.ts: {"insertSpaces":true,"tabSize":2}
blbsr/src/modules/NonConformance/components/ManageNonConformancesTable/ManageNonConformancesTable.vue: {"insertSpaces":true,"tabSize":2}
blbsr/src/modules/NonConformance/components/ManageNonConformancesTable/ManageNonConformancesTable.vue: {"insertSpaces":true,"tabSize":2}
blbsr/src/modules/NonConformance/components/ManageNonConformancesTable/ManageNonConformancesTable.vue: {"insertSpaces":true,"tabSize":2}
blbsr/src/modules/NonConformance/components/ManageNonConformancesTable/ManageNonConformancesTable.vue: Using EditorConfig core...
src/modules/NonConformance/components/ManageNonConformancesTable/ManageNonConformancesTable.vue: editor.action.trimTrailingWhitespace
blbsr/src/modules/NonConformance/components/ManageNonConformancesTable/ManageNonConformancesTable.vue: {"insertSpaces":true,"tabSize":2}
blbsr/src/modules/NonConformance/components/ManageNonConformancesTable/ManageNonConformancesTable.vue: {"insertSpaces":true,"tabSize":2}
blbsr/src/modules/NonConformance/components/ManageNonConformancesTable/ManageNonConformancesTable.vue: {"insertSpaces":true,"tabSize":2}
blbsr/src/modules/NonConformance/components/ManageNonConformancesTable/ManageNonConformancesTable.vue: {"insertSpaces":true,"tabSize":2}
blbsr/src/modules/NonConformance/components/ManageNonConformancesTable/ManageNonConformancesTable.vue: Using EditorConfig core...
src/modules/NonConformance/components/ManageNonConformancesTable/ManageNonConformancesTable.vue: editor.action.trimTrailingWhitespace
blbsr/src/modules/NonConformance/components/ManageNonConformancesTable/ManageNonConformancesTable.vue: {"insertSpaces":true,"tabSize":2}
blbsr/src/modules/NonConformance/components/ManageNonConformancesTable/ManageNonConformancesTable.vue: {"insertSpaces":true,"tabSize":2}
blbsr/src/modules/NonConformance/components/ManageNonConformancesTable/ManageNonConformancesTable.vue: Using EditorConfig core...
src/modules/NonConformance/components/ManageNonConformancesTable/ManageNonConformancesTable.vue: editor.action.trimTrailingWhitespace
blbsr/src/modules/NonConformance/components/ManageNonConformancesTable/ManageNonConformancesTable.vue: Using EditorConfig core...
src/modules/NonConformance/components/ManageNonConformancesTable/ManageNonConformancesTable.vue: editor.action.trimTrailingWhitespace
blbsr/src/modules/NonConformance/components/ManageNonConformancesTable/ManageNonConformancesTable.vue: {"insertSpaces":true,"tabSize":2}
blbsr/src/modules/NonConformance/components/ManageNonConformancesTable/ManageNonConformancesTable.vue: Using EditorConfig core...
src/modules/NonConformance/components/ManageNonConformancesTable/ManageNonConformancesTable.vue: editor.action.trimTrailingWhitespace
blbsr/src/modules/NonConformance/components/ManageNonConformancesTable/ManageNonConformancesTable.vue: Using EditorConfig core...
src/modules/NonConformance/components/ManageNonConformancesTable/ManageNonConformancesTable.vue: editor.action.trimTrailingWhitespace
blbsr/src/modules/NonConformance/components/ManageNonConformancesTable/ManageNonConformancesTable.vue: Using EditorConfig core...
src/modules/NonConformance/components/ManageNonConformancesTable/ManageNonConformancesTable.vue: editor.action.trimTrailingWhitespace
blbsr/src/modules/NonConformance/components/ManageNonConformancesTable/ManageNonConformancesTable.vue: Using EditorConfig core...
src/modules/NonConformance/components/ManageNonConformancesTable/ManageNonConformancesTable.vue: editor.action.trimTrailingWhitespace
blbsr/src/modules/NonConformance/views/ManageNonConformancesView/ManageNonConformancesView.vue: {"insertSpaces":true,"tabSize":2}
blbsr/src/modules/NonConformance/views/ManageNonConformancesView/ManageNonConformancesView.vue: {"insertSpaces":true,"tabSize":2}
blbsr/src/modules/NonConformance/pages/ManageNonConformancesPage/ManageNonConformancesPage.vue: {"insertSpaces":true,"tabSize":2}
blbsr/src/modules/NonConformance/pages/ManageNonConformancesPage/ManageNonConformancesPage.vue: {"insertSpaces":true,"tabSize":2}
blbsr/pinia-orm-models/base-models/BaseNonConformance.ts: {"insertSpaces":true,"tabSize":2}
blbsr/src/modules/NonConformance/components/ManageNonConformancesTable/columns.ts: {"insertSpaces":true,"tabSize":2}
blbsr/src/modules/NonConformance/components/ManageNonConformancesTable/columns.ts: Using EditorConfig core...
src/modules/NonConformance/components/ManageNonConformancesTable/columns.ts: editor.action.trimTrailingWhitespace
blbsr/src/modules/NonConformance/components/ManageNonConformancesTable/columns.ts: Using EditorConfig core...
src/modules/NonConformance/components/ManageNonConformancesTable/columns.ts: editor.action.trimTrailingWhitespace
blbsr/src/modules/NonConformance/views/ManageNonConformancesView/ManageNonConformancesView.vue: {"insertSpaces":true,"tabSize":2}
blbsr/src/modules/NonConformance/views/ManageNonConformancesView/ManageNonConformancesView.vue: {"insertSpaces":true,"tabSize":2}
blbsr/src/modules/NonConformance/components/ManageNonConformancesTable/ManageNonConformancesTable.vue: {"insertSpaces":true,"tabSize":2}
blbsr/src/modules/NonConformance/components/ManageNonConformancesTable/ManageNonConformancesTable.vue: Using EditorConfig core...
src/modules/NonConformance/components/ManageNonConformancesTable/ManageNonConformancesTable.vue: editor.action.trimTrailingWhitespace
blbsr/src/modules/NonConformance/components/ManageNonConformancesTable/ManageNonConformancesTable.vue: Using EditorConfig core...
src/modules/NonConformance/components/ManageNonConformancesTable/ManageNonConformancesTable.vue: editor.action.trimTrailingWhitespace
blbsr/src/modules/NonConformance/components/ManageNonConformancesTable/ManageNonConformancesTable.vue: Using EditorConfig core...
src/modules/NonConformance/components/ManageNonConformancesTable/ManageNonConformancesTable.vue: editor.action.trimTrailingWhitespace
blbsr/src/modules/NonConformance/components/ManageNonConformancesTable/ManageNonConformancesTable.vue: {"insertSpaces":true,"tabSize":2}
blbsr/src/modules/NonConformance/components/ManageNonConformancesTable/ManageNonConformancesTable.vue: Using EditorConfig core...
src/modules/NonConformance/components/ManageNonConformancesTable/ManageNonConformancesTable.vue: editor.action.trimTrailingWhitespace
blbsr/src/modules/NonConformance/components/ManageNonConformancesTable/columns.ts: {"insertSpaces":true,"tabSize":2}
blbsr/src/modules/NonConformance/components/ManageNonConformancesTable/columns.ts: Using EditorConfig core...
src/modules/NonConformance/components/ManageNonConformancesTable/columns.ts: editor.action.trimTrailingWhitespace
blbsr/src/modules/NonConformance/components/ManageNonConformancesTable/columns.ts: Using EditorConfig core...
src/modules/NonConformance/components/ManageNonConformancesTable/columns.ts: editor.action.trimTrailingWhitespace
blbsr/src/modules/NonConformance/components/ManageNonConformancesTable/columns.ts: {"insertSpaces":true,"tabSize":2}
blbsr/src/modules/NonConformance/components/ManageNonConformancesTable/ManageNonConformancesTable.vue: {"insertSpaces":true,"tabSize":2}
blbsr/src/modules/NonConformance/views/ManageNonConformancesView/useNotificationsIndexer.ts: {"insertSpaces":true,"tabSize":2}
blbsr/src/modules/NonConformance/views/ManageNonConformancesView/useNotificationsIndexer.ts: Using EditorConfig core...
src/modules/NonConformance/views/ManageNonConformancesView/useNotificationsIndexer.ts: editor.action.trimTrailingWhitespace
blbsr/src/modules/NonConformance/components/ManageNonConformancesTable/columns.ts: {"insertSpaces":true,"tabSize":2}
blbsr/src/modules/NonConformance/components/ManageNonConformancesTable/columns.ts: Using EditorConfig core...
src/modules/NonConformance/components/ManageNonConformancesTable/columns.ts: editor.action.trimTrailingWhitespace
blbsr/src/modules/NonConformance/components/ManageNonConformancesTable/columns.ts: {"insertSpaces":true,"tabSize":2}
blbsr/src/modules/NonConformance/components/ManageNonConformancesTable/columns.ts: Using EditorConfig core...
src/modules/NonConformance/components/ManageNonConformancesTable/columns.ts: editor.action.trimTrailingWhitespace
blbsr/src/modules/NonConformance/components/ManageNonConformancesTable/columns.ts: Using EditorConfig core...
src/modules/NonConformance/components/ManageNonConformancesTable/columns.ts: editor.action.trimTrailingWhitespace
blbsr/src/modules/NonConformance/views/ManageNonConformancesView/ManageNonConformancesView.vue: {"insertSpaces":true,"tabSize":2}
blbsr/src/modules/NonConformance/views/ManageNonConformancesView/useNotificationsIndexer.ts: {"insertSpaces":true,"tabSize":2}
blbsr/pinia-orm-models/base-models/BaseNonConformance.ts: {"insertSpaces":true,"tabSize":2}
blbsr/src/modules/NonConformance/components/ManageNonConformancesTable/columns.ts: {"insertSpaces":true,"tabSize":2}
blbsr/src/modules/NonConformance/components/ManageNonConformancesTable/columns.ts: Using EditorConfig core...
src/modules/NonConformance/components/ManageNonConformancesTable/columns.ts: editor.action.trimTrailingWhitespace
blbsr/src/modules/NonConformance/components/ManageNonConformancesTable/columns.ts: {"insertSpaces":true,"tabSize":2}
blbsr/src/modules/NonConformance/components/ManageNonConformancesTable/columns.ts: Using EditorConfig core...
src/modules/NonConformance/components/ManageNonConformancesTable/columns.ts: editor.action.trimTrailingWhitespace
blbsr/src/modules/NonConformance/components/ManageNonConformancesTable/columns.ts: {"insertSpaces":true,"tabSize":2}
blbsr/src/modules/NonConformance/components/ManageNonConformancesTable/columns.ts: Using EditorConfig core...
src/modules/NonConformance/components/ManageNonConformancesTable/columns.ts: editor.action.trimTrailingWhitespace
blbsr/src/modules/NonConformance/components/ManageNonConformancesTable/columns.ts: Using EditorConfig core...
src/modules/NonConformance/components/ManageNonConformancesTable/columns.ts: editor.action.trimTrailingWhitespace
blbsr/src/modules/NonConformance/components/ManageNonConformancesTable/columns.ts: Using EditorConfig core...
src/modules/NonConformance/components/ManageNonConformancesTable/columns.ts: editor.action.trimTrailingWhitespace
blbsr/src/modules/NonConformance/components/ManageNonConformancesTable/columns.ts: Using EditorConfig core...
src/modules/NonConformance/components/ManageNonConformancesTable/columns.ts: editor.action.trimTrailingWhitespace
blbsr/pinia-orm-models/base-models/BaseNonConformance.ts: {"insertSpaces":true,"tabSize":2}
blbsr/pinia-orm-models/base-models/BaseNonConformance.ts: {"insertSpaces":true,"tabSize":2}
blbsr/pinia-orm-models/base-models/BaseNonConformance.ts: Using EditorConfig core...
pinia-orm-models/base-models/BaseNonConformance.ts: editor.action.trimTrailingWhitespace
blbsr/src/modules/NonConformance/components/ManageNonConformancesTable/columns.ts: {"insertSpaces":true,"tabSize":2}
blbsr/src/modules/NonConformance/components/ManageNonConformancesTable/columns.ts: Using EditorConfig core...
src/modules/NonConformance/components/ManageNonConformancesTable/columns.ts: editor.action.trimTrailingWhitespace
blbsr/pinia-orm-models/base-models/BaseNonConformance.ts: {"insertSpaces":true,"tabSize":2}
blbsr/pinia-orm-models/base-models/BaseNonConformance.ts: Using EditorConfig core...
pinia-orm-models/base-models/BaseNonConformance.ts: editor.action.trimTrailingWhitespace
blbsr/src/modules/NonConformance/views/ManageNonConformancesView/useNotificationsIndexer.ts: {"insertSpaces":true,"tabSize":2}
blbsr/src/modules/NonConformance/components/ManageNonConformancesTable/ManageNonConformancesTable.vue: {"insertSpaces":true,"tabSize":2}
blbsr/src/modules/NonConformance/pages/ManageNonConformancesPage/ManageNonConformancesPage.vue: {"insertSpaces":true,"tabSize":2}
blbsr/src/modules/NonConformance/components/ManageNonConformancesTable/columns.ts: {"insertSpaces":true,"tabSize":2}
No more open editors.
