2023-12-20 21:21:35.345 [info] Added views:workbench.panel.markers.view in workbench.panel.markers
2023-12-20 21:21:35.345 [info] Added views:workbench.panel.output in workbench.panel.output
2023-12-20 21:21:35.345 [info] Added views:terminal in terminal
2023-12-20 21:21:35.345 [info] Added views:outline in workbench.view.explorer
2023-12-20 21:21:35.345 [info] Added views:workbench.scm in workbench.view.scm
2023-12-20 21:21:35.345 [info] Added views:workbench.view.search in workbench.view.search
2023-12-20 21:21:35.345 [info] Added views:timeline in workbench.view.explorer
2023-12-20 21:21:35.345 [info] Added views:workbench.explorer.fileView in workbench.view.explorer
2023-12-20 21:21:35.694 [info] Added views:workbench.debug.welcome in workbench.view.debug
2023-12-20 21:21:35.784 [info] Added views:workbench.panel.repl.view in workbench.panel.repl
2023-12-20 21:21:35.890 [info] Added views:~remote.forwardedPorts in ~remote.forwardedPortsContainer
2023-12-20 21:21:38.861 [info] Added views:workbench.panel.output in workbench.panel.output
2023-12-20 21:21:38.861 [info] Added views:workbench.panel.markers.view in workbench.panel.markers
2023-12-20 21:21:38.861 [info] Added views:terminal in terminal
2023-12-20 21:21:38.861 [info] Added views:outline in workbench.view.explorer
2023-12-20 21:21:38.861 [info] Added views:workbench.scm in workbench.view.scm
2023-12-20 21:21:38.861 [info] Added views:workbench.view.search in workbench.view.search
2023-12-20 21:21:38.861 [info] Added views:timeline in workbench.view.explorer
2023-12-20 21:21:38.861 [info] Added views:workbench.explorer.emptyView in workbench.view.explorer
2023-12-20 21:21:39.135 [info] Added views:workbench.debug.variablesView,workbench.debug.watchExpressionsView,workbench.debug.callStackView,workbench.debug.breakPointsView in workbench.view.debug
2023-12-20 21:21:39.228 [info] Added views:~remote.forwardedPorts in ~remote.forwardedPortsContainer
2023-12-20 21:21:39.275 [info] Added views:workbench.panel.repl.view in workbench.panel.repl
2023-12-20 21:21:39.276 [info] Removed views:workbench.debug.breakPointsView,workbench.debug.callStackView,workbench.debug.watchExpressionsView,workbench.debug.variablesView from workbench.view.debug
2023-12-20 21:21:39.276 [info] Added views:workbench.debug.welcome in workbench.view.debug
2023-12-20 21:21:51.133 [info] Added views:workbench.panel.markers.view in workbench.panel.markers
2023-12-20 21:21:51.133 [info] Added views:workbench.panel.output in workbench.panel.output
2023-12-20 21:21:51.133 [info] Added views:terminal in terminal
2023-12-20 21:21:51.133 [info] Added views:outline in workbench.view.explorer
2023-12-20 21:21:51.133 [info] Added views:workbench.scm in workbench.view.scm
2023-12-20 21:21:51.133 [info] Added views:workbench.view.search in workbench.view.search
2023-12-20 21:21:51.133 [info] Added views:timeline in workbench.view.explorer
2023-12-20 21:21:51.133 [info] Added views:workbench.explorer.fileView in workbench.view.explorer
2023-12-20 21:21:51.426 [info] Added views:workbench.debug.welcome in workbench.view.debug
2023-12-20 21:21:51.833 [info] Added views:workbench.panel.repl.view in workbench.panel.repl
2023-12-20 21:21:52.427 [info] Added views:workbench.view.testing in workbench.view.extension.test
2023-12-20 21:21:53.172 [info] Added views:~remote.forwardedPorts in ~remote.forwardedPortsContainer
2023-12-20 22:18:24.597 [info] Removed views:workbench.view.testing from workbench.view.extension.test
