2024-01-02 12:55:42.538 [info] Configuration changed
2024-01-02 12:55:42.550 [info] Configuration changed
2024-01-02 12:55:42.727 [info] Configuration changed
2024-01-02 12:56:15.253 [info] /mnt/Kynthos Development/blbsr/app/main.py closed
2024-01-02 12:56:15.272 [info] Active editor: file:///mnt/Kynthos%20Development/blbsr/.gitignore
2024-01-02 12:56:15.281 [info] /mnt/Kynthos Development/blbsr/app/main.py.git closed
2024-01-02 14:04:48.284 [info] /mnt/Kynthos Development/blbsr/.gitignore closed
2024-01-02 14:04:48.285 [info] /mnt/Kynthos Development/blbsr/.gitignore.git closed
2024-01-02 14:08:54.307 [info] Active editor: file:///mnt/Kynthos%20Development/blbsr/backend/app/main.py
2024-01-02 14:09:05.753 [info] /mnt/Kynthos Development/blbsr/backend/app/main.py closed
2024-01-02 14:09:05.754 [info] /mnt/Kynthos Development/blbsr/backend/app/main.py.git closed
2024-01-02 14:15:18.298 [info] Active editor: file:///mnt/Kynthos%20Development/blbsr/backend/.gitignore
2024-01-02 14:15:25.292 [info] /mnt/Kynthos Development/blbsr/backend/.gitignore closed
2024-01-02 14:15:25.302 [info] /mnt/Kynthos Development/blbsr/backend/.gitignore.git closed
2024-01-02 14:15:25.318 [info] Active editor: file:///mnt/Kynthos%20Development/blbsr/.gitignore
2024-01-02 14:15:44.875 [info] /mnt/Kynthos Development/blbsr/.gitignore closed
2024-01-02 14:15:44.901 [info] /mnt/Kynthos Development/blbsr/.gitignore.git closed
2024-01-02 14:15:44.918 [info] Active editor: file:///mnt/Kynthos%20Development/blbsr/backend/.gitignore
2024-01-02 14:16:11.333 [info] /mnt/Kynthos Development/blbsr/backend/.gitignore closed
2024-01-02 14:16:11.333 [info] /mnt/Kynthos Development/blbsr/backend/.gitignore.git closed
2024-01-02 14:18:52.488 [info] Active editor: file:///mnt/Kynthos%20Development/blbsr/frontend/.gitignore
2024-01-02 14:19:04.798 [info] Configuration changed
2024-01-02 14:19:50.197 [info] /mnt/Kynthos Development/blbsr/frontend/.gitignore closed
2024-01-02 14:19:50.197 [info] /mnt/Kynthos Development/blbsr/frontend/.gitignore.git closed
2024-01-02 14:20:33.408 [info] Active editor: file:///mnt/Kynthos%20Development/blbsr/frontend/.vscode/extensions.json
2024-01-02 14:23:33.705 [info] /extensions closed
2024-01-02 14:23:36.672 [info] /mnt/Kynthos Development/blbsr/frontend/.vscode/extensions.json closed
2024-01-02 14:23:36.711 [info] Active editor: file:///mnt/Kynthos%20Development/blbsr/frontend/pnpm-lock.yaml
2024-01-02 14:23:36.716 [info] /mnt/Kynthos Development/blbsr/frontend/.vscode/extensions.json.git closed
2024-01-02 14:23:44.572 [info] /mnt/Kynthos Development/blbsr/frontend/pnpm-lock.yaml closed
2024-01-02 14:23:44.586 [info] Active editor: file:///mnt/Kynthos%20Development/blbsr/frontend/package.json
2024-01-02 14:23:44.592 [info] /mnt/Kynthos Development/blbsr/frontend/pnpm-lock.yaml.git closed
2024-01-02 14:25:39.405 [info] /mnt/Kynthos Development/blbsr/frontend/package.json closed
2024-01-02 14:25:39.414 [info] /mnt/Kynthos Development/blbsr/frontend/package.json.git closed
2024-01-02 14:25:39.436 [info] Active editor: file:///mnt/Kynthos%20Development/blbsr/_frontend/package.json
2024-01-02 14:26:33.725 [info] /extensions closed
2024-01-02 14:26:44.626 [info] /vscode-extensions closed
2024-01-02 14:26:44.711 [info] /settings/configurationDefaults closed
2024-01-02 14:26:44.829 [info] /settings/resourceLanguage closed
2024-01-02 14:26:44.874 [info] /launch closed
2024-01-02 14:26:44.881 [info] /token-styling closed
2024-01-02 14:26:44.882 [info] /textmate-colors closed
2024-01-02 14:26:44.891 [info] /workbench-colors closed
2024-01-02 14:29:44.654 [info] /vscode-extensions closed
2024-01-02 14:29:44.746 [info] /settings/configurationDefaults closed
2024-01-02 14:29:44.922 [info] /settings/resourceLanguage closed
2024-01-02 14:29:44.965 [info] /launch closed
2024-01-02 14:29:44.967 [info] /token-styling closed
2024-01-02 14:29:44.968 [info] /textmate-colors closed
2024-01-02 14:29:44.973 [info] /workbench-colors closed
2024-01-02 14:32:44.683 [info] /vscode-extensions closed
2024-01-02 14:32:44.781 [info] /settings/configurationDefaults closed
2024-01-02 14:32:44.989 [info] /settings/resourceLanguage closed
2024-01-02 14:32:45.106 [info] /launch closed
2024-01-02 14:32:45.106 [info] /token-styling closed
2024-01-02 14:32:45.108 [info] /textmate-colors closed
2024-01-02 14:32:45.112 [info] /workbench-colors closed
2024-01-02 14:35:02.311 [info] /mnt/Kynthos Development/blbsr/_frontend/package.json closed
2024-01-02 14:35:02.312 [info] /mnt/Kynthos Development/blbsr/_frontend/package.json.git closed
2024-01-02 14:35:07.002 [info] Active editor: file:///mnt/Kynthos%20Development/blbsr/backend/.gitignore
2024-01-02 14:35:08.111 [info] /mnt/Kynthos Development/blbsr/backend/.gitignore closed
2024-01-02 14:35:08.129 [info] Active editor: file:///mnt/Kynthos%20Development/blbsr/backend/poetry.lock
2024-01-02 14:35:08.132 [info] /mnt/Kynthos Development/blbsr/backend/.gitignore.git closed
2024-01-02 14:35:09.632 [info] /mnt/Kynthos Development/blbsr/backend/poetry.lock closed
2024-01-02 14:35:09.654 [info] Active editor: file:///mnt/Kynthos%20Development/blbsr/backend/pyproject.toml
2024-01-02 14:35:09.655 [info] /mnt/Kynthos Development/blbsr/backend/poetry.lock.git closed
2024-01-02 14:35:44.714 [info] /vscode-extensions closed
2024-01-02 14:35:44.817 [info] /settings/configurationDefaults closed
2024-01-02 14:35:45.032 [info] /settings/resourceLanguage closed
2024-01-02 14:35:45.197 [info] /launch closed
2024-01-02 14:35:45.199 [info] /token-styling closed
2024-01-02 14:35:45.200 [info] /textmate-colors closed
2024-01-02 14:35:45.207 [info] /workbench-colors closed
2024-01-02 14:36:24.010 [info] /mnt/Kynthos Development/blbsr/backend/pyproject.toml closed
2024-01-02 14:36:24.010 [info] /mnt/Kynthos Development/blbsr/backend/pyproject.toml.git closed
2024-01-02 14:59:17.548 [info] Active editor: file:///mnt/Kynthos%20Development/blbsr/src/backend/.gitignore
2024-01-02 15:04:44.261 [info] /mnt/Kynthos Development/blbsr/src/backend/.gitignore closed
2024-01-02 15:05:32.607 [info] Active editor: file:///mnt/Kynthos%20Development/blbsr/.gitignore
