2024-01-13 11:34:12.910 [warning] [jupyter]: Couldn't find message for key capabilities.untrustedWorkspace.description.
2024-01-13 11:34:12.910 [warning] [jupyter]: Couldn't find message for key contributes.walkthroughs.jupyterWelcome.title.
2024-01-13 11:34:12.911 [warning] [jupyter]: Couldn't find message for key contributes.walkthroughs.jupyterWelcome.description.
2024-01-13 11:34:12.911 [warning] [jupyter]: Couldn't find message for key contributes.walkthroughs.jupyterWelcome.steps.ipynb.newUntitledIpynb.title.
2024-01-13 11:34:12.911 [warning] [jupyter]: Couldn't find message for key contributes.walkthroughs.jupyterWelcome.steps.ipynb.newUntitledIpynb.description.
2024-01-13 11:34:12.911 [warning] [jupyter]: Couldn't find message for key contributes.walkthroughs.jupyterWelcome.steps.ipynb.newUntitledIpynb.media.altText.
2024-01-13 11:34:12.911 [warning] [jupyter]: Couldn't find message for key contributes.walkthroughs.jupyterWelcome.steps.jupyter.selectKernel.title.
2024-01-13 11:34:12.911 [warning] [jupyter]: Couldn't find message for key contributes.walkthroughs.jupyterWelcome.steps.jupyter.selectKernel.description.
2024-01-13 11:34:12.911 [warning] [jupyter]: Couldn't find message for key contributes.walkthroughs.jupyterWelcome.steps.jupyter.selectKernel.media.altText.
2024-01-13 11:34:12.911 [warning] [jupyter]: Couldn't find message for key contributes.walkthroughs.jupyterWelcome.steps.jupyter.exploreAndDebug.title.
2024-01-13 11:34:12.912 [warning] [jupyter]: Couldn't find message for key contributes.walkthroughs.jupyterWelcome.steps.jupyter.exploreAndDebug.description.
2024-01-13 11:34:12.912 [warning] [jupyter]: Couldn't find message for key contributes.walkthroughs.jupyterWelcome.steps.jupyter.exploreAndDebug.media.altText.
2024-01-13 11:34:12.912 [warning] [jupyter]: Couldn't find message for key contributes.walkthroughs.jupyterWelcome.steps.jupyter.dataScienceLearnMore.title.
2024-01-13 11:34:12.912 [warning] [jupyter]: Couldn't find message for key contributes.walkthroughs.jupyterWelcome.steps.jupyter.dataScienceLearnMore.description.
2024-01-13 11:34:12.912 [warning] [jupyter]: Couldn't find message for key contributes.walkthroughs.jupyterWelcome.steps.jupyter.dataScienceLearnMore.media.altText.
2024-01-13 11:34:12.912 [warning] [jupyter]: Couldn't find message for key jupyter.command.dataScience.clearCache.title.
2024-01-13 11:34:12.912 [warning] [jupyter]: Couldn't find message for key jupyter.command.manageAccessToKernels.
2024-01-13 11:34:12.913 [warning] [jupyter]: Couldn't find message for key jupyter.command.dataScience.clearUserProviderJupyterServerCache.title.
2024-01-13 11:34:12.913 [warning] [jupyter]: Couldn't find message for key jupyter.command.jupyter.replayPylanceLog.title.
2024-01-13 11:34:12.913 [warning] [jupyter]: Couldn't find message for key jupyter.command.jupyter.replayPylanceLogStep.title.
2024-01-13 11:34:12.913 [warning] [jupyter]: Couldn't find message for key jupyter.command.jupyter.filterKernels.title.
2024-01-13 11:34:12.913 [warning] [jupyter]: Couldn't find message for key jupyter.command.jupyter.runByLine.title.
2024-01-13 11:34:12.913 [warning] [jupyter]: Couldn't find message for key jupyter.command.jupyter.debugCell.title.
2024-01-13 11:34:12.914 [warning] [jupyter]: Couldn't find message for key jupyter.command.jupyter.runByLineNext.title.
2024-01-13 11:34:12.914 [warning] [jupyter]: Couldn't find message for key jupyter.command.jupyter.runByLineStop.title.
2024-01-13 11:34:12.914 [warning] [jupyter]: Couldn't find message for key jupyter.command.jupyter.viewOutput.title.
2024-01-13 11:34:12.914 [warning] [jupyter]: Couldn't find message for key DataScience.notebookExportAs.
2024-01-13 11:34:12.914 [warning] [jupyter]: Couldn't find message for key DataScience.notebookExportAs.shorttitle.
2024-01-13 11:34:12.914 [warning] [jupyter]: Couldn't find message for key DataScience.notebookExportAs.
2024-01-13 11:34:12.915 [warning] [jupyter]: Couldn't find message for key jupyter.command.jupyter.exportAsPythonScript.title.
2024-01-13 11:34:12.915 [warning] [jupyter]: Couldn't find message for key jupyter.command.jupyter.exportToHTML.title.
2024-01-13 11:34:12.915 [warning] [jupyter]: Couldn't find message for key jupyter.command.jupyter.exportToPDF.title.
2024-01-13 11:34:12.915 [warning] [jupyter]: Couldn't find message for key jupyter.command.jupyter.selectJupyterInterpreter.title.
2024-01-13 11:34:12.915 [warning] [jupyter]: Couldn't find message for key jupyter.command.jupyter.runcurrentcell.title.
2024-01-13 11:34:12.915 [warning] [jupyter]: Couldn't find message for key jupyter.command.jupyter.debugcell.title.
2024-01-13 11:34:12.916 [warning] [jupyter]: Couldn't find message for key jupyter.command.jupyter.debugstepover.title.
2024-01-13 11:34:12.916 [warning] [jupyter]: Couldn't find message for key jupyter.command.jupyter.debugstop.title.
2024-01-13 11:34:12.916 [warning] [jupyter]: Couldn't find message for key jupyter.command.jupyter.debugcontinue.title.
2024-01-13 11:34:12.916 [warning] [jupyter]: Couldn't find message for key jupyter.command.jupyter.insertCellBelowPosition.title.
2024-01-13 11:34:12.916 [warning] [jupyter]: Couldn't find message for key jupyter.command.jupyter.insertCellBelow.title.
2024-01-13 11:34:12.916 [warning] [jupyter]: Couldn't find message for key jupyter.command.jupyter.insertCellAbove.title.
2024-01-13 11:34:12.917 [warning] [jupyter]: Couldn't find message for key jupyter.command.jupyter.deleteCells.title.
2024-01-13 11:34:12.917 [warning] [jupyter]: Couldn't find message for key jupyter.command.jupyter.selectCell.title.
2024-01-13 11:34:12.917 [warning] [jupyter]: Couldn't find message for key jupyter.command.jupyter.selectCellContents.title.
2024-01-13 11:34:12.917 [warning] [jupyter]: Couldn't find message for key jupyter.command.jupyter.extendSelectionByCellAbove.title.
2024-01-13 11:34:12.917 [warning] [jupyter]: Couldn't find message for key jupyter.command.jupyter.extendSelectionByCellBelow.title.
2024-01-13 11:34:12.917 [warning] [jupyter]: Couldn't find message for key jupyter.command.jupyter.moveCellsUp.title.
2024-01-13 11:34:12.917 [warning] [jupyter]: Couldn't find message for key jupyter.command.jupyter.moveCellsDown.title.
2024-01-13 11:34:12.918 [warning] [jupyter]: Couldn't find message for key jupyter.command.jupyter.changeCellToMarkdown.title.
2024-01-13 11:34:12.918 [warning] [jupyter]: Couldn't find message for key jupyter.command.jupyter.changeCellToCode.title.
2024-01-13 11:34:12.918 [warning] [jupyter]: Couldn't find message for key jupyter.command.jupyter.gotoNextCellInFile.title.
2024-01-13 11:34:12.919 [warning] [jupyter]: Couldn't find message for key jupyter.command.jupyter.gotoPrevCellInFile.title.
2024-01-13 11:34:12.919 [warning] [jupyter]: Couldn't find message for key jupyter.command.jupyter.runcurrentcelladvance.title.
2024-01-13 11:34:12.919 [warning] [jupyter]: Couldn't find message for key jupyter.command.jupyter.runcurrentcellandallbelow.palette.title.
2024-01-13 11:34:12.919 [warning] [jupyter]: Couldn't find message for key jupyter.command.jupyter.runallcellsabove.palette.title.
2024-01-13 11:34:12.920 [warning] [jupyter]: Couldn't find message for key jupyter.command.jupyter.debugcurrentcell.palette.title.
2024-01-13 11:34:12.920 [warning] [jupyter]: Couldn't find message for key jupyter.command.jupyter.execSelectionInteractive.title.
2024-01-13 11:34:12.920 [warning] [jupyter]: Couldn't find message for key jupyter.command.jupyter.createnewinteractive.title.
2024-01-13 11:34:12.920 [warning] [jupyter]: Couldn't find message for key jupyter.command.jupyter.runFileInteractive.title.
2024-01-13 11:34:12.920 [warning] [jupyter]: Couldn't find message for key jupyter.command.jupyter.debugFileInteractive.title.
2024-01-13 11:34:12.920 [warning] [jupyter]: Couldn't find message for key jupyter.command.jupyter.runallcells.title.
2024-01-13 11:34:12.921 [warning] [jupyter]: Couldn't find message for key jupyter.command.jupyter.runallcellsabove.title.
2024-01-13 11:34:12.921 [warning] [jupyter]: Couldn't find message for key jupyter.command.jupyter.runcellandallbelow.title.
2024-01-13 11:34:12.921 [warning] [jupyter]: Couldn't find message for key jupyter.command.jupyter.runcell.title.
2024-01-13 11:34:12.921 [warning] [jupyter]: Couldn't find message for key jupyter.command.jupyter.runtoline.title.
2024-01-13 11:34:12.921 [warning] [jupyter]: Couldn't find message for key jupyter.command.jupyter.runfromline.title.
2024-01-13 11:34:12.921 [warning] [jupyter]: Couldn't find message for key jupyter.command.jupyter.importnotebook.title.
2024-01-13 11:34:12.921 [warning] [jupyter]: Couldn't find message for key jupyter.command.jupyter.importnotebookfile.title.
2024-01-13 11:34:12.922 [warning] [jupyter]: Couldn't find message for key jupyter.command.jupyter.exportoutputasnotebook.title.
2024-01-13 11:34:12.922 [warning] [jupyter]: Couldn't find message for key jupyter.command.jupyter.exportfileasnotebook.title.
2024-01-13 11:34:12.922 [warning] [jupyter]: Couldn't find message for key jupyter.command.jupyter.exportfileandoutputasnotebook.title.
2024-01-13 11:34:12.922 [warning] [jupyter]: Couldn't find message for key jupyter.command.jupyter.interruptkernel.title.
2024-01-13 11:34:12.922 [warning] [jupyter]: Couldn't find message for key jupyter.command.jupyter.interruptkernel.shorttitle.
2024-01-13 11:34:12.922 [warning] [jupyter]: Couldn't find message for key jupyter.command.jupyter.restartkernel.title.
2024-01-13 11:34:12.922 [warning] [jupyter]: Couldn't find message for key jupyter.command.jupyter.restartkernel.shorttitle.
2024-01-13 11:34:12.923 [warning] [jupyter]: Couldn't find message for key jupyter.command.jupyter.restartkernelandrunallcells.title.
2024-01-13 11:34:12.923 [warning] [jupyter]: Couldn't find message for key jupyter.command.jupyter.restartkernelandrunallcells.shorttitle.
2024-01-13 11:34:12.923 [warning] [jupyter]: Couldn't find message for key jupyter.command.jupyter.restartkernelandrunuptoselectedcell.title.
2024-01-13 11:34:12.923 [warning] [jupyter]: Couldn't find message for key jupyter.command.jupyter.restartkernelandrunuptoselectedcell.title.
2024-01-13 11:34:12.923 [warning] [jupyter]: Couldn't find message for key jupyter.command.jupyter.notebookeditor.addcellbelow.title.
2024-01-13 11:34:12.923 [warning] [jupyter]: Couldn't find message for key jupyter.command.jupyter.notebookeditor.removeallcells.title.
2024-01-13 11:34:12.924 [warning] [jupyter]: Couldn't find message for key jupyter.command.jupyter.notebookeditor.expandallcells.title.
2024-01-13 11:34:12.924 [warning] [jupyter]: Couldn't find message for key jupyter.command.jupyter.notebookeditor.collapseallcells.title.
2024-01-13 11:34:12.924 [warning] [jupyter]: Couldn't find message for key jupyter.command.jupyter.expandallcells.title.
2024-01-13 11:34:12.925 [warning] [jupyter]: Couldn't find message for key jupyter.command.jupyter.expandallcells.shorttitle.
2024-01-13 11:34:12.925 [warning] [jupyter]: Couldn't find message for key jupyter.command.jupyter.collapseallcells.title.
2024-01-13 11:34:12.925 [warning] [jupyter]: Couldn't find message for key jupyter.command.jupyter.collapseallcells.shorttitle.
2024-01-13 11:34:12.925 [warning] [jupyter]: Couldn't find message for key jupyter.command.jupyter.addcellbelow.title.
2024-01-13 11:34:12.925 [warning] [jupyter]: Couldn't find message for key jupyter.command.jupyter.createnewnotebook.title.
2024-01-13 11:34:12.925 [warning] [jupyter]: Couldn't find message for key jupyter.command.jupyter.scrolltocell.title.
2024-01-13 11:34:12.926 [warning] [jupyter]: Couldn't find message for key jupyter.command.jupyter.enableDebugLogging.title.
2024-01-13 11:34:12.926 [warning] [jupyter]: Couldn't find message for key jupyter.command.jupyter.resetLoggingLevel.title.
2024-01-13 11:34:12.926 [warning] [jupyter]: Couldn't find message for key jupyter.command.jupyter.showDataViewer.title.
2024-01-13 11:34:12.926 [warning] [jupyter]: Couldn't find message for key jupyter.command.jupyter.clearSavedJupyterUris.title.
2024-01-13 11:34:12.926 [warning] [jupyter]: Couldn't find message for key jupyter.command.jupyter.openVariableView.title.
2024-01-13 11:34:12.926 [warning] [jupyter]: Couldn't find message for key jupyter.command.jupyter.openVariableView.shorttitle.
2024-01-13 11:34:12.926 [warning] [jupyter]: Couldn't find message for key jupyter.command.jupyter.openOutlineView.title.
2024-01-13 11:34:12.927 [warning] [jupyter]: Couldn't find message for key jupyter.command.jupyter.openOutlineView.shorttitle.
2024-01-13 11:34:12.927 [warning] [jupyter]: Couldn't find message for key DataScience.refreshDataViewerCommandPalette.
2024-01-13 11:34:12.927 [warning] [jupyter]: Couldn't find message for key DataScience.interactiveClearAllCells.
2024-01-13 11:34:12.927 [warning] [jupyter]: Couldn't find message for key DataScience.interactiveGoToCode.
2024-01-13 11:34:12.927 [warning] [jupyter]: Couldn't find message for key DataScience.exportDialogTitle.
2024-01-13 11:34:12.927 [warning] [jupyter]: Couldn't find message for key DataScience.exportAsNotebook.shorttitle.
2024-01-13 11:34:12.928 [warning] [jupyter]: Couldn't find message for key DataScience.notebookExport.
2024-01-13 11:34:12.928 [warning] [jupyter]: Couldn't find message for key DataScience.interactiveCopyCell.
2024-01-13 11:34:12.928 [warning] [jupyter]: Couldn't find message for key DataScience.runInDedicatedExtensionHost.
2024-01-13 11:34:12.928 [warning] [jupyter]: Couldn't find message for key jupyter.command.jupyter.restartkernel.title.
2024-01-13 11:34:12.928 [warning] [jupyter]: Couldn't find message for key jupyter.command.jupyter.openVariableView.title.
2024-01-13 11:34:12.928 [warning] [jupyter]: Couldn't find message for key jupyter.command.jupyter.openOutlineView.title.
2024-01-13 11:34:12.929 [warning] [jupyter]: Couldn't find message for key DataScience.notebookExportAs.
2024-01-13 11:34:12.929 [warning] [jupyter]: Couldn't find message for key jupyter.commandPalette.jupyter.replayPylanceLog.title.
2024-01-13 11:34:12.929 [warning] [jupyter]: Couldn't find message for key jupyter.command.manageAccessToKernels.
2024-01-13 11:34:12.929 [warning] [jupyter]: Couldn't find message for key jupyter.command.jupyter.exportAsPythonScript.title.
2024-01-13 11:34:12.929 [warning] [jupyter]: Couldn't find message for key jupyter.command.jupyter.exportToHTML.title.
2024-01-13 11:34:12.929 [warning] [jupyter]: Couldn't find message for key jupyter.command.jupyter.exportToPDF.title.
2024-01-13 11:34:12.930 [warning] [jupyter]: Couldn't find message for key jupyter.command.jupyter.insertCellBelowPosition.title.
2024-01-13 11:34:12.930 [warning] [jupyter]: Couldn't find message for key jupyter.command.jupyter.insertCellBelow.title.
2024-01-13 11:34:12.930 [warning] [jupyter]: Couldn't find message for key jupyter.command.jupyter.insertCellAbove.title.
2024-01-13 11:34:12.930 [warning] [jupyter]: Couldn't find message for key jupyter.command.jupyter.deleteCells.title.
2024-01-13 11:34:12.930 [warning] [jupyter]: Couldn't find message for key jupyter.command.jupyter.selectCell.title.
2024-01-13 11:34:12.930 [warning] [jupyter]: Couldn't find message for key jupyter.command.jupyter.selectCellContents.title.
2024-01-13 11:34:12.930 [warning] [jupyter]: Couldn't find message for key jupyter.command.jupyter.extendSelectionByCellAbove.title.
2024-01-13 11:34:12.931 [warning] [jupyter]: Couldn't find message for key jupyter.command.jupyter.extendSelectionByCellBelow.title.
2024-01-13 11:34:12.931 [warning] [jupyter]: Couldn't find message for key jupyter.command.jupyter.moveCellsUp.title.
2024-01-13 11:34:12.931 [warning] [jupyter]: Couldn't find message for key jupyter.command.jupyter.moveCellsDown.title.
2024-01-13 11:34:12.931 [warning] [jupyter]: Couldn't find message for key jupyter.command.jupyter.changeCellToMarkdown.title.
2024-01-13 11:34:12.931 [warning] [jupyter]: Couldn't find message for key jupyter.command.jupyter.changeCellToCode.title.
2024-01-13 11:34:12.931 [warning] [jupyter]: Couldn't find message for key jupyter.command.jupyter.gotoNextCellInFile.title.
2024-01-13 11:34:12.931 [warning] [jupyter]: Couldn't find message for key jupyter.command.jupyter.gotoPrevCellInFile.title.
2024-01-13 11:34:12.932 [warning] [jupyter]: Couldn't find message for key jupyter.command.jupyter.runcurrentcell.title.
2024-01-13 11:34:12.932 [warning] [jupyter]: Couldn't find message for key jupyter.command.jupyter.runcurrentcelladvance.title.
2024-01-13 11:34:12.932 [warning] [jupyter]: Couldn't find message for key jupyter.command.jupyter.runcurrentcellandallbelow.palette.title.
2024-01-13 11:34:12.932 [warning] [jupyter]: Couldn't find message for key jupyter.command.jupyter.runallcellsabove.palette.title.
2024-01-13 11:34:12.932 [warning] [jupyter]: Couldn't find message for key jupyter.command.jupyter.debugcurrentcell.palette.title.
2024-01-13 11:34:12.932 [warning] [jupyter]: Couldn't find message for key jupyter.command.jupyter.createnewinteractive.title.
2024-01-13 11:34:12.932 [warning] [jupyter]: Couldn't find message for key jupyter.command.jupyter.runallcells.title.
2024-01-13 11:34:12.933 [warning] [jupyter]: Couldn't find message for key jupyter.command.jupyter.scrolltocell.title.
2024-01-13 11:34:12.933 [warning] [jupyter]: Couldn't find message for key jupyter.command.jupyter.debugcell.title.
2024-01-13 11:34:12.933 [warning] [jupyter]: Couldn't find message for key jupyter.command.jupyter.runcell.title.
2024-01-13 11:34:12.933 [warning] [jupyter]: Couldn't find message for key jupyter.command.jupyter.runFileInteractive.title.
2024-01-13 11:34:12.933 [warning] [jupyter]: Couldn't find message for key jupyter.command.jupyter.debugFileInteractive.title.
2024-01-13 11:34:12.933 [warning] [jupyter]: Couldn't find message for key jupyter.command.jupyter.importnotebook.title.
2024-01-13 11:34:12.933 [warning] [jupyter]: Couldn't find message for key jupyter.command.jupyter.exportfileasnotebook.title.
2024-01-13 11:34:12.933 [warning] [jupyter]: Couldn't find message for key jupyter.command.jupyter.exportfileandoutputasnotebook.title.
2024-01-13 11:34:12.933 [warning] [jupyter]: Couldn't find message for key jupyter.command.jupyter.restartkernel.title.
2024-01-13 11:34:12.933 [warning] [jupyter]: Couldn't find message for key jupyter.command.jupyter.notebookeditor.removeallcells.title.
2024-01-13 11:34:12.934 [warning] [jupyter]: Couldn't find message for key jupyter.command.jupyter.notebookeditor.addcellbelow.title.
2024-01-13 11:34:12.934 [warning] [jupyter]: Couldn't find message for key jupyter.command.jupyter.expandallcells.title.
2024-01-13 11:34:12.934 [warning] [jupyter]: Couldn't find message for key jupyter.command.jupyter.collapseallcells.title.
2024-01-13 11:34:12.934 [warning] [jupyter]: Couldn't find message for key jupyter.command.jupyter.expandallcells.title.
2024-01-13 11:34:12.934 [warning] [jupyter]: Couldn't find message for key jupyter.command.jupyter.expandallcells.shorttitle.
2024-01-13 11:34:12.934 [warning] [jupyter]: Couldn't find message for key jupyter.command.jupyter.collapseallcells.title.
2024-01-13 11:34:12.934 [warning] [jupyter]: Couldn't find message for key jupyter.command.jupyter.collapseallcells.shorttitle.
2024-01-13 11:34:12.934 [warning] [jupyter]: Couldn't find message for key jupyter.command.jupyter.exportoutputasnotebook.title.
2024-01-13 11:34:12.934 [warning] [jupyter]: Couldn't find message for key jupyter.command.jupyter.addcellbelow.title.
2024-01-13 11:34:12.934 [warning] [jupyter]: Couldn't find message for key DataScience.latestExtension.
2024-01-13 11:34:12.934 [warning] [jupyter]: Couldn't find message for key DataScience.notebookExportAs.
2024-01-13 11:34:12.934 [warning] [jupyter]: Couldn't find message for key DataScience.notebookExportAs.
2024-01-13 11:34:12.935 [warning] [jupyter]: Couldn't find message for key jupyter.command.jupyter.resetLoggingLevel.title.
2024-01-13 11:34:12.935 [warning] [jupyter]: Couldn't find message for key jupyter.command.jupyter.enableDebugLogging.title.
2024-01-13 11:34:12.935 [warning] [jupyter]: Couldn't find message for key jupyter.command.jupyter.openVariableView.title.
2024-01-13 11:34:12.935 [warning] [jupyter]: Couldn't find message for key jupyter.command.jupyter.openOutlineView.title.
2024-01-13 11:34:12.935 [warning] [jupyter]: Couldn't find message for key jupyter.command.jupyter.clearSavedJupyterUris.title.
2024-01-13 11:34:12.935 [warning] [jupyter]: Couldn't find message for key jupyter.configuration.jupyter.experiments.enabled.description.
2024-01-13 11:34:12.935 [warning] [jupyter]: Couldn't find message for key jupyter.configuration.jupyter.showVariableViewWhenDebugging.description.
2024-01-13 11:34:12.935 [warning] [jupyter]: Couldn't find message for key jupyter.configuration.jupyter.logging.level.description.
2024-01-13 11:34:12.935 [warning] [jupyter]: Couldn't find message for key jupyter.configuration.jupyter.experiments.optInto.markdownDescription.
2024-01-13 11:34:12.935 [warning] [jupyter]: Couldn't find message for key jupyter.configuration.jupyter.experiments.optOutFrom.markdownDescription.
2024-01-13 11:34:12.936 [warning] [jupyter]: Couldn't find message for key jupyter.configuration.jupyter.widgetScriptSources.items.enumDescriptions.0.
2024-01-13 11:34:12.936 [warning] [jupyter]: Couldn't find message for key jupyter.configuration.jupyter.widgetScriptSources.items.enumDescriptions.1.
2024-01-13 11:34:12.936 [warning] [jupyter]: Couldn't find message for key jupyter.configuration.jupyter.widgetScriptSources.markdownDescription.
2024-01-13 11:34:12.936 [warning] [jupyter]: Couldn't find message for key jupyter.configuration.jupyter.askForLargeDataFrames.description.
2024-01-13 11:34:12.936 [warning] [jupyter]: Couldn't find message for key jupyter.configuration.jupyter.askForKernelRestart.description.
2024-01-13 11:34:12.936 [warning] [jupyter]: Couldn't find message for key jupyter.configuration.jupyter.exportWithOutputEnabled.description.
2024-01-13 11:34:12.936 [warning] [jupyter]: Couldn't find message for key jupyter.configuration.jupyter.jupyterLaunchTimeout.description.
2024-01-13 11:34:12.936 [warning] [jupyter]: Couldn't find message for key jupyter.configuration.jupyter.jupyterLaunchRetries.description.
2024-01-13 11:34:12.936 [warning] [jupyter]: Couldn't find message for key jupyter.configuration.jupyter.jupyterCommandLineArguments.description.
2024-01-13 11:34:12.936 [warning] [jupyter]: Couldn't find message for key jupyter.configuration.jupyter.notebookFileRoot.description.
2024-01-13 11:34:12.936 [warning] [jupyter]: Couldn't find message for key jupyter.configuration.jupyter.searchForJupyter.deprecationMessage.
2024-01-13 11:34:12.937 [warning] [jupyter]: Couldn't find message for key jupyter.configuration.jupyter.searchForJupyter.description.
2024-01-13 11:34:12.937 [warning] [jupyter]: Couldn't find message for key jupyter.configuration.jupyter.useDefaultConfigForJupyter.description.
2024-01-13 11:34:12.937 [warning] [jupyter]: Couldn't find message for key jupyter.configuration.jupyter.jupyterInterruptTimeout.description.
2024-01-13 11:34:12.937 [warning] [jupyter]: Couldn't find message for key jupyter.configuration.jupyter.sendSelectionToInteractiveWindow.description.
2024-01-13 11:34:12.937 [warning] [jupyter]: Couldn't find message for key jupyter.configuration.jupyter.sendSelectionToInteractiveWindow.deprecationMessage.
2024-01-13 11:34:12.937 [warning] [jupyter]: Couldn't find message for key jupyter.configuration.jupyter.sendSelectionToInteractiveWindow.description.
2024-01-13 11:34:12.937 [warning] [jupyter]: Couldn't find message for key jupyter.configuration.jupyter.normalizeSelectionForInteractiveWindow.description.
2024-01-13 11:34:12.937 [warning] [jupyter]: Couldn't find message for key jupyter.configuration.jupyter.splitRunFileIntoCells.description.
2024-01-13 11:34:12.937 [warning] [jupyter]: Couldn't find message for key jupyter.configuration.jupyter.variableExplorerExclude.description.
2024-01-13 11:34:12.937 [warning] [jupyter]: Couldn't find message for key jupyter.configuration.jupyter.codeRegularExpression.description.
2024-01-13 11:34:12.937 [warning] [jupyter]: Couldn't find message for key jupyter.configuration.jupyter.codeRegularExpression.deprecationMessage.
2024-01-13 11:34:12.938 [warning] [jupyter]: Couldn't find message for key jupyter.configuration.jupyter.codeRegularExpression.description.
2024-01-13 11:34:12.938 [warning] [jupyter]: Couldn't find message for key jupyter.configuration.jupyter.defaultCellMarker.description.
2024-01-13 11:34:12.938 [warning] [jupyter]: Couldn't find message for key jupyter.configuration.jupyter.defaultCellMarker.deprecationMessage.
2024-01-13 11:34:12.938 [warning] [jupyter]: Couldn't find message for key jupyter.configuration.jupyter.defaultCellMarker.description.
2024-01-13 11:34:12.938 [warning] [jupyter]: Couldn't find message for key jupyter.configuration.jupyter.markdownRegularExpression.description.
2024-01-13 11:34:12.938 [warning] [jupyter]: Couldn't find message for key jupyter.configuration.jupyter.markdownRegularExpression.deprecationMessage.
2024-01-13 11:34:12.938 [warning] [jupyter]: Couldn't find message for key jupyter.configuration.jupyter.markdownRegularExpression.description.
2024-01-13 11:34:12.938 [warning] [jupyter]: Couldn't find message for key jupyter.configuration.jupyter.ignoreVscodeTheme.deprecationMessage.
2024-01-13 11:34:12.938 [warning] [jupyter]: Couldn't find message for key jupyter.configuration.jupyter.ignoreVscodeTheme.description.
2024-01-13 11:34:12.938 [warning] [jupyter]: Couldn't find message for key jupyter.configuration.jupyter.themeMatplotlibPlots.description.
2024-01-13 11:34:12.939 [warning] [jupyter]: Couldn't find message for key jupyter.configuration.jupyter.decorateCells.description.
2024-01-13 11:34:12.939 [warning] [jupyter]: Couldn't find message for key jupyter.configuration.jupyter.decorateCells.deprecationMessage.
2024-01-13 11:34:12.939 [warning] [jupyter]: Couldn't find message for key jupyter.configuration.jupyter.decorateCells.description.
2024-01-13 11:34:12.939 [warning] [jupyter]: Couldn't find message for key jupyter.configuration.jupyter.enableCellCodeLens.description.
2024-01-13 11:34:12.939 [warning] [jupyter]: Couldn't find message for key jupyter.configuration.jupyter.enableCellCodeLens.deprecationMessage.
2024-01-13 11:34:12.939 [warning] [jupyter]: Couldn't find message for key jupyter.configuration.jupyter.enableCellCodeLens.description.
2024-01-13 11:34:12.939 [warning] [jupyter]: Couldn't find message for key jupyter.configuration.jupyter.enableAutoMoveToNextCell.description.
2024-01-13 11:34:12.939 [warning] [jupyter]: Couldn't find message for key jupyter.configuration.jupyter.enableAutoMoveToNextCell.deprecationMessage.
2024-01-13 11:34:12.940 [warning] [jupyter]: Couldn't find message for key jupyter.configuration.jupyter.enableAutoMoveToNextCell.description.
2024-01-13 11:34:12.940 [warning] [jupyter]: Couldn't find message for key jupyter.configuration.jupyter.allowUnauthorizedRemoteConnection.description.
2024-01-13 11:34:12.940 [warning] [jupyter]: Couldn't find message for key jupyter.configuration.jupyter.generateSVGPlots.description.
2024-01-13 11:34:12.940 [warning] [jupyter]: Couldn't find message for key jupyter.configuration.jupyter.generateSVGPlots.deprecationMessage.
2024-01-13 11:34:12.940 [warning] [jupyter]: Couldn't find message for key jupyter.configuration.jupyter.codeLenses.description.
2024-01-13 11:34:12.940 [warning] [jupyter]: Couldn't find message for key jupyter.configuration.jupyter.codeLenses.deprecationMessage.
2024-01-13 11:34:12.940 [warning] [jupyter]: Couldn't find message for key jupyter.configuration.jupyter.codeLenses.description.
2024-01-13 11:34:12.940 [warning] [jupyter]: Couldn't find message for key jupyter.configuration.jupyter.debugCodeLenses.description.
2024-01-13 11:34:12.941 [warning] [jupyter]: Couldn't find message for key jupyter.configuration.jupyter.debugCodeLenses.deprecationMessage.
2024-01-13 11:34:12.941 [warning] [jupyter]: Couldn't find message for key jupyter.configuration.jupyter.debugCodeLenses.description.
2024-01-13 11:34:12.941 [warning] [jupyter]: Couldn't find message for key jupyter.configuration.jupyter.debugpyDistPath.description.
2024-01-13 11:34:12.941 [warning] [jupyter]: Couldn't find message for key jupyter.configuration.jupyter.stopOnFirstLineWhileDebugging.description.
2024-01-13 11:34:12.941 [warning] [jupyter]: Couldn't find message for key jupyter.configuration.jupyter.remoteDebuggerPort.description.
2024-01-13 11:34:12.941 [warning] [jupyter]: Couldn't find message for key jupyter.configuration.jupyter.remoteDebuggerPort.deprecationMessage.
2024-01-13 11:34:12.941 [warning] [jupyter]: Couldn't find message for key jupyter.configuration.jupyter.disableJupyterAutoStart.description.
2024-01-13 11:34:12.941 [warning] [jupyter]: Couldn't find message for key jupyter.configuration.jupyter.addGotoCodeLenses.description.
2024-01-13 11:34:12.941 [warning] [jupyter]: Couldn't find message for key jupyter.configuration.jupyter.addGotoCodeLenses.deprecationMessage.
2024-01-13 11:34:12.941 [warning] [jupyter]: Couldn't find message for key jupyter.configuration.jupyter.addGotoCodeLenses.description.
2024-01-13 11:34:12.942 [warning] [jupyter]: Couldn't find message for key jupyter.configuration.jupyter.variableQueries.markdownDescription.
2024-01-13 11:34:12.942 [warning] [jupyter]: Couldn't find message for key jupyter.configuration.jupyter.variableQueries.deprecationMessage.
2024-01-13 11:34:12.942 [warning] [jupyter]: Couldn't find message for key jupyter.configuration.jupyter.kernels.filter.markdownDescription.
2024-01-13 11:34:12.942 [warning] [jupyter]: Couldn't find message for key jupyter.configuration.jupyter.kernels.trusted.markdownDescription.
2024-01-13 11:34:12.942 [warning] [jupyter]: Couldn't find message for key jupyter.configuration.jupyter.interactiveWindowMode.description.
2024-01-13 11:34:12.942 [warning] [jupyter]: Couldn't find message for key jupyter.configuration.jupyter.interactiveWindowMode.deprecationMessage.
2024-01-13 11:34:12.942 [warning] [jupyter]: Couldn't find message for key jupyter.configuration.jupyter.interactiveWindowMode.description.
2024-01-13 11:34:12.942 [warning] [jupyter]: Couldn't find message for key jupyter.configuration.jupyter.pythonCellFolding.description.
2024-01-13 11:34:12.943 [warning] [jupyter]: Couldn't find message for key jupyter.configuration.jupyter.pythonCellFolding.deprecationMessage.
2024-01-13 11:34:12.943 [warning] [jupyter]: Couldn't find message for key jupyter.configuration.jupyter.pythonCellFolding.description.
2024-01-13 11:34:12.943 [warning] [jupyter]: Couldn't find message for key jupyter.configuration.jupyter.interactiveWindowViewColumn.description.
2024-01-13 11:34:12.943 [warning] [jupyter]: Couldn't find message for key jupyter.configuration.jupyter.interactiveWindowViewColumn.deprecationMessage.
2024-01-13 11:34:12.943 [warning] [jupyter]: Couldn't find message for key jupyter.configuration.jupyter.interactiveWindowViewColumn.description.
2024-01-13 11:34:12.943 [warning] [jupyter]: Couldn't find message for key jupyter.configuration.jupyter.magicCommandsAsComments.description.
2024-01-13 11:34:12.943 [warning] [jupyter]: Couldn't find message for key jupyter.configuration.jupyter.magicCommandsAsComments.deprecationMessage.
2024-01-13 11:34:12.943 [warning] [jupyter]: Couldn't find message for key jupyter.configuration.jupyter.magicCommandsAsComments.description.
2024-01-13 11:34:12.943 [warning] [jupyter]: Couldn't find message for key jupyter.configuration.jupyter.pythonExportMethod.description.
2024-01-13 11:34:12.943 [warning] [jupyter]: Couldn't find message for key jupyter.configuration.jupyter.runStartupCommands.description.
2024-01-13 11:34:12.943 [warning] [jupyter]: Couldn't find message for key jupyter.configuration.jupyter.debugJustMyCode.description.
2024-01-13 11:34:12.943 [warning] [jupyter]: Couldn't find message for key jupyter.configuration.jupyter.showOutlineButtonInNotebookToolbar.description.
2024-01-13 11:34:12.944 [warning] [jupyter]: Couldn't find message for key jupyter.configuration.jupyter.newCellOnRunLast.description.
2024-01-13 11:34:12.944 [warning] [jupyter]: Couldn't find message for key jupyter.configuration.jupyter.newCellOnRunLast.deprecationMessage.
2024-01-13 11:34:12.944 [warning] [jupyter]: Couldn't find message for key jupyter.configuration.jupyter.newCellOnRunLast.description.
2024-01-13 11:34:12.944 [warning] [jupyter]: Couldn't find message for key jupyter.configuration.jupyter.pythonCompletionTriggerCharacters.description.
2024-01-13 11:34:12.944 [warning] [jupyter]: Couldn't find message for key jupyter.configuration.jupyter.logKernelOutputSeparately.description.
2024-01-13 11:34:12.944 [warning] [jupyter]: Couldn't find message for key jupyter.configuration.jupyter.excludeUserSitePackages.description.
2024-01-13 11:34:12.944 [warning] [jupyter]: Couldn't find message for key jupyter.configuration.jupyter.enableExtendedKernelCompletions.markdownDescription.
2024-01-13 11:34:12.944 [warning] [jupyter]: Couldn't find message for key jupyter.configuration.jupyter.enableKernelCompletions.markdownDescription.
2024-01-13 11:34:12.944 [warning] [jupyter]: Couldn't find message for key jupyter.configuration.jupyter.completionTriggerCharacters.markdownDescription.
2024-01-13 11:34:12.944 [warning] [jupyter]: Couldn't find message for key jupyter.notebookRenderer.IPyWidget.displayName.
2024-01-13 11:34:12.944 [warning] [jupyter]: Couldn't find message for key jupyter.debuggers.kernel.
2024-01-13 11:34:12.944 [warning] [jupyter]: Couldn't find message for key jupyter.debuggers.interactive.
2024-01-13 11:34:12.945 [warning] [jupyter]: Couldn't find message for key jupyter.command.jupyter.showDataViewer.title.
2024-01-13 11:34:13.373 [info] Deleted uninstalled extension from disk ms-toolsai.jupyter /home/stickee/.vscode/extensions/ms-toolsai.jupyter-2023.11.1003402403-linux-x64
2024-01-13 11:35:13.245 [info] Getting Manifest... vue.volar
2024-01-13 11:35:13.250 [info] Installing extension: vue.volar
2024-01-13 11:35:14.737 [warning] Extension signature verification failed with error 'UnknownError': vue.volar
2024-01-13 11:35:14.791 [info] Extracted extension to file:///home/stickee/.vscode/extensions/vue.volar-1.8.27: vue.volar
2024-01-13 11:35:14.796 [info] Renamed to /home/stickee/.vscode/extensions/vue.volar-1.8.27
2024-01-13 11:35:14.798 [info] Extracting extension completed. vue.volar
2024-01-13 11:35:14.806 [info] Extension installed successfully: vue.volar
2024-01-13 11:35:14.882 [error] [uncaught exception in sharedProcess]: Error: ENOENT: no such file or directory, stat '/home/stickee/.vscode/extensions/extensions.json.vsctmp': EntryNotFound (FileSystemError): Error: ENOENT: no such file or directory, stat '/home/stickee/.vscode/extensions/extensions.json.vsctmp'
    at r.create (/opt/visual-studio-code/resources/app/out/vs/code/node/sharedProcess/sharedProcessMain.js:51:30056)
    at a (/opt/visual-studio-code/resources/app/out/vs/code/node/sharedProcess/sharedProcessMain.js:51:30170)
    at s.fb (/opt/visual-studio-code/resources/app/out/vs/code/node/sharedProcess/sharedProcessMain.js:56:36175)
    at s.stat (/opt/visual-studio-code/resources/app/out/vs/code/node/sharedProcess/sharedProcessMain.js:56:28621)
    at async E.stat (/opt/visual-studio-code/resources/app/out/vs/code/node/sharedProcess/sharedProcessMain.js:56:15732)
    at async Y.tb (/opt/visual-studio-code/resources/app/out/vs/code/node/sharedProcess/sharedProcessMain.js:100:111319)
