Initializing document watcher...
blbsr/scripts/generate.ts: {"insertSpaces":true,"tabSize":2}
blbsr/pinia-orm-models/Eden.ts: {"insertSpaces":true,"tabSize":2}
blbsr/pinia-orm-models/User.ts: {"insertSpaces":true,"tabSize":2}
blbsr/scripts/generate.ts: {"insertSpaces":true,"tabSize":2}
blbsr/scripts/generate.ts: Using EditorConfig core...
scripts/generate.ts: editor.action.trimTrailingWhitespace
blbsr/scripts/generate.ts: {"insertSpaces":true,"tabSize":2}
blbsr/scripts/generate.ts: Using EditorConfig core...
scripts/generate.ts: editor.action.trimTrailingWhitespace
blbsr/scripts/generate.ts: Using EditorConfig core...
scripts/generate.ts: editor.action.trimTrailingWhitespace
blbsr/blue.config.ts: {"insertSpaces":true,"tabSize":2}
blbsr/blue.config.ts: Using EditorConfig core...
blue.config.ts: editor.action.trimTrailingWhitespace
blbsr/package.json: {"insertSpaces":true,"tabSize":2}
blbsr/blue.config.ts: {"insertSpaces":true,"tabSize":2}
blbsr/blue.config.ts: {"insertSpaces":true,"tabSize":2}
blbsr/blue.config.ts: {"insertSpaces":true,"tabSize":2}
blbsr/node_modules/.pnpm/fs-extra@11.1.1/node_modules/fs-extra/lib/remove/index.js: {"insertSpaces":true,"tabSize":2}
blbsr/blue.config.ts: {"insertSpaces":true,"tabSize":2}
blbsr/blue.config.ts: {"insertSpaces":true,"tabSize":2}
blbsr/blue.config.ts: {"insertSpaces":true,"tabSize":2}
blbsr/blue.config.ts: Using EditorConfig core...
blue.config.ts: editor.action.trimTrailingWhitespace
blbsr/blue.config.ts: Using EditorConfig core...
blue.config.ts: editor.action.trimTrailingWhitespace
blbsr/blue.config.ts: Using EditorConfig core...
blue.config.ts: editor.action.trimTrailingWhitespace
blbsr/blue.config.ts: Using EditorConfig core...
blue.config.ts: editor.action.trimTrailingWhitespace
blbsr/blue.config.ts: Using EditorConfig core...
blue.config.ts: editor.action.trimTrailingWhitespace
blbsr/blue.config.ts: Using EditorConfig core...
blue.config.ts: editor.action.trimTrailingWhitespace
blbsr/blue.config.ts: {"insertSpaces":true,"tabSize":2}
blbsr/blue.config.ts: {"insertSpaces":true,"tabSize":2}
blbsr/blue.config.ts: {"insertSpaces":true,"tabSize":2}
blbsr/blue.config.ts: {"insertSpaces":true,"tabSize":2}
blbsr/blue.config.ts: Using EditorConfig core...
blue.config.ts: editor.action.trimTrailingWhitespace
blbsr/pinia-orm-models/models/User.ts: {"insertSpaces":true,"tabSize":2}
blbsr/pinia-orm-models/base-models/BaseUser.ts: {"insertSpaces":true,"tabSize":2}
blbsr/blue.config.ts: {"insertSpaces":true,"tabSize":2}
blbsr/scripts/generate.ts: {"insertSpaces":true,"tabSize":2}
blbsr/scripts/generate.ts: {"insertSpaces":true,"tabSize":2}
blbsr/scripts/generate.ts: {"insertSpaces":true,"tabSize":2}
undefined: {}
blbsr/scripts/generate.ts: {"insertSpaces":true,"tabSize":2}
blbsr/scripts/generate.ts: {"insertSpaces":true,"tabSize":2}
blbsr/scripts/generate.ts: Using EditorConfig core...
scripts/generate.ts: editor.action.trimTrailingWhitespace
blbsr/scripts/generate.ts: {"insertSpaces":true,"tabSize":2}
blbsr/scripts/generate.ts: {"insertSpaces":true,"tabSize":2}
undefined: {}
blbsr/scripts/generate.ts: {"insertSpaces":true,"tabSize":2}
blbsr/scripts/generate.ts: {"insertSpaces":true,"tabSize":2}
blbsr/scripts/generate.ts: Using EditorConfig core...
scripts/generate.ts: editor.action.trimTrailingWhitespace
blbsr/blue.config.ts: {"insertSpaces":true,"tabSize":2}
blbsr/blue.config.ts: Using EditorConfig core...
blue.config.ts: editor.action.trimTrailingWhitespace
blbsr/blue.config.ts: {"insertSpaces":true,"tabSize":2}
blbsr/blue.config.ts: {"insertSpaces":true,"tabSize":2}
blbsr/blue.config.ts: Using EditorConfig core...
blue.config.ts: editor.action.trimTrailingWhitespace
blbsr/blue.config.ts: {"insertSpaces":true,"tabSize":2}
blbsr/blue.config.ts: {"insertSpaces":true,"tabSize":2}
blbsr/blue.config.ts: {"insertSpaces":true,"tabSize":2}
blbsr/blue.config.ts: Using EditorConfig core...
blue.config.ts: editor.action.trimTrailingWhitespace
blbsr/blue.config.ts: {"insertSpaces":true,"tabSize":2}
blbsr/blue.config.ts: {"insertSpaces":true,"tabSize":2}
blbsr/blue.config.ts: Using EditorConfig core...
blue.config.ts: editor.action.trimTrailingWhitespace
blbsr/blue.config.ts: Using EditorConfig core...
blue.config.ts: editor.action.trimTrailingWhitespace
blbsr/scripts/generate.ts: {"insertSpaces":true,"tabSize":2}
blbsr/blue.config.ts: {"insertSpaces":true,"tabSize":2}
blbsr/blue.config.ts: {"insertSpaces":true,"tabSize":2}
blbsr/blue.config.ts: {"insertSpaces":true,"tabSize":2}
blbsr/blue.config.ts: {"insertSpaces":true,"tabSize":2}
blbsr/blue.config.ts: {"insertSpaces":true,"tabSize":2}
blbsr/schemas/base_non_conformance.schema.json: {"insertSpaces":true,"tabSize":2}
blbsr/schemas/base_user.schema.json: {"insertSpaces":true,"tabSize":2}
blbsr/pinia-orm-models/base-models/BaseNonConformance.ts: {"insertSpaces":true,"tabSize":2}
blbsr/blue.config.ts: {"insertSpaces":true,"tabSize":2}
blbsr/pinia-orm-models/base-models/BaseNonConformance.ts: {"insertSpaces":true,"tabSize":2}
blbsr/blue.config.ts: {"insertSpaces":true,"tabSize":2}
blbsr/pinia-orm-models/base-models/BaseNonConformance.ts: {"insertSpaces":true,"tabSize":2}
blbsr/pinia-orm-models/base-models/BaseNonConformance.ts: {"insertSpaces":true,"tabSize":2}
blbsr/blue.config.ts: {"insertSpaces":true,"tabSize":2}
blbsr/scripts/generate.ts: {"insertSpaces":true,"tabSize":2}
No more open editors.
blbsr/schemas/base_non_conformance.schema.json: {"insertSpaces":true,"tabSize":2}
blbsr/pinia-orm-models/base-models/BaseNonConformance.ts: {"insertSpaces":true,"tabSize":2}
blbsr/pinia-orm-models/base-models/BaseUser.ts: {"insertSpaces":true,"tabSize":2}
blbsr/pinia-orm-models/base-models/BaseNonConformance.ts: {"insertSpaces":true,"tabSize":2}
blbsr/schemas/base_non_conformance.schema.json: {"insertSpaces":true,"tabSize":2}
blbsr/schemas/base_non_conformance.schema.json: {"insertSpaces":true,"tabSize":2}
No more open editors.
No more open editors.
blbsr/pinia-orm-models/base-models/BaseNonConformance.ts: {"insertSpaces":true,"tabSize":2}
blbsr/schemas/base_user.schema.json: {"insertSpaces":true,"tabSize":2}
blbsr/schemas/base_user.schema.json: {"insertSpaces":true,"tabSize":2}
blbsr/schemas/base_user.schema.json: {"insertSpaces":true,"tabSize":2}
blbsr/schemas/base_non_conformance.schema.json: {"insertSpaces":true,"tabSize":2}
blbsr/pinia-orm-models/base-models/BaseNonConformance.ts: {"insertSpaces":true,"tabSize":2}
blbsr/pinia-orm-models/base-models/BaseNonConformance.ts: {"insertSpaces":true,"tabSize":2}
blbsr/schemas/base_non_conformance.schema.json: {"insertSpaces":true,"tabSize":2}
No more open editors.
No more open editors.
blbsr/schemas/base_non_conformance.schema.json: {"insertSpaces":true,"tabSize":2}
blbsr/pinia-orm-models/base-models/BaseNonConformance.ts: {"insertSpaces":true,"tabSize":2}
blbsr/pinia-orm-models/base-models/BaseNonConformance.ts: {"insertSpaces":true,"tabSize":2}
blbsr/pinia-orm-models/base-models/BaseNonConformance.ts: {"insertSpaces":true,"tabSize":2}
blbsr/pinia-orm-models/base-models/BaseNonConformance.ts: {"insertSpaces":true,"tabSize":2}
No more open editors.
No more open editors.
blbsr/schemas/base_non_conformance.schema.json: {"insertSpaces":true,"tabSize":2}
blbsr/pinia-orm-models/base-models/BaseNonConformance.ts: {"insertSpaces":true,"tabSize":2}
blbsr/pinia-orm-models/base-models/BaseUser.ts: {"insertSpaces":true,"tabSize":2}
blbsr/pinia-orm-models/base-models/BaseNonConformance.ts: {"insertSpaces":true,"tabSize":2}
blbsr/pinia-orm-models/base-models/BaseUser.ts: {"insertSpaces":true,"tabSize":2}
blbsr/scripts/generate.ts: {"insertSpaces":true,"tabSize":2}
blbsr/scripts/generate.ts: {"insertSpaces":true,"tabSize":2}
blbsr/node_modules/.pnpm/@quasar-army+ts-generator-in-json-schema@0.0.2/node_modules/@quasar-army/ts-generator-in-json-schema/src/index.ts: {"insertSpaces":true,"tabSize":2}
blbsr/scripts/generate.ts: {"insertSpaces":true,"tabSize":2}
blbsr/node_modules/.pnpm/@quasar-army+ts-generator-in-json-schema@0.0.2/node_modules/@quasar-army/ts-generator-in-json-schema/src/index.ts: {"insertSpaces":true,"tabSize":2}
blbsr/scripts/generate.ts: {"insertSpaces":true,"tabSize":2}
No more open editors.
blbsr/node_modules/.pnpm/@quasar-army+ts-generator-in-json-schema@0.0.2/node_modules/@quasar-army/ts-generator-in-json-schema/tsconfig.json: {"insertSpaces":true,"tabSize":2}
blbsr/schemas/base_non_conformance.schema.json: {"insertSpaces":true,"tabSize":2}
blbsr/pinia-orm-models/base-models/BaseNonConformance.ts: {"insertSpaces":true,"tabSize":2}
blbsr/node_modules/.pnpm/@quasar-army+ts-generator-in-json-schema@0.0.2/node_modules/@quasar-army/ts-generator-in-json-schema/tsconfig.json: {"insertSpaces":true,"tabSize":2}
blbsr/node_modules/.pnpm/@quasar-army+ts-generator-in-json-schema@0.0.2/node_modules/@quasar-army/ts-generator-in-json-schema/tsconfig.json: Using EditorConfig core...
node_modules/.pnpm/@quasar-army+ts-generator-in-json-schema@0.0.2/node_modules/@quasar-army/ts-generator-in-json-schema/tsconfig.json: editor.action.trimTrailingWhitespace
node_modules/.pnpm/@quasar-army+ts-generator-in-json-schema@0.0.2/node_modules/@quasar-army/ts-generator-in-json-schema/tsconfig.json: insertFinalNewline(LF)
blbsr/node_modules/.pnpm/@quasar-army+ts-generator-in-json-schema@0.0.2/node_modules/@quasar-army/ts-generator-in-json-schema/tsconfig.json: Using EditorConfig core...
node_modules/.pnpm/@quasar-army+ts-generator-in-json-schema@0.0.2/node_modules/@quasar-army/ts-generator-in-json-schema/tsconfig.json: editor.action.trimTrailingWhitespace
blbsr/node_modules/.pnpm/@quasar-army+ts-generator-in-json-schema@0.0.2/node_modules/@quasar-army/ts-generator-in-json-schema/tsconfig.json: Using EditorConfig core...
node_modules/.pnpm/@quasar-army+ts-generator-in-json-schema@0.0.2/node_modules/@quasar-army/ts-generator-in-json-schema/tsconfig.json: editor.action.trimTrailingWhitespace
No more open editors.
blbsr/pinia-orm-models/base-models/BaseMaterial.ts: {"insertSpaces":true,"tabSize":2}
blbsr/node_modules/.pnpm/@quasar-army+ts-generator-in-json-schema@0.0.2/node_modules/@quasar-army/ts-generator-in-json-schema/tsconfig.json: {"insertSpaces":true,"tabSize":2}
blbsr/node_modules/.pnpm/@quasar-army+ts-generator-in-json-schema@0.0.2/node_modules/@quasar-army/ts-generator-in-json-schema/tsconfig.json: Using EditorConfig core...
node_modules/.pnpm/@quasar-army+ts-generator-in-json-schema@0.0.2/node_modules/@quasar-army/ts-generator-in-json-schema/tsconfig.json: editor.action.trimTrailingWhitespace
undefined: {}
No more open editors.
blbsr/pinia-orm-models/base-models/BaseMaterial.ts: {"insertSpaces":true,"tabSize":2}
blbsr/pinia-orm-models/models/Material.ts: {"insertSpaces":true,"tabSize":2}
blbsr/pinia-orm-models/models/Material.ts: Using EditorConfig core...
pinia-orm-models/models/Material.ts: editor.action.trimTrailingWhitespace
blbsr/pinia-orm-models/models/NonConformance.ts: {"insertSpaces":true,"tabSize":2}
blbsr/pinia-orm-models/models/NonConformance.ts: Using EditorConfig core...
pinia-orm-models/models/NonConformance.ts: editor.action.trimTrailingWhitespace
No more open editors.
No more open editors.
blbsr/pinia-orm-models/base-models/BaseNonConformance.ts: {"insertSpaces":true,"tabSize":2}
blbsr/pinia-orm-models/base-models/BaseNonConformance.ts: {"insertSpaces":true,"tabSize":2}
blbsr/blue.config.ts: {"insertSpaces":true,"tabSize":2}
blbsr/pinia-orm-models/base-models/BaseNonConformance.ts: {"insertSpaces":true,"tabSize":2}
blbsr/pinia-orm-models/base-models/BaseNonConformance.ts: Using EditorConfig core...
pinia-orm-models/base-models/BaseNonConformance.ts: editor.action.trimTrailingWhitespace
blbsr/pinia-orm-models/base-models/BaseNonConformance.ts: {"insertSpaces":true,"tabSize":2}
blbsr/pinia-orm-models/base-models/BaseNonConformance.ts: {"insertSpaces":true,"tabSize":2}
blbsr/pinia-orm-models/base-models/BaseDepartment.ts: {"insertSpaces":true,"tabSize":2}
blbsr/pinia-orm-models/base-models/BaseNonConformance.ts: {"insertSpaces":true,"tabSize":2}
blbsr/pinia-orm-models/base-models/BaseUser.ts: {"insertSpaces":true,"tabSize":2}
blbsr/pinia-orm-models/base-models/BaseNonConformance.ts: {"insertSpaces":true,"tabSize":2}
blbsr/pinia-orm-models/base-models/BaseMaterial.ts: {"insertSpaces":true,"tabSize":2}
blbsr/pinia-orm-models/base-models/BaseDepartment.ts: {"insertSpaces":true,"tabSize":2}
blbsr/pinia-orm-models/base-models/BaseWorkstation.ts: {"insertSpaces":true,"tabSize":2}
blbsr/schemas/base_department.schema.json: {"insertSpaces":true,"tabSize":2}
blbsr/pinia-orm-models/base-models/BaseDepartment.ts: {"insertSpaces":true,"tabSize":2}
blbsr/pinia-orm-models/base-models/BaseDepartment.ts: {"insertSpaces":true,"tabSize":2}
blbsr/pinia-orm-models/base-models/BaseDepartment.ts: {"insertSpaces":true,"tabSize":2}
blbsr/pinia-orm-models/base-models/BaseDepartment.ts: {"insertSpaces":true,"tabSize":2}
blbsr/schemas/base_department.schema.json: {"insertSpaces":true,"tabSize":2}
blbsr/schemas/base_non_conformance.schema.json: {"insertSpaces":true,"tabSize":2}
blbsr/schemas/base_non_conformance.schema.json: {"insertSpaces":true,"tabSize":2}
blbsr/schemas/base_non_conformance.schema.json: {"insertSpaces":true,"tabSize":2}
blbsr/pinia-orm-models/base-models/BaseNonConformance.ts: {"insertSpaces":true,"tabSize":2}
blbsr/pinia-orm-models/base-models/BaseNonConformance.ts: {"insertSpaces":true,"tabSize":2}
blbsr/pinia-orm-models/base-models/BaseNonConformance.ts: {"insertSpaces":true,"tabSize":2}
No more open editors.
No more open editors.
No more open editors.
No more open editors.
No more open editors.
