2023-12-27 15:45:08.240 [info] Configuration changed
2023-12-27 15:45:08.385 [info] Configuration changed
2023-12-27 15:45:08.462 [info] Configuration changed
2023-12-27 15:45:08.605 [info] Configuration changed
2023-12-27 15:45:11.045 [info] Configuration changed
2023-12-27 15:46:02.905 [info] Configuration changed
2023-12-27 15:46:03.080 [info] Configuration changed
2023-12-27 15:46:03.269 [info] Configuration changed
2023-12-27 15:46:08.055 [info] Configuration changed
2023-12-27 15:46:20.147 [info] Configuration changed
2023-12-27 15:46:20.156 [info] Configuration changed
2023-12-27 15:46:20.166 [info] Configuration changed
2023-12-27 15:46:20.384 [info] Configuration changed
2023-12-27 15:46:24.102 [info] Active editor: file:///mnt/Kynthos%20Development/blbsr/app/main.py
2023-12-27 15:49:44.499 [info] /mnt/Kynthos Development/blbsr/app/main.py closed
2023-12-27 15:49:44.525 [info] Active editor: file:///mnt/Kynthos%20Development/blbsr/app/preprocessors/ncs.py
2023-12-27 15:49:44.542 [info] /mnt/Kynthos Development/blbsr/app/main.py.git closed
2023-12-27 15:49:56.522 [info] /mnt/Kynthos Development/blbsr/app/preprocessors/ncs.py closed
2023-12-27 15:49:56.549 [info] Active editor: file:///mnt/Kynthos%20Development/blbsr/app/main.py
2023-12-27 15:49:56.561 [info] /mnt/Kynthos Development/blbsr/app/preprocessors/ncs.py.git closed
