2023-12-23 09:59:47.807 [info] Log level: Info
2023-12-23 09:59:47.807 [info] Validating found git in: "git"
2023-12-23 09:59:47.807 [info] Using git "2.43.0" from "git"
2023-12-23 09:59:47.807 [info] > git rev-parse --show-toplevel [4ms]
2023-12-23 09:59:47.807 [info] > git rev-parse --git-dir --git-common-dir [56ms]
2023-12-23 09:59:47.807 [info] Open repository: /mnt/Kynthos Development/chrmndr
2023-12-23 09:59:47.844 [info] > git rev-parse --show-toplevel [14ms]
2023-12-23 09:59:47.844 [info] > git config --get commit.template [26ms]
2023-12-23 09:59:47.884 [info] > git rev-parse --show-toplevel [16ms]
2023-12-23 09:59:47.901 [info] > git for-each-ref --format=%(refname)%00%(upstream:short)%00%(objectname)%00%(upstream:track)%00%(upstream:remotename)%00%(upstream:remoteref) refs/heads/LCI refs/remotes/LCI [18ms]
2023-12-23 09:59:47.904 [info] > git rev-parse --show-toplevel [4ms]
2023-12-23 09:59:47.930 [info] > git rev-parse --show-toplevel [11ms]
2023-12-23 09:59:47.939 [info] > git status -z -uall [9ms]
2023-12-23 09:59:47.958 [info] > git rev-parse --show-toplevel [20ms]
2023-12-23 09:59:47.969 [info] > git config --get commit.template [13ms]
2023-12-23 09:59:47.971 [info] > git rev-parse --show-toplevel [3ms]
2023-12-23 09:59:47.997 [info] > git for-each-ref --format=%(refname)%00%(upstream:short)%00%(objectname)%00%(upstream:track)%00%(upstream:remotename)%00%(upstream:remoteref) refs/heads/LCI refs/remotes/LCI [6ms]
2023-12-23 09:59:48.008 [info] > git status -z -uall [4ms]
2023-12-23 09:59:48.294 [info] > git check-ignore -v -z --stdin [1ms]
2023-12-23 09:59:48.356 [info] > git show --textconv :chrmndr/models/card.py [11ms]
2023-12-23 09:59:48.357 [info] > git ls-files --stage -- /mnt/Kynthos Development/chrmndr/chrmndr/models/card.py [2ms]
2023-12-23 09:59:48.366 [info] > git cat-file -s b6f109a3e468990b3ef3c24025ca51a95aeb6474 [1ms]
2023-12-23 10:00:34.346 [info] > git for-each-ref --format=%(refname)%00%(upstream:short)%00%(objectname)%00%(upstream:track)%00%(upstream:remotename)%00%(upstream:remoteref) refs/heads/LCI refs/remotes/LCI [2ms]
2023-12-23 10:00:34.346 [info] > git config --get commit.template [9ms]
2023-12-23 10:00:34.355 [info] > git ls-files --stage -- /mnt/Kynthos Development/chrmndr/chrmndr/models/card.py [1ms]
2023-12-23 10:00:34.364 [info] > git cat-file -s b6f109a3e468990b3ef3c24025ca51a95aeb6474 [1ms]
2023-12-23 10:00:34.379 [info] > git status -z -uall [8ms]
2023-12-23 10:00:34.382 [info] > git show --textconv :chrmndr/models/card.py [4ms]
2023-12-23 10:03:36.057 [info] > git show --textconv :chrmndr/models/card.py [8ms]
2023-12-23 10:03:36.058 [info] > git ls-files --stage -- /mnt/Kynthos Development/chrmndr/chrmndr/models/card.py [1ms]
2023-12-23 10:03:36.063 [info] > git cat-file -s b6f109a3e468990b3ef3c24025ca51a95aeb6474 [0ms]
2023-12-23 11:30:02.283 [info] > git show --textconv :chrmndr/models/player.py [8ms]
2023-12-23 11:30:02.286 [info] > git ls-files --stage -- /mnt/Kynthos Development/chrmndr/chrmndr/models/player.py [2ms]
2023-12-23 11:30:02.295 [info] > git cat-file -s 283738e16b6afbb41bf2e850bc5600afca983e72 [1ms]
2023-12-23 11:30:04.711 [info] > git show --textconv :chrmndr/models/card.py [5ms]
2023-12-23 11:30:04.712 [info] > git ls-files --stage -- /mnt/Kynthos Development/chrmndr/chrmndr/models/card.py [1ms]
2023-12-23 11:30:04.717 [info] > git cat-file -s b6f109a3e468990b3ef3c24025ca51a95aeb6474 [1ms]
2023-12-23 11:30:06.265 [info] > git show --textconv :chrmndr/models/player.py [5ms]
2023-12-23 11:30:06.266 [info] > git ls-files --stage -- /mnt/Kynthos Development/chrmndr/chrmndr/models/player.py [1ms]
2023-12-23 11:30:06.271 [info] > git cat-file -s 283738e16b6afbb41bf2e850bc5600afca983e72 [1ms]
2023-12-23 11:30:06.627 [info] > git config --get commit.template [7ms]
2023-12-23 11:30:06.628 [info] > git for-each-ref --format=%(refname)%00%(upstream:short)%00%(objectname)%00%(upstream:track)%00%(upstream:remotename)%00%(upstream:remoteref) refs/heads/LCI refs/remotes/LCI [3ms]
2023-12-23 11:30:06.635 [info] > git status -z -uall [1ms]
2023-12-23 11:30:27.031 [info] > git show --textconv :chrmndr/models/card.py [5ms]
2023-12-23 11:30:27.031 [info] > git ls-files --stage -- /mnt/Kynthos Development/chrmndr/chrmndr/models/card.py [1ms]
2023-12-23 11:30:27.036 [info] > git cat-file -s b6f109a3e468990b3ef3c24025ca51a95aeb6474 [1ms]
2023-12-23 11:30:34.061 [info] > git show --textconv :chrmndr/models/player.py [5ms]
2023-12-23 11:30:34.062 [info] > git ls-files --stage -- /mnt/Kynthos Development/chrmndr/chrmndr/models/player.py [1ms]
2023-12-23 11:30:34.067 [info] > git cat-file -s 283738e16b6afbb41bf2e850bc5600afca983e72 [1ms]
2023-12-23 11:31:21.988 [info] > git for-each-ref --format=%(refname)%00%(upstream:short)%00%(objectname)%00%(upstream:track)%00%(upstream:remotename)%00%(upstream:remoteref) refs/heads/LCI refs/remotes/LCI [2ms]
2023-12-23 11:31:21.988 [info] > git config --get commit.template [7ms]
2023-12-23 11:31:21.996 [info] > git status -z -uall [1ms]
2023-12-23 11:31:23.198 [info] > git show --textconv :chrmndr/models/card.py [5ms]
2023-12-23 11:31:23.198 [info] > git ls-files --stage -- /mnt/Kynthos Development/chrmndr/chrmndr/models/card.py [1ms]
2023-12-23 11:31:23.210 [info] > git cat-file -s b6f109a3e468990b3ef3c24025ca51a95aeb6474 [8ms]
2023-12-23 11:31:33.683 [info] > git show --textconv :chrmndr/models/player.py [5ms]
2023-12-23 11:31:33.684 [info] > git ls-files --stage -- /mnt/Kynthos Development/chrmndr/chrmndr/models/player.py [1ms]
2023-12-23 11:31:33.689 [info] > git cat-file -s 283738e16b6afbb41bf2e850bc5600afca983e72 [1ms]
2023-12-23 11:31:36.543 [info] > git show --textconv :chrmndr/models/card.py [5ms]
2023-12-23 11:31:36.543 [info] > git ls-files --stage -- /mnt/Kynthos Development/chrmndr/chrmndr/models/card.py [0ms]
2023-12-23 11:31:36.548 [info] > git cat-file -s b6f109a3e468990b3ef3c24025ca51a95aeb6474 [0ms]
2023-12-23 11:36:01.107 [info] > git config --get commit.template [5ms]
2023-12-23 11:36:01.107 [info] > git for-each-ref --format=%(refname)%00%(upstream:short)%00%(objectname)%00%(upstream:track)%00%(upstream:remotename)%00%(upstream:remoteref) refs/heads/LCI refs/remotes/LCI [0ms]
2023-12-23 11:36:01.113 [info] > git status -z -uall [1ms]
2023-12-23 11:36:06.065 [info] > git show --textconv :chrmndr/engine/game.py [5ms]
2023-12-23 11:36:06.066 [info] > git ls-files --stage -- /mnt/Kynthos Development/chrmndr/chrmndr/engine/game.py [1ms]
2023-12-23 11:36:06.073 [info] > git cat-file -s 0615883b80b06fb1ddc6a1d67c873a51b97d2b9c [1ms]
2023-12-23 11:36:13.441 [info] > git show --textconv :chrmndr/models/card.py [7ms]
2023-12-23 11:36:13.441 [info] > git ls-files --stage -- /mnt/Kynthos Development/chrmndr/chrmndr/models/card.py [1ms]
2023-12-23 11:36:13.446 [info] > git cat-file -s b6f109a3e468990b3ef3c24025ca51a95aeb6474 [0ms]
2023-12-23 11:36:15.298 [info] > git show --textconv :chrmndr/main.py [7ms]
2023-12-23 11:36:15.300 [info] > git ls-files --stage -- /mnt/Kynthos Development/chrmndr/chrmndr/main.py [1ms]
2023-12-23 11:36:15.307 [info] > git cat-file -s a452a3e285e52bf7963ac8a1b7e7dbfadfae742a [1ms]
2023-12-23 11:36:43.793 [info] > git show --textconv :chrmndr/models/card.py [5ms]
2023-12-23 11:36:43.793 [info] > git ls-files --stage -- /mnt/Kynthos Development/chrmndr/chrmndr/models/card.py [1ms]
2023-12-23 11:36:43.798 [info] > git cat-file -s b6f109a3e468990b3ef3c24025ca51a95aeb6474 [0ms]
2023-12-23 11:36:45.839 [info] > git show --textconv :chrmndr/models/player.py [5ms]
2023-12-23 11:36:45.840 [info] > git ls-files --stage -- /mnt/Kynthos Development/chrmndr/chrmndr/models/player.py [1ms]
2023-12-23 11:36:45.845 [info] > git cat-file -s 283738e16b6afbb41bf2e850bc5600afca983e72 [1ms]
2023-12-23 11:37:00.891 [info] > git show --textconv :chrmndr/utils.py [7ms]
2023-12-23 11:37:00.891 [info] > git ls-files --stage -- /mnt/Kynthos Development/chrmndr/chrmndr/utils.py [1ms]
2023-12-23 11:37:00.897 [info] > git cat-file -s 34b78e8b4096aa011e8529665921e1958612017a [1ms]
2023-12-23 11:40:11.001 [info] > git config --get commit.template [1ms]
2023-12-23 11:40:11.006 [info] > git for-each-ref --format=%(refname)%00%(upstream:short)%00%(objectname)%00%(upstream:track)%00%(upstream:remotename)%00%(upstream:remoteref) refs/heads/LCI refs/remotes/LCI [1ms]
2023-12-23 11:40:11.012 [info] > git status -z -uall [1ms]
2023-12-23 11:41:03.999 [info] > git show --textconv :chrmndr/main.py [7ms]
2023-12-23 11:41:04.000 [info] > git ls-files --stage -- /mnt/Kynthos Development/chrmndr/chrmndr/main.py [1ms]
2023-12-23 11:41:04.005 [info] > git cat-file -s a452a3e285e52bf7963ac8a1b7e7dbfadfae742a [0ms]
2023-12-23 11:41:16.363 [info] > git show --textconv :chrmndr/utils.py [5ms]
2023-12-23 11:41:16.364 [info] > git ls-files --stage -- /mnt/Kynthos Development/chrmndr/chrmndr/utils.py [1ms]
2023-12-23 11:41:16.369 [info] > git cat-file -s 34b78e8b4096aa011e8529665921e1958612017a [1ms]
2023-12-23 11:41:28.044 [info] > git show --textconv :chrmndr/main.py [5ms]
2023-12-23 11:41:28.045 [info] > git ls-files --stage -- /mnt/Kynthos Development/chrmndr/chrmndr/main.py [1ms]
2023-12-23 11:41:28.050 [info] > git cat-file -s a452a3e285e52bf7963ac8a1b7e7dbfadfae742a [1ms]
2023-12-23 11:41:29.367 [info] > git show --textconv :chrmndr/utils.py [6ms]
2023-12-23 11:41:29.367 [info] > git ls-files --stage -- /mnt/Kynthos Development/chrmndr/chrmndr/utils.py [1ms]
2023-12-23 11:41:29.373 [info] > git cat-file -s 34b78e8b4096aa011e8529665921e1958612017a [0ms]
2023-12-23 11:41:34.480 [info] > git check-ignore -v -z --stdin [1ms]
2023-12-23 11:41:36.115 [info] > git show --textconv :chrmndr/assets/plains.json [7ms]
2023-12-23 11:41:36.115 [info] > git ls-files --stage -- /mnt/Kynthos Development/chrmndr/chrmndr/assets/plains.json [1ms]
2023-12-23 11:41:36.121 [info] > git cat-file -s ddd81437ff57c272737967fed6edee2a7cfd1f7f [1ms]
2023-12-23 11:41:41.851 [info] > git show --textconv :chrmndr/utils.py [6ms]
2023-12-23 11:41:41.851 [info] > git ls-files --stage -- /mnt/Kynthos Development/chrmndr/chrmndr/utils.py [1ms]
2023-12-23 11:41:41.857 [info] > git cat-file -s 34b78e8b4096aa011e8529665921e1958612017a [1ms]
2023-12-23 11:42:37.608 [info] > git config --get commit.template [5ms]
2023-12-23 11:42:37.608 [info] > git for-each-ref --format=%(refname)%00%(upstream:short)%00%(objectname)%00%(upstream:track)%00%(upstream:remotename)%00%(upstream:remoteref) refs/heads/LCI refs/remotes/LCI [1ms]
2023-12-23 11:42:37.614 [info] > git status -z -uall [1ms]
2023-12-23 11:42:44.999 [info] > git show --textconv :chrmndr/models/card.py [5ms]
2023-12-23 11:42:44.999 [info] > git ls-files --stage -- /mnt/Kynthos Development/chrmndr/chrmndr/models/card.py [1ms]
2023-12-23 11:42:45.004 [info] > git cat-file -s b6f109a3e468990b3ef3c24025ca51a95aeb6474 [0ms]
2023-12-23 11:43:15.071 [info] > git show --textconv :tests/test_player.py [7ms]
2023-12-23 11:43:15.072 [info] > git ls-files --stage -- /mnt/Kynthos Development/chrmndr/tests/test_player.py [2ms]
2023-12-23 11:43:15.080 [info] > git cat-file -s 0afec4f850396d87bff4fa834fc94ec05b5c7398 [1ms]
2023-12-23 11:43:24.474 [info] > git show --textconv :chrmndr/models/card.py [5ms]
2023-12-23 11:43:24.475 [info] > git ls-files --stage -- /mnt/Kynthos Development/chrmndr/chrmndr/models/card.py [1ms]
2023-12-23 11:43:24.480 [info] > git cat-file -s b6f109a3e468990b3ef3c24025ca51a95aeb6474 [1ms]
