2023-12-27 15:45:06.377 [info] Added views:workbench.panel.markers.view in workbench.panel.markers
2023-12-27 15:45:06.377 [info] Added views:workbench.panel.output in workbench.panel.output
2023-12-27 15:45:06.377 [info] Added views:terminal in terminal
2023-12-27 15:45:06.377 [info] Added views:outline in workbench.view.explorer
2023-12-27 15:45:06.377 [info] Added views:workbench.scm in workbench.view.scm
2023-12-27 15:45:06.377 [info] Added views:workbench.view.search in workbench.view.search
2023-12-27 15:45:06.377 [info] Added views:timeline in workbench.view.explorer
2023-12-27 15:45:06.377 [info] Added views:workbench.explorer.fileView in workbench.view.explorer
2023-12-27 15:45:06.613 [info] Added views:workbench.debug.welcome in workbench.view.debug
2023-12-27 15:45:06.947 [info] Added views:workbench.panel.repl.view in workbench.panel.repl
2023-12-27 15:45:07.418 [info] Added views:workbench.view.testing in workbench.view.extension.test
2023-12-27 15:45:07.909 [info] Added views:~remote.forwardedPorts in ~remote.forwardedPortsContainer
2023-12-27 15:45:10.123 [info] Removed views:workbench.view.testing from workbench.view.extension.test
2023-12-27 15:45:10.462 [info] Added views:workbench.panel.markers.view in workbench.panel.markers
2023-12-27 15:45:10.462 [info] Added views:workbench.panel.output in workbench.panel.output
2023-12-27 15:45:10.462 [info] Added views:terminal in terminal
2023-12-27 15:45:10.462 [info] Added views:outline in workbench.view.explorer
2023-12-27 15:45:10.462 [info] Added views:workbench.scm in workbench.view.scm
2023-12-27 15:45:10.462 [info] Added views:workbench.view.search in workbench.view.search
2023-12-27 15:45:10.462 [info] Added views:timeline in workbench.view.explorer
2023-12-27 15:45:10.462 [info] Added views:workbench.explorer.emptyView in workbench.view.explorer
2023-12-27 15:45:10.763 [info] Added views:workbench.debug.variablesView,workbench.debug.watchExpressionsView,workbench.debug.callStackView,workbench.debug.breakPointsView in workbench.view.debug
2023-12-27 15:45:10.812 [info] Added views:workbench.panel.repl.view in workbench.panel.repl
2023-12-27 15:45:10.813 [info] Removed views:workbench.debug.breakPointsView,workbench.debug.callStackView,workbench.debug.watchExpressionsView,workbench.debug.variablesView from workbench.view.debug
2023-12-27 15:45:10.813 [info] Added views:workbench.debug.welcome in workbench.view.debug
2023-12-27 15:45:10.849 [info] Added views:~remote.forwardedPorts in ~remote.forwardedPortsContainer
2023-12-27 15:46:01.229 [info] Added views:workbench.panel.markers.view in workbench.panel.markers
2023-12-27 15:46:01.229 [info] Added views:workbench.panel.output in workbench.panel.output
2023-12-27 15:46:01.229 [info] Added views:terminal in terminal
2023-12-27 15:46:01.229 [info] Added views:outline in workbench.view.explorer
2023-12-27 15:46:01.229 [info] Added views:workbench.scm in workbench.view.scm
2023-12-27 15:46:01.229 [info] Added views:workbench.view.search in workbench.view.search
2023-12-27 15:46:01.229 [info] Added views:timeline in workbench.view.explorer
2023-12-27 15:46:01.229 [info] Added views:workbench.explorer.fileView in workbench.view.explorer
2023-12-27 15:46:01.368 [info] Added views:workbench.debug.welcome in workbench.view.debug
2023-12-27 15:46:01.666 [info] Added views:workbench.panel.repl.view in workbench.panel.repl
2023-12-27 15:46:02.147 [info] Added views:workbench.view.testing in workbench.view.extension.test
2023-12-27 15:46:02.450 [info] Added views:~remote.forwardedPorts in ~remote.forwardedPortsContainer
2023-12-27 15:46:07.193 [info] Removed views:workbench.view.testing from workbench.view.extension.test
2023-12-27 15:46:07.513 [info] Added views:workbench.panel.markers.view in workbench.panel.markers
2023-12-27 15:46:07.513 [info] Added views:workbench.panel.output in workbench.panel.output
2023-12-27 15:46:07.513 [info] Added views:terminal in terminal
2023-12-27 15:46:07.513 [info] Added views:outline in workbench.view.explorer
2023-12-27 15:46:07.513 [info] Added views:workbench.scm in workbench.view.scm
2023-12-27 15:46:07.513 [info] Added views:workbench.view.search in workbench.view.search
2023-12-27 15:46:07.513 [info] Added views:timeline in workbench.view.explorer
2023-12-27 15:46:07.513 [info] Added views:workbench.explorer.emptyView in workbench.view.explorer
2023-12-27 15:46:07.811 [info] Added views:workbench.debug.variablesView,workbench.debug.watchExpressionsView,workbench.debug.callStackView,workbench.debug.breakPointsView in workbench.view.debug
2023-12-27 15:46:07.849 [info] Added views:workbench.panel.repl.view in workbench.panel.repl
2023-12-27 15:46:07.850 [info] Removed views:workbench.debug.breakPointsView,workbench.debug.callStackView,workbench.debug.watchExpressionsView,workbench.debug.variablesView from workbench.view.debug
2023-12-27 15:46:07.851 [info] Added views:workbench.debug.welcome in workbench.view.debug
2023-12-27 15:46:07.882 [info] Added views:~remote.forwardedPorts in ~remote.forwardedPortsContainer
2023-12-27 15:46:19.132 [info] Added views:workbench.panel.markers.view in workbench.panel.markers
2023-12-27 15:46:19.132 [info] Added views:workbench.panel.output in workbench.panel.output
2023-12-27 15:46:19.132 [info] Added views:terminal in terminal
2023-12-27 15:46:19.132 [info] Added views:outline in workbench.view.explorer
2023-12-27 15:46:19.132 [info] Added views:workbench.scm in workbench.view.scm
2023-12-27 15:46:19.132 [info] Added views:workbench.view.search in workbench.view.search
2023-12-27 15:46:19.132 [info] Added views:timeline in workbench.view.explorer
2023-12-27 15:46:19.132 [info] Added views:workbench.explorer.fileView in workbench.view.explorer
2023-12-27 15:46:19.476 [info] Added views:workbench.debug.welcome in workbench.view.debug
2023-12-27 15:46:19.508 [info] Added views:workbench.panel.repl.view in workbench.panel.repl
2023-12-27 15:46:19.715 [info] Added views:workbench.view.testing in workbench.view.extension.test
2023-12-27 15:46:20.095 [info] Added views:~remote.forwardedPorts in ~remote.forwardedPortsContainer
2023-12-27 22:24:06.839 [info] Removed views:workbench.view.testing from workbench.view.extension.test
