2024-01-02 12:55:42.095 [info] Log level: Info
2024-01-02 12:55:42.095 [info] Validating found git in: "git"
2024-01-02 12:55:42.095 [info] Using git "2.43.0" from "git"
2024-01-02 12:55:42.098 [info] > git rev-parse --show-toplevel [22ms]
2024-01-02 12:55:42.108 [info] > git rev-parse --git-dir --git-common-dir [1ms]
2024-01-02 12:55:42.114 [info] Open repository: /mnt/Kynthos Development/blbsr
2024-01-02 12:55:42.141 [info] > git rev-parse --show-toplevel [8ms]
2024-01-02 12:55:42.142 [info] > git config --get commit.template [17ms]
2024-01-02 12:55:42.273 [info] > git rev-parse --show-toplevel [41ms]
2024-01-02 12:55:42.291 [info] > git rev-parse --show-toplevel [9ms]
2024-01-02 12:55:42.310 [info] > git for-each-ref --format=%(refname)%00%(upstream:short)%00%(objectname)%00%(upstream:track)%00%(upstream:remotename)%00%(upstream:remoteref) refs/heads/main refs/remotes/main [42ms]
2024-01-02 12:55:42.311 [info] > git rev-parse --show-toplevel [5ms]
2024-01-02 12:55:42.342 [info] > git status -z -uall [16ms]
2024-01-02 12:55:42.358 [info] > git config --get commit.template [1ms]
2024-01-02 12:55:42.367 [info] > git for-each-ref --format=%(refname)%00%(upstream:short)%00%(objectname)%00%(upstream:track)%00%(upstream:remotename)%00%(upstream:remoteref) refs/heads/main refs/remotes/main [1ms]
2024-01-02 12:55:42.381 [info] > git status -z -uall [1ms]
2024-01-02 12:55:42.629 [info] > git show --textconv :app/main.py [13ms]
2024-01-02 12:55:42.631 [info] > git ls-files --stage -- /mnt/Kynthos Development/blbsr/app/main.py [3ms]
2024-01-02 12:55:42.642 [info] > git cat-file -s ba4d95ee964da2bc036a10bc0b60de099e890f93 [2ms]
2024-01-02 12:55:42.737 [info] > git check-ignore -v -z --stdin [1ms]
2024-01-02 12:55:46.025 [info] > git config --get commit.template [5ms]
2024-01-02 12:55:46.025 [info] > git for-each-ref --format=%(refname)%00%(upstream:short)%00%(objectname)%00%(upstream:track)%00%(upstream:remotename)%00%(upstream:remoteref) refs/heads/main refs/remotes/main [1ms]
2024-01-02 12:55:46.031 [info] > git status -z -uall [1ms]
2024-01-02 12:55:46.120 [info] > git ls-files --stage -- /mnt/Kynthos Development/blbsr/app/main.py [1ms]
2024-01-02 12:55:46.125 [info] > git cat-file -s ba4d95ee964da2bc036a10bc0b60de099e890f93 [1ms]
2024-01-02 12:55:46.132 [info] > git show --textconv :app/main.py [1ms]
2024-01-02 12:56:15.491 [info] > git ls-files --stage -- /mnt/Kynthos Development/blbsr/.gitignore [0ms]
2024-01-02 12:56:15.502 [info] > git show --textconv :.gitignore [16ms]
2024-01-02 12:56:15.503 [info] > git cat-file -s 4216427915b47dea5fd4d81787411b0842108f13 [9ms]
2024-01-02 12:56:18.596 [info] > git check-ignore -v -z --stdin [1ms]
2024-01-02 14:04:57.768 [info] > git check-ignore -v -z --stdin [1ms]
2024-01-02 14:04:58.342 [info] > git config --get commit.template [5ms]
2024-01-02 14:04:58.342 [info] > git for-each-ref --format=%(refname)%00%(upstream:short)%00%(objectname)%00%(upstream:track)%00%(upstream:remotename)%00%(upstream:remoteref) refs/heads/main refs/remotes/main [1ms]
2024-01-02 14:04:58.348 [info] > git status -z -uall [1ms]
2024-01-02 14:05:14.369 [info] > git check-ignore -v -z --stdin [1ms]
2024-01-02 14:05:15.036 [info] > git config --get commit.template [5ms]
2024-01-02 14:05:15.036 [info] > git for-each-ref --format=%(refname)%00%(upstream:short)%00%(objectname)%00%(upstream:track)%00%(upstream:remotename)%00%(upstream:remoteref) refs/heads/main refs/remotes/main [1ms]
2024-01-02 14:05:15.042 [info] > git status -z -uall [1ms]
2024-01-02 14:05:16.568 [info] > git check-ignore -v -z --stdin [1ms]
2024-01-02 14:05:35.595 [info] > git config --get commit.template [4ms]
2024-01-02 14:05:35.596 [info] > git for-each-ref --format=%(refname)%00%(upstream:short)%00%(objectname)%00%(upstream:track)%00%(upstream:remotename)%00%(upstream:remoteref) refs/heads/main refs/remotes/main [1ms]
2024-01-02 14:05:35.601 [info] > git status -z -uall [1ms]
2024-01-02 14:06:31.133 [info] > git config --get commit.template [4ms]
2024-01-02 14:06:31.133 [info] > git for-each-ref --format=%(refname)%00%(upstream:short)%00%(objectname)%00%(upstream:track)%00%(upstream:remotename)%00%(upstream:remoteref) refs/heads/main refs/remotes/main [1ms]
2024-01-02 14:06:31.138 [info] > git status -z -uall [1ms]
2024-01-02 14:07:30.952 [info] > git config --get commit.template [5ms]
2024-01-02 14:07:30.952 [info] > git for-each-ref --format=%(refname)%00%(upstream:short)%00%(objectname)%00%(upstream:track)%00%(upstream:remotename)%00%(upstream:remoteref) refs/heads/main refs/remotes/main [0ms]
2024-01-02 14:07:30.957 [info] > git status -z -uall [0ms]
2024-01-02 14:07:35.970 [info] > git config --get commit.template [5ms]
2024-01-02 14:07:35.971 [info] > git for-each-ref --format=%(refname)%00%(upstream:short)%00%(objectname)%00%(upstream:track)%00%(upstream:remotename)%00%(upstream:remoteref) refs/heads/main refs/remotes/main [1ms]
2024-01-02 14:07:35.976 [info] > git status -z -uall [1ms]
2024-01-02 14:08:32.785 [info] > git config --get commit.template [5ms]
2024-01-02 14:08:32.785 [info] > git for-each-ref --format=%(refname)%00%(upstream:short)%00%(objectname)%00%(upstream:track)%00%(upstream:remotename)%00%(upstream:remoteref) refs/heads/main refs/remotes/main [0ms]
2024-01-02 14:08:32.792 [info] > git status -z -uall [1ms]
2024-01-02 14:08:52.326 [info] > git check-ignore -v -z --stdin [1ms]
2024-01-02 14:08:54.547 [info] > git show --textconv :backend/app/main.py [10ms]
2024-01-02 14:08:54.548 [info] > git ls-files --stage -- /mnt/Kynthos Development/blbsr/backend/app/main.py [2ms]
2024-01-02 14:09:26.142 [info] > git config --get commit.template [5ms]
2024-01-02 14:09:26.142 [info] > git for-each-ref --format=%(refname)%00%(upstream:short)%00%(objectname)%00%(upstream:track)%00%(upstream:remotename)%00%(upstream:remoteref) refs/heads/main refs/remotes/main [1ms]
2024-01-02 14:09:26.148 [info] > git status -z -uall [1ms]
2024-01-02 14:09:37.137 [info] > git config --get commit.template [1ms]
2024-01-02 14:09:37.142 [info] > git for-each-ref --format=%(refname)%00%(upstream:short)%00%(objectname)%00%(upstream:track)%00%(upstream:remotename)%00%(upstream:remoteref) refs/heads/main refs/remotes/main [1ms]
2024-01-02 14:09:37.148 [info] > git status -z -uall [1ms]
2024-01-02 14:10:08.301 [info] > git config --get commit.template [1ms]
2024-01-02 14:10:08.306 [info] > git for-each-ref --format=%(refname)%00%(upstream:short)%00%(objectname)%00%(upstream:track)%00%(upstream:remotename)%00%(upstream:remoteref) refs/heads/main refs/remotes/main [1ms]
2024-01-02 14:10:08.313 [info] > git status -z -uall [1ms]
2024-01-02 14:10:13.326 [info] > git config --get commit.template [4ms]
2024-01-02 14:10:13.326 [info] > git for-each-ref --format=%(refname)%00%(upstream:short)%00%(objectname)%00%(upstream:track)%00%(upstream:remotename)%00%(upstream:remoteref) refs/heads/main refs/remotes/main [0ms]
2024-01-02 14:10:13.332 [info] > git status -z -uall [1ms]
2024-01-02 14:13:05.662 [info] > git config --get commit.template [5ms]
2024-01-02 14:13:05.663 [info] > git for-each-ref --format=%(refname)%00%(upstream:short)%00%(objectname)%00%(upstream:track)%00%(upstream:remotename)%00%(upstream:remoteref) refs/heads/main refs/remotes/main [1ms]
2024-01-02 14:13:05.668 [info] > git status -z -uall [1ms]
2024-01-02 14:15:18.519 [info] > git show --textconv :backend/.gitignore [5ms]
2024-01-02 14:15:18.520 [info] > git ls-files --stage -- /mnt/Kynthos Development/blbsr/backend/.gitignore [1ms]
2024-01-02 14:15:25.533 [info] > git show --textconv :.gitignore [5ms]
2024-01-02 14:15:25.535 [info] > git ls-files --stage -- /mnt/Kynthos Development/blbsr/.gitignore [2ms]
2024-01-02 14:15:25.541 [info] > git cat-file -s 4216427915b47dea5fd4d81787411b0842108f13 [1ms]
2024-01-02 14:15:26.374 [info] > git config --get commit.template [4ms]
2024-01-02 14:15:26.374 [info] > git for-each-ref --format=%(refname)%00%(upstream:short)%00%(objectname)%00%(upstream:track)%00%(upstream:remotename)%00%(upstream:remoteref) refs/heads/main refs/remotes/main [0ms]
2024-01-02 14:15:26.379 [info] > git status -z -uall [1ms]
2024-01-02 14:15:45.131 [info] > git show --textconv :backend/.gitignore [4ms]
2024-01-02 14:15:45.132 [info] > git ls-files --stage -- /mnt/Kynthos Development/blbsr/backend/.gitignore [1ms]
2024-01-02 14:15:45.958 [info] > git config --get commit.template [5ms]
2024-01-02 14:15:45.959 [info] > git for-each-ref --format=%(refname)%00%(upstream:short)%00%(objectname)%00%(upstream:track)%00%(upstream:remotename)%00%(upstream:remoteref) refs/heads/main refs/remotes/main [1ms]
2024-01-02 14:15:45.964 [info] > git status -z -uall [1ms]
2024-01-02 14:17:42.706 [info] > git check-ignore -v -z --stdin [1ms]
2024-01-02 14:17:43.276 [info] > git config --get commit.template [5ms]
2024-01-02 14:17:43.276 [info] > git for-each-ref --format=%(refname)%00%(upstream:short)%00%(objectname)%00%(upstream:track)%00%(upstream:remotename)%00%(upstream:remoteref) refs/heads/main refs/remotes/main [1ms]
2024-01-02 14:17:43.281 [info] > git status -z -uall [1ms]
2024-01-02 14:18:27.215 [info] > git config --get commit.template [4ms]
2024-01-02 14:18:27.216 [info] > git for-each-ref --format=%(refname)%00%(upstream:short)%00%(objectname)%00%(upstream:track)%00%(upstream:remotename)%00%(upstream:remoteref) refs/heads/main refs/remotes/main [0ms]
2024-01-02 14:18:27.220 [info] > git status -z -uall [1ms]
2024-01-02 14:18:31.177 [info] > git check-ignore -v -z --stdin [1ms]
2024-01-02 14:18:52.703 [info] > git show --textconv :frontend/.gitignore [5ms]
2024-01-02 14:18:52.703 [info] > git ls-files --stage -- /mnt/Kynthos Development/blbsr/frontend/.gitignore [1ms]
2024-01-02 14:19:04.871 [info] > git merge-base refs/heads/main refs/remotes/origin/main [12ms]
2024-01-02 14:19:04.955 [info] > git rev-list --count --left-right refs/heads/main...refs/remotes/origin/main [68ms]
2024-01-02 14:19:05.349 [info] > git check-ignore -v -z --stdin [1ms]
2024-01-02 14:20:32.946 [info] > git check-ignore -v -z --stdin [1ms]
2024-01-02 14:20:33.627 [info] > git show --textconv :frontend/.vscode/extensions.json [7ms]
2024-01-02 14:20:33.628 [info] > git ls-files --stage -- /mnt/Kynthos Development/blbsr/frontend/.vscode/extensions.json [1ms]
2024-01-02 14:21:07.704 [info] > git check-ignore -v -z --stdin [0ms]
2024-01-02 14:21:09.053 [info] > git check-ignore -v -z --stdin [0ms]
2024-01-02 14:23:26.603 [info] > git check-ignore -v -z --stdin [1ms]
2024-01-02 14:23:36.931 [info] > git show --textconv :frontend/pnpm-lock.yaml [7ms]
2024-01-02 14:23:36.932 [info] > git ls-files --stage -- /mnt/Kynthos Development/blbsr/frontend/pnpm-lock.yaml [2ms]
2024-01-02 14:23:44.806 [info] > git show --textconv :frontend/package.json [9ms]
2024-01-02 14:23:44.807 [info] > git ls-files --stage -- /mnt/Kynthos Development/blbsr/frontend/package.json [1ms]
2024-01-02 14:25:39.656 [info] > git show --textconv :_frontend/package.json [7ms]
2024-01-02 14:25:39.657 [info] > git ls-files --stage -- /mnt/Kynthos Development/blbsr/_frontend/package.json [2ms]
2024-01-02 14:25:39.997 [info] > git check-ignore -v -z --stdin [1ms]
2024-01-02 14:25:40.503 [info] > git config --get commit.template [6ms]
2024-01-02 14:25:40.504 [info] > git for-each-ref --format=%(refname)%00%(upstream:short)%00%(objectname)%00%(upstream:track)%00%(upstream:remotename)%00%(upstream:remoteref) refs/heads/main refs/remotes/main [1ms]
2024-01-02 14:25:40.510 [info] > git status -z -uall [1ms]
2024-01-02 14:35:07.224 [info] > git show --textconv :backend/.gitignore [6ms]
2024-01-02 14:35:07.225 [info] > git ls-files --stage -- /mnt/Kynthos Development/blbsr/backend/.gitignore [1ms]
2024-01-02 14:35:08.343 [info] > git show --textconv :backend/poetry.lock [6ms]
2024-01-02 14:35:08.343 [info] > git ls-files --stage -- /mnt/Kynthos Development/blbsr/backend/poetry.lock [1ms]
2024-01-02 14:35:09.860 [info] > git show --textconv :backend/pyproject.toml [6ms]
2024-01-02 14:35:09.861 [info] > git ls-files --stage -- /mnt/Kynthos Development/blbsr/backend/pyproject.toml [1ms]
2024-01-02 14:37:46.389 [info] > git config --get commit.template [5ms]
2024-01-02 14:37:46.390 [info] > git for-each-ref --format=%(refname)%00%(upstream:short)%00%(objectname)%00%(upstream:track)%00%(upstream:remotename)%00%(upstream:remoteref) refs/heads/main refs/remotes/main [0ms]
2024-01-02 14:37:46.396 [info] > git status -z -uall [1ms]
2024-01-02 14:38:04.470 [info] > git config --get commit.template [5ms]
2024-01-02 14:38:04.471 [info] > git for-each-ref --format=%(refname)%00%(upstream:short)%00%(objectname)%00%(upstream:track)%00%(upstream:remotename)%00%(upstream:remoteref) refs/heads/main refs/remotes/main [1ms]
2024-01-02 14:38:04.477 [info] > git status -z -uall [2ms]
2024-01-02 14:38:14.325 [info] > git config --get commit.template [5ms]
2024-01-02 14:38:14.325 [info] > git for-each-ref --format=%(refname)%00%(upstream:short)%00%(objectname)%00%(upstream:track)%00%(upstream:remotename)%00%(upstream:remoteref) refs/heads/main refs/remotes/main [0ms]
2024-01-02 14:38:14.332 [info] > git status -z -uall [2ms]
2024-01-02 14:40:45.649 [info] > git check-ignore -v -z --stdin [1ms]
2024-01-02 14:42:06.293 [warning] ENOENT: no such file or directory, open '/mnt/Kynthos Development/blbsr/.git/HEAD'
2024-01-02 14:42:06.297 [warning] getRemotes() - ENOENT: no such file or directory, open '/mnt/Kynthos Development/blbsr/.git/config'
2024-01-02 14:42:06.302 [info] > git remote --verbose [5ms]
2024-01-02 14:42:06.302 [info] fatal: not a git repository (or any parent up to mount point /)
Stopping at filesystem boundary (GIT_DISCOVERY_ACROSS_FILESYSTEM not set).
2024-01-02 14:42:06.305 [info] > git symbolic-ref --short HEAD [12ms]
2024-01-02 14:42:06.305 [info] fatal: not a git repository (or any parent up to mount point /)
Stopping at filesystem boundary (GIT_DISCOVERY_ACROSS_FILESYSTEM not set).
2024-01-02 14:42:06.319 [warning] ENOENT: no such file or directory, open '/mnt/Kynthos Development/blbsr/.git/HEAD'
2024-01-02 14:42:06.323 [warning] getRemotes() - ENOENT: no such file or directory, open '/mnt/Kynthos Development/blbsr/.git/config'
2024-01-02 14:42:06.329 [info] > git config --get commit.template [27ms]
2024-01-02 14:42:06.330 [info] > git config --get commit.template [1ms]
2024-01-02 14:42:06.330 [info] > git remote --verbose [7ms]
2024-01-02 14:42:06.330 [info] fatal: not a git repository (or any parent up to mount point /)
Stopping at filesystem boundary (GIT_DISCOVERY_ACROSS_FILESYSTEM not set).
2024-01-02 14:42:06.330 [info] > git symbolic-ref --short HEAD [11ms]
2024-01-02 14:42:06.330 [info] fatal: not a git repository (or any parent up to mount point /)
Stopping at filesystem boundary (GIT_DISCOVERY_ACROSS_FILESYSTEM not set).
2024-01-02 14:42:06.335 [info] > git rev-parse HEAD [22ms]
2024-01-02 14:42:06.335 [info] fatal: not a git repository (or any parent up to mount point /)
Stopping at filesystem boundary (GIT_DISCOVERY_ACROSS_FILESYSTEM not set).
2024-01-02 14:42:06.335 [info] > git rev-parse HEAD [0ms]
2024-01-02 14:42:06.335 [info] fatal: not a git repository (or any parent up to mount point /)
Stopping at filesystem boundary (GIT_DISCOVERY_ACROSS_FILESYSTEM not set).
2024-01-02 14:55:05.687 [info] > git rev-parse --show-toplevel [1ms]
2024-01-02 14:55:05.687 [info] fatal: not a git repository (or any parent up to mount point /)
Stopping at filesystem boundary (GIT_DISCOVERY_ACROSS_FILESYSTEM not set).
2024-01-02 14:55:05.693 [info] > git rev-parse --show-toplevel [0ms]
2024-01-02 14:55:05.693 [info] fatal: not a git repository (or any parent up to mount point /)
Stopping at filesystem boundary (GIT_DISCOVERY_ACROSS_FILESYSTEM not set).
2024-01-02 14:55:19.615 [warning] Failed to get repository realpath for: "/mnt/Kynthos Development/blbsr/src/backend/.venv/". Error: ENOENT: no such file or directory, realpath '/mnt/Kynthos Development/blbsr/src/backend/.venv/'
2024-01-02 14:59:17.556 [info] > git rev-parse --show-toplevel [1ms]
2024-01-02 14:59:17.556 [info] fatal: not a git repository (or any parent up to mount point /)
Stopping at filesystem boundary (GIT_DISCOVERY_ACROSS_FILESYSTEM not set).
2024-01-02 15:04:51.999 [info] > git rev-parse --show-toplevel [0ms]
2024-01-02 15:04:51.999 [info] fatal: not a git repository (or any parent up to mount point /)
Stopping at filesystem boundary (GIT_DISCOVERY_ACROSS_FILESYSTEM not set).
2024-01-02 15:04:52.004 [info] > git rev-parse --show-toplevel [1ms]
2024-01-02 15:04:52.004 [info] fatal: not a git repository (or any parent up to mount point /)
Stopping at filesystem boundary (GIT_DISCOVERY_ACROSS_FILESYSTEM not set).
2024-01-02 15:05:28.755 [info] > git rev-parse --show-toplevel [0ms]
2024-01-02 15:05:28.756 [info] fatal: not a git repository (or any parent up to mount point /)
Stopping at filesystem boundary (GIT_DISCOVERY_ACROSS_FILESYSTEM not set).
2024-01-02 15:05:28.761 [info] > git rev-parse --show-toplevel [1ms]
2024-01-02 15:05:28.761 [info] fatal: not a git repository (or any parent up to mount point /)
Stopping at filesystem boundary (GIT_DISCOVERY_ACROSS_FILESYSTEM not set).
2024-01-02 15:05:32.614 [info] > git rev-parse --show-toplevel [1ms]
2024-01-02 15:05:32.614 [info] fatal: not a git repository (or any parent up to mount point /)
Stopping at filesystem boundary (GIT_DISCOVERY_ACROSS_FILESYSTEM not set).
2024-01-02 15:05:33.167 [info] > git rev-parse --show-toplevel [1ms]
2024-01-02 15:05:33.167 [info] fatal: not a git repository (or any parent up to mount point /)
Stopping at filesystem boundary (GIT_DISCOVERY_ACROSS_FILESYSTEM not set).
2024-01-02 15:05:54.355 [info] > git rev-parse --show-toplevel [1ms]
2024-01-02 15:05:54.355 [info] fatal: not a git repository (or any parent up to mount point /)
Stopping at filesystem boundary (GIT_DISCOVERY_ACROSS_FILESYSTEM not set).
