Initializing document watcher...
blbsr/.env: {"insertSpaces":true,"tabSize":2}
blbsr/.env: {"insertSpaces":true,"tabSize":2}
blbsr/.env: {"insertSpaces":true,"tabSize":2}
blbsr/.env: Using EditorConfig core...
.env: editor.action.trimTrailingWhitespace
No more open editors.
No more open editors.
blbsr/.env: {"insertSpaces":true,"tabSize":2}
blbsr/.env: Using EditorConfig core...
.env: editor.action.trimTrailingWhitespace
.env: insertFinalNewline(LF)
No more open editors.
No more open editors.
blbsr/pinia-orm-models/NonConformance.ts: {"insertSpaces":true,"tabSize":2}
No more open editors.
No more open editors.
No more open editors.
blbsr/pinia-orm-models/NonConformance.ts: {"insertSpaces":true,"tabSize":2}
No more open editors.
No more open editors.
blbsr/pinia-orm-models/Material.ts: {"insertSpaces":true,"tabSize":2}
blbsr/pinia-orm-models/Material.ts: {"insertSpaces":true,"tabSize":2}
blbsr/pinia-orm-models/Material.ts: {"insertSpaces":true,"tabSize":2}
blbsr/pinia-orm-models/Material.ts: {"insertSpaces":true,"tabSize":2}
blbsr/pinia-orm-models/Material.ts: {"insertSpaces":true,"tabSize":2}
blbsr/pinia-orm-models/NonConformance.ts: {"insertSpaces":true,"tabSize":2}
blbsr/pinia-orm-models/Classification.ts: {"insertSpaces":true,"tabSize":2}
blbsr/pinia-orm-models/Classification.ts: {"insertSpaces":true,"tabSize":2}
blbsr/pinia-orm-models/Classification.ts: {"insertSpaces":true,"tabSize":2}
blbsr/pinia-orm-models/User.ts: {"insertSpaces":true,"tabSize":2}
blbsr/pinia-orm-models/Uom.ts: {"insertSpaces":true,"tabSize":2}
blbsr/pinia-orm-models/SubCategory.ts: {"insertSpaces":true,"tabSize":2}
blbsr/pinia-orm-models/Status.ts: {"insertSpaces":true,"tabSize":2}
blbsr/pinia-orm-models/RiskRating.ts: {"insertSpaces":true,"tabSize":2}
blbsr/pinia-orm-models/Order.ts: {"insertSpaces":true,"tabSize":2}
blbsr/pinia-orm-models/Order.ts: {"insertSpaces":true,"tabSize":2}
blbsr/pinia-orm-models/Order.ts: {"insertSpaces":true,"tabSize":2}
No more open editors.
No more open editors.
blbsr/blue.config.ts: {"insertSpaces":true,"tabSize":2}
blbsr/blue.config.ts: Using EditorConfig core...
blue.config.ts: editor.action.trimTrailingWhitespace
No more open editors.
No more open editors.
No more open editors.
blbsr/blue.config.ts: {"insertSpaces":true,"tabSize":2}
blbsr/blue.config.ts: Using EditorConfig core...
blue.config.ts: editor.action.trimTrailingWhitespace
blbsr/schemas/user.schema.json: {"insertSpaces":true,"tabSize":2}
blbsr/scripts/createEmptyFile.ts: {"insertSpaces":true,"tabSize":2}
blbsr/scripts/generate.ts: {"insertSpaces":true,"tabSize":2}
blbsr/scripts/generate.ts: {"insertSpaces":true,"tabSize":2}
blbsr/scripts/generate.ts: Using EditorConfig core...
scripts/generate.ts: editor.action.trimTrailingWhitespace
blbsr/blue.config.ts: {"insertSpaces":true,"tabSize":2}
blbsr/scripts/generate.ts: {"insertSpaces":true,"tabSize":2}
blbsr/scripts/generate.ts: Using EditorConfig core...
scripts/generate.ts: editor.action.trimTrailingWhitespace
blbsr/blue.config.ts: {"insertSpaces":true,"tabSize":2}
No more open editors.
blbsr/pinia-orm-models/base/BaseNonConformance.ts: {"insertSpaces":true,"tabSize":2}
blbsr/pinia-orm-models/User.ts: {"insertSpaces":true,"tabSize":2}
blbsr/pinia-orm-models/base/User.ts: {"insertSpaces":true,"tabSize":2}
blbsr/pinia-orm-models/User.ts: {"insertSpaces":true,"tabSize":2}
blbsr/pinia-orm-models/base/User.ts: {"insertSpaces":true,"tabSize":2}
blbsr/schemas/user.schema.json: {"insertSpaces":true,"tabSize":2}
blbsr/schemas/base_non_conformance.schema.json: {"insertSpaces":true,"tabSize":2}
blbsr/schemas/user.schema.json: {"insertSpaces":true,"tabSize":2}
blbsr/schemas/base_non_conformance.schema.json: {"insertSpaces":true,"tabSize":2}
blbsr/schemas/user.schema.json: {"insertSpaces":true,"tabSize":2}
blbsr/schemas/base_non_conformance.schema.json: {"insertSpaces":true,"tabSize":2}
blbsr/schemas/user.schema.json: {"insertSpaces":true,"tabSize":2}
blbsr/schemas/base_non_conformance.schema.json: {"insertSpaces":true,"tabSize":2}
blbsr/schemas/user.schema.json: {"insertSpaces":true,"tabSize":2}
blbsr/schemas/base_non_conformance.schema.json: {"insertSpaces":true,"tabSize":2}
blbsr/schemas/user.schema.json: {"insertSpaces":true,"tabSize":2}
blbsr/schemas/user.schema.json: Using EditorConfig core...
schemas/user.schema.json: editor.action.trimTrailingWhitespace
schemas/user.schema.json: insertFinalNewline(LF)
blbsr/schemas/base_non_conformance.schema.json: {"insertSpaces":true,"tabSize":2}
blbsr/schemas/user.schema.json: {"insertSpaces":true,"tabSize":2}
No more open editors.
blbsr/pinia-orm-models/User.ts: {"insertSpaces":true,"tabSize":2}
blbsr/pinia-orm-models/base/BaseNonConformance.ts: {"insertSpaces":true,"tabSize":2}
No more open editors.
/home/stickee/.config/Code/User/settings.json: Using EditorConfig core...
blbsr/pinia-orm-models/User.ts: {"insertSpaces":true,"tabSize":2}
blbsr/scripts/generate.ts: {"insertSpaces":true,"tabSize":2}
blbsr/blue.config.ts: {"insertSpaces":true,"tabSize":2}
blbsr/blue.config.ts: Using EditorConfig core...
blue.config.ts: editor.action.trimTrailingWhitespace
No more open editors.
blbsr/pinia-orm-models/base/BaseNonConformance.ts: {"insertSpaces":true,"tabSize":2}
blbsr/pinia-orm-models/base/BaseUser.ts: {"insertSpaces":true,"tabSize":2}
blbsr/pinia-orm-models/base/BaseUser.ts: {"insertSpaces":true,"tabSize":2}
blbsr/blue.config.ts: {"insertSpaces":true,"tabSize":2}
blbsr/blue.config.ts: {"insertSpaces":true,"tabSize":2}
blbsr/blue.config.ts: {"insertSpaces":true,"tabSize":2}
blbsr/blue.config.ts: Using EditorConfig core...
blue.config.ts: editor.action.trimTrailingWhitespace
blbsr/blue.config.ts: Using EditorConfig core...
blue.config.ts: editor.action.trimTrailingWhitespace
blbsr/blue.config.ts: {"insertSpaces":true,"tabSize":2}
blbsr/blue.config.ts: {"insertSpaces":true,"tabSize":2}
blbsr/blue.config.ts: {"insertSpaces":true,"tabSize":2}
blbsr/blue.config.ts: {"insertSpaces":true,"tabSize":2}
blbsr/blue.config.ts: Using EditorConfig core...
blue.config.ts: editor.action.trimTrailingWhitespace
blbsr/blue.config.ts: {"insertSpaces":true,"tabSize":2}
blbsr/blue.config.ts: {"insertSpaces":true,"tabSize":2}
blbsr/blue.config.ts: Using EditorConfig core...
blue.config.ts: editor.action.trimTrailingWhitespace
blbsr/blue.config.ts: {"insertSpaces":true,"tabSize":2}
blbsr/scripts/generate.ts: {"insertSpaces":true,"tabSize":2}
blbsr/blue.config.ts: {"insertSpaces":true,"tabSize":2}
blbsr/blue.config.ts: {"insertSpaces":true,"tabSize":2}
undefined: {}
blbsr/blue.config.ts: {"insertSpaces":true,"tabSize":2}
undefined: {}
blbsr/blue.config.ts: {"insertSpaces":true,"tabSize":2}
undefined: {}
blbsr/blue.config.ts: {"insertSpaces":true,"tabSize":2}
blbsr/blue.config.ts: Using EditorConfig core...
blue.config.ts: editor.action.trimTrailingWhitespace
blbsr/blue.config.ts: {"insertSpaces":true,"tabSize":2}
undefined: {}
undefined: {}
blbsr/blue.config.ts: {"insertSpaces":true,"tabSize":2}
undefined: {}
blbsr/blue.config.ts: {"insertSpaces":true,"tabSize":2}
blbsr/blue.config.ts: {"insertSpaces":true,"tabSize":2}
blbsr/blue.config.ts: {"insertSpaces":true,"tabSize":2}
blbsr/blue.config.ts: {"insertSpaces":true,"tabSize":2}
blbsr/blue.config.ts: {"insertSpaces":true,"tabSize":2}
blbsr/scripts/generate.ts: {"insertSpaces":true,"tabSize":2}
blbsr/blue.config.ts: {"insertSpaces":true,"tabSize":2}
blbsr/scripts/createEmptyFile.ts: {"insertSpaces":true,"tabSize":2}
blbsr/scripts/generate.ts: {"insertSpaces":true,"tabSize":2}
blbsr/scripts/generate.ts: Using EditorConfig core...
scripts/generate.ts: editor.action.trimTrailingWhitespace
blbsr/scripts/generate.ts: {"insertSpaces":true,"tabSize":2}
blbsr/scripts/generate.ts: {"insertSpaces":true,"tabSize":2}
blbsr/scripts/generate.ts: Using EditorConfig core...
scripts/generate.ts: editor.action.trimTrailingWhitespace
blbsr/blue.config.ts: {"insertSpaces":true,"tabSize":2}
undefined: {}
blbsr/blue.config.ts: {"insertSpaces":true,"tabSize":2}
blbsr/blue.config.ts: {"insertSpaces":true,"tabSize":2}
blbsr/blue.config.ts: {"insertSpaces":true,"tabSize":2}
blbsr/blue.config.ts: {"insertSpaces":true,"tabSize":2}
blbsr/scripts/generate.ts: {"insertSpaces":true,"tabSize":2}
blbsr/blue.config.ts: {"insertSpaces":true,"tabSize":2}
blbsr/blue.config.ts: Using EditorConfig core...
blue.config.ts: editor.action.trimTrailingWhitespace
blbsr/scripts/generate.ts: {"insertSpaces":true,"tabSize":2}
blbsr/scripts/generate.ts: {"insertSpaces":true,"tabSize":2}
blbsr/scripts/generate.ts: {"insertSpaces":true,"tabSize":2}
blbsr/scripts/generate.ts: {"insertSpaces":true,"tabSize":2}
blbsr/blue.config.ts: {"insertSpaces":true,"tabSize":2}
