2024-01-02 15:06:30.414 [info] Configuration changed
2024-01-02 15:06:30.505 [info] Configuration changed
2024-01-02 15:06:30.517 [info] Configuration changed
2024-01-02 15:06:30.530 [info] Configuration changed
2024-01-02 15:06:30.783 [info] Configuration changed
2024-01-02 15:06:30.923 [info] Configuration changed
2024-01-02 15:06:31.424 [info] Configuration changed
2024-01-02 15:06:33.211 [info] /mnt/Kynthos Development/blbsr/.gitignore closed
2024-01-02 15:06:38.491 [info] Active editor: file:///mnt/Kynthos%20Development/blbsr/.gitignore
2024-01-02 15:06:40.132 [info] /mnt/Kynthos Development/blbsr/.gitignore closed
2024-01-02 15:06:40.151 [info] Active editor: file:///mnt/Kynthos%20Development/blbsr/src/backend/poetry.lock
2024-01-02 15:06:41.903 [info] /mnt/Kynthos Development/blbsr/src/backend/poetry.lock closed
2024-01-02 15:06:41.914 [info] Active editor: file:///mnt/Kynthos%20Development/blbsr/src/backend/.gitignore
2024-01-02 15:07:33.248 [info] /mnt/Kynthos Development/blbsr/src/backend/.gitignore closed
2024-01-02 15:14:08.279 [info] Active editor: file:///mnt/Kynthos%20Development/blbsr/src/backend/.gitignore
2024-01-02 15:14:18.972 [info] /mnt/Kynthos Development/blbsr/src/backend/.gitignore closed
2024-01-02 15:14:18.983 [info] Active editor: file:///mnt/Kynthos%20Development/blbsr/.gitignore
2024-01-02 15:14:21.041 [info] /mnt/Kynthos Development/blbsr/.gitignore closed
2024-01-02 15:14:21.051 [info] Active editor: file:///mnt/Kynthos%20Development/blbsr/src/backend/.gitignore
2024-01-02 15:14:25.266 [info] /mnt/Kynthos Development/blbsr/src/backend/.gitignore closed
2024-01-02 15:14:29.847 [info] Active editor: file:///mnt/Kynthos%20Development/blbsr/src/backend/.gitignore
2024-01-02 15:15:06.785 [info] /mnt/Kynthos Development/blbsr/src/backend/.gitignore closed
2024-01-02 15:15:06.813 [info] Active editor: file:///mnt/Kynthos%20Development/blbsr/src/.gitignore
2024-01-02 15:15:12.995 [info] /mnt/Kynthos Development/blbsr/src/.gitignore closed
2024-01-02 15:15:13.048 [info] Active editor: file:///mnt/Kynthos%20Development/blbsr/src/backend/.gitignore
2024-01-02 15:15:18.790 [info] /mnt/Kynthos Development/blbsr/src/backend/.gitignore closed
2024-01-02 15:25:57.341 [info] Active editor: file:///mnt/Kynthos%20Development/blbsr/src/frontend/test.py
2024-01-02 15:26:05.973 [info] /mnt/Kynthos Development/blbsr/src/frontend/test.py closed
2024-01-02 15:26:05.980 [info] /mnt/Kynthos Development/blbsr/src/frontend/test.py.git closed
2024-01-02 15:26:10.673 [info] Configuration changed
