2023-12-23 09:59:47.919 [info] Configuration changed
2023-12-23 09:59:48.062 [info] Configuration changed
2023-12-23 10:02:20.864 [info] Active editor: vscode-userdata:/home/stickee/.config/Code/User/settings.json
2023-12-23 10:02:20.880 [info] /mnt/Kynthos Development/chrmndr/chrmndr/models/card.py.git closed
2023-12-23 10:02:40.240 [info] Configuration changed
2023-12-23 10:03:35.822 [info] /home/stickee/.config/Code/User/settings.json closed
2023-12-23 10:03:35.832 [info] Active editor: file:///mnt/Kynthos%20Development/chrmndr/chrmndr/models/card.py
2023-12-23 10:05:21.171 [info] /settings/user closed
2023-12-23 10:05:21.268 [info] /settings/resourceLanguage closed
2023-12-23 10:05:21.271 [info] /ignoredSettings closed
2023-12-23 10:05:21.313 [info] /launch closed
2023-12-23 10:05:21.314 [info] /token-styling closed
2023-12-23 10:05:21.315 [info] /textmate-colors closed
2023-12-23 10:05:21.319 [info] /workbench-colors closed
2023-12-23 11:30:02.045 [info] Active editor: file:///mnt/Kynthos%20Development/chrmndr/chrmndr/models/player.py
2023-12-23 11:30:02.070 [info] /mnt/Kynthos Development/chrmndr/chrmndr/models/card.py.git closed
2023-12-23 11:30:04.489 [info] Active editor: file:///mnt/Kynthos%20Development/chrmndr/chrmndr/models/card.py
2023-12-23 11:30:04.500 [info] /mnt/Kynthos Development/chrmndr/chrmndr/models/player.py.git closed
2023-12-23 11:30:06.045 [info] Active editor: file:///mnt/Kynthos%20Development/chrmndr/chrmndr/models/player.py
2023-12-23 11:30:06.055 [info] /mnt/Kynthos Development/chrmndr/chrmndr/models/card.py.git closed
2023-12-23 11:30:26.813 [info] Active editor: file:///mnt/Kynthos%20Development/chrmndr/chrmndr/models/card.py
2023-12-23 11:30:26.821 [info] /mnt/Kynthos Development/chrmndr/chrmndr/models/player.py.git closed
2023-12-23 11:30:33.842 [info] Active editor: file:///mnt/Kynthos%20Development/chrmndr/chrmndr/models/player.py
2023-12-23 11:30:33.851 [info] /mnt/Kynthos Development/chrmndr/chrmndr/models/card.py.git closed
2023-12-23 11:31:22.979 [info] Active editor: file:///mnt/Kynthos%20Development/chrmndr/chrmndr/models/card.py
2023-12-23 11:31:22.987 [info] /mnt/Kynthos Development/chrmndr/chrmndr/models/player.py.git closed
2023-12-23 11:31:33.461 [info] Active editor: file:///mnt/Kynthos%20Development/chrmndr/chrmndr/models/player.py
2023-12-23 11:31:33.474 [info] /mnt/Kynthos Development/chrmndr/chrmndr/models/card.py.git closed
2023-12-23 11:31:36.325 [info] Active editor: file:///mnt/Kynthos%20Development/chrmndr/chrmndr/models/card.py
2023-12-23 11:31:36.332 [info] /mnt/Kynthos Development/chrmndr/chrmndr/models/player.py.git closed
2023-12-23 11:36:05.835 [info] Active editor: file:///mnt/Kynthos%20Development/chrmndr/chrmndr/engine/game.py
2023-12-23 11:36:05.855 [info] /mnt/Kynthos Development/chrmndr/chrmndr/models/card.py.git closed
2023-12-23 11:36:13.215 [info] /mnt/Kynthos Development/chrmndr/chrmndr/engine/game.py closed
2023-12-23 11:36:13.219 [info] Active editor: file:///mnt/Kynthos%20Development/chrmndr/chrmndr/models/card.py
2023-12-23 11:36:13.227 [info] /mnt/Kynthos Development/chrmndr/chrmndr/engine/game.py.git closed
2023-12-23 11:36:15.068 [info] Active editor: file:///mnt/Kynthos%20Development/chrmndr/chrmndr/main.py
2023-12-23 11:36:15.086 [info] /mnt/Kynthos Development/chrmndr/chrmndr/models/card.py.git closed
2023-12-23 11:36:43.570 [info] /mnt/Kynthos Development/chrmndr/chrmndr/main.py closed
2023-12-23 11:36:43.575 [info] Active editor: file:///mnt/Kynthos%20Development/chrmndr/chrmndr/models/card.py
2023-12-23 11:36:43.582 [info] /mnt/Kynthos Development/chrmndr/chrmndr/main.py.git closed
2023-12-23 11:36:45.621 [info] Active editor: file:///mnt/Kynthos%20Development/chrmndr/chrmndr/models/player.py
2023-12-23 11:36:45.628 [info] /mnt/Kynthos Development/chrmndr/chrmndr/models/card.py.git closed
2023-12-23 11:37:00.629 [info] /mnt/Kynthos Development/chrmndr/chrmndr/utils.py closed
2023-12-23 11:37:00.659 [info] Active editor: file:///mnt/Kynthos%20Development/chrmndr/chrmndr/utils.py
2023-12-23 11:37:00.678 [info] /mnt/Kynthos Development/chrmndr/chrmndr/models/player.py.git closed
2023-12-23 11:41:03.769 [info] Active editor: file:///mnt/Kynthos%20Development/chrmndr/chrmndr/main.py
2023-12-23 11:41:03.791 [info] /mnt/Kynthos Development/chrmndr/chrmndr/utils.py.git closed
2023-12-23 11:41:16.143 [info] Active editor: file:///mnt/Kynthos%20Development/chrmndr/chrmndr/utils.py
2023-12-23 11:41:16.153 [info] /mnt/Kynthos Development/chrmndr/chrmndr/main.py.git closed
2023-12-23 11:41:27.825 [info] Active editor: file:///mnt/Kynthos%20Development/chrmndr/chrmndr/main.py
2023-12-23 11:41:27.833 [info] /mnt/Kynthos Development/chrmndr/chrmndr/utils.py.git closed
2023-12-23 11:41:29.147 [info] Active editor: file:///mnt/Kynthos%20Development/chrmndr/chrmndr/utils.py
2023-12-23 11:41:29.156 [info] /mnt/Kynthos Development/chrmndr/chrmndr/main.py.git closed
2023-12-23 11:41:35.894 [info] Active editor: file:///mnt/Kynthos%20Development/chrmndr/chrmndr/assets/plains.json
2023-12-23 11:41:35.902 [info] /mnt/Kynthos Development/chrmndr/chrmndr/utils.py.git closed
2023-12-23 11:41:41.623 [info] /mnt/Kynthos Development/chrmndr/chrmndr/assets/plains.json closed
2023-12-23 11:41:41.627 [info] Active editor: file:///mnt/Kynthos%20Development/chrmndr/chrmndr/utils.py
2023-12-23 11:41:41.638 [info] /mnt/Kynthos Development/chrmndr/chrmndr/assets/plains.json.git closed
2023-12-23 11:42:44.781 [info] Active editor: file:///mnt/Kynthos%20Development/chrmndr/chrmndr/models/card.py
2023-12-23 11:42:44.788 [info] /mnt/Kynthos Development/chrmndr/chrmndr/utils.py.git closed
2023-12-23 11:43:14.849 [info] Active editor: file:///mnt/Kynthos%20Development/chrmndr/tests/test_player.py
2023-12-23 11:43:14.858 [info] /mnt/Kynthos Development/chrmndr/chrmndr/models/card.py.git closed
2023-12-23 11:43:24.252 [info] /mnt/Kynthos Development/chrmndr/tests/test_player.py closed
2023-12-23 11:43:24.256 [info] Active editor: file:///mnt/Kynthos%20Development/chrmndr/chrmndr/models/card.py
2023-12-23 11:43:24.264 [info] /mnt/Kynthos Development/chrmndr/tests/test_player.py.git closed
