2024-02-13 17:55:18.093 [info] Log level: Info
2024-02-13 17:55:18.093 [info] Validating found git in: "git"
2024-02-13 17:55:18.093 [info] Using git "2.43.0" from "git"
2024-02-13 17:55:18.093 [info] > git rev-parse --show-toplevel [3ms]
2024-02-13 17:55:18.093 [info] fatal: not a git repository (or any parent up to mount point /)
Stopping at filesystem boundary (GIT_DISCOVERY_ACROSS_FILESYSTEM not set).
2024-02-13 17:55:18.094 [info] > git rev-parse --show-toplevel [2ms]
2024-02-13 17:55:18.094 [info] fatal: not a git repository (or any parent up to mount point /)
Stopping at filesystem boundary (GIT_DISCOVERY_ACROSS_FILESYSTEM not set).
2024-02-13 17:55:18.101 [info] > git rev-parse --show-toplevel [1ms]
2024-02-13 17:55:18.101 [info] fatal: not a git repository (or any parent up to mount point /)
Stopping at filesystem boundary (GIT_DISCOVERY_ACROSS_FILESYSTEM not set).
2024-02-13 17:55:18.107 [info] > git rev-parse --show-toplevel [1ms]
2024-02-13 17:55:18.107 [info] fatal: not a git repository (or any parent up to mount point /)
Stopping at filesystem boundary (GIT_DISCOVERY_ACROSS_FILESYSTEM not set).
2024-02-13 17:55:18.112 [info] > git rev-parse --show-toplevel [2ms]
2024-02-13 17:55:18.112 [info] fatal: not a git repository (or any parent up to mount point /)
Stopping at filesystem boundary (GIT_DISCOVERY_ACROSS_FILESYSTEM not set).
2024-02-13 17:55:18.119 [info] > git rev-parse --show-toplevel [1ms]
2024-02-13 17:55:18.119 [info] fatal: not a git repository (or any parent up to mount point /)
Stopping at filesystem boundary (GIT_DISCOVERY_ACROSS_FILESYSTEM not set).
2024-02-13 17:55:18.124 [info] > git rev-parse --show-toplevel [2ms]
2024-02-13 17:55:18.125 [info] fatal: not a git repository (or any parent up to mount point /)
Stopping at filesystem boundary (GIT_DISCOVERY_ACROSS_FILESYSTEM not set).
2024-02-13 17:55:18.136 [info] > git rev-parse --show-toplevel [8ms]
2024-02-13 17:55:18.136 [info] fatal: not a git repository (or any parent up to mount point /)
Stopping at filesystem boundary (GIT_DISCOVERY_ACROSS_FILESYSTEM not set).
2024-02-13 17:55:18.141 [info] > git rev-parse --show-toplevel [1ms]
2024-02-13 17:55:18.141 [info] fatal: not a git repository (or any parent up to mount point /)
Stopping at filesystem boundary (GIT_DISCOVERY_ACROSS_FILESYSTEM not set).
2024-02-13 17:55:18.146 [info] > git rev-parse --show-toplevel [1ms]
2024-02-13 17:55:18.146 [info] fatal: not a git repository (or any parent up to mount point /)
Stopping at filesystem boundary (GIT_DISCOVERY_ACROSS_FILESYSTEM not set).
2024-02-13 17:55:18.151 [info] > git rev-parse --show-toplevel [1ms]
2024-02-13 17:55:18.151 [info] fatal: not a git repository (or any parent up to mount point /)
Stopping at filesystem boundary (GIT_DISCOVERY_ACROSS_FILESYSTEM not set).
2024-02-13 17:55:18.156 [info] > git rev-parse --show-toplevel [1ms]
2024-02-13 17:55:18.156 [info] fatal: not a git repository (or any parent up to mount point /)
Stopping at filesystem boundary (GIT_DISCOVERY_ACROSS_FILESYSTEM not set).
2024-02-13 17:55:18.160 [info] > git rev-parse --show-toplevel [1ms]
2024-02-13 17:55:18.160 [info] fatal: not a git repository (or any parent up to mount point /)
Stopping at filesystem boundary (GIT_DISCOVERY_ACROSS_FILESYSTEM not set).
2024-02-13 17:55:18.177 [info] > git rev-parse --show-toplevel [12ms]
2024-02-13 17:55:18.177 [info] fatal: not a git repository (or any parent up to mount point /)
Stopping at filesystem boundary (GIT_DISCOVERY_ACROSS_FILESYSTEM not set).
2024-02-13 17:55:18.659 [info] > git rev-parse --show-toplevel [1ms]
2024-02-13 17:55:18.659 [info] fatal: not a git repository (or any parent up to mount point /)
Stopping at filesystem boundary (GIT_DISCOVERY_ACROSS_FILESYSTEM not set).
2024-02-13 17:55:18.666 [info] > git rev-parse --show-toplevel [1ms]
2024-02-13 17:55:18.666 [info] fatal: not a git repository (or any parent up to mount point /)
Stopping at filesystem boundary (GIT_DISCOVERY_ACROSS_FILESYSTEM not set).
2024-02-13 17:55:18.671 [info] > git rev-parse --show-toplevel [1ms]
2024-02-13 17:55:18.671 [info] fatal: not a git repository (or any parent up to mount point /)
Stopping at filesystem boundary (GIT_DISCOVERY_ACROSS_FILESYSTEM not set).
2024-02-13 17:55:18.713 [info] > git rev-parse --show-toplevel [1ms]
2024-02-13 17:55:18.713 [info] fatal: not a git repository (or any parent up to mount point /)
Stopping at filesystem boundary (GIT_DISCOVERY_ACROSS_FILESYSTEM not set).
2024-02-13 17:55:18.828 [info] > git rev-parse --show-toplevel [1ms]
2024-02-13 17:55:18.828 [info] fatal: not a git repository (or any parent up to mount point /)
Stopping at filesystem boundary (GIT_DISCOVERY_ACROSS_FILESYSTEM not set).
2024-02-13 17:55:18.987 [info] > git rev-parse --show-toplevel [0ms]
2024-02-13 17:55:18.987 [info] fatal: not a git repository (or any parent up to mount point /)
Stopping at filesystem boundary (GIT_DISCOVERY_ACROSS_FILESYSTEM not set).
2024-02-13 18:00:17.560 [info] > git rev-parse --show-toplevel [3ms]
2024-02-13 18:00:17.560 [info] fatal: not a git repository (or any parent up to mount point /)
Stopping at filesystem boundary (GIT_DISCOVERY_ACROSS_FILESYSTEM not set).
2024-02-13 18:00:56.279 [info] > git rev-parse --show-toplevel [2ms]
2024-02-13 18:00:56.279 [info] fatal: not a git repository (or any parent up to mount point /)
Stopping at filesystem boundary (GIT_DISCOVERY_ACROSS_FILESYSTEM not set).
2024-02-13 18:00:56.285 [info] > git rev-parse --show-toplevel [1ms]
2024-02-13 18:00:56.285 [info] fatal: not a git repository (or any parent up to mount point /)
Stopping at filesystem boundary (GIT_DISCOVERY_ACROSS_FILESYSTEM not set).
2024-02-13 18:00:58.453 [info] > git rev-parse --show-toplevel [1ms]
2024-02-13 18:00:58.453 [info] fatal: not a git repository (or any parent up to mount point /)
Stopping at filesystem boundary (GIT_DISCOVERY_ACROSS_FILESYSTEM not set).
2024-02-13 18:00:58.469 [info] > git rev-parse --show-toplevel [0ms]
2024-02-13 18:00:58.469 [info] fatal: not a git repository (or any parent up to mount point /)
Stopping at filesystem boundary (GIT_DISCOVERY_ACROSS_FILESYSTEM not set).
2024-02-13 18:00:58.476 [info] > git rev-parse --show-toplevel [0ms]
2024-02-13 18:00:58.476 [info] fatal: not a git repository (or any parent up to mount point /)
Stopping at filesystem boundary (GIT_DISCOVERY_ACROSS_FILESYSTEM not set).
2024-02-13 18:09:12.874 [info] > git rev-parse --show-toplevel [1ms]
2024-02-13 18:09:12.874 [info] fatal: not a git repository (or any parent up to mount point /)
Stopping at filesystem boundary (GIT_DISCOVERY_ACROSS_FILESYSTEM not set).
2024-02-13 18:09:12.919 [info] > git rev-parse --show-toplevel [2ms]
2024-02-13 18:09:12.919 [info] fatal: not a git repository (or any parent up to mount point /)
Stopping at filesystem boundary (GIT_DISCOVERY_ACROSS_FILESYSTEM not set).
2024-02-13 18:09:12.926 [info] > git rev-parse --show-toplevel [1ms]
2024-02-13 18:09:12.926 [info] fatal: not a git repository (or any parent up to mount point /)
Stopping at filesystem boundary (GIT_DISCOVERY_ACROSS_FILESYSTEM not set).
2024-02-13 18:09:24.832 [info] > git rev-parse --show-toplevel [0ms]
2024-02-13 18:09:24.832 [info] fatal: not a git repository (or any parent up to mount point /)
Stopping at filesystem boundary (GIT_DISCOVERY_ACROSS_FILESYSTEM not set).
2024-02-13 18:09:24.846 [info] > git rev-parse --show-toplevel [3ms]
2024-02-13 18:09:24.846 [info] fatal: not a git repository (or any parent up to mount point /)
Stopping at filesystem boundary (GIT_DISCOVERY_ACROSS_FILESYSTEM not set).
2024-02-13 18:09:24.852 [info] > git rev-parse --show-toplevel [2ms]
2024-02-13 18:09:24.852 [info] fatal: not a git repository (or any parent up to mount point /)
Stopping at filesystem boundary (GIT_DISCOVERY_ACROSS_FILESYSTEM not set).
2024-02-13 18:17:23.084 [info] > git rev-parse --show-toplevel [3ms]
2024-02-13 18:17:23.084 [info] fatal: not a git repository (or any parent up to mount point /)
Stopping at filesystem boundary (GIT_DISCOVERY_ACROSS_FILESYSTEM not set).
2024-02-13 18:17:23.132 [info] > git rev-parse --show-toplevel [3ms]
2024-02-13 18:17:23.132 [info] fatal: not a git repository (or any parent up to mount point /)
Stopping at filesystem boundary (GIT_DISCOVERY_ACROSS_FILESYSTEM not set).
2024-02-13 18:17:23.139 [info] > git rev-parse --show-toplevel [2ms]
2024-02-13 18:17:23.139 [info] fatal: not a git repository (or any parent up to mount point /)
Stopping at filesystem boundary (GIT_DISCOVERY_ACROSS_FILESYSTEM not set).
2024-02-13 18:17:30.516 [info] > git rev-parse --show-toplevel [1ms]
2024-02-13 18:17:30.516 [info] fatal: not a git repository (or any parent up to mount point /)
Stopping at filesystem boundary (GIT_DISCOVERY_ACROSS_FILESYSTEM not set).
2024-02-13 18:17:30.530 [info] > git rev-parse --show-toplevel [2ms]
2024-02-13 18:17:30.530 [info] fatal: not a git repository (or any parent up to mount point /)
Stopping at filesystem boundary (GIT_DISCOVERY_ACROSS_FILESYSTEM not set).
2024-02-13 18:17:30.538 [info] > git rev-parse --show-toplevel [1ms]
2024-02-13 18:17:30.538 [info] fatal: not a git repository (or any parent up to mount point /)
Stopping at filesystem boundary (GIT_DISCOVERY_ACROSS_FILESYSTEM not set).
2024-02-13 18:17:34.223 [info] > git rev-parse --show-toplevel [2ms]
2024-02-13 18:17:34.223 [info] fatal: not a git repository (or any parent up to mount point /)
Stopping at filesystem boundary (GIT_DISCOVERY_ACROSS_FILESYSTEM not set).
2024-02-13 18:17:34.258 [info] > git rev-parse --show-toplevel [3ms]
2024-02-13 18:17:34.258 [info] fatal: not a git repository (or any parent up to mount point /)
Stopping at filesystem boundary (GIT_DISCOVERY_ACROSS_FILESYSTEM not set).
2024-02-13 18:17:34.264 [info] > git rev-parse --show-toplevel [1ms]
2024-02-13 18:17:34.264 [info] fatal: not a git repository (or any parent up to mount point /)
Stopping at filesystem boundary (GIT_DISCOVERY_ACROSS_FILESYSTEM not set).
2024-02-13 18:17:42.997 [info] > git rev-parse --show-toplevel [2ms]
2024-02-13 18:17:42.997 [info] fatal: not a git repository (or any parent up to mount point /)
Stopping at filesystem boundary (GIT_DISCOVERY_ACROSS_FILESYSTEM not set).
2024-02-13 18:17:43.014 [info] > git rev-parse --show-toplevel [3ms]
2024-02-13 18:17:43.014 [info] fatal: not a git repository (or any parent up to mount point /)
Stopping at filesystem boundary (GIT_DISCOVERY_ACROSS_FILESYSTEM not set).
2024-02-13 18:17:43.020 [info] > git rev-parse --show-toplevel [1ms]
2024-02-13 18:17:43.020 [info] fatal: not a git repository (or any parent up to mount point /)
Stopping at filesystem boundary (GIT_DISCOVERY_ACROSS_FILESYSTEM not set).
2024-02-13 18:20:16.053 [info] > git rev-parse --show-toplevel [1ms]
2024-02-13 18:20:16.053 [info] fatal: not a git repository (or any parent up to mount point /)
Stopping at filesystem boundary (GIT_DISCOVERY_ACROSS_FILESYSTEM not set).
2024-02-13 18:20:16.084 [info] > git rev-parse --show-toplevel [3ms]
2024-02-13 18:20:16.084 [info] fatal: not a git repository (or any parent up to mount point /)
Stopping at filesystem boundary (GIT_DISCOVERY_ACROSS_FILESYSTEM not set).
2024-02-13 18:20:16.094 [info] > git rev-parse --show-toplevel [2ms]
2024-02-13 18:20:16.094 [info] fatal: not a git repository (or any parent up to mount point /)
Stopping at filesystem boundary (GIT_DISCOVERY_ACROSS_FILESYSTEM not set).
2024-02-13 18:54:12.545 [info] > git rev-parse --show-toplevel [1ms]
2024-02-13 18:54:12.545 [info] fatal: not a git repository (or any parent up to mount point /)
Stopping at filesystem boundary (GIT_DISCOVERY_ACROSS_FILESYSTEM not set).
2024-02-13 18:54:12.578 [info] > git rev-parse --show-toplevel [3ms]
2024-02-13 18:54:12.578 [info] fatal: not a git repository (or any parent up to mount point /)
Stopping at filesystem boundary (GIT_DISCOVERY_ACROSS_FILESYSTEM not set).
2024-02-13 18:54:12.587 [info] > git rev-parse --show-toplevel [1ms]
2024-02-13 18:54:12.587 [info] fatal: not a git repository (or any parent up to mount point /)
Stopping at filesystem boundary (GIT_DISCOVERY_ACROSS_FILESYSTEM not set).
2024-02-13 18:54:53.229 [info] > git rev-parse --show-toplevel [1ms]
2024-02-13 18:54:53.229 [info] fatal: not a git repository (or any parent up to mount point /)
Stopping at filesystem boundary (GIT_DISCOVERY_ACROSS_FILESYSTEM not set).
2024-02-13 18:54:53.240 [info] > git rev-parse --show-toplevel [2ms]
2024-02-13 18:54:53.240 [info] fatal: not a git repository (or any parent up to mount point /)
Stopping at filesystem boundary (GIT_DISCOVERY_ACROSS_FILESYSTEM not set).
2024-02-13 18:54:53.246 [info] > git rev-parse --show-toplevel [2ms]
2024-02-13 18:54:53.246 [info] fatal: not a git repository (or any parent up to mount point /)
Stopping at filesystem boundary (GIT_DISCOVERY_ACROSS_FILESYSTEM not set).
2024-02-13 18:55:00.664 [info] > git rev-parse --show-toplevel [0ms]
2024-02-13 18:55:00.664 [info] fatal: not a git repository (or any parent up to mount point /)
Stopping at filesystem boundary (GIT_DISCOVERY_ACROSS_FILESYSTEM not set).
2024-02-13 18:55:00.693 [info] > git rev-parse --show-toplevel [2ms]
2024-02-13 18:55:00.693 [info] fatal: not a git repository (or any parent up to mount point /)
Stopping at filesystem boundary (GIT_DISCOVERY_ACROSS_FILESYSTEM not set).
2024-02-13 18:55:00.699 [info] > git rev-parse --show-toplevel [2ms]
2024-02-13 18:55:00.699 [info] fatal: not a git repository (or any parent up to mount point /)
Stopping at filesystem boundary (GIT_DISCOVERY_ACROSS_FILESYSTEM not set).
2024-02-13 18:56:26.951 [info] > git rev-parse --show-toplevel [1ms]
2024-02-13 18:56:26.951 [info] fatal: not a git repository (or any parent up to mount point /)
Stopping at filesystem boundary (GIT_DISCOVERY_ACROSS_FILESYSTEM not set).
2024-02-13 18:56:26.969 [info] > git rev-parse --show-toplevel [2ms]
2024-02-13 18:56:26.969 [info] fatal: not a git repository (or any parent up to mount point /)
Stopping at filesystem boundary (GIT_DISCOVERY_ACROSS_FILESYSTEM not set).
2024-02-13 18:56:26.975 [info] > git rev-parse --show-toplevel [1ms]
2024-02-13 18:56:26.975 [info] fatal: not a git repository (or any parent up to mount point /)
Stopping at filesystem boundary (GIT_DISCOVERY_ACROSS_FILESYSTEM not set).
2024-02-13 18:56:28.933 [info] > git rev-parse --show-toplevel [1ms]
2024-02-13 18:56:28.933 [info] fatal: not a git repository (or any parent up to mount point /)
Stopping at filesystem boundary (GIT_DISCOVERY_ACROSS_FILESYSTEM not set).
2024-02-13 18:56:28.945 [info] > git rev-parse --show-toplevel [3ms]
2024-02-13 18:56:28.945 [info] fatal: not a git repository (or any parent up to mount point /)
Stopping at filesystem boundary (GIT_DISCOVERY_ACROSS_FILESYSTEM not set).
2024-02-13 18:56:28.952 [info] > git rev-parse --show-toplevel [1ms]
2024-02-13 18:56:28.952 [info] fatal: not a git repository (or any parent up to mount point /)
Stopping at filesystem boundary (GIT_DISCOVERY_ACROSS_FILESYSTEM not set).
2024-02-13 18:59:25.934 [info] > git rev-parse --show-toplevel [0ms]
2024-02-13 18:59:25.934 [info] fatal: not a git repository (or any parent up to mount point /)
Stopping at filesystem boundary (GIT_DISCOVERY_ACROSS_FILESYSTEM not set).
2024-02-13 18:59:25.940 [info] > git rev-parse --show-toplevel [0ms]
2024-02-13 18:59:25.941 [info] fatal: not a git repository (or any parent up to mount point /)
Stopping at filesystem boundary (GIT_DISCOVERY_ACROSS_FILESYSTEM not set).
2024-02-13 18:59:25.946 [info] > git rev-parse --show-toplevel [1ms]
2024-02-13 18:59:25.946 [info] fatal: not a git repository (or any parent up to mount point /)
Stopping at filesystem boundary (GIT_DISCOVERY_ACROSS_FILESYSTEM not set).
2024-02-13 18:59:28.998 [info] > git rev-parse --show-toplevel [2ms]
2024-02-13 18:59:28.998 [info] fatal: not a git repository (or any parent up to mount point /)
Stopping at filesystem boundary (GIT_DISCOVERY_ACROSS_FILESYSTEM not set).
2024-02-13 18:59:29.012 [info] > git rev-parse --show-toplevel [1ms]
2024-02-13 18:59:29.012 [info] fatal: not a git repository (or any parent up to mount point /)
Stopping at filesystem boundary (GIT_DISCOVERY_ACROSS_FILESYSTEM not set).
2024-02-13 19:46:50.131 [info] > git rev-parse --show-toplevel [1ms]
2024-02-13 19:46:50.131 [info] fatal: not a git repository (or any parent up to mount point /)
Stopping at filesystem boundary (GIT_DISCOVERY_ACROSS_FILESYSTEM not set).
2024-02-13 19:46:50.147 [info] > git rev-parse --show-toplevel [2ms]
2024-02-13 19:46:50.147 [info] fatal: not a git repository (or any parent up to mount point /)
Stopping at filesystem boundary (GIT_DISCOVERY_ACROSS_FILESYSTEM not set).
2024-02-13 19:46:50.154 [info] > git rev-parse --show-toplevel [1ms]
2024-02-13 19:46:50.154 [info] fatal: not a git repository (or any parent up to mount point /)
Stopping at filesystem boundary (GIT_DISCOVERY_ACROSS_FILESYSTEM not set).
2024-02-13 19:48:39.207 [info] > git rev-parse --show-toplevel [1ms]
2024-02-13 19:48:39.207 [info] fatal: not a git repository (or any parent up to mount point /)
Stopping at filesystem boundary (GIT_DISCOVERY_ACROSS_FILESYSTEM not set).
2024-02-13 19:48:39.213 [info] > git rev-parse --show-toplevel [0ms]
2024-02-13 19:48:39.213 [info] fatal: not a git repository (or any parent up to mount point /)
Stopping at filesystem boundary (GIT_DISCOVERY_ACROSS_FILESYSTEM not set).
2024-02-13 19:48:39.219 [info] > git rev-parse --show-toplevel [1ms]
2024-02-13 19:48:39.219 [info] fatal: not a git repository (or any parent up to mount point /)
Stopping at filesystem boundary (GIT_DISCOVERY_ACROSS_FILESYSTEM not set).
2024-02-13 19:48:41.187 [info] > git rev-parse --show-toplevel [2ms]
2024-02-13 19:48:41.187 [info] fatal: not a git repository (or any parent up to mount point /)
Stopping at filesystem boundary (GIT_DISCOVERY_ACROSS_FILESYSTEM not set).
2024-02-13 19:48:41.200 [info] > git rev-parse --show-toplevel [2ms]
2024-02-13 19:48:41.200 [info] fatal: not a git repository (or any parent up to mount point /)
Stopping at filesystem boundary (GIT_DISCOVERY_ACROSS_FILESYSTEM not set).
2024-02-13 19:48:43.105 [info] > git rev-parse --show-toplevel [1ms]
2024-02-13 19:48:43.105 [info] fatal: not a git repository (or any parent up to mount point /)
Stopping at filesystem boundary (GIT_DISCOVERY_ACROSS_FILESYSTEM not set).
2024-02-13 19:48:43.111 [info] > git rev-parse --show-toplevel [1ms]
2024-02-13 19:48:43.111 [info] fatal: not a git repository (or any parent up to mount point /)
Stopping at filesystem boundary (GIT_DISCOVERY_ACROSS_FILESYSTEM not set).
2024-02-13 19:48:43.117 [info] > git rev-parse --show-toplevel [1ms]
2024-02-13 19:48:43.117 [info] fatal: not a git repository (or any parent up to mount point /)
Stopping at filesystem boundary (GIT_DISCOVERY_ACROSS_FILESYSTEM not set).
2024-02-13 19:48:47.490 [info] > git rev-parse --show-toplevel [1ms]
2024-02-13 19:48:47.490 [info] fatal: not a git repository (or any parent up to mount point /)
Stopping at filesystem boundary (GIT_DISCOVERY_ACROSS_FILESYSTEM not set).
2024-02-13 19:48:47.496 [info] > git rev-parse --show-toplevel [0ms]
2024-02-13 19:48:47.497 [info] fatal: not a git repository (or any parent up to mount point /)
Stopping at filesystem boundary (GIT_DISCOVERY_ACROSS_FILESYSTEM not set).
2024-02-13 19:48:51.698 [info] > git rev-parse --show-toplevel [0ms]
2024-02-13 19:48:51.698 [info] fatal: not a git repository (or any parent up to mount point /)
Stopping at filesystem boundary (GIT_DISCOVERY_ACROSS_FILESYSTEM not set).
2024-02-13 19:48:51.728 [info] > git rev-parse --show-toplevel [3ms]
2024-02-13 19:48:51.728 [info] fatal: not a git repository (or any parent up to mount point /)
Stopping at filesystem boundary (GIT_DISCOVERY_ACROSS_FILESYSTEM not set).
2024-02-13 19:48:51.735 [info] > git rev-parse --show-toplevel [1ms]
2024-02-13 19:48:51.735 [info] fatal: not a git repository (or any parent up to mount point /)
Stopping at filesystem boundary (GIT_DISCOVERY_ACROSS_FILESYSTEM not set).
2024-02-13 19:50:43.956 [info] > git rev-parse --show-toplevel [1ms]
2024-02-13 19:50:43.956 [info] fatal: not a git repository (or any parent up to mount point /)
Stopping at filesystem boundary (GIT_DISCOVERY_ACROSS_FILESYSTEM not set).
2024-02-13 19:50:43.976 [info] > git rev-parse --show-toplevel [2ms]
2024-02-13 19:50:43.976 [info] fatal: not a git repository (or any parent up to mount point /)
Stopping at filesystem boundary (GIT_DISCOVERY_ACROSS_FILESYSTEM not set).
2024-02-13 19:50:43.982 [info] > git rev-parse --show-toplevel [1ms]
2024-02-13 19:50:43.982 [info] fatal: not a git repository (or any parent up to mount point /)
Stopping at filesystem boundary (GIT_DISCOVERY_ACROSS_FILESYSTEM not set).
2024-02-13 19:50:50.017 [info] > git rev-parse --show-toplevel [1ms]
2024-02-13 19:50:50.018 [info] fatal: not a git repository (or any parent up to mount point /)
Stopping at filesystem boundary (GIT_DISCOVERY_ACROSS_FILESYSTEM not set).
2024-02-13 19:50:50.030 [info] > git rev-parse --show-toplevel [2ms]
2024-02-13 19:50:50.030 [info] fatal: not a git repository (or any parent up to mount point /)
Stopping at filesystem boundary (GIT_DISCOVERY_ACROSS_FILESYSTEM not set).
2024-02-13 19:50:50.037 [info] > git rev-parse --show-toplevel [1ms]
2024-02-13 19:50:50.037 [info] fatal: not a git repository (or any parent up to mount point /)
Stopping at filesystem boundary (GIT_DISCOVERY_ACROSS_FILESYSTEM not set).
2024-02-13 19:50:57.819 [info] > git rev-parse --show-toplevel [2ms]
2024-02-13 19:50:57.819 [info] fatal: not a git repository (or any parent up to mount point /)
Stopping at filesystem boundary (GIT_DISCOVERY_ACROSS_FILESYSTEM not set).
2024-02-13 19:50:57.832 [info] > git rev-parse --show-toplevel [2ms]
2024-02-13 19:50:57.832 [info] fatal: not a git repository (or any parent up to mount point /)
Stopping at filesystem boundary (GIT_DISCOVERY_ACROSS_FILESYSTEM not set).
2024-02-13 19:50:57.841 [info] > git rev-parse --show-toplevel [2ms]
2024-02-13 19:50:57.841 [info] fatal: not a git repository (or any parent up to mount point /)
Stopping at filesystem boundary (GIT_DISCOVERY_ACROSS_FILESYSTEM not set).
2024-02-13 20:10:21.880 [info] > git rev-parse --show-toplevel [1ms]
2024-02-13 20:10:21.880 [info] fatal: not a git repository (or any parent up to mount point /)
Stopping at filesystem boundary (GIT_DISCOVERY_ACROSS_FILESYSTEM not set).
2024-02-13 20:10:21.897 [info] > git rev-parse --show-toplevel [2ms]
2024-02-13 20:10:21.897 [info] fatal: not a git repository (or any parent up to mount point /)
Stopping at filesystem boundary (GIT_DISCOVERY_ACROSS_FILESYSTEM not set).
2024-02-13 20:10:21.905 [info] > git rev-parse --show-toplevel [3ms]
2024-02-13 20:10:21.905 [info] fatal: not a git repository (or any parent up to mount point /)
Stopping at filesystem boundary (GIT_DISCOVERY_ACROSS_FILESYSTEM not set).
2024-02-13 20:10:35.608 [info] > git rev-parse --show-toplevel [1ms]
2024-02-13 20:10:35.608 [info] fatal: not a git repository (or any parent up to mount point /)
Stopping at filesystem boundary (GIT_DISCOVERY_ACROSS_FILESYSTEM not set).
2024-02-13 20:10:35.621 [info] > git rev-parse --show-toplevel [3ms]
2024-02-13 20:10:35.621 [info] fatal: not a git repository (or any parent up to mount point /)
Stopping at filesystem boundary (GIT_DISCOVERY_ACROSS_FILESYSTEM not set).
2024-02-13 20:10:35.630 [info] > git rev-parse --show-toplevel [2ms]
2024-02-13 20:10:35.630 [info] fatal: not a git repository (or any parent up to mount point /)
Stopping at filesystem boundary (GIT_DISCOVERY_ACROSS_FILESYSTEM not set).
2024-02-13 20:11:56.749 [info] > git rev-parse --show-toplevel [1ms]
2024-02-13 20:11:56.749 [info] fatal: not a git repository (or any parent up to mount point /)
Stopping at filesystem boundary (GIT_DISCOVERY_ACROSS_FILESYSTEM not set).
2024-02-13 20:11:56.761 [info] > git rev-parse --show-toplevel [2ms]
2024-02-13 20:11:56.761 [info] fatal: not a git repository (or any parent up to mount point /)
Stopping at filesystem boundary (GIT_DISCOVERY_ACROSS_FILESYSTEM not set).
2024-02-13 20:11:56.767 [info] > git rev-parse --show-toplevel [1ms]
2024-02-13 20:11:56.767 [info] fatal: not a git repository (or any parent up to mount point /)
Stopping at filesystem boundary (GIT_DISCOVERY_ACROSS_FILESYSTEM not set).
2024-02-13 20:12:05.454 [info] > git rev-parse --show-toplevel [1ms]
2024-02-13 20:12:05.454 [info] fatal: not a git repository (or any parent up to mount point /)
Stopping at filesystem boundary (GIT_DISCOVERY_ACROSS_FILESYSTEM not set).
2024-02-13 20:12:05.488 [info] > git rev-parse --show-toplevel [3ms]
2024-02-13 20:12:05.488 [info] fatal: not a git repository (or any parent up to mount point /)
Stopping at filesystem boundary (GIT_DISCOVERY_ACROSS_FILESYSTEM not set).
2024-02-13 20:12:05.495 [info] > git rev-parse --show-toplevel [1ms]
2024-02-13 20:12:05.495 [info] fatal: not a git repository (or any parent up to mount point /)
Stopping at filesystem boundary (GIT_DISCOVERY_ACROSS_FILESYSTEM not set).
2024-02-13 20:12:28.807 [info] > git rev-parse --show-toplevel [1ms]
2024-02-13 20:12:28.807 [info] fatal: not a git repository (or any parent up to mount point /)
Stopping at filesystem boundary (GIT_DISCOVERY_ACROSS_FILESYSTEM not set).
2024-02-13 20:12:28.838 [info] > git rev-parse --show-toplevel [2ms]
2024-02-13 20:12:28.838 [info] fatal: not a git repository (or any parent up to mount point /)
Stopping at filesystem boundary (GIT_DISCOVERY_ACROSS_FILESYSTEM not set).
2024-02-13 20:12:28.844 [info] > git rev-parse --show-toplevel [1ms]
2024-02-13 20:12:28.844 [info] fatal: not a git repository (or any parent up to mount point /)
Stopping at filesystem boundary (GIT_DISCOVERY_ACROSS_FILESYSTEM not set).
2024-02-13 20:13:00.579 [info] > git rev-parse --show-toplevel [2ms]
2024-02-13 20:13:00.579 [info] fatal: not a git repository (or any parent up to mount point /)
Stopping at filesystem boundary (GIT_DISCOVERY_ACROSS_FILESYSTEM not set).
2024-02-13 20:13:00.629 [info] > git rev-parse --show-toplevel [1ms]
2024-02-13 20:13:00.629 [info] fatal: not a git repository (or any parent up to mount point /)
Stopping at filesystem boundary (GIT_DISCOVERY_ACROSS_FILESYSTEM not set).
2024-02-13 20:13:00.636 [info] > git rev-parse --show-toplevel [1ms]
2024-02-13 20:13:00.636 [info] fatal: not a git repository (or any parent up to mount point /)
Stopping at filesystem boundary (GIT_DISCOVERY_ACROSS_FILESYSTEM not set).
2024-02-13 20:13:08.199 [info] > git rev-parse --show-toplevel [1ms]
2024-02-13 20:13:08.199 [info] fatal: not a git repository (or any parent up to mount point /)
Stopping at filesystem boundary (GIT_DISCOVERY_ACROSS_FILESYSTEM not set).
2024-02-13 20:13:08.226 [info] > git rev-parse --show-toplevel [2ms]
2024-02-13 20:13:08.226 [info] fatal: not a git repository (or any parent up to mount point /)
Stopping at filesystem boundary (GIT_DISCOVERY_ACROSS_FILESYSTEM not set).
2024-02-13 20:13:08.233 [info] > git rev-parse --show-toplevel [2ms]
2024-02-13 20:13:08.233 [info] fatal: not a git repository (or any parent up to mount point /)
Stopping at filesystem boundary (GIT_DISCOVERY_ACROSS_FILESYSTEM not set).
2024-02-13 20:13:13.744 [info] > git rev-parse --show-toplevel [3ms]
2024-02-13 20:13:13.744 [info] fatal: not a git repository (or any parent up to mount point /)
Stopping at filesystem boundary (GIT_DISCOVERY_ACROSS_FILESYSTEM not set).
2024-02-13 20:13:13.796 [info] > git rev-parse --show-toplevel [3ms]
2024-02-13 20:13:13.796 [info] fatal: not a git repository (or any parent up to mount point /)
Stopping at filesystem boundary (GIT_DISCOVERY_ACROSS_FILESYSTEM not set).
2024-02-13 20:13:13.803 [info] > git rev-parse --show-toplevel [1ms]
2024-02-13 20:13:13.803 [info] fatal: not a git repository (or any parent up to mount point /)
Stopping at filesystem boundary (GIT_DISCOVERY_ACROSS_FILESYSTEM not set).
2024-02-13 20:13:13.808 [info] > git rev-parse --show-toplevel [0ms]
2024-02-13 20:13:13.808 [info] fatal: not a git repository (or any parent up to mount point /)
Stopping at filesystem boundary (GIT_DISCOVERY_ACROSS_FILESYSTEM not set).
2024-02-13 20:13:19.046 [info] > git rev-parse --show-toplevel [1ms]
2024-02-13 20:13:19.046 [info] fatal: not a git repository (or any parent up to mount point /)
Stopping at filesystem boundary (GIT_DISCOVERY_ACROSS_FILESYSTEM not set).
2024-02-13 20:13:19.060 [info] > git rev-parse --show-toplevel [2ms]
2024-02-13 20:13:19.060 [info] fatal: not a git repository (or any parent up to mount point /)
Stopping at filesystem boundary (GIT_DISCOVERY_ACROSS_FILESYSTEM not set).
2024-02-13 20:13:19.068 [info] > git rev-parse --show-toplevel [1ms]
2024-02-13 20:13:19.068 [info] fatal: not a git repository (or any parent up to mount point /)
Stopping at filesystem boundary (GIT_DISCOVERY_ACROSS_FILESYSTEM not set).
2024-02-13 20:13:20.055 [info] > git rev-parse --show-toplevel [1ms]
2024-02-13 20:13:20.055 [info] fatal: not a git repository (or any parent up to mount point /)
Stopping at filesystem boundary (GIT_DISCOVERY_ACROSS_FILESYSTEM not set).
2024-02-13 20:13:20.067 [info] > git rev-parse --show-toplevel [2ms]
2024-02-13 20:13:20.067 [info] fatal: not a git repository (or any parent up to mount point /)
Stopping at filesystem boundary (GIT_DISCOVERY_ACROSS_FILESYSTEM not set).
2024-02-13 20:13:20.074 [info] > git rev-parse --show-toplevel [2ms]
2024-02-13 20:13:20.074 [info] fatal: not a git repository (or any parent up to mount point /)
Stopping at filesystem boundary (GIT_DISCOVERY_ACROSS_FILESYSTEM not set).
2024-02-13 20:13:22.885 [info] > git rev-parse --show-toplevel [2ms]
2024-02-13 20:13:22.885 [info] fatal: not a git repository (or any parent up to mount point /)
Stopping at filesystem boundary (GIT_DISCOVERY_ACROSS_FILESYSTEM not set).
2024-02-13 20:13:22.897 [info] > git rev-parse --show-toplevel [2ms]
2024-02-13 20:13:22.897 [info] fatal: not a git repository (or any parent up to mount point /)
Stopping at filesystem boundary (GIT_DISCOVERY_ACROSS_FILESYSTEM not set).
2024-02-13 20:13:22.906 [info] > git rev-parse --show-toplevel [1ms]
2024-02-13 20:13:22.906 [info] fatal: not a git repository (or any parent up to mount point /)
Stopping at filesystem boundary (GIT_DISCOVERY_ACROSS_FILESYSTEM not set).
2024-02-13 20:22:44.751 [info] > git rev-parse --show-toplevel [1ms]
2024-02-13 20:22:44.751 [info] fatal: not a git repository (or any parent up to mount point /)
Stopping at filesystem boundary (GIT_DISCOVERY_ACROSS_FILESYSTEM not set).
2024-02-13 20:22:44.763 [info] > git rev-parse --show-toplevel [3ms]
2024-02-13 20:22:44.763 [info] fatal: not a git repository (or any parent up to mount point /)
Stopping at filesystem boundary (GIT_DISCOVERY_ACROSS_FILESYSTEM not set).
2024-02-13 20:22:44.769 [info] > git rev-parse --show-toplevel [1ms]
2024-02-13 20:22:44.769 [info] fatal: not a git repository (or any parent up to mount point /)
Stopping at filesystem boundary (GIT_DISCOVERY_ACROSS_FILESYSTEM not set).
2024-02-13 20:22:46.272 [info] > git rev-parse --show-toplevel [3ms]
2024-02-13 20:22:46.272 [info] fatal: not a git repository (or any parent up to mount point /)
Stopping at filesystem boundary (GIT_DISCOVERY_ACROSS_FILESYSTEM not set).
2024-02-13 20:22:46.295 [info] > git rev-parse --show-toplevel [5ms]
2024-02-13 20:22:46.295 [info] fatal: not a git repository (or any parent up to mount point /)
Stopping at filesystem boundary (GIT_DISCOVERY_ACROSS_FILESYSTEM not set).
2024-02-13 20:22:46.304 [info] > git rev-parse --show-toplevel [2ms]
2024-02-13 20:22:46.304 [info] fatal: not a git repository (or any parent up to mount point /)
Stopping at filesystem boundary (GIT_DISCOVERY_ACROSS_FILESYSTEM not set).
2024-02-13 20:22:46.863 [info] > git rev-parse --show-toplevel [1ms]
2024-02-13 20:22:46.863 [info] fatal: not a git repository (or any parent up to mount point /)
Stopping at filesystem boundary (GIT_DISCOVERY_ACROSS_FILESYSTEM not set).
2024-02-13 20:23:02.144 [info] > git rev-parse --show-toplevel [1ms]
2024-02-13 20:23:02.144 [info] fatal: not a git repository (or any parent up to mount point /)
Stopping at filesystem boundary (GIT_DISCOVERY_ACROSS_FILESYSTEM not set).
2024-02-13 20:23:05.066 [info] > git rev-parse --show-toplevel [3ms]
2024-02-13 20:23:05.066 [info] fatal: not a git repository (or any parent up to mount point /)
Stopping at filesystem boundary (GIT_DISCOVERY_ACROSS_FILESYSTEM not set).
2024-02-13 20:23:05.090 [info] > git rev-parse --show-toplevel [3ms]
2024-02-13 20:23:05.091 [info] fatal: not a git repository (or any parent up to mount point /)
Stopping at filesystem boundary (GIT_DISCOVERY_ACROSS_FILESYSTEM not set).
2024-02-13 20:23:36.920 [info] > git rev-parse --show-toplevel [2ms]
2024-02-13 20:23:36.920 [info] fatal: not a git repository (or any parent up to mount point /)
Stopping at filesystem boundary (GIT_DISCOVERY_ACROSS_FILESYSTEM not set).
2024-02-13 20:23:43.200 [info] > git rev-parse --show-toplevel [3ms]
2024-02-13 20:23:43.200 [info] fatal: not a git repository (or any parent up to mount point /)
Stopping at filesystem boundary (GIT_DISCOVERY_ACROSS_FILESYSTEM not set).
