2024-02-11 17:39:44.564 [info] Revived process, old id 383b982ba833be3224ca9e20a0814d07-1 -> new id 1
2024-02-11 17:39:44.564 [info] Revived process, old id 383b982ba833be3224ca9e20a0814d07-2 -> new id 2
2024-02-11 17:39:44.564 [info] Revived process, old id 383b982ba833be3224ca9e20a0814d07-3 -> new id 3
2024-02-11 17:39:44.701 [info] Expanding terminal instance, old id 383b982ba833be3224ca9e20a0814d07-1 -> new id 1
2024-02-11 17:39:44.701 [info] Expanding terminal instance, old id 383b982ba833be3224ca9e20a0814d07-2 -> new id 2
2024-02-11 17:39:44.701 [info] Expanding terminal instance, old id 383b982ba833be3224ca9e20a0814d07-3 -> new id 3
2024-02-11 17:39:45.027 [warning] Persistent process "1": Process had no disconnect runners but was an orphan
2024-02-11 17:39:45.027 [info] Persistent process reconnection "1"
2024-02-11 17:39:45.027 [warning] Persistent process "2": Process had no disconnect runners but was an orphan
2024-02-11 17:39:45.027 [info] Persistent process reconnection "2"
2024-02-11 17:39:45.027 [warning] Persistent process "3": Process had no disconnect runners but was an orphan
2024-02-11 17:39:45.027 [info] Persistent process reconnection "3"
2024-02-11 17:39:45.080 [info] Persistent process "1": Replaying 2737 chars and 1 size events
2024-02-11 17:39:45.100 [info] Persistent process "2": Replaying 7815 chars and 1 size events
2024-02-11 17:39:45.115 [info] Persistent process "3": Replaying 7836 chars and 1 size events
2024-02-11 18:13:40.363 [info] Expanding terminal instance, old id 383b982ba833be3224ca9e20a0814d07-1 -> new id undefined
2024-02-11 18:13:40.363 [info] Expanding terminal instance, old id 383b982ba833be3224ca9e20a0814d07-2 -> new id undefined
2024-02-11 18:13:40.363 [info] Expanding terminal instance, old id 383b982ba833be3224ca9e20a0814d07-3 -> new id undefined
2024-02-11 18:13:41.073 [info] Persistent process reconnection "1"
2024-02-11 18:13:41.073 [info] Persistent process reconnection "2"
2024-02-11 18:13:41.073 [info] Persistent process reconnection "3"
2024-02-11 18:13:41.118 [info] Persistent process "1": Replaying 6535 chars and 1 size events
2024-02-11 18:13:41.126 [info] Persistent process "2": Replaying 7766 chars and 1 size events
2024-02-11 18:13:41.128 [info] Persistent process "3": Replaying 8017 chars and 1 size events
