2024-01-03 09:51:26.329 [info] Experiment 'pythonaacf' is active
2024-01-03 09:51:26.329 [info] Experiment 'pythonRecommendTensorboardExtcf' is active
2024-01-03 09:51:26.329 [info] Experiment 'pythonREPLSmartSend' is active
2024-01-03 09:51:26.329 [info] Experiment 'pythonTerminalEnvVarActivation' is active
2024-01-03 09:51:26.329 [info] Experiment 'pythonTestAdapter' is active
2024-01-03 09:51:26.329 [info] Default formatter is set to null for workspace /mnt/Kynthos Development/blbsr
2024-01-03 09:51:26.329 [info] Running installed packages checker:  /mnt/Kynthos Development/blbsr/.venv/bin/python /home/stickee/.vscode/extensions/ms-python.python-2023.22.1/pythonFiles/installed_check.py /mnt/Kynthos Development/blbsr/src/backend/requirements.txt
2024-01-03 09:51:26.329 [info] > "/mnt/Kynthos Development/blbsr/.venv/bin/python" ~/.vscode/extensions/ms-python.python-2023.22.1/pythonFiles/installed_check.py "/mnt/Kynthos Development/blbsr/src/backend/requirements.txt"
2024-01-03 09:51:26.329 [error] Error while getting installed packages check result:
 [Error: spawn /mnt/Kynthos Development/blbsr/.venv/bin/python ENOENT
	at ChildProcess._handle.onexit (node:internal/child_process:283:19)
	at onErrorNT (node:internal/child_process:476:16)
	at process.processTicksAndRejections (node:internal/process/task_queues:82:21)] {
  errno: -2,
  code: 'ENOENT',
  syscall: 'spawn /mnt/Kynthos Development/blbsr/.venv/bin/python',
  path: '/mnt/Kynthos Development/blbsr/.venv/bin/python',
  spawnargs: [
    '/home/stickee/.vscode/extensions/ms-python.python-2023.22.1/pythonFiles/installed_check.py',
    '/mnt/Kynthos Development/blbsr/src/backend/requirements.txt'
  ]
}
2024-01-03 09:51:26.329 [info] Test server listening.
2024-01-03 09:51:26.329 [warning] Failed to check if /mnt/Kynthos Development/blbsr/.venv/bin/python is an executable [Error: ENOENT: no such file or directory, lstat '/mnt/Kynthos Development/blbsr/.venv/bin/python'] {
  errno: -2,
  code: 'ENOENT',
  syscall: 'lstat',
  path: '/mnt/Kynthos Development/blbsr/.venv/bin/python'
}
2024-01-03 09:51:26.348 [warning] Identifier for virt-virtualenv failed to identify /mnt/Kynthos Development/blbsr/.venv/bin/python [Error: ENOENT: no such file or directory, scandir '/mnt/Kynthos Development/blbsr/.venv/bin'] {
  errno: -2,
  code: 'ENOENT',
  syscall: 'scandir',
  path: '/mnt/Kynthos Development/blbsr/.venv/bin'
}
2024-01-03 09:51:26.352 [info] Send text to terminal: echo /usr/bin/zsh
2024-01-03 09:51:26.353 [warning] Failed to check if /mnt/Kynthos Development/blbsr/.venv/bin/python is an executable [Error: ENOENT: no such file or directory, lstat '/mnt/Kynthos Development/blbsr/.venv/bin/python'] {
  errno: -2,
  code: 'ENOENT',
  syscall: 'lstat',
  path: '/mnt/Kynthos Development/blbsr/.venv/bin/python'
}
2024-01-03 09:51:26.353 [warning] Failed to check if /mnt/Kynthos Development/blbsr/.venv/bin/python is an executable [Error: ENOENT: no such file or directory, lstat '/mnt/Kynthos Development/blbsr/.venv/bin/python'] {
  errno: -2,
  code: 'ENOENT',
  syscall: 'lstat',
  path: '/mnt/Kynthos Development/blbsr/.venv/bin/python'
}
2024-01-03 09:51:26.361 [info] > "/mnt/Kynthos Development/blbsr/.venv/bin/python" -I ~/.vscode/extensions/ms-python.python-2023.22.1/pythonFiles/get_output_via_markers.py ~/.vscode/extensions/ms-python.python-2023.22.1/pythonFiles/interpreterInfo.py
2024-01-03 09:51:26.365 [error] [Error: Command failed: "/mnt/Kynthos Development/blbsr/.venv/bin/python" -I /home/stickee/.vscode/extensions/ms-python.python-2023.22.1/pythonFiles/get_output_via_markers.py /home/stickee/.vscode/extensions/ms-python.python-2023.22.1/pythonFiles/interpreterInfo.py
/bin/sh: line 1: /mnt/Kynthos Development/blbsr/.venv/bin/python: No such file or directory

	at ChildProcess.exithandler (node:child_process:431:12)
	at ChildProcess.emit (node:events:525:35)
	at maybeClose (node:internal/child_process:1091:16)
	at Socket.<anonymous> (node:internal/child_process:449:11)
	at Socket.emit (node:events:513:28)
	at Pipe.<anonymous> (node:net:322:12)] {
  code: 127,
  killed: false,
  signal: null,
  cmd: '"/mnt/Kynthos Development/blbsr/.venv/bin/python" -I /home/stickee/.vscode/extensions/ms-python.python-2023.22.1/pythonFiles/get_output_via_markers.py /home/stickee/.vscode/extensions/ms-python.python-2023.22.1/pythonFiles/interpreterInfo.py'
}
2024-01-03 09:51:26.365 [warning] Identifier for virt-virtualenv failed to identify /mnt/Kynthos Development/blbsr/.venv/bin/python [Error: ENOENT: no such file or directory, scandir '/mnt/Kynthos Development/blbsr/.venv/bin'] {
  errno: -2,
  code: 'ENOENT',
  syscall: 'scandir',
  path: '/mnt/Kynthos Development/blbsr/.venv/bin'
}
2024-01-03 09:51:26.365 [warning] Identifier for virt-virtualenv failed to identify /mnt/Kynthos Development/blbsr/.venv/bin/python [Error: ENOENT: no such file or directory, scandir '/mnt/Kynthos Development/blbsr/.venv/bin'] {
  errno: -2,
  code: 'ENOENT',
  syscall: 'scandir',
  path: '/mnt/Kynthos Development/blbsr/.venv/bin'
}
2024-01-03 09:51:28.369 [info] > "/mnt/Kynthos Development/blbsr/.venv/bin/python" -I ~/.vscode/extensions/ms-python.python-2023.22.1/pythonFiles/get_output_via_markers.py ~/.vscode/extensions/ms-python.python-2023.22.1/pythonFiles/interpreterInfo.py
2024-01-03 09:51:28.371 [error] [Error: Command failed: "/mnt/Kynthos Development/blbsr/.venv/bin/python" -I /home/stickee/.vscode/extensions/ms-python.python-2023.22.1/pythonFiles/get_output_via_markers.py /home/stickee/.vscode/extensions/ms-python.python-2023.22.1/pythonFiles/interpreterInfo.py
/bin/sh: line 1: /mnt/Kynthos Development/blbsr/.venv/bin/python: No such file or directory

	at ChildProcess.exithandler (node:child_process:431:12)
	at ChildProcess.emit (node:events:525:35)
	at maybeClose (node:internal/child_process:1091:16)
	at Socket.<anonymous> (node:internal/child_process:449:11)
	at Socket.emit (node:events:513:28)
	at Pipe.<anonymous> (node:net:322:12)] {
  code: 127,
  killed: false,
  signal: null,
  cmd: '"/mnt/Kynthos Development/blbsr/.venv/bin/python" -I /home/stickee/.vscode/extensions/ms-python.python-2023.22.1/pythonFiles/get_output_via_markers.py /home/stickee/.vscode/extensions/ms-python.python-2023.22.1/pythonFiles/interpreterInfo.py'
}
2024-01-03 09:51:28.374 [warning] Failed to check if /mnt/Kynthos Development/blbsr/.venv/bin/python is an executable [Error: ENOENT: no such file or directory, lstat '/mnt/Kynthos Development/blbsr/.venv/bin/python'] {
  errno: -2,
  code: 'ENOENT',
  syscall: 'lstat',
  path: '/mnt/Kynthos Development/blbsr/.venv/bin/python'
}
2024-01-03 09:51:28.542 [warning] Identifier for virt-virtualenv failed to identify /mnt/Kynthos Development/blbsr/.venv/bin/python [Error: ENOENT: no such file or directory, scandir '/mnt/Kynthos Development/blbsr/.venv/bin'] {
  errno: -2,
  code: 'ENOENT',
  syscall: 'scandir',
  path: '/mnt/Kynthos Development/blbsr/.venv/bin'
}
2024-01-03 09:51:29.352 [info] Shell integration is not working for zsh
2024-01-03 09:51:29.353 [warning] Shell integration is not active, environment activated maybe overriden by the shell.
2024-01-03 09:51:29.353 [warning] Failed to check if /mnt/Kynthos Development/blbsr/.venv/bin/python is an executable [Error: ENOENT: no such file or directory, lstat '/mnt/Kynthos Development/blbsr/.venv/bin/python'] {
  errno: -2,
  code: 'ENOENT',
  syscall: 'lstat',
  path: '/mnt/Kynthos Development/blbsr/.venv/bin/python'
}
2024-01-03 09:51:29.355 [warning] Identifier for virt-virtualenv failed to identify /mnt/Kynthos Development/blbsr/.venv/bin/python [Error: ENOENT: no such file or directory, scandir '/mnt/Kynthos Development/blbsr/.venv/bin'] {
  errno: -2,
  code: 'ENOENT',
  syscall: 'scandir',
  path: '/mnt/Kynthos Development/blbsr/.venv/bin'
}
2024-01-03 09:51:29.362 [warning] Failed to check if /mnt/Kynthos Development/blbsr/.venv/bin/python is an executable [Error: ENOENT: no such file or directory, lstat '/mnt/Kynthos Development/blbsr/.venv/bin/python'] {
  errno: -2,
  code: 'ENOENT',
  syscall: 'lstat',
  path: '/mnt/Kynthos Development/blbsr/.venv/bin/python'
}
2024-01-03 09:51:29.362 [warning] Identifier for virt-virtualenv failed to identify /mnt/Kynthos Development/blbsr/.venv/bin/python [Error: ENOENT: no such file or directory, scandir '/mnt/Kynthos Development/blbsr/.venv/bin'] {
  errno: -2,
  code: 'ENOENT',
  syscall: 'scandir',
  path: '/mnt/Kynthos Development/blbsr/.venv/bin'
}
2024-01-03 09:51:29.364 [warning] Failed to check if /mnt/Kynthos Development/blbsr/.venv/bin/python is an executable [Error: ENOENT: no such file or directory, lstat '/mnt/Kynthos Development/blbsr/.venv/bin/python'] {
  errno: -2,
  code: 'ENOENT',
  syscall: 'lstat',
  path: '/mnt/Kynthos Development/blbsr/.venv/bin/python'
}
2024-01-03 09:51:29.364 [warning] Identifier for virt-virtualenv failed to identify /mnt/Kynthos Development/blbsr/.venv/bin/python [Error: ENOENT: no such file or directory, scandir '/mnt/Kynthos Development/blbsr/.venv/bin'] {
  errno: -2,
  code: 'ENOENT',
  syscall: 'scandir',
  path: '/mnt/Kynthos Development/blbsr/.venv/bin'
}
2024-01-03 09:51:29.366 [warning] Failed to check if /mnt/Kynthos Development/blbsr/.venv/bin/python is an executable [Error: ENOENT: no such file or directory, lstat '/mnt/Kynthos Development/blbsr/.venv/bin/python'] {
  errno: -2,
  code: 'ENOENT',
  syscall: 'lstat',
  path: '/mnt/Kynthos Development/blbsr/.venv/bin/python'
}
2024-01-03 09:51:29.366 [warning] Identifier for virt-virtualenv failed to identify /mnt/Kynthos Development/blbsr/.venv/bin/python [Error: ENOENT: no such file or directory, scandir '/mnt/Kynthos Development/blbsr/.venv/bin'] {
  errno: -2,
  code: 'ENOENT',
  syscall: 'scandir',
  path: '/mnt/Kynthos Development/blbsr/.venv/bin'
}
2024-01-03 09:51:29.514 [info] Starting Pylance language server.
2024-01-03 09:51:29.515 [warning] Failed to check if /mnt/Kynthos Development/blbsr/.venv/bin/python is an executable [Error: ENOENT: no such file or directory, lstat '/mnt/Kynthos Development/blbsr/.venv/bin/python'] {
  errno: -2,
  code: 'ENOENT',
  syscall: 'lstat',
  path: '/mnt/Kynthos Development/blbsr/.venv/bin/python'
}
2024-01-03 09:51:29.518 [warning] Failed to check if /mnt/Kynthos Development/blbsr/.venv/bin/python is an executable [Error: ENOENT: no such file or directory, lstat '/mnt/Kynthos Development/blbsr/.venv/bin/python'] {
  errno: -2,
  code: 'ENOENT',
  syscall: 'lstat',
  path: '/mnt/Kynthos Development/blbsr/.venv/bin/python'
}
2024-01-03 09:51:29.519 [warning] Identifier for virt-virtualenv failed to identify /mnt/Kynthos Development/blbsr/.venv/bin/python [Error: ENOENT: no such file or directory, scandir '/mnt/Kynthos Development/blbsr/.venv/bin'] {
  errno: -2,
  code: 'ENOENT',
  syscall: 'scandir',
  path: '/mnt/Kynthos Development/blbsr/.venv/bin'
}
2024-01-03 09:51:29.521 [warning] Identifier for virt-virtualenv failed to identify /mnt/Kynthos Development/blbsr/.venv/bin/python [Error: ENOENT: no such file or directory, scandir '/mnt/Kynthos Development/blbsr/.venv/bin'] {
  errno: -2,
  code: 'ENOENT',
  syscall: 'scandir',
  path: '/mnt/Kynthos Development/blbsr/.venv/bin'
}
2024-01-03 09:51:29.523 [warning] Failed to check if /mnt/Kynthos Development/blbsr/.venv/bin/python is an executable [Error: ENOENT: no such file or directory, lstat '/mnt/Kynthos Development/blbsr/.venv/bin/python'] {
  errno: -2,
  code: 'ENOENT',
  syscall: 'lstat',
  path: '/mnt/Kynthos Development/blbsr/.venv/bin/python'
}
2024-01-03 09:51:29.526 [warning] Identifier for virt-virtualenv failed to identify /mnt/Kynthos Development/blbsr/.venv/bin/python [Error: ENOENT: no such file or directory, scandir '/mnt/Kynthos Development/blbsr/.venv/bin'] {
  errno: -2,
  code: 'ENOENT',
  syscall: 'scandir',
  path: '/mnt/Kynthos Development/blbsr/.venv/bin'
}
2024-01-03 09:51:32.318 [warning] Failed to check if /mnt/Kynthos Development/blbsr/.venv/bin/python is an executable [Error: ENOENT: no such file or directory, lstat '/mnt/Kynthos Development/blbsr/.venv/bin/python'] {
  errno: -2,
  code: 'ENOENT',
  syscall: 'lstat',
  path: '/mnt/Kynthos Development/blbsr/.venv/bin/python'
}
2024-01-03 09:51:32.319 [warning] Identifier for virt-virtualenv failed to identify /mnt/Kynthos Development/blbsr/.venv/bin/python [Error: ENOENT: no such file or directory, scandir '/mnt/Kynthos Development/blbsr/.venv/bin'] {
  errno: -2,
  code: 'ENOENT',
  syscall: 'scandir',
  path: '/mnt/Kynthos Development/blbsr/.venv/bin'
}
2024-01-03 10:07:47.654 [warning] Failed to check if /mnt/Kynthos Development/blbsr/.venv/bin/python is an executable [Error: ENOENT: no such file or directory, lstat '/mnt/Kynthos Development/blbsr/.venv/bin/python'] {
  errno: -2,
  code: 'ENOENT',
  syscall: 'lstat',
  path: '/mnt/Kynthos Development/blbsr/.venv/bin/python'
}
2024-01-03 10:07:47.655 [warning] Identifier for virt-virtualenv failed to identify /mnt/Kynthos Development/blbsr/.venv/bin/python [Error: ENOENT: no such file or directory, scandir '/mnt/Kynthos Development/blbsr/.venv/bin'] {
  errno: -2,
  code: 'ENOENT',
  syscall: 'scandir',
  path: '/mnt/Kynthos Development/blbsr/.venv/bin'
}
2024-01-03 10:09:38.799 [warning] Failed to check if /mnt/Kynthos Development/blbsr/.venv/bin/python is an executable [Error: ENOENT: no such file or directory, lstat '/mnt/Kynthos Development/blbsr/.venv/bin/python'] {
  errno: -2,
  code: 'ENOENT',
  syscall: 'lstat',
  path: '/mnt/Kynthos Development/blbsr/.venv/bin/python'
}
2024-01-03 10:09:38.801 [warning] Identifier for virt-virtualenv failed to identify /mnt/Kynthos Development/blbsr/.venv/bin/python [Error: ENOENT: no such file or directory, scandir '/mnt/Kynthos Development/blbsr/.venv/bin'] {
  errno: -2,
  code: 'ENOENT',
  syscall: 'scandir',
  path: '/mnt/Kynthos Development/blbsr/.venv/bin'
}
2024-01-03 10:09:39.327 [info] > conda info --json
2024-01-03 10:09:39.334 [warning] Failed to check if /mnt/Kynthos Development/blbsr/.venv/bin/python is an executable [Error: ENOENT: no such file or directory, lstat '/mnt/Kynthos Development/blbsr/.venv/bin/python'] {
  errno: -2,
  code: 'ENOENT',
  syscall: 'lstat',
  path: '/mnt/Kynthos Development/blbsr/.venv/bin/python'
}
2024-01-03 10:09:39.334 [warning] Failed to check if /mnt/Kynthos Development/blbsr/.venv/bin/python is an executable [Error: ENOENT: no such file or directory, lstat '/mnt/Kynthos Development/blbsr/.venv/bin/python'] {
  errno: -2,
  code: 'ENOENT',
  syscall: 'lstat',
  path: '/mnt/Kynthos Development/blbsr/.venv/bin/python'
}
2024-01-03 10:09:39.350 [warning] Failed to check if /mnt/Kynthos Development/blbsr/.venv/bin/python is an executable [Error: ENOENT: no such file or directory, lstat '/mnt/Kynthos Development/blbsr/.venv/bin/python'] {
  errno: -2,
  code: 'ENOENT',
  syscall: 'lstat',
  path: '/mnt/Kynthos Development/blbsr/.venv/bin/python'
}
2024-01-03 10:09:39.439 [warning] Identifier for virt-virtualenv failed to identify /mnt/Kynthos Development/blbsr/.venv/bin/python [Error: ENOENT: no such file or directory, scandir '/mnt/Kynthos Development/blbsr/.venv/bin'] {
  errno: -2,
  code: 'ENOENT',
  syscall: 'scandir',
  path: '/mnt/Kynthos Development/blbsr/.venv/bin'
}
2024-01-03 10:09:39.439 [warning] Identifier for virt-virtualenv failed to identify /mnt/Kynthos Development/blbsr/.venv/bin/python [Error: ENOENT: no such file or directory, scandir '/mnt/Kynthos Development/blbsr/.venv/bin'] {
  errno: -2,
  code: 'ENOENT',
  syscall: 'scandir',
  path: '/mnt/Kynthos Development/blbsr/.venv/bin'
}
2024-01-03 10:09:39.440 [warning] Identifier for virt-virtualenv failed to identify /mnt/Kynthos Development/blbsr/.venv/bin/python [Error: ENOENT: no such file or directory, scandir '/mnt/Kynthos Development/blbsr/.venv/bin'] {
  errno: -2,
  code: 'ENOENT',
  syscall: 'scandir',
  path: '/mnt/Kynthos Development/blbsr/.venv/bin'
}
2024-01-03 10:09:41.573 [warning] Failed to check if /mnt/Kynthos Development/blbsr/.venv/bin/python is an executable [Error: ENOENT: no such file or directory, lstat '/mnt/Kynthos Development/blbsr/.venv/bin/python'] {
  errno: -2,
  code: 'ENOENT',
  syscall: 'lstat',
  path: '/mnt/Kynthos Development/blbsr/.venv/bin/python'
}
2024-01-03 10:09:41.581 [info] Found: /bin/python --> /bin/python3.11
2024-01-03 10:09:41.581 [info] Found: /bin/python3 --> /bin/python3.11
2024-01-03 10:09:41.582 [info] Found: /bin/python3.11 --> /bin/python3.11
2024-01-03 10:09:41.582 [warning] Identifier for virt-virtualenv failed to identify /mnt/Kynthos Development/blbsr/.venv/bin/python [Error: ENOENT: no such file or directory, scandir '/mnt/Kynthos Development/blbsr/.venv/bin'] {
  errno: -2,
  code: 'ENOENT',
  syscall: 'scandir',
  path: '/mnt/Kynthos Development/blbsr/.venv/bin'
}
2024-01-03 10:09:41.600 [info] > /bin/python -I ~/.vscode/extensions/ms-python.python-2023.22.1/pythonFiles/get_output_via_markers.py ~/.vscode/extensions/ms-python.python-2023.22.1/pythonFiles/interpreterInfo.py
2024-01-03 10:09:41.610 [info] Found: /sbin/python --> /sbin/python3.11
2024-01-03 10:09:41.610 [info] Found: /sbin/python3 --> /sbin/python3.11
2024-01-03 10:09:41.610 [info] Found: /sbin/python3.11 --> /sbin/python3.11
2024-01-03 10:09:41.613 [info] Found: /usr/bin/python --> /usr/bin/python3.11
2024-01-03 10:09:41.613 [info] Found: /usr/bin/python3 --> /usr/bin/python3.11
2024-01-03 10:09:41.613 [info] Found: /usr/bin/python3.11 --> /usr/bin/python3.11
2024-01-03 10:09:41.642 [info] Found: /usr/sbin/python --> /usr/sbin/python3.11
2024-01-03 10:09:41.642 [info] Found: /usr/sbin/python3 --> /usr/sbin/python3.11
2024-01-03 10:09:41.642 [info] Found: /usr/sbin/python3.11 --> /usr/sbin/python3.11
2024-01-03 10:09:41.651 [info] > /sbin/python -I ~/.vscode/extensions/ms-python.python-2023.22.1/pythonFiles/get_output_via_markers.py ~/.vscode/extensions/ms-python.python-2023.22.1/pythonFiles/interpreterInfo.py
2024-01-03 10:09:41.660 [info] > /usr/bin/python -I ~/.vscode/extensions/ms-python.python-2023.22.1/pythonFiles/get_output_via_markers.py ~/.vscode/extensions/ms-python.python-2023.22.1/pythonFiles/interpreterInfo.py
2024-01-03 10:09:41.679 [info] > /usr/sbin/python -I ~/.vscode/extensions/ms-python.python-2023.22.1/pythonFiles/get_output_via_markers.py ~/.vscode/extensions/ms-python.python-2023.22.1/pythonFiles/interpreterInfo.py
2024-01-03 10:10:21.141 [warning] Failed to check if /mnt/Kynthos Development/blbsr/.venv/bin/python is an executable [Error: ENOENT: no such file or directory, lstat '/mnt/Kynthos Development/blbsr/.venv/bin/python'] {
  errno: -2,
  code: 'ENOENT',
  syscall: 'lstat',
  path: '/mnt/Kynthos Development/blbsr/.venv/bin/python'
}
2024-01-03 10:10:21.142 [warning] Identifier for virt-virtualenv failed to identify /mnt/Kynthos Development/blbsr/.venv/bin/python [Error: ENOENT: no such file or directory, scandir '/mnt/Kynthos Development/blbsr/.venv/bin'] {
  errno: -2,
  code: 'ENOENT',
  syscall: 'scandir',
  path: '/mnt/Kynthos Development/blbsr/.venv/bin'
}
2024-01-03 10:10:28.265 [info] Discover tests for workspace name: blbsr - uri: /mnt/Kynthos Development/blbsr/src/backend/.venv/lib/python3.11/site-packages/pandas/pyproject.toml
2024-01-03 10:10:33.844 [info] Found: /bin/python --> /bin/python3.11
2024-01-03 10:10:33.844 [info] Found: /bin/python3 --> /bin/python3.11
2024-01-03 10:10:33.845 [info] Found: /bin/python3.11 --> /bin/python3.11
2024-01-03 10:10:33.862 [info] Found: /sbin/python --> /sbin/python3.11
2024-01-03 10:10:33.862 [info] Found: /sbin/python3 --> /sbin/python3.11
2024-01-03 10:10:33.862 [info] Found: /sbin/python3.11 --> /sbin/python3.11
2024-01-03 10:10:33.866 [info] Found: /usr/bin/python --> /usr/bin/python3.11
2024-01-03 10:10:33.866 [info] Found: /usr/bin/python3 --> /usr/bin/python3.11
2024-01-03 10:10:33.866 [info] Found: /usr/bin/python3.11 --> /usr/bin/python3.11
2024-01-03 10:10:33.882 [info] Found: /usr/sbin/python --> /usr/sbin/python3.11
2024-01-03 10:10:33.882 [info] Found: /usr/sbin/python3 --> /usr/sbin/python3.11
2024-01-03 10:10:33.882 [info] Found: /usr/sbin/python3.11 --> /usr/sbin/python3.11
2024-01-03 10:11:04.858 [info] Running installed packages checker:  /mnt/Kynthos Development/blbsr/.venv/bin/python /home/stickee/.vscode/extensions/ms-python.python-2023.22.1/pythonFiles/installed_check.py /mnt/Kynthos Development/blbsr/src/backend/pyproject.toml
2024-01-03 10:11:04.858 [info] > "/mnt/Kynthos Development/blbsr/.venv/bin/python" ~/.vscode/extensions/ms-python.python-2023.22.1/pythonFiles/installed_check.py "/mnt/Kynthos Development/blbsr/src/backend/pyproject.toml"
2024-01-03 10:11:04.858 [error] Error while getting installed packages check result:
 [Error: spawn /mnt/Kynthos Development/blbsr/.venv/bin/python ENOENT
	at ChildProcess._handle.onexit (node:internal/child_process:283:19)
	at onErrorNT (node:internal/child_process:476:16)
	at process.processTicksAndRejections (node:internal/process/task_queues:82:21)] {
  errno: -2,
  code: 'ENOENT',
  syscall: 'spawn /mnt/Kynthos Development/blbsr/.venv/bin/python',
  path: '/mnt/Kynthos Development/blbsr/.venv/bin/python',
  spawnargs: [
    '/home/stickee/.vscode/extensions/ms-python.python-2023.22.1/pythonFiles/installed_check.py',
    '/mnt/Kynthos Development/blbsr/src/backend/pyproject.toml'
  ]
}
2024-01-03 10:11:04.861 [warning] Failed to check if /mnt/Kynthos Development/blbsr/.venv/bin/python is an executable [Error: ENOENT: no such file or directory, lstat '/mnt/Kynthos Development/blbsr/.venv/bin/python'] {
  errno: -2,
  code: 'ENOENT',
  syscall: 'lstat',
  path: '/mnt/Kynthos Development/blbsr/.venv/bin/python'
}
2024-01-03 10:11:04.862 [warning] Identifier for virt-virtualenv failed to identify /mnt/Kynthos Development/blbsr/.venv/bin/python [Error: ENOENT: no such file or directory, scandir '/mnt/Kynthos Development/blbsr/.venv/bin'] {
  errno: -2,
  code: 'ENOENT',
  syscall: 'scandir',
  path: '/mnt/Kynthos Development/blbsr/.venv/bin'
}
2024-01-03 10:11:15.129 [warning] Failed to check if /mnt/Kynthos Development/blbsr/.venv/bin/python is an executable [Error: ENOENT: no such file or directory, lstat '/mnt/Kynthos Development/blbsr/.venv/bin/python'] {
  errno: -2,
  code: 'ENOENT',
  syscall: 'lstat',
  path: '/mnt/Kynthos Development/blbsr/.venv/bin/python'
}
2024-01-03 10:11:15.130 [warning] Identifier for virt-virtualenv failed to identify /mnt/Kynthos Development/blbsr/.venv/bin/python [Error: ENOENT: no such file or directory, scandir '/mnt/Kynthos Development/blbsr/.venv/bin'] {
  errno: -2,
  code: 'ENOENT',
  syscall: 'scandir',
  path: '/mnt/Kynthos Development/blbsr/.venv/bin'
}
2024-01-03 10:11:43.261 [info] Discover tests for workspace name: blbsr - uri: /mnt/Kynthos Development/blbsr
2024-01-03 10:11:43.261 [info] Python interpreter path: /bin/python
2024-01-03 10:16:21.888 [info] > "/mnt/Kynthos Development/blbsr/src/backend/.venv/bin/python3.11" -I ~/.vscode/extensions/ms-python.python-2023.22.1/pythonFiles/get_output_via_markers.py ~/.vscode/extensions/ms-python.python-2023.22.1/pythonFiles/interpreterInfo.py
2024-01-03 10:16:21.919 [info] Discover tests for workspace name: blbsr - uri: /mnt/Kynthos Development/blbsr
2024-01-03 10:16:21.919 [info] Python interpreter path: ./src/backend/.venv/bin/python3.11
2024-01-03 10:16:21.939 [info] > . "/mnt/Kynthos Development/blbsr/src/backend/.venv/bin/activate" && echo 'e8b39361-0157-4923-80e1-22d70d46dee6' && python ~/.vscode/extensions/ms-python.python-2023.22.1/pythonFiles/printEnvVariables.py
2024-01-03 10:16:21.939 [info] shell: zsh
2024-01-03 10:16:21.945 [info] > . "/mnt/Kynthos Development/blbsr/src/backend/.venv/bin/activate" && echo 'e8b39361-0157-4923-80e1-22d70d46dee6' && python ~/.vscode/extensions/ms-python.python-2023.22.1/pythonFiles/printEnvVariables.py
2024-01-03 10:16:21.945 [info] shell: bash
2024-01-03 10:16:21.974 [info] > /bin/python ~/.vscode/extensions/ms-python.python-2023.22.1/pythonFiles/printEnvVariables.py
2024-01-03 10:16:21.974 [info] shell: zsh
2024-01-03 10:16:21.975 [warning] Retry failed, storage update failed for key PYTHON_ENV_INFO_CACHE
2024-01-03 10:16:21.975 [warning] Retry failed, storage update failed for key PYTHON_ENV_INFO_CACHE
2024-01-03 10:16:21.975 [warning] Retry failed, storage update failed for key PYTHON_ENV_INFO_CACHE
2024-01-03 10:16:21.975 [warning] Retry failed, storage update failed for key PYTHON_ENV_INFO_CACHE
2024-01-03 10:16:21.975 [warning] Retry failed, storage update failed for key PYTHON_ENV_INFO_CACHE
2024-01-03 10:16:21.975 [warning] Retry failed, storage update failed for key PYTHON_ENV_INFO_CACHE
2024-01-03 10:16:21.975 [warning] Retry failed, storage update failed for key PYTHON_ENV_INFO_CACHE
2024-01-03 10:16:21.975 [warning] Retry failed, storage update failed for key PYTHON_ENV_INFO_CACHE
2024-01-03 10:16:21.975 [warning] Retry failed, storage update failed for key PYTHON_ENV_INFO_CACHE
2024-01-03 10:16:22.003 [info] Send text to terminal: /bin/python /home/stickee/.vscode/extensions/ms-python.python-2023.22.1/pythonFiles/printEnvVariablesToFile.py /home/stickee/.vscode/extensions/ms-python.python-2023.22.1/pythonFiles/deactivate/zsh/envVars.txt
2024-01-03 10:49:18.158 [info] Running installed packages checker:  /mnt/Kynthos Development/blbsr/src/backend/.venv/bin/python3.11 /home/stickee/.vscode/extensions/ms-python.python-2023.22.1/pythonFiles/installed_check.py /mnt/Kynthos Development/blbsr/src/backend/requirements.txt
2024-01-03 10:49:18.158 [info] > "/mnt/Kynthos Development/blbsr/src/backend/.venv/bin/python3.11" ~/.vscode/extensions/ms-python.python-2023.22.1/pythonFiles/installed_check.py "/mnt/Kynthos Development/blbsr/src/backend/requirements.txt"
2024-01-03 11:17:00.844 [info] Discover tests for workspace name: blbsr - uri: /mnt/Kynthos Development/blbsr/src/backend/app/main.py
2024-01-03 11:17:16.752 [info] Discover tests for workspace name: blbsr - uri: /mnt/Kynthos Development/blbsr/src/backend/app/main.py
2024-01-03 11:17:32.383 [info] Discover tests for workspace name: blbsr - uri: /mnt/Kynthos Development/blbsr/src/backend/app/main.py
