Initializing document watcher...
blbsr/src/modules/NonConformance/components/ManageNonConformancesTable/ManageNonConformancesTable.vue: {"insertSpaces":true,"tabSize":2}
blbsr/src/modules/NonConformance/components/ManageNonConformancesTable/columns.ts: {"insertSpaces":true,"tabSize":2}
blbsr/src/modules/NonConformance/components/ManageNonConformancesTable/columns.ts: Using EditorConfig core...
src/modules/NonConformance/components/ManageNonConformancesTable/columns.ts: editor.action.trimTrailingWhitespace
blbsr/src/modules/NonConformance/components/ManageNonConformancesTable/ManageNonConformancesTable.vue: {"insertSpaces":true,"tabSize":2}
blbsr/src/modules/NonConformance/components/ManageNonConformancesTable/ManageNonConformancesTable.vue: Using EditorConfig core...
src/modules/NonConformance/components/ManageNonConformancesTable/ManageNonConformancesTable.vue: editor.action.trimTrailingWhitespace
blbsr/src/modules/NonConformance/components/ManageNonConformancesTable/ManageNonConformancesTable.vue: {"insertSpaces":true,"tabSize":2}
blbsr/src/modules/NonConformance/components/ManageNonConformancesTable/ManageNonConformancesTable.vue: {"insertSpaces":true,"tabSize":2}
blbsr/src/modules/NonConformance/components/ManageNonConformancesTable/ManageNonConformancesTable.vue: {"insertSpaces":true,"tabSize":2}
blbsr/src/modules/NonConformance/components/ManageNonConformancesTable/ManageNonConformancesTable.vue: {"insertSpaces":true,"tabSize":2}
blbsr/src/modules/NonConformance/components/ManageNonConformancesTable/ManageNonConformancesTable.vue: {"insertSpaces":true,"tabSize":2}
blbsr/src/modules/NonConformance/components/ManageNonConformancesTable/ManageNonConformancesTable.vue: Using EditorConfig core...
src/modules/NonConformance/components/ManageNonConformancesTable/ManageNonConformancesTable.vue: editor.action.trimTrailingWhitespace
blbsr/src/modules/NonConformance/components/ManageNonConformancesTable/ManageNonConformancesTable.vue: {"insertSpaces":true,"tabSize":2}
blbsr/src/modules/NonConformance/components/ManageNonConformancesTable/ManageNonConformancesTable.vue: {"insertSpaces":true,"tabSize":2}
blbsr/src/modules/NonConformance/components/ManageNonConformancesTable/ManageNonConformancesTable.vue: {"insertSpaces":true,"tabSize":2}
blbsr/src/modules/NonConformance/components/ManageNonConformancesTable/ManageNonConformancesTable.vue: {"insertSpaces":true,"tabSize":2}
blbsr/src/modules/NonConformance/components/ManageNonConformancesTable/ManageNonConformancesTable.vue: Using EditorConfig core...
src/modules/NonConformance/components/ManageNonConformancesTable/ManageNonConformancesTable.vue: editor.action.trimTrailingWhitespace
blbsr/src/modules/NonConformance/components/ManageNonConformancesTable/columns.ts: {"insertSpaces":true,"tabSize":2}
blbsr/src/modules/NonConformance/components/ManageNonConformancesTable/ManageNonConformancesTable.vue: {"insertSpaces":true,"tabSize":2}
blbsr/src/modules/NonConformance/components/ManageNonConformancesTable/columns.ts: {"insertSpaces":true,"tabSize":2}
blbsr/src/modules/NonConformance/components/ManageNonConformancesTable/columns.ts: {"insertSpaces":true,"tabSize":2}
blbsr/src/modules/NonConformance/components/ManageNonConformancesTable/ManageNonConformancesTable.vue: {"insertSpaces":true,"tabSize":2}
blbsr/src/modules/NonConformance/components/ManageNonConformancesTable/ManageNonConformancesTable.vue: Using EditorConfig core...
src/modules/NonConformance/components/ManageNonConformancesTable/ManageNonConformancesTable.vue: editor.action.trimTrailingWhitespace
blbsr/src/modules/NonConformance/components/ManageNonConformancesTable/ManageNonConformancesTable.vue: {"insertSpaces":true,"tabSize":2}
blbsr/src/modules/NonConformance/components/ManageNonConformancesTable/ManageNonConformancesTable.vue: {"insertSpaces":true,"tabSize":2}
blbsr/src/modules/NonConformance/components/ManageNonConformancesTable/ManageNonConformancesTable.vue: {"insertSpaces":true,"tabSize":2}
blbsr/src/modules/NonConformance/components/ManageNonConformancesTable/ManageNonConformancesTable.vue: Using EditorConfig core...
src/modules/NonConformance/components/ManageNonConformancesTable/ManageNonConformancesTable.vue: editor.action.trimTrailingWhitespace
blbsr/src/modules/NonConformance/components/ManageNonConformancesTable/ManageNonConformancesTable.vue: {"insertSpaces":true,"tabSize":2}
blbsr/src/modules/NonConformance/components/ManageNonConformancesTable/ManageNonConformancesTable.vue: Using EditorConfig core...
src/modules/NonConformance/components/ManageNonConformancesTable/ManageNonConformancesTable.vue: editor.action.trimTrailingWhitespace
blbsr/src/modules/NonConformance/components/ManageNonConformancesTable/ManageNonConformancesTable.vue: {"insertSpaces":true,"tabSize":2}
blbsr/src/modules/NonConformance/components/ManageNonConformancesTable/ManageNonConformancesTable.vue: Using EditorConfig core...
src/modules/NonConformance/components/ManageNonConformancesTable/ManageNonConformancesTable.vue: editor.action.trimTrailingWhitespace
blbsr/src/modules/NonConformance/components/ManageNonConformancesTable/ManageNonConformancesTable.vue: Using EditorConfig core...
src/modules/NonConformance/components/ManageNonConformancesTable/ManageNonConformancesTable.vue: editor.action.trimTrailingWhitespace
blbsr/src/modules/NonConformance/components/ManageNonConformancesTable/ManageNonConformancesTable.vue: Using EditorConfig core...
src/modules/NonConformance/components/ManageNonConformancesTable/ManageNonConformancesTable.vue: editor.action.trimTrailingWhitespace
blbsr/src/modules/NonConformance/components/ManageNonConformancesTable/columns.ts: {"insertSpaces":true,"tabSize":2}
blbsr/src/modules/NonConformance/components/ManageNonConformancesTable/columns.ts: {"insertSpaces":true,"tabSize":2}
blbsr/src/modules/NonConformance/components/ManageNonConformancesTable/columns.ts: {"insertSpaces":true,"tabSize":2}
blbsr/src/modules/NonConformance/components/ManageNonConformancesTable/columns.ts: Using EditorConfig core...
src/modules/NonConformance/components/ManageNonConformancesTable/columns.ts: editor.action.trimTrailingWhitespace
blbsr/src/modules/NonConformance/components/ManageNonConformancesTable/ManageNonConformancesTable.vue: {"insertSpaces":true,"tabSize":2}
blbsr/src/modules/NonConformance/components/ManageNonConformancesTable/ManageNonConformancesTable.vue: {"insertSpaces":true,"tabSize":2}
blbsr/src/modules/NonConformance/components/ManageNonConformancesTable/ManageNonConformancesTable.vue: Using EditorConfig core...
src/modules/NonConformance/components/ManageNonConformancesTable/ManageNonConformancesTable.vue: editor.action.trimTrailingWhitespace
blbsr/src/modules/NonConformance/components/ManageNonConformancesTable/columns.ts: {"insertSpaces":true,"tabSize":2}
blbsr/src/modules/NonConformance/components/ManageNonConformancesTable/columns.ts: Using EditorConfig core...
src/modules/NonConformance/components/ManageNonConformancesTable/columns.ts: editor.action.trimTrailingWhitespace
blbsr/src/modules/NonConformance/components/ManageNonConformancesTable/ManageNonConformancesTable.vue: {"insertSpaces":true,"tabSize":2}
blbsr/src/modules/NonConformance/components/ManageNonConformancesTable/ManageNonConformancesTable.vue: {"insertSpaces":true,"tabSize":2}
blbsr/src/modules/NonConformance/components/ManageNonConformancesTable/ManageNonConformancesTable.vue: Using EditorConfig core...
src/modules/NonConformance/components/ManageNonConformancesTable/ManageNonConformancesTable.vue: editor.action.trimTrailingWhitespace
blbsr/src/modules/NonConformance/components/ManageNonConformancesTable/ManageNonConformancesTable.vue: {"insertSpaces":true,"tabSize":2}
blbsr/src/modules/NonConformance/components/ManageNonConformancesTable/ManageNonConformancesTable.vue: Using EditorConfig core...
src/modules/NonConformance/components/ManageNonConformancesTable/ManageNonConformancesTable.vue: editor.action.trimTrailingWhitespace
blbsr/src/modules/NonConformance/components/ManageNonConformancesTable/columns.ts: {"insertSpaces":true,"tabSize":2}
blbsr/src/modules/NonConformance/components/ManageNonConformancesTable/columns.ts: {"insertSpaces":true,"tabSize":2}
blbsr/src/modules/NonConformance/components/ManageNonConformancesTable/columns.ts: Using EditorConfig core...
src/modules/NonConformance/components/ManageNonConformancesTable/columns.ts: editor.action.trimTrailingWhitespace
blbsr/src/modules/NonConformance/components/ManageNonConformancesTable/ManageNonConformancesTable.vue: {"insertSpaces":true,"tabSize":2}
blbsr/src/modules/NonConformance/components/ManageNonConformancesTable/ManageNonConformancesTable.vue: {"insertSpaces":true,"tabSize":2}
blbsr/src/modules/NonConformance/components/ManageNonConformancesTable/ManageNonConformancesTable.vue: {"insertSpaces":true,"tabSize":2}
blbsr/src/modules/NonConformance/components/ManageNonConformancesTable/ManageNonConformancesTable.vue: {"insertSpaces":true,"tabSize":2}
blbsr/src/modules/NonConformance/components/ManageNonConformancesTable/ManageNonConformancesTable.vue: {"insertSpaces":true,"tabSize":2}
blbsr/src/modules/NonConformance/components/ManageNonConformancesTable/ManageNonConformancesTable.vue: Using EditorConfig core...
src/modules/NonConformance/components/ManageNonConformancesTable/ManageNonConformancesTable.vue: editor.action.trimTrailingWhitespace
blbsr/src/modules/NonConformance/components/ManageNonConformancesTable/ManageNonConformancesTable.vue: Using EditorConfig core...
src/modules/NonConformance/components/ManageNonConformancesTable/ManageNonConformancesTable.vue: editor.action.trimTrailingWhitespace
blbsr/src/modules/NonConformance/components/ManageNonConformancesTable/ManageNonConformancesTable.vue: Using EditorConfig core...
src/modules/NonConformance/components/ManageNonConformancesTable/ManageNonConformancesTable.vue: editor.action.trimTrailingWhitespace
blbsr/src/modules/NonConformance/components/ManageNonConformancesTable/ManageNonConformancesTable.vue: {"insertSpaces":true,"tabSize":2}
blbsr/src/modules/NonConformance/components/ManageNonConformancesTable/ManageNonConformancesTable.vue: Using EditorConfig core...
src/modules/NonConformance/components/ManageNonConformancesTable/ManageNonConformancesTable.vue: editor.action.trimTrailingWhitespace
blbsr/src/modules/NonConformance/components/ManageNonConformancesTable/ManageNonConformancesTable.vue: {"insertSpaces":true,"tabSize":2}
blbsr/src/modules/NonConformance/components/ManageNonConformancesTable/ManageNonConformancesTable.vue: Using EditorConfig core...
src/modules/NonConformance/components/ManageNonConformancesTable/ManageNonConformancesTable.vue: editor.action.trimTrailingWhitespace
blbsr/src/modules/NonConformance/components/ManageNonConformancesTable/ManageNonConformancesTable.vue: {"insertSpaces":true,"tabSize":2}
blbsr/src/modules/NonConformance/components/ManageNonConformancesTable/ManageNonConformancesTable.vue: Using EditorConfig core...
src/modules/NonConformance/components/ManageNonConformancesTable/ManageNonConformancesTable.vue: editor.action.trimTrailingWhitespace
blbsr/src/modules/NonConformance/components/ManageNonConformancesTable/ManageNonConformancesTable.vue: Using EditorConfig core...
src/modules/NonConformance/components/ManageNonConformancesTable/ManageNonConformancesTable.vue: editor.action.trimTrailingWhitespace
blbsr/src/modules/NonConformance/components/ManageNonConformancesTable/ManageNonConformancesTable.vue: Using EditorConfig core...
src/modules/NonConformance/components/ManageNonConformancesTable/ManageNonConformancesTable.vue: editor.action.trimTrailingWhitespace
blbsr/src/modules/NonConformance/components/ManageNonConformancesTable/ManageNonConformancesTable.vue: Using EditorConfig core...
src/modules/NonConformance/components/ManageNonConformancesTable/ManageNonConformancesTable.vue: editor.action.trimTrailingWhitespace
blbsr/src/modules/NonConformance/components/ManageNonConformancesTable/ManageNonConformancesTable.vue: {"insertSpaces":true,"tabSize":2}
blbsr/src/modules/NonConformance/components/ManageNonConformancesTable/ManageNonConformancesTable.vue: Using EditorConfig core...
src/modules/NonConformance/components/ManageNonConformancesTable/ManageNonConformancesTable.vue: editor.action.trimTrailingWhitespace
blbsr/src/modules/NonConformance/components/ManageNonConformancesTable/ManageNonConformancesTable.vue: Using EditorConfig core...
src/modules/NonConformance/components/ManageNonConformancesTable/ManageNonConformancesTable.vue: editor.action.trimTrailingWhitespace
blbsr/src/modules/NonConformance/components/ManageNonConformancesTable/ManageNonConformancesTable.vue: {"insertSpaces":true,"tabSize":2}
blbsr/src/modules/NonConformance/components/ManageNonConformancesTable/ManageNonConformancesTable.vue: Using EditorConfig core...
src/modules/NonConformance/components/ManageNonConformancesTable/ManageNonConformancesTable.vue: editor.action.trimTrailingWhitespace
blbsr/src/modules/NonConformance/components/ManageNonConformancesTable/ManageNonConformancesTable.vue: Using EditorConfig core...
src/modules/NonConformance/components/ManageNonConformancesTable/ManageNonConformancesTable.vue: editor.action.trimTrailingWhitespace
blbsr/src/modules/NonConformance/components/ManageNonConformancesTable/ManageNonConformancesTable.vue: Using EditorConfig core...
src/modules/NonConformance/components/ManageNonConformancesTable/ManageNonConformancesTable.vue: editor.action.trimTrailingWhitespace
blbsr/src/modules/NonConformance/components/ManageNonConformancesTable/ManageNonConformancesTable.vue: Using EditorConfig core...
src/modules/NonConformance/components/ManageNonConformancesTable/ManageNonConformancesTable.vue: editor.action.trimTrailingWhitespace
blbsr/src/modules/NonConformance/components/ManageNonConformancesTable/ManageNonConformancesTable.vue: {"insertSpaces":true,"tabSize":2}
blbsr/src/modules/NonConformance/components/ManageNonConformancesTable/ManageNonConformancesTable.vue: Using EditorConfig core...
src/modules/NonConformance/components/ManageNonConformancesTable/ManageNonConformancesTable.vue: editor.action.trimTrailingWhitespace
blbsr/src/modules/NonConformance/components/ManageNonConformancesTable/ManageNonConformancesTable.vue: {"insertSpaces":true,"tabSize":2}
blbsr/src/modules/NonConformance/components/ManageNonConformancesTable/ManageNonConformancesTable.vue: Using EditorConfig core...
src/modules/NonConformance/components/ManageNonConformancesTable/ManageNonConformancesTable.vue: editor.action.trimTrailingWhitespace
blbsr/src/modules/NonConformance/components/ManageNonConformancesTable/ManageNonConformancesTable.vue: Using EditorConfig core...
src/modules/NonConformance/components/ManageNonConformancesTable/ManageNonConformancesTable.vue: editor.action.trimTrailingWhitespace
blbsr/src/modules/NonConformance/components/ManageNonConformancesTable/ManageNonConformancesTable.vue: Using EditorConfig core...
src/modules/NonConformance/components/ManageNonConformancesTable/ManageNonConformancesTable.vue: editor.action.trimTrailingWhitespace
blbsr/src/modules/NonConformance/components/ManageNonConformancesTable/ManageNonConformancesTable.vue: Using EditorConfig core...
src/modules/NonConformance/components/ManageNonConformancesTable/ManageNonConformancesTable.vue: editor.action.trimTrailingWhitespace
blbsr/src/modules/NonConformance/components/ManageNonConformancesTable/ManageNonConformancesTable.vue: Using EditorConfig core...
src/modules/NonConformance/components/ManageNonConformancesTable/ManageNonConformancesTable.vue: editor.action.trimTrailingWhitespace
blbsr/src/modules/NonConformance/components/ManageNonConformancesTable/ManageNonConformancesTable.vue: {"insertSpaces":true,"tabSize":2}
blbsr/src/modules/NonConformance/components/ManageNonConformancesTable/ManageNonConformancesTable.vue: {"insertSpaces":true,"tabSize":2}
blbsr/src/modules/NonConformance/components/ManageNonConformancesTable/ManageNonConformancesTable.vue: Using EditorConfig core...
src/modules/NonConformance/components/ManageNonConformancesTable/ManageNonConformancesTable.vue: editor.action.trimTrailingWhitespace
blbsr/src/modules/NonConformance/components/ManageNonConformancesTable/ManageNonConformancesTable.vue: {"insertSpaces":true,"tabSize":2}
blbsr/src/modules/NonConformance/components/ManageNonConformancesTable/ManageNonConformancesTable.vue: Using EditorConfig core...
src/modules/NonConformance/components/ManageNonConformancesTable/ManageNonConformancesTable.vue: editor.action.trimTrailingWhitespace
blbsr/src/modules/NonConformance/components/ManageNonConformancesTable/ManageNonConformancesTable.vue: {"insertSpaces":true,"tabSize":2}
blbsr/src/modules/NonConformance/components/ManageNonConformancesTable/ManageNonConformancesTable.vue: {"insertSpaces":true,"tabSize":2}
blbsr/src/modules/NonConformance/components/ManageNonConformancesTable/ManageNonConformancesTable.vue: {"insertSpaces":true,"tabSize":2}
blbsr/src/modules/NonConformance/components/ManageNonConformancesTable/ManageNonConformancesTable.vue: Using EditorConfig core...
src/modules/NonConformance/components/ManageNonConformancesTable/ManageNonConformancesTable.vue: editor.action.trimTrailingWhitespace
blbsr/src/modules/NonConformance/components/ManageNonConformancesTable/columns.ts: {"insertSpaces":true,"tabSize":2}
blbsr/src/modules/NonConformance/components/ManageNonConformancesTable/columns.ts: {"insertSpaces":true,"tabSize":2}
blbsr/src/modules/NonConformance/components/ManageNonConformancesTable/ManageNonConformancesTable.vue: {"insertSpaces":true,"tabSize":2}
blbsr/src/modules/NonConformance/components/ManageNonConformancesTable/ManageNonConformancesTable.vue: Using EditorConfig core...
src/modules/NonConformance/components/ManageNonConformancesTable/ManageNonConformancesTable.vue: editor.action.trimTrailingWhitespace
blbsr/src/modules/NonConformance/components/ManageNonConformancesTable/ManageNonConformancesTable.vue: {"insertSpaces":true,"tabSize":2}
blbsr/src/modules/NonConformance/components/ManageNonConformancesTable/columns.ts: {"insertSpaces":true,"tabSize":2}
blbsr/src/modules/NonConformance/components/ManageNonConformancesTable/columns.ts: Using EditorConfig core...
src/modules/NonConformance/components/ManageNonConformancesTable/columns.ts: editor.action.trimTrailingWhitespace
blbsr/src/modules/NonConformance/components/ManageNonConformancesTable/columns.ts: {"insertSpaces":true,"tabSize":2}
blbsr/src/modules/NonConformance/components/ManageNonConformancesTable/columns.ts: Using EditorConfig core...
src/modules/NonConformance/components/ManageNonConformancesTable/columns.ts: editor.action.trimTrailingWhitespace
blbsr/src/modules/NonConformance/components/ManageNonConformancesTable/ManageNonConformancesTable.vue: {"insertSpaces":true,"tabSize":2}
blbsr/src/modules/NonConformance/components/ManageNonConformancesTable/ManageNonConformancesTable.vue: Using EditorConfig core...
src/modules/NonConformance/components/ManageNonConformancesTable/ManageNonConformancesTable.vue: editor.action.trimTrailingWhitespace
blbsr/src/modules/NonConformance/components/ManageNonConformancesTable/ManageNonConformancesTable.vue: Using EditorConfig core...
src/modules/NonConformance/components/ManageNonConformancesTable/ManageNonConformancesTable.vue: editor.action.trimTrailingWhitespace
blbsr/src/modules/NonConformance/components/ManageNonConformancesTable/ManageNonConformancesTable.vue: {"insertSpaces":true,"tabSize":2}
blbsr/src/modules/NonConformance/components/ManageNonConformancesTable/ManageNonConformancesTable.vue: Using EditorConfig core...
src/modules/NonConformance/components/ManageNonConformancesTable/ManageNonConformancesTable.vue: editor.action.trimTrailingWhitespace
blbsr/src/modules/NonConformance/components/ManageNonConformancesTable/ManageNonConformancesTable.vue: {"insertSpaces":true,"tabSize":2}
blbsr/src/modules/NonConformance/components/ManageNonConformancesTable/ManageNonConformancesTable.vue: Using EditorConfig core...
src/modules/NonConformance/components/ManageNonConformancesTable/ManageNonConformancesTable.vue: editor.action.trimTrailingWhitespace
blbsr/src/modules/NonConformance/components/ManageNonConformancesTable/ManageNonConformancesTable.vue: {"insertSpaces":true,"tabSize":2}
blbsr/src/modules/NonConformance/components/ManageNonConformancesTable/ManageNonConformancesTable.vue: Using EditorConfig core...
src/modules/NonConformance/components/ManageNonConformancesTable/ManageNonConformancesTable.vue: editor.action.trimTrailingWhitespace
blbsr/src/modules/NonConformance/components/ManageNonConformancesTable/ManageNonConformancesTable.vue: Using EditorConfig core...
src/modules/NonConformance/components/ManageNonConformancesTable/ManageNonConformancesTable.vue: editor.action.trimTrailingWhitespace
blbsr/src/modules/NonConformance/components/ManageNonConformancesTable/ManageNonConformancesTable.vue: Using EditorConfig core...
src/modules/NonConformance/components/ManageNonConformancesTable/ManageNonConformancesTable.vue: editor.action.trimTrailingWhitespace
blbsr/src/modules/NonConformance/components/ManageNonConformancesTable/ManageNonConformancesTable.vue: Using EditorConfig core...
src/modules/NonConformance/components/ManageNonConformancesTable/ManageNonConformancesTable.vue: editor.action.trimTrailingWhitespace
blbsr/src/modules/NonConformance/components/ManageNonConformancesTable/columns.ts: {"insertSpaces":true,"tabSize":2}
blbsr/src/modules/NonConformance/components/ManageNonConformancesTable/columns.ts: {"insertSpaces":true,"tabSize":2}
blbsr/src/modules/NonConformance/components/ManageNonConformancesTable/columns.ts: Using EditorConfig core...
src/modules/NonConformance/components/ManageNonConformancesTable/columns.ts: editor.action.trimTrailingWhitespace
blbsr/src/modules/NonConformance/components/ManageNonConformancesTable/ManageNonConformancesTable.vue: {"insertSpaces":true,"tabSize":2}
blbsr/src/modules/NonConformance/components/ManageNonConformancesTable/ManageNonConformancesTable.vue: {"insertSpaces":true,"tabSize":2}
blbsr/src/modules/NonConformance/components/ManageNonConformancesTable/ManageNonConformancesTable.vue: Using EditorConfig core...
src/modules/NonConformance/components/ManageNonConformancesTable/ManageNonConformancesTable.vue: editor.action.trimTrailingWhitespace
blbsr/src/modules/NonConformance/components/ManageNonConformancesTable/ManageNonConformancesTable.vue: Using EditorConfig core...
src/modules/NonConformance/components/ManageNonConformancesTable/ManageNonConformancesTable.vue: editor.action.trimTrailingWhitespace
blbsr/src/modules/NonConformance/components/ManageNonConformancesTable/ManageNonConformancesTable.vue: Using EditorConfig core...
src/modules/NonConformance/components/ManageNonConformancesTable/ManageNonConformancesTable.vue: editor.action.trimTrailingWhitespace
blbsr/src/modules/NonConformance/components/ManageNonConformancesTable/ManageNonConformancesTable.vue: {"insertSpaces":true,"tabSize":2}
blbsr/src/modules/NonConformance/components/ManageNonConformancesTable/ManageNonConformancesTable.vue: {"insertSpaces":true,"tabSize":2}
blbsr/src/modules/NonConformance/components/ManageNonConformancesTable/ManageNonConformancesTable.vue: {"insertSpaces":true,"tabSize":2}
blbsr/src/modules/NonConformance/components/ManageNonConformancesTable/ManageNonConformancesTable.vue: Using EditorConfig core...
src/modules/NonConformance/components/ManageNonConformancesTable/ManageNonConformancesTable.vue: editor.action.trimTrailingWhitespace
blbsr/src/modules/NonConformance/components/ManageNonConformancesTable/ManageNonConformancesTable.vue: {"insertSpaces":true,"tabSize":2}
blbsr/src/modules/NonConformance/components/ManageNonConformancesTable/ManageNonConformancesTable.vue: Using EditorConfig core...
src/modules/NonConformance/components/ManageNonConformancesTable/ManageNonConformancesTable.vue: editor.action.trimTrailingWhitespace
blbsr/src/modules/NonConformance/components/ManageNonConformancesTable/ManageNonConformancesTable.vue: Using EditorConfig core...
src/modules/NonConformance/components/ManageNonConformancesTable/ManageNonConformancesTable.vue: editor.action.trimTrailingWhitespace
blbsr/src/modules/NonConformance/components/ManageNonConformancesTable/ManageNonConformancesTable.vue: {"insertSpaces":true,"tabSize":2}
blbsr/src/modules/NonConformance/components/ManageNonConformancesTable/ManageNonConformancesTable.vue: Using EditorConfig core...
src/modules/NonConformance/components/ManageNonConformancesTable/ManageNonConformancesTable.vue: editor.action.trimTrailingWhitespace
blbsr/src/modules/NonConformance/components/ManageNonConformancesTable/ManageNonConformancesTable.vue: {"insertSpaces":true,"tabSize":2}
blbsr/src/modules/NonConformance/components/ManageNonConformancesTable/ManageNonConformancesTable.vue: Using EditorConfig core...
src/modules/NonConformance/components/ManageNonConformancesTable/ManageNonConformancesTable.vue: editor.action.trimTrailingWhitespace
blbsr/src/modules/NonConformance/components/ManageNonConformancesTable/ManageNonConformancesTable.vue: {"insertSpaces":true,"tabSize":2}
blbsr/src/modules/NonConformance/components/ManageNonConformancesTable/ManageNonConformancesTable.vue: Using EditorConfig core...
src/modules/NonConformance/components/ManageNonConformancesTable/ManageNonConformancesTable.vue: editor.action.trimTrailingWhitespace
blbsr/src/modules/NonConformance/components/ManageNonConformancesTable/ManageNonConformancesTable.vue: Using EditorConfig core...
src/modules/NonConformance/components/ManageNonConformancesTable/ManageNonConformancesTable.vue: editor.action.trimTrailingWhitespace
blbsr/src/modules/NonConformance/components/ManageNonConformancesTable/ManageNonConformancesTable.vue: Using EditorConfig core...
src/modules/NonConformance/components/ManageNonConformancesTable/ManageNonConformancesTable.vue: editor.action.trimTrailingWhitespace
blbsr/src/modules/NonConformance/components/ManageNonConformancesTable/columns.ts: {"insertSpaces":true,"tabSize":2}
blbsr/src/modules/NonConformance/components/ManageNonConformancesTable/columns.ts: {"insertSpaces":true,"tabSize":2}
blbsr/src/modules/NonConformance/components/ManageNonConformancesTable/columns.ts: Using EditorConfig core...
src/modules/NonConformance/components/ManageNonConformancesTable/columns.ts: editor.action.trimTrailingWhitespace
blbsr/src/modules/NonConformance/components/ManageNonConformancesTable/columns.ts: Using EditorConfig core...
src/modules/NonConformance/components/ManageNonConformancesTable/columns.ts: editor.action.trimTrailingWhitespace
blbsr/src/modules/NonConformance/components/ManageNonConformancesTable/columns.ts: Using EditorConfig core...
src/modules/NonConformance/components/ManageNonConformancesTable/columns.ts: editor.action.trimTrailingWhitespace
blbsr/src/modules/NonConformance/components/ManageNonConformancesTable/ManageNonConformancesTable.vue: {"insertSpaces":true,"tabSize":2}
blbsr/src/modules/NonConformance/components/ManageNonConformancesTable/ManageNonConformancesTable.vue: {"insertSpaces":true,"tabSize":2}
blbsr/src/modules/NonConformance/components/ManageNonConformancesTable/ManageNonConformancesTable.vue: Using EditorConfig core...
src/modules/NonConformance/components/ManageNonConformancesTable/ManageNonConformancesTable.vue: editor.action.trimTrailingWhitespace
blbsr/src/modules/NonConformance/components/ManageNonConformancesTable/ManageNonConformancesTable.vue: {"insertSpaces":true,"tabSize":2}
blbsr/src/modules/NonConformance/components/ManageNonConformancesTable/ManageNonConformancesTable.vue: {"insertSpaces":true,"tabSize":2}
blbsr/src/modules/NonConformance/components/ManageNonConformancesTable/ManageNonConformancesTable.vue: {"insertSpaces":true,"tabSize":2}
blbsr/src/modules/NonConformance/components/ManageNonConformancesTable/ManageNonConformancesTable.vue: {"insertSpaces":true,"tabSize":2}
blbsr/src/modules/NonConformance/components/ManageNonConformancesTable/ManageNonConformancesTable.vue: {"insertSpaces":true,"tabSize":2}
blbsr/src/modules/NonConformance/components/ManageNonConformancesTable/ManageNonConformancesTable.vue: {"insertSpaces":true,"tabSize":2}
blbsr/src/modules/NonConformance/components/ManageNonConformancesTable/ManageNonConformancesTable.vue: {"insertSpaces":true,"tabSize":2}
blbsr/src/modules/NonConformance/components/ManageNonConformancesTable/ManageNonConformancesTable.vue: {"insertSpaces":true,"tabSize":2}
blbsr/src/modules/NonConformance/components/ManageNonConformancesTable/ManageNonConformancesTable.vue: {"insertSpaces":true,"tabSize":2}
blbsr/src/modules/NonConformance/components/ManageNonConformancesTable/ManageNonConformancesTable.vue: Using EditorConfig core...
src/modules/NonConformance/components/ManageNonConformancesTable/ManageNonConformancesTable.vue: editor.action.trimTrailingWhitespace
blbsr/src/modules/NonConformance/components/ManageNonConformancesTable/ManageNonConformancesTable.vue: {"insertSpaces":true,"tabSize":2}
blbsr/src/modules/NonConformance/components/ManageNonConformancesTable/ManageNonConformancesTable.vue: Using EditorConfig core...
src/modules/NonConformance/components/ManageNonConformancesTable/ManageNonConformancesTable.vue: editor.action.trimTrailingWhitespace
blbsr/src/modules/NonConformance/components/ManageNonConformancesTable/ManageNonConformancesTable.vue: {"insertSpaces":true,"tabSize":2}
blbsr/src/modules/NonConformance/components/ManageNonConformancesTable/ManageNonConformancesTable.vue: {"insertSpaces":true,"tabSize":2}
blbsr/src/modules/NonConformance/components/ManageNonConformancesTable/ManageNonConformancesTable.vue: {"insertSpaces":true,"tabSize":2}
blbsr/src/modules/NonConformance/components/ManageNonConformancesTable/ManageNonConformancesTable.vue: Using EditorConfig core...
src/modules/NonConformance/components/ManageNonConformancesTable/ManageNonConformancesTable.vue: editor.action.trimTrailingWhitespace
blbsr/src/modules/NonConformance/components/ManageNonConformancesTable/ManageNonConformancesTable.vue: {"insertSpaces":true,"tabSize":2}
blbsr/src/modules/NonConformance/components/ManageNonConformancesTable/ManageNonConformancesTable.vue: Using EditorConfig core...
src/modules/NonConformance/components/ManageNonConformancesTable/ManageNonConformancesTable.vue: editor.action.trimTrailingWhitespace
blbsr/src/modules/NonConformance/components/ManageNonConformancesTable/ManageNonConformancesTable.vue: {"insertSpaces":true,"tabSize":2}
blbsr/src/modules/NonConformance/components/ManageNonConformancesTable/ManageNonConformancesTable.vue: {"insertSpaces":true,"tabSize":2}
blbsr/src/modules/NonConformance/components/ManageNonConformancesTable/ManageNonConformancesTable.vue: {"insertSpaces":true,"tabSize":2}
blbsr/src/modules/NonConformance/components/ManageNonConformancesTable/ManageNonConformancesTable.vue: Using EditorConfig core...
src/modules/NonConformance/components/ManageNonConformancesTable/ManageNonConformancesTable.vue: editor.action.trimTrailingWhitespace
blbsr/src/modules/NonConformance/views/ManageNonConformancesView/ManageNonConformancesView.vue: {"insertSpaces":true,"tabSize":2}
blbsr/src/modules/NonConformance/views/ManageNonConformancesView/useNotificationsCreator.ts: {"insertSpaces":true,"tabSize":2}
blbsr/src/modules/NonConformance/views/ManageNonConformancesView/useNotificationsUpdater.ts: {"insertSpaces":true,"tabSize":2}
blbsr/src/modules/NonConformance/views/ManageNonConformancesView/useNotificationsDestroyer.ts: {"insertSpaces":true,"tabSize":2}
blbsr/src/modules/NonConformance/views/ManageNonConformancesView/useNotificationsDestroyer.ts: {"insertSpaces":true,"tabSize":2}
blbsr/src/modules/NonConformance/components/ManageNonConformancesTable/ManageNonConformancesTable.vue: {"insertSpaces":true,"tabSize":2}
blbsr/src/modules/NonConformance/views/ManageNonConformancesView/ManageNonConformancesView.vue: {"insertSpaces":true,"tabSize":2}
blbsr/src/modules/NonConformance/views/ManageNonConformancesView/useNotificationsIndexer.ts: {"insertSpaces":true,"tabSize":2}
blbsr/src/modules/NonConformance/views/ManageNonConformancesView/ManageNonConformancesView.vue: {"insertSpaces":true,"tabSize":2}
blbsr/src/modules/NonConformance/views/ManageNonConformancesView/useNotificationsCreator.ts: {"insertSpaces":true,"tabSize":2}
blbsr/src/modules/NonConformance/views/ManageNonConformancesView/useNotificationsCreator.ts: {"insertSpaces":true,"tabSize":2}
blbsr/src/modules/NonConformance/views/ManageNonConformancesView/useNotificationsCreator.ts: Using EditorConfig core...
src/modules/NonConformance/views/ManageNonConformancesView/useNotificationsCreator.ts: editor.action.trimTrailingWhitespace
blbsr/src/modules/NonConformance/views/ManageNonConformancesView/useNotificationsUpdater.ts: {"insertSpaces":true,"tabSize":2}
blbsr/src/modules/NonConformance/views/ManageNonConformancesView/useNotificationsUpdater.ts: Using EditorConfig core...
src/modules/NonConformance/views/ManageNonConformancesView/useNotificationsUpdater.ts: editor.action.trimTrailingWhitespace
blbsr/src/modules/NonConformance/views/ManageNonConformancesView/useNotificationsUpdater.ts: Using EditorConfig core...
src/modules/NonConformance/views/ManageNonConformancesView/useNotificationsUpdater.ts: editor.action.trimTrailingWhitespace
blbsr/src/modules/NonConformance/views/ManageNonConformancesView/useNotificationsUpdater.ts: Using EditorConfig core...
src/modules/NonConformance/views/ManageNonConformancesView/useNotificationsUpdater.ts: editor.action.trimTrailingWhitespace
blbsr/src/modules/NonConformance/views/ManageNonConformancesView/useNotificationsCreator.ts: {"insertSpaces":true,"tabSize":2}
blbsr/src/modules/NonConformance/views/ManageNonConformancesView/ManageNonConformancesView.vue: {"insertSpaces":true,"tabSize":2}
blbsr/src/modules/NonConformance/views/ManageNonConformancesView/useNotificationsDestroyer.ts: {"insertSpaces":true,"tabSize":2}
blbsr/src/modules/NonConformance/views/ManageNonConformancesView/useNotificationsDestroyer.ts: Using EditorConfig core...
src/modules/NonConformance/views/ManageNonConformancesView/useNotificationsDestroyer.ts: editor.action.trimTrailingWhitespace
blbsr/src/modules/NonConformance/views/ManageNonConformancesView/ManageNonConformancesView.vue: {"insertSpaces":true,"tabSize":2}
blbsr/src/modules/NonConformance/views/ManageNonConformancesView/ManageNonConformancesView.vue: {"insertSpaces":true,"tabSize":2}
blbsr/src/modules/NonConformance/views/ManageNonConformancesView/ManageNonConformancesView.vue: {"insertSpaces":true,"tabSize":2}
blbsr/src/modules/NonConformance/views/ManageNonConformancesView/ManageNonConformancesView.vue: {"insertSpaces":true,"tabSize":2}
blbsr/src/modules/NonConformance/views/ManageNonConformancesView/ManageNonConformancesView.vue: Using EditorConfig core...
src/modules/NonConformance/views/ManageNonConformancesView/ManageNonConformancesView.vue: editor.action.trimTrailingWhitespace
blbsr/src/modules/NonConformance/components/ManageNonConformancesTable/ManageNonConformancesTable.vue: {"insertSpaces":true,"tabSize":2}
blbsr/src/modules/NonConformance/views/ManageNonConformancesView/ManageNonConformancesView.vue: {"insertSpaces":true,"tabSize":2}
blbsr/src/modules/NonConformance/views/ManageNonConformancesView/useNotificationsCreator.ts: {"insertSpaces":true,"tabSize":2}
blbsr/src/modules/NonConformance/views/ManageNonConformancesView/useNotificationsCreator.ts: Using EditorConfig core...
src/modules/NonConformance/views/ManageNonConformancesView/useNotificationsCreator.ts: editor.action.trimTrailingWhitespace
blbsr/src/modules/NonConformance/views/ManageNonConformancesView/ManageNonConformancesView.vue: {"insertSpaces":true,"tabSize":2}
blbsr/src/modules/NonConformance/views/ManageNonConformancesView/ManageNonConformancesView.vue: Using EditorConfig core...
src/modules/NonConformance/views/ManageNonConformancesView/ManageNonConformancesView.vue: editor.action.trimTrailingWhitespace
blbsr/src/modules/NonConformance/views/ManageNonConformancesView/ManageNonConformancesView.vue: {"insertSpaces":true,"tabSize":2}
blbsr/src/modules/NonConformance/views/ManageNonConformancesView/ManageNonConformancesView.vue: {"insertSpaces":true,"tabSize":2}
blbsr/src/modules/NonConformance/views/ManageNonConformancesView/ManageNonConformancesView.vue: {"insertSpaces":true,"tabSize":2}
blbsr/src/modules/NonConformance/components/ManageNonConformancesTable/ManageNonConformancesTable.vue: {"insertSpaces":true,"tabSize":2}
blbsr/src/modules/NonConformance/components/ManageNonConformancesTable/ManageNonConformancesTable.vue: {"insertSpaces":true,"tabSize":2}
blbsr/src/modules/NonConformance/components/ManageNonConformancesTable/ManageNonConformancesTable.vue: {"insertSpaces":true,"tabSize":2}
blbsr/src/modules/NonConformance/components/ManageNonConformancesTable/ManageNonConformancesTable.vue: {"insertSpaces":true,"tabSize":2}
blbsr/src/modules/NonConformance/views/ManageNonConformancesView/ManageNonConformancesView.vue: {"insertSpaces":true,"tabSize":2}
blbsr/src/modules/NonConformance/views/ManageNonConformancesView/ManageNonConformancesView.vue: Using EditorConfig core...
src/modules/NonConformance/views/ManageNonConformancesView/ManageNonConformancesView.vue: editor.action.trimTrailingWhitespace
blbsr/src/modules/NonConformance/views/ManageNonConformancesView/ManageNonConformancesView.vue: Using EditorConfig core...
src/modules/NonConformance/views/ManageNonConformancesView/ManageNonConformancesView.vue: editor.action.trimTrailingWhitespace
blbsr/src/modules/NonConformance/views/ManageNonConformancesView/ManageNonConformancesView.vue: Using EditorConfig core...
src/modules/NonConformance/views/ManageNonConformancesView/ManageNonConformancesView.vue: editor.action.trimTrailingWhitespace
blbsr/src/modules/NonConformance/views/ManageNonConformancesView/ManageNonConformancesView.vue: {"insertSpaces":true,"tabSize":2}
blbsr/src/modules/NonConformance/views/ManageNonConformancesView/ManageNonConformancesView.vue: {"insertSpaces":true,"tabSize":2}
blbsr/src/modules/NonConformance/views/ManageNonConformancesView/ManageNonConformancesView.vue: {"insertSpaces":true,"tabSize":2}
blbsr/src/modules/NonConformance/views/ManageNonConformancesView/ManageNonConformancesView.vue: {"insertSpaces":true,"tabSize":2}
blbsr/src/modules/NonConformance/views/ManageNonConformancesView/ManageNonConformancesView.vue: {"insertSpaces":true,"tabSize":2}
blbsr/src/modules/NonConformance/components/ManageNonConformancesTable/ManageNonConformancesTable.vue: {"insertSpaces":true,"tabSize":2}
blbsr/src/modules/NonConformance/views/ManageNonConformancesView/ManageNonConformancesView.vue: {"insertSpaces":true,"tabSize":2}
blbsr/src/modules/NonConformance/views/ManageNonConformancesView/ManageNonConformancesView.vue: Using EditorConfig core...
src/modules/NonConformance/views/ManageNonConformancesView/ManageNonConformancesView.vue: editor.action.trimTrailingWhitespace
blbsr/src/modules/NonConformance/views/ManageNonConformancesView/ManageNonConformancesView.vue: Using EditorConfig core...
src/modules/NonConformance/views/ManageNonConformancesView/ManageNonConformancesView.vue: editor.action.trimTrailingWhitespace
blbsr/src/modules/NonConformance/views/ManageNonConformancesView/ManageNonConformancesView.vue: Using EditorConfig core...
src/modules/NonConformance/views/ManageNonConformancesView/ManageNonConformancesView.vue: editor.action.trimTrailingWhitespace
blbsr/src/modules/NonConformance/views/ManageNonConformancesView/ManageNonConformancesView.vue: Using EditorConfig core...
src/modules/NonConformance/views/ManageNonConformancesView/ManageNonConformancesView.vue: editor.action.trimTrailingWhitespace
blbsr/src/modules/NonConformance/views/ManageNonConformancesView/ManageNonConformancesView.vue: Using EditorConfig core...
src/modules/NonConformance/views/ManageNonConformancesView/ManageNonConformancesView.vue: editor.action.trimTrailingWhitespace
blbsr/src/modules/NonConformance/views/ManageNonConformancesView/ManageNonConformancesView.vue: Using EditorConfig core...
src/modules/NonConformance/views/ManageNonConformancesView/ManageNonConformancesView.vue: editor.action.trimTrailingWhitespace
blbsr/src/modules/NonConformance/views/ManageNonConformancesView/ManageNonConformancesView.vue: {"insertSpaces":true,"tabSize":2}
blbsr/src/modules/NonConformance/views/ManageNonConformancesView/ManageNonConformancesView.vue: {"insertSpaces":true,"tabSize":2}
blbsr/src/modules/NonConformance/views/ManageNonConformancesView/ManageNonConformancesView.vue: {"insertSpaces":true,"tabSize":2}
blbsr/src/modules/NonConformance/views/ManageNonConformancesView/ManageNonConformancesView.vue: {"insertSpaces":true,"tabSize":2}
blbsr/src/boot/vuemodel.ts: {"insertSpaces":true,"tabSize":2}
blbsr/src/boot/vuemodel.ts: {"insertSpaces":true,"tabSize":2}
blbsr/src/boot/vuemodel.ts: Using EditorConfig core...
src/boot/vuemodel.ts: editor.action.trimTrailingWhitespace
blbsr/src/modules/NonConformance/views/ManageNonConformancesView/ManageNonConformancesView.vue: {"insertSpaces":true,"tabSize":2}
blbsr/src/modules/NonConformance/views/ManageNonConformancesView/ManageNonConformancesView.vue: {"insertSpaces":true,"tabSize":2}
blbsr/src/modules/NonConformance/components/ManageNonConformancesTable/ManageNonConformancesTable.vue: {"insertSpaces":true,"tabSize":2}
blbsr/src/modules/NonConformance/components/ManageNonConformancesTable/ManageNonConformancesTable.vue: Using EditorConfig core...
src/modules/NonConformance/components/ManageNonConformancesTable/ManageNonConformancesTable.vue: editor.action.trimTrailingWhitespace
blbsr/src/modules/NonConformance/views/ManageNonConformancesView/ManageNonConformancesView.vue: {"insertSpaces":true,"tabSize":2}
blbsr/src/modules/NonConformance/views/ManageNonConformancesView/ManageNonConformancesView.vue: {"insertSpaces":true,"tabSize":2}
blbsr/src/modules/NonConformance/views/ManageNonConformancesView/ManageNonConformancesView.vue: {"insertSpaces":true,"tabSize":2}
blbsr/src/modules/NonConformance/views/ManageNonConformancesView/ManageNonConformancesView.vue: Using EditorConfig core...
src/modules/NonConformance/views/ManageNonConformancesView/ManageNonConformancesView.vue: editor.action.trimTrailingWhitespace
blbsr/src/modules/NonConformance/views/ManageNonConformancesView/ManageNonConformancesView.vue: Using EditorConfig core...
src/modules/NonConformance/views/ManageNonConformancesView/ManageNonConformancesView.vue: editor.action.trimTrailingWhitespace
blbsr/src/modules/NonConformance/views/ManageNonConformancesView/ManageNonConformancesView.vue: {"insertSpaces":true,"tabSize":2}
blbsr/src/modules/NonConformance/views/ManageNonConformancesView/ManageNonConformancesView.vue: {"insertSpaces":true,"tabSize":2}
blbsr/src/modules/NonConformance/views/ManageNonConformancesView/ManageNonConformancesView.vue: {"insertSpaces":true,"tabSize":2}
blbsr/src/modules/NonConformance/views/ManageNonConformancesView/ManageNonConformancesView.vue: {"insertSpaces":true,"tabSize":2}
blbsr/src/modules/NonConformance/views/ManageNonConformancesView/ManageNonConformancesView.vue: {"insertSpaces":true,"tabSize":2}
blbsr/src/modules/NonConformance/views/ManageNonConformancesView/ManageNonConformancesView.vue: {"insertSpaces":true,"tabSize":2}
blbsr/src/modules/NonConformance/views/ManageNonConformancesView/ManageNonConformancesView.vue: Using EditorConfig core...
src/modules/NonConformance/views/ManageNonConformancesView/ManageNonConformancesView.vue: editor.action.trimTrailingWhitespace
blbsr/src/modules/NonConformance/views/ManageNonConformancesView/ManageNonConformancesView.vue: Using EditorConfig core...
src/modules/NonConformance/views/ManageNonConformancesView/ManageNonConformancesView.vue: editor.action.trimTrailingWhitespace
blbsr/src/modules/NonConformance/views/ManageNonConformancesView/ManageNonConformancesView.vue: {"insertSpaces":true,"tabSize":2}
blbsr/src/modules/NonConformance/components/CreateNonConformanceDialog/CreateNonConformanceDialog.vue: {"insertSpaces":true,"tabSize":2}
blbsr/src/modules/NonConformance/components/CreateNonConformanceDialog/CreateNonConformanceDialog.vue: Using EditorConfig core...
src/modules/NonConformance/components/CreateNonConformanceDialog/CreateNonConformanceDialog.vue: editor.action.trimTrailingWhitespace
blbsr/src/modules/NonConformance/views/ManageNonConformancesView/ManageNonConformancesView.vue: {"insertSpaces":true,"tabSize":2}
blbsr/src/modules/NonConformance/components/CreateNonConformanceDialog/CreateNonConformanceDialog.vue: {"insertSpaces":true,"tabSize":2}
blbsr/src/modules/NonConformance/views/ManageNonConformancesView/ManageNonConformancesView.vue: {"insertSpaces":true,"tabSize":2}
blbsr/src/modules/NonConformance/views/ManageNonConformancesView/useNotificationsCreator.ts: {"insertSpaces":true,"tabSize":2}
blbsr/src/modules/NonConformance/views/ManageNonConformancesView/useNotificationsCreator.ts: {"insertSpaces":true,"tabSize":2}
blbsr/src/modules/NonConformance/views/ManageNonConformancesView/useNotificationsCreator.ts: {"insertSpaces":true,"tabSize":2}
blbsr/src/modules/NonConformance/views/ManageNonConformancesView/useNotificationsCreator.ts: Using EditorConfig core...
src/modules/NonConformance/views/ManageNonConformancesView/useNotificationsCreator.ts: editor.action.trimTrailingWhitespace
blbsr/src/modules/NonConformance/views/ManageNonConformancesView/ManageNonConformancesView.vue: {"insertSpaces":true,"tabSize":2}
blbsr/src/modules/NonConformance/views/ManageNonConformancesView/ManageNonConformancesView.vue: Using EditorConfig core...
src/modules/NonConformance/views/ManageNonConformancesView/ManageNonConformancesView.vue: editor.action.trimTrailingWhitespace
blbsr/src/modules/NonConformance/views/ManageNonConformancesView/ManageNonConformancesView.vue: {"insertSpaces":true,"tabSize":2}
blbsr/src/modules/NonConformance/views/ManageNonConformancesView/ManageNonConformancesView.vue: {"insertSpaces":true,"tabSize":2}
blbsr/src/modules/NonConformance/views/ManageNonConformancesView/ManageNonConformancesView.vue: Using EditorConfig core...
src/modules/NonConformance/views/ManageNonConformancesView/ManageNonConformancesView.vue: editor.action.trimTrailingWhitespace
blbsr/src/modules/NonConformance/views/ManageNonConformancesView/ManageNonConformancesView.vue: {"insertSpaces":true,"tabSize":2}
blbsr/src/modules/NonConformance/views/ManageNonConformancesView/useNotificationsCreator.ts: {"insertSpaces":true,"tabSize":2}
blbsr/src/modules/NonConformance/views/ManageNonConformancesView/useNotificationsCreator.ts: {"insertSpaces":true,"tabSize":2}
blbsr/src/modules/NonConformance/views/ManageNonConformancesView/useNotificationsCreator.ts: {"insertSpaces":true,"tabSize":2}
blbsr/src/modules/NonConformance/views/ManageNonConformancesView/useNotificationsCreator.ts: {"insertSpaces":true,"tabSize":2}
blbsr/src/modules/NonConformance/views/ManageNonConformancesView/useNotificationsCreator.ts: Using EditorConfig core...
src/modules/NonConformance/views/ManageNonConformancesView/useNotificationsCreator.ts: editor.action.trimTrailingWhitespace
blbsr/src/modules/NonConformance/views/ManageNonConformancesView/ManageNonConformancesView.vue: {"insertSpaces":true,"tabSize":2}
blbsr/src/modules/NonConformance/views/ManageNonConformancesView/ManageNonConformancesView.vue: {"insertSpaces":true,"tabSize":2}
blbsr/src/modules/NonConformance/views/ManageNonConformancesView/ManageNonConformancesView.vue: {"insertSpaces":true,"tabSize":2}
