2023-12-22 13:39:44.226 [info] update#setState idle
2023-12-22 13:40:14.229 [info] update#setState checking for updates
2023-12-22 13:40:14.390 [info] update#setState idle
2023-12-22 14:40:14.234 [info] update#setState checking for updates
2023-12-22 14:40:15.305 [info] update#setState idle
2023-12-22 15:40:14.235 [info] update#setState checking for updates
2023-12-22 15:40:15.449 [info] update#setState idle
2023-12-22 16:40:14.239 [info] update#setState checking for updates
2023-12-22 16:40:14.465 [info] update#setState idle
2023-12-22 17:40:14.242 [info] update#setState checking for updates
2023-12-22 17:40:14.433 [info] update#setState idle
2023-12-22 18:40:14.244 [info] update#setState checking for updates
2023-12-22 18:40:14.433 [info] update#setState idle
2023-12-22 19:40:14.247 [info] update#setState checking for updates
2023-12-22 19:40:14.439 [info] update#setState idle
2023-12-22 20:40:14.250 [info] update#setState checking for updates
2023-12-22 20:40:14.913 [info] update#setState idle
2023-12-22 21:40:14.251 [info] update#setState checking for updates
2023-12-22 21:40:14.442 [info] update#setState idle
2023-12-22 22:40:14.253 [info] update#setState checking for updates
2023-12-22 22:40:14.914 [info] update#setState idle
2023-12-22 23:40:14.255 [info] update#setState checking for updates
2023-12-22 23:40:14.456 [info] update#setState idle
2023-12-23 00:40:14.256 [info] update#setState checking for updates
2023-12-23 00:40:14.912 [info] update#setState idle
2023-12-23 01:40:14.257 [info] update#setState checking for updates
2023-12-23 01:40:14.468 [info] update#setState idle
2023-12-23 02:40:14.260 [info] update#setState checking for updates
2023-12-23 02:40:14.920 [info] update#setState idle
2023-12-23 03:40:14.261 [info] update#setState checking for updates
2023-12-23 03:40:14.452 [info] update#setState idle
2023-12-23 04:40:14.263 [info] update#setState checking for updates
2023-12-23 04:40:14.916 [info] update#setState idle
2023-12-23 05:40:14.269 [info] update#setState checking for updates
2023-12-23 05:40:14.927 [info] update#setState idle
2023-12-23 06:40:14.273 [info] update#setState checking for updates
2023-12-23 06:40:14.941 [info] update#setState idle
2023-12-23 07:40:14.277 [info] update#setState checking for updates
2023-12-23 07:40:14.942 [info] update#setState idle
2023-12-23 08:40:14.281 [info] update#setState checking for updates
2023-12-23 08:40:14.469 [info] update#setState idle
2023-12-23 09:40:14.282 [info] update#setState checking for updates
2023-12-23 09:40:14.580 [info] update#setState idle
2023-12-23 09:59:35.830 [error] [UtilityProcessWorker]: terminated unexpectedly with code 15, signal: unknown
2023-12-23 09:59:35.830 [error] [UtilityProcess id: 1, type: fileWatcher, pid: 8903]: crashed with code 15 and reason 'killed'
2023-12-23 09:59:35.847 [info] Extension host with pid 8904 exited with code: 0, signal: unknown.
