2024-01-02 15:25:57.949 [info] Experiment 'pythonaacf' is active
2024-01-02 15:25:57.949 [info] Experiment 'pythonRecommendTensorboardExtcf' is active
2024-01-02 15:25:57.949 [info] Experiment 'pythonREPLSmartSend' is active
2024-01-02 15:25:57.949 [info] Experiment 'pythonTerminalEnvVarActivation' is active
2024-01-02 15:25:57.949 [info] Experiment 'pythonTestAdapter' is active
2024-01-02 15:25:57.949 [info] Default formatter is set to null for workspace /mnt/Kynthos Development/blbsr
2024-01-02 15:25:57.949 [info] Test server listening.
2024-01-02 15:25:57.949 [warning] Failed to check if /mnt/Kynthos Development/blbsr/.venv/bin/python is an executable [Error: ENOENT: no such file or directory, lstat '/mnt/Kynthos Development/blbsr/.venv/bin/python'] {
  errno: -2,
  code: 'ENOENT',
  syscall: 'lstat',
  path: '/mnt/Kynthos Development/blbsr/.venv/bin/python'
}
2024-01-02 15:25:57.949 [warning] Failed to check if /mnt/Kynthos Development/blbsr/.venv/bin/python is an executable [Error: ENOENT: no such file or directory, lstat '/mnt/Kynthos Development/blbsr/.venv/bin/python'] {
  errno: -2,
  code: 'ENOENT',
  syscall: 'lstat',
  path: '/mnt/Kynthos Development/blbsr/.venv/bin/python'
}
2024-01-02 15:25:57.949 [warning] Failed to check if /mnt/Kynthos Development/blbsr/.venv/bin/python is an executable [Error: ENOENT: no such file or directory, lstat '/mnt/Kynthos Development/blbsr/.venv/bin/python'] {
  errno: -2,
  code: 'ENOENT',
  syscall: 'lstat',
  path: '/mnt/Kynthos Development/blbsr/.venv/bin/python'
}
2024-01-02 15:25:57.949 [warning] Failed to check if /mnt/Kynthos Development/blbsr/.venv/bin/python is an executable [Error: ENOENT: no such file or directory, lstat '/mnt/Kynthos Development/blbsr/.venv/bin/python'] {
  errno: -2,
  code: 'ENOENT',
  syscall: 'lstat',
  path: '/mnt/Kynthos Development/blbsr/.venv/bin/python'
}
2024-01-02 15:25:57.983 [info] Send text to terminal: echo /usr/bin/zsh
2024-01-02 15:25:57.987 [info] > conda info --json
2024-01-02 15:25:57.988 [warning] Failed to check if /mnt/Kynthos Development/blbsr/.venv/bin/python is an executable [Error: ENOENT: no such file or directory, lstat '/mnt/Kynthos Development/blbsr/.venv/bin/python'] {
  errno: -2,
  code: 'ENOENT',
  syscall: 'lstat',
  path: '/mnt/Kynthos Development/blbsr/.venv/bin/python'
}
2024-01-02 15:25:57.988 [warning] Failed to check if /mnt/Kynthos Development/blbsr/.venv/bin/python is an executable [Error: ENOENT: no such file or directory, lstat '/mnt/Kynthos Development/blbsr/.venv/bin/python'] {
  errno: -2,
  code: 'ENOENT',
  syscall: 'lstat',
  path: '/mnt/Kynthos Development/blbsr/.venv/bin/python'
}
2024-01-02 15:25:57.989 [warning] Identifier for virt-virtualenv failed to identify /mnt/Kynthos Development/blbsr/.venv/bin/python [Error: ENOENT: no such file or directory, scandir '/mnt/Kynthos Development/blbsr/.venv/bin'] {
  errno: -2,
  code: 'ENOENT',
  syscall: 'scandir',
  path: '/mnt/Kynthos Development/blbsr/.venv/bin'
}
2024-01-02 15:25:57.989 [warning] Identifier for virt-virtualenv failed to identify /mnt/Kynthos Development/blbsr/.venv/bin/python [Error: ENOENT: no such file or directory, scandir '/mnt/Kynthos Development/blbsr/.venv/bin'] {
  errno: -2,
  code: 'ENOENT',
  syscall: 'scandir',
  path: '/mnt/Kynthos Development/blbsr/.venv/bin'
}
2024-01-02 15:25:57.990 [warning] Identifier for virt-virtualenv failed to identify /mnt/Kynthos Development/blbsr/.venv/bin/python [Error: ENOENT: no such file or directory, scandir '/mnt/Kynthos Development/blbsr/.venv/bin'] {
  errno: -2,
  code: 'ENOENT',
  syscall: 'scandir',
  path: '/mnt/Kynthos Development/blbsr/.venv/bin'
}
2024-01-02 15:25:57.990 [warning] Identifier for virt-virtualenv failed to identify /mnt/Kynthos Development/blbsr/.venv/bin/python [Error: ENOENT: no such file or directory, scandir '/mnt/Kynthos Development/blbsr/.venv/bin'] {
  errno: -2,
  code: 'ENOENT',
  syscall: 'scandir',
  path: '/mnt/Kynthos Development/blbsr/.venv/bin'
}
2024-01-02 15:25:58.002 [info] > "/mnt/Kynthos Development/blbsr/.venv/bin/python" -I ~/.vscode/extensions/ms-python.python-2023.22.1/pythonFiles/get_output_via_markers.py ~/.vscode/extensions/ms-python.python-2023.22.1/pythonFiles/interpreterInfo.py
2024-01-02 15:25:58.002 [warning] Identifier for virt-virtualenv failed to identify /mnt/Kynthos Development/blbsr/.venv/bin/python [Error: ENOENT: no such file or directory, scandir '/mnt/Kynthos Development/blbsr/.venv/bin'] {
  errno: -2,
  code: 'ENOENT',
  syscall: 'scandir',
  path: '/mnt/Kynthos Development/blbsr/.venv/bin'
}
2024-01-02 15:25:58.002 [warning] Identifier for virt-virtualenv failed to identify /mnt/Kynthos Development/blbsr/.venv/bin/python [Error: ENOENT: no such file or directory, scandir '/mnt/Kynthos Development/blbsr/.venv/bin'] {
  errno: -2,
  code: 'ENOENT',
  syscall: 'scandir',
  path: '/mnt/Kynthos Development/blbsr/.venv/bin'
}
2024-01-02 15:25:58.005 [error] [Error: Command failed: "/mnt/Kynthos Development/blbsr/.venv/bin/python" -I /home/stickee/.vscode/extensions/ms-python.python-2023.22.1/pythonFiles/get_output_via_markers.py /home/stickee/.vscode/extensions/ms-python.python-2023.22.1/pythonFiles/interpreterInfo.py
/bin/sh: line 1: /mnt/Kynthos Development/blbsr/.venv/bin/python: No such file or directory

	at ChildProcess.exithandler (node:child_process:431:12)
	at ChildProcess.emit (node:events:525:35)
	at maybeClose (node:internal/child_process:1091:16)
	at Socket.<anonymous> (node:internal/child_process:449:11)
	at Socket.emit (node:events:513:28)
	at Pipe.<anonymous> (node:net:322:12)] {
  code: 127,
  killed: false,
  signal: null,
  cmd: '"/mnt/Kynthos Development/blbsr/.venv/bin/python" -I /home/stickee/.vscode/extensions/ms-python.python-2023.22.1/pythonFiles/get_output_via_markers.py /home/stickee/.vscode/extensions/ms-python.python-2023.22.1/pythonFiles/interpreterInfo.py'
}
2024-01-02 15:26:00.011 [info] > "/mnt/Kynthos Development/blbsr/.venv/bin/python" -I ~/.vscode/extensions/ms-python.python-2023.22.1/pythonFiles/get_output_via_markers.py ~/.vscode/extensions/ms-python.python-2023.22.1/pythonFiles/interpreterInfo.py
2024-01-02 15:26:00.013 [error] [Error: Command failed: "/mnt/Kynthos Development/blbsr/.venv/bin/python" -I /home/stickee/.vscode/extensions/ms-python.python-2023.22.1/pythonFiles/get_output_via_markers.py /home/stickee/.vscode/extensions/ms-python.python-2023.22.1/pythonFiles/interpreterInfo.py
/bin/sh: line 1: /mnt/Kynthos Development/blbsr/.venv/bin/python: No such file or directory

	at ChildProcess.exithandler (node:child_process:431:12)
	at ChildProcess.emit (node:events:525:35)
	at maybeClose (node:internal/child_process:1091:16)
	at Socket.<anonymous> (node:internal/child_process:449:11)
	at Socket.emit (node:events:513:28)
	at Pipe.<anonymous> (node:net:322:12)] {
  code: 127,
  killed: false,
  signal: null,
  cmd: '"/mnt/Kynthos Development/blbsr/.venv/bin/python" -I /home/stickee/.vscode/extensions/ms-python.python-2023.22.1/pythonFiles/get_output_via_markers.py /home/stickee/.vscode/extensions/ms-python.python-2023.22.1/pythonFiles/interpreterInfo.py'
}
2024-01-02 15:26:00.043 [warning] Failed to check if /mnt/Kynthos Development/blbsr/.venv/bin/python is an executable [Error: ENOENT: no such file or directory, lstat '/mnt/Kynthos Development/blbsr/.venv/bin/python'] {
  errno: -2,
  code: 'ENOENT',
  syscall: 'lstat',
  path: '/mnt/Kynthos Development/blbsr/.venv/bin/python'
}
2024-01-02 15:26:00.053 [warning] Identifier for virt-virtualenv failed to identify /mnt/Kynthos Development/blbsr/.venv/bin/python [Error: ENOENT: no such file or directory, scandir '/mnt/Kynthos Development/blbsr/.venv/bin'] {
  errno: -2,
  code: 'ENOENT',
  syscall: 'scandir',
  path: '/mnt/Kynthos Development/blbsr/.venv/bin'
}
2024-01-02 15:26:00.963 [info] Starting Pylance language server.
2024-01-02 15:26:00.975 [warning] Failed to check if /mnt/Kynthos Development/blbsr/.venv/bin/python is an executable [Error: ENOENT: no such file or directory, lstat '/mnt/Kynthos Development/blbsr/.venv/bin/python'] {
  errno: -2,
  code: 'ENOENT',
  syscall: 'lstat',
  path: '/mnt/Kynthos Development/blbsr/.venv/bin/python'
}
2024-01-02 15:26:00.985 [info] Shell integration is not working for zsh
2024-01-02 15:26:00.985 [warning] Shell integration is not active, environment activated maybe overriden by the shell.
2024-01-02 15:26:00.986 [warning] Failed to check if /mnt/Kynthos Development/blbsr/.venv/bin/python is an executable [Error: ENOENT: no such file or directory, lstat '/mnt/Kynthos Development/blbsr/.venv/bin/python'] {
  errno: -2,
  code: 'ENOENT',
  syscall: 'lstat',
  path: '/mnt/Kynthos Development/blbsr/.venv/bin/python'
}
2024-01-02 15:26:00.987 [warning] Failed to check if /mnt/Kynthos Development/blbsr/.venv/bin/python is an executable [Error: ENOENT: no such file or directory, lstat '/mnt/Kynthos Development/blbsr/.venv/bin/python'] {
  errno: -2,
  code: 'ENOENT',
  syscall: 'lstat',
  path: '/mnt/Kynthos Development/blbsr/.venv/bin/python'
}
2024-01-02 15:26:00.989 [warning] Identifier for virt-virtualenv failed to identify /mnt/Kynthos Development/blbsr/.venv/bin/python [Error: ENOENT: no such file or directory, scandir '/mnt/Kynthos Development/blbsr/.venv/bin'] {
  errno: -2,
  code: 'ENOENT',
  syscall: 'scandir',
  path: '/mnt/Kynthos Development/blbsr/.venv/bin'
}
2024-01-02 15:26:00.990 [warning] Identifier for virt-virtualenv failed to identify /mnt/Kynthos Development/blbsr/.venv/bin/python [Error: ENOENT: no such file or directory, scandir '/mnt/Kynthos Development/blbsr/.venv/bin'] {
  errno: -2,
  code: 'ENOENT',
  syscall: 'scandir',
  path: '/mnt/Kynthos Development/blbsr/.venv/bin'
}
2024-01-02 15:26:00.990 [warning] Identifier for virt-virtualenv failed to identify /mnt/Kynthos Development/blbsr/.venv/bin/python [Error: ENOENT: no such file or directory, scandir '/mnt/Kynthos Development/blbsr/.venv/bin'] {
  errno: -2,
  code: 'ENOENT',
  syscall: 'scandir',
  path: '/mnt/Kynthos Development/blbsr/.venv/bin'
}
2024-01-02 15:26:00.992 [warning] Failed to check if /mnt/Kynthos Development/blbsr/.venv/bin/python is an executable [Error: ENOENT: no such file or directory, lstat '/mnt/Kynthos Development/blbsr/.venv/bin/python'] {
  errno: -2,
  code: 'ENOENT',
  syscall: 'lstat',
  path: '/mnt/Kynthos Development/blbsr/.venv/bin/python'
}
2024-01-02 15:26:00.994 [warning] Failed to check if /mnt/Kynthos Development/blbsr/.venv/bin/python is an executable [Error: ENOENT: no such file or directory, lstat '/mnt/Kynthos Development/blbsr/.venv/bin/python'] {
  errno: -2,
  code: 'ENOENT',
  syscall: 'lstat',
  path: '/mnt/Kynthos Development/blbsr/.venv/bin/python'
}
2024-01-02 15:26:00.996 [warning] Identifier for virt-virtualenv failed to identify /mnt/Kynthos Development/blbsr/.venv/bin/python [Error: ENOENT: no such file or directory, scandir '/mnt/Kynthos Development/blbsr/.venv/bin'] {
  errno: -2,
  code: 'ENOENT',
  syscall: 'scandir',
  path: '/mnt/Kynthos Development/blbsr/.venv/bin'
}
2024-01-02 15:26:00.997 [warning] Identifier for virt-virtualenv failed to identify /mnt/Kynthos Development/blbsr/.venv/bin/python [Error: ENOENT: no such file or directory, scandir '/mnt/Kynthos Development/blbsr/.venv/bin'] {
  errno: -2,
  code: 'ENOENT',
  syscall: 'scandir',
  path: '/mnt/Kynthos Development/blbsr/.venv/bin'
}
2024-01-02 15:26:00.999 [warning] Failed to check if /mnt/Kynthos Development/blbsr/.venv/bin/python is an executable [Error: ENOENT: no such file or directory, lstat '/mnt/Kynthos Development/blbsr/.venv/bin/python'] {
  errno: -2,
  code: 'ENOENT',
  syscall: 'lstat',
  path: '/mnt/Kynthos Development/blbsr/.venv/bin/python'
}
2024-01-02 15:26:01.001 [warning] Identifier for virt-virtualenv failed to identify /mnt/Kynthos Development/blbsr/.venv/bin/python [Error: ENOENT: no such file or directory, scandir '/mnt/Kynthos Development/blbsr/.venv/bin'] {
  errno: -2,
  code: 'ENOENT',
  syscall: 'scandir',
  path: '/mnt/Kynthos Development/blbsr/.venv/bin'
}
2024-01-02 15:26:01.002 [warning] Failed to check if /mnt/Kynthos Development/blbsr/.venv/bin/python is an executable [Error: ENOENT: no such file or directory, lstat '/mnt/Kynthos Development/blbsr/.venv/bin/python'] {
  errno: -2,
  code: 'ENOENT',
  syscall: 'lstat',
  path: '/mnt/Kynthos Development/blbsr/.venv/bin/python'
}
2024-01-02 15:26:01.003 [warning] Identifier for virt-virtualenv failed to identify /mnt/Kynthos Development/blbsr/.venv/bin/python [Error: ENOENT: no such file or directory, scandir '/mnt/Kynthos Development/blbsr/.venv/bin'] {
  errno: -2,
  code: 'ENOENT',
  syscall: 'scandir',
  path: '/mnt/Kynthos Development/blbsr/.venv/bin'
}
2024-01-02 15:26:03.759 [warning] Failed to check if /mnt/Kynthos Development/blbsr/.venv/bin/python is an executable [Error: ENOENT: no such file or directory, lstat '/mnt/Kynthos Development/blbsr/.venv/bin/python'] {
  errno: -2,
  code: 'ENOENT',
  syscall: 'lstat',
  path: '/mnt/Kynthos Development/blbsr/.venv/bin/python'
}
2024-01-02 15:26:03.760 [warning] Identifier for virt-virtualenv failed to identify /mnt/Kynthos Development/blbsr/.venv/bin/python [Error: ENOENT: no such file or directory, scandir '/mnt/Kynthos Development/blbsr/.venv/bin'] {
  errno: -2,
  code: 'ENOENT',
  syscall: 'scandir',
  path: '/mnt/Kynthos Development/blbsr/.venv/bin'
}
2024-01-02 15:26:10.676 [warning] Failed to check if /mnt/Kynthos Development/blbsr/.venv/bin/python is an executable [Error: ENOENT: no such file or directory, lstat '/mnt/Kynthos Development/blbsr/.venv/bin/python'] {
  errno: -2,
  code: 'ENOENT',
  syscall: 'lstat',
  path: '/mnt/Kynthos Development/blbsr/.venv/bin/python'
}
2024-01-02 15:26:10.677 [warning] Identifier for virt-virtualenv failed to identify /mnt/Kynthos Development/blbsr/.venv/bin/python [Error: ENOENT: no such file or directory, scandir '/mnt/Kynthos Development/blbsr/.venv/bin'] {
  errno: -2,
  code: 'ENOENT',
  syscall: 'scandir',
  path: '/mnt/Kynthos Development/blbsr/.venv/bin'
}
2024-01-02 15:26:10.678 [warning] Failed to check if /mnt/Kynthos Development/blbsr/.venv/bin/python is an executable [Error: ENOENT: no such file or directory, lstat '/mnt/Kynthos Development/blbsr/.venv/bin/python'] {
  errno: -2,
  code: 'ENOENT',
  syscall: 'lstat',
  path: '/mnt/Kynthos Development/blbsr/.venv/bin/python'
}
2024-01-02 15:26:10.679 [warning] Identifier for virt-virtualenv failed to identify /mnt/Kynthos Development/blbsr/.venv/bin/python [Error: ENOENT: no such file or directory, scandir '/mnt/Kynthos Development/blbsr/.venv/bin'] {
  errno: -2,
  code: 'ENOENT',
  syscall: 'scandir',
  path: '/mnt/Kynthos Development/blbsr/.venv/bin'
}
