2023-12-27 15:45:05.845 [info] update#setState idle
2023-12-27 15:45:10.152 [error] [UtilityProcess id: 1, type: fileWatcher, pid: 62785]: crashed with code 15 and reason 'killed'
2023-12-27 15:45:10.157 [info] Extension host with pid 62773 exited with code: 0, signal: unknown.
2023-12-27 15:45:35.847 [info] update#setState checking for updates
2023-12-27 15:45:36.010 [info] update#setState idle
2023-12-27 15:46:00.884 [error] [UtilityProcess id: 1, type: fileWatcher, pid: 63401]: crashed with code 15 and reason 'killed'
2023-12-27 15:46:00.886 [info] Extension host with pid 63411 exited with code: 0, signal: unknown.
2023-12-27 15:46:07.224 [error] [UtilityProcessWorker]: terminated unexpectedly with code 15, signal: unknown
2023-12-27 15:46:07.224 [error] [UtilityProcess id: 1, type: fileWatcher, pid: 63633]: crashed with code 15 and reason 'killed'
2023-12-27 15:46:07.225 [info] Extension host with pid 63632 exited with code: 0, signal: unknown.
2023-12-27 15:46:18.785 [info] Extension host with pid 64502 exited with code: 0, signal: unknown.
2023-12-27 16:45:35.851 [info] update#setState checking for updates
2023-12-27 16:45:36.121 [info] update#setState idle
2023-12-27 17:45:35.855 [info] update#setState checking for updates
2023-12-27 17:45:36.054 [info] update#setState idle
2023-12-27 18:45:35.859 [info] update#setState checking for updates
2023-12-27 18:45:36.067 [info] update#setState idle
2023-12-27 19:45:35.862 [info] update#setState checking for updates
2023-12-27 19:45:36.063 [info] update#setState idle
2023-12-27 20:45:35.865 [info] update#setState checking for updates
2023-12-27 20:45:36.527 [info] update#setState idle
2023-12-27 21:45:35.867 [info] update#setState checking for updates
2023-12-27 21:45:36.159 [info] update#setState idle
2023-12-27 22:24:06.862 [info] Extension host with pid 64582 exited with code: 0, signal: unknown.
