2023-12-27 15:45:06.590 [info] Revived process, old id 7fdfc978f035475f9ec4abd57c025ced-1 -> new id 1
2023-12-27 15:45:06.590 [info] Revived process, old id 7fdfc978f035475f9ec4abd57c025ced-4 -> new id 2
2023-12-27 15:45:06.590 [info] Revived process, old id 7fdfc978f035475f9ec4abd57c025ced-5 -> new id 3
2023-12-27 15:45:06.801 [info] Expanding terminal instance, old id 7fdfc978f035475f9ec4abd57c025ced-1 -> new id 1
2023-12-27 15:45:07.244 [warning] Persistent process "1": Process had no disconnect runners but was an orphan
2023-12-27 15:45:07.244 [info] Persistent process reconnection "1"
2023-12-27 15:45:07.271 [info] Persistent process "1": Replaying 8027 chars and 1 size events
2023-12-27 15:46:01.247 [info] Revived process, old id 7fdfc978f035475f9ec4abd57c025ced-1 -> new id 5
2023-12-27 15:46:01.247 [info] Revived process, old id 7fdfc978f035475f9ec4abd57c025ced-4 -> new id 6
2023-12-27 15:46:01.340 [info] Expanding terminal instance, old id 7fdfc978f035475f9ec4abd57c025ced-1 -> new id 5
2023-12-27 15:46:01.996 [warning] Persistent process "5": Process had no disconnect runners but was an orphan
2023-12-27 15:46:01.996 [info] Persistent process reconnection "5"
2023-12-27 15:46:02.021 [info] Persistent process "5": Replaying 6174 chars and 1 size events
2023-12-27 15:46:19.153 [info] Revived process, old id 383b982ba833be3224ca9e20a0814d07-1 -> new id 9
2023-12-27 15:46:19.153 [info] Revived process, old id 383b982ba833be3224ca9e20a0814d07-4 -> new id 10
2023-12-27 15:46:19.153 [info] Revived process, old id 383b982ba833be3224ca9e20a0814d07-5 -> new id 11
2023-12-27 15:46:19.190 [info] Expanding terminal instance, old id 383b982ba833be3224ca9e20a0814d07-1 -> new id 9
2023-12-27 15:46:19.749 [warning] Persistent process "9": Process had no disconnect runners but was an orphan
2023-12-27 15:46:19.753 [info] Persistent process reconnection "9"
2023-12-27 15:46:19.784 [info] Persistent process "9": Replaying 7213 chars and 1 size events
