Initializing document watcher...
blbsr/src/modules/NonConformance/pages/ManageNonConformancePage/ManageNonConformancePage.vue: {"insertSpaces":true,"tabSize":2}
blbsr/src/modules/NonConformance/routes.ts: {"insertSpaces":true,"tabSize":2}
blbsr/src/modules/NonConformance/routes.ts: {"insertSpaces":true,"tabSize":2}
blbsr/src/modules/NonConformance/routes.ts: {"insertSpaces":true,"tabSize":2}
blbsr/src/modules/NonConformance/routes.ts: {"insertSpaces":true,"tabSize":2}
blbsr/src/modules/NonConformance/routes.ts: {"insertSpaces":true,"tabSize":2}
blbsr/src/modules/NonConformance/routes.ts: {"insertSpaces":true,"tabSize":2}
blbsr/src/modules/NonConformance/routes.ts: Using EditorConfig core...
src/modules/NonConformance/routes.ts: editor.action.trimTrailingWhitespace
src/modules/NonConformance/routes.ts: insertFinalNewline(LF)
blbsr/src/modules/NonConformance/routes.ts: {"insertSpaces":true,"tabSize":2}
blbsr/src/modules/NonConformance/routes.ts: {"insertSpaces":true,"tabSize":2}
blbsr/src/modules/NonConformance/routes.ts: {"insertSpaces":true,"tabSize":2}
blbsr/src/modules/NonConformance/routes.ts: {"insertSpaces":true,"tabSize":2}
blbsr/src/modules/NonConformance/routes.ts: {"insertSpaces":true,"tabSize":2}
blbsr/src/modules/NonConformance/routes.ts: {"insertSpaces":true,"tabSize":2}
blbsr/src/modules/NonConformance/routes.ts: {"insertSpaces":true,"tabSize":2}
blbsr/src/modules/NonConformance/routes.ts: {"insertSpaces":true,"tabSize":2}
blbsr/src/modules/NonConformance/routes.ts: {"insertSpaces":true,"tabSize":2}
blbsr/src/modules/NonConformance/routes.ts: {"insertSpaces":true,"tabSize":2}
blbsr/src/modules/NonConformance/routes.ts: {"insertSpaces":true,"tabSize":2}
blbsr/src/modules/NonConformance/routes.ts: {"insertSpaces":true,"tabSize":2}
blbsr/src/modules/NonConformance/routes.ts: Using EditorConfig core...
src/modules/NonConformance/routes.ts: editor.action.trimTrailingWhitespace
blbsr/src/modules/NonConformance/routes.ts: Using EditorConfig core...
src/modules/NonConformance/routes.ts: editor.action.trimTrailingWhitespace
blbsr/src/modules/NonConformance/routes.ts: {"insertSpaces":true,"tabSize":2}
blbsr/src/modules/NonConformance/routes.ts: {"insertSpaces":true,"tabSize":2}
blbsr/src/modules/NonConformance/routes.ts: {"insertSpaces":true,"tabSize":2}
blbsr/src/modules/NonConformance/routes.ts: {"insertSpaces":true,"tabSize":2}
blbsr/src/modules/NonConformance/routes.ts: {"insertSpaces":true,"tabSize":2}
blbsr/src/modules/NonConformance/routes.ts: {"insertSpaces":true,"tabSize":2}
blbsr/src/modules/NonConformance/pages/ManageNonConformancePage/ManageNonConformancePage.vue: {"insertSpaces":true,"tabSize":2}
blbsr/src/modules/Task/views/MangeTasksView/MangeTasksView.vue: {"insertSpaces":true,"tabSize":2}
blbsr/src/modules/NonConformance/pages/ManageNonConformancePage/ManageNonConformancePage.vue: {"insertSpaces":true,"tabSize":2}
blbsr/src/modules/NonConformance/pages/ManageNonConformancePage/ManageNonConformancePage.vue: Using EditorConfig core...
src/modules/NonConformance/pages/ManageNonConformancePage/ManageNonConformancePage.vue: editor.action.trimTrailingWhitespace
blbsr/src/modules/Task/views/MangeTasksView/MangeTasksView.vue: {"insertSpaces":true,"tabSize":2}
blbsr/src/modules/NonConformance/routes.ts: {"insertSpaces":true,"tabSize":2}
blbsr/src/modules/NonConformance/routes.ts: {"insertSpaces":true,"tabSize":2}
blbsr/src/modules/NonConformance/routes.ts: Using EditorConfig core...
src/modules/NonConformance/routes.ts: editor.action.trimTrailingWhitespace
blbsr/src/modules/NonConformance/routes.ts: {"insertSpaces":true,"tabSize":2}
blbsr/src/modules/NonConformance/routes.ts: {"insertSpaces":true,"tabSize":2}
blbsr/src/modules/NonConformance/routes.ts: Using EditorConfig core...
src/modules/NonConformance/routes.ts: editor.action.trimTrailingWhitespace
blbsr/src/modules/NonConformance/routes.ts: {"insertSpaces":true,"tabSize":2}
blbsr/src/modules/NonConformance/routes.ts: {"insertSpaces":true,"tabSize":2}
blbsr/src/modules/NonConformance/routes.ts: {"insertSpaces":true,"tabSize":2}
blbsr/src/modules/NonConformance/routes.ts: {"insertSpaces":true,"tabSize":2}
blbsr/src/modules/NonConformance/pages/ManageNonConformancesPage/ManageNonConformancePage.vue: {"insertSpaces":true,"tabSize":2}
blbsr/src/modules/NonConformance/pages/ManageNonConformancesPage/ManageNonConformancesPage.vue: {"insertSpaces":true,"tabSize":2}
blbsr/src/modules/NonConformance/pages/ManageNonConformancesPage/ManageNonConformancesPage.vue: Using EditorConfig core...
src/modules/NonConformance/pages/ManageNonConformancesPage/ManageNonConformancesPage.vue: editor.action.trimTrailingWhitespace
blbsr/src/modules/NonConformance/routes.ts: {"insertSpaces":true,"tabSize":2}
blbsr/src/modules/NonConformance/routes.ts: {"insertSpaces":true,"tabSize":2}
blbsr/src/modules/NonConformance/routes.ts: Using EditorConfig core...
src/modules/NonConformance/routes.ts: editor.action.trimTrailingWhitespace
blbsr/src/modules/NonConformance/routes.ts: {"insertSpaces":true,"tabSize":2}
blbsr/src/modules/NonConformance/routes.ts: {"insertSpaces":true,"tabSize":2}
blbsr/src/modules/NonConformance/routes.ts: {"insertSpaces":true,"tabSize":2}
blbsr/src/modules/NonConformance/routes.ts: Using EditorConfig core...
src/modules/NonConformance/routes.ts: editor.action.trimTrailingWhitespace
src/modules/NonConformance/routes.ts: insertFinalNewline(LF)
blbsr/src/modules/NonConformance/routes.ts: Using EditorConfig core...
src/modules/NonConformance/routes.ts: editor.action.trimTrailingWhitespace
blbsr/src/modules/NonConformance/routes.ts: {"insertSpaces":true,"tabSize":2}
blbsr/src/modules/NonConformance/routes.ts: {"insertSpaces":true,"tabSize":2}
blbsr/src/modules/NonConformance/routes.ts: {"insertSpaces":true,"tabSize":2}
blbsr/src/modules/NonConformance/routes.ts: {"insertSpaces":true,"tabSize":2}
blbsr/src/modules/NonConformance/routes.ts: {"insertSpaces":true,"tabSize":2}
