2023-12-22 13:39:46.792 [info] (Client) Pylance async client (2023.12.1) started with python extension (2023.22.1)
2023-12-22 13:39:47.303 [info] [Info  - 13:39:47] (9407) Pylance language server 2023.12.1 (pyright a78e2b10) starting
2023-12-22 13:39:47.303 [info] [Info  - 13:39:47] (9407) Server root directory: /home/stickee/.vscode/extensions/ms-python.vscode-pylance-2023.12.1/dist
2023-12-22 13:39:47.305 [info] [Info  - 13:39:47] (9407) Starting service instance "chrmndr"
2023-12-22 13:39:47.338 [info] [Info  - 13:39:47] (9407) Setting pythonPath for service "chrmndr": "/mnt/Kynthos Development/chrmndr/.venv/bin/python"
2023-12-22 13:39:47.338 [info] [Info  - 13:39:47] (9407) Setting environmentName for service "chrmndr": "3.11.6 (.venv venv)"
2023-12-22 13:39:47.340 [info] [Info  - 13:39:47] (9407) Loading pyproject.toml file at /mnt/Kynthos Development/chrmndr/pyproject.toml
2023-12-22 13:39:47.341 [info] [Info  - 13:39:47] (9407) Pyproject file "/mnt/Kynthos Development/chrmndr/pyproject.toml" has no "[tool.pyright]" section.
2023-12-22 13:39:47.365 [info] [Info  - 13:39:47] (9407) Assuming Python version 3.11
2023-12-22 13:39:47.464 [info] [Info  - 13:39:47] (9407) Found 32 source files
2023-12-22 13:40:03.090 [info] [Info  - 13:40:03] (9407) Reloading configuration file at /mnt/Kynthos Development/chrmndr/pyproject.toml
2023-12-22 13:40:03.090 [info] [Info  - 13:40:03] (9407) Setting pythonPath for service "chrmndr": "/mnt/Kynthos Development/chrmndr/.venv/bin/python"
2023-12-22 13:40:03.090 [info] [Info  - 13:40:03] (9407) Setting environmentName for service "chrmndr": "3.11.6 (.venv venv)"
2023-12-22 13:40:03.091 [info] [Info  - 13:40:03] (9407) Loading pyproject.toml file at /mnt/Kynthos Development/chrmndr/pyproject.toml
2023-12-22 13:40:03.091 [info] [Info  - 13:40:03] (9407) Pyproject file "/mnt/Kynthos Development/chrmndr/pyproject.toml" has no "[tool.pyright]" section.
2023-12-22 13:40:03.107 [info] [Info  - 13:40:03] (9407) Found 32 source files
2023-12-22 22:22:14.489 [info] [Info  - 22:22:14] (9407) Found 33 source files
2023-12-22 22:22:22.845 [info] [Info  - 22:22:22] (9407) Found 33 source files
2023-12-22 22:23:39.003 [info] [Info  - 22:23:39] (9407) Found 33 source files
2023-12-23 09:48:55.678 [info] [Error - 09:48:55] Server process exited with code 0.
2023-12-23 09:48:56.180 [info] (Client) Pylance async client (2023.12.1) started with python extension (2023.22.1)
2023-12-23 09:48:56.608 [info] [Info  - 09:48:56] (270015) Pylance language server 2023.12.1 (pyright a78e2b10) starting
2023-12-23 09:48:56.608 [info] [Info  - 09:48:56] (270015) Server root directory: /home/stickee/.vscode/extensions/ms-python.vscode-pylance-2023.12.1/dist
2023-12-23 09:48:56.613 [info] [Info  - 09:48:56] (270015) Starting service instance "chrmndr"
2023-12-23 09:48:56.649 [info] [Info  - 09:48:56] (270015) Setting pythonPath for service "chrmndr": "/mnt/Kynthos Development/chrmndr/.venv/bin/python"
2023-12-23 09:48:56.649 [info] [Info  - 09:48:56] (270015) Setting environmentName for service "chrmndr": "3.11.6 (.venv venv)"
2023-12-23 09:48:56.651 [info] [Info  - 09:48:56] (270015) Loading pyproject.toml file at /mnt/Kynthos Development/chrmndr/pyproject.toml
2023-12-23 09:48:56.653 [info] [Info  - 09:48:56] (270015) Pyproject file "/mnt/Kynthos Development/chrmndr/pyproject.toml" has no "[tool.pyright]" section.
2023-12-23 09:48:56.677 [info] [Info  - 09:48:56] (270015) Assuming Python version 3.11
2023-12-23 09:48:56.722 [info] [Info  - 09:48:56] (270015) Found 33 source files
