Initializing document watcher...
blbsr/package.json: {"insertSpaces":true,"tabSize":2}
No more open editors.
No more open editors.
No more open editors.
No more open editors.
No more open editors.
blbsr/.env.example: {"insertSpaces":true,"tabSize":2}
blbsr/.env: {"insertSpaces":true,"tabSize":2}
blbsr/.env: Using EditorConfig core...
.env: editor.action.trimTrailingWhitespace
blbsr/.env: {"insertSpaces":true,"tabSize":2}
blbsr/.env: Using EditorConfig core...
.env: editor.action.trimTrailingWhitespace
No more open editors.
No more open editors.
No more open editors.
No more open editors.
No more open editors.
blbsr/package.json: {"insertSpaces":true,"tabSize":2}
blbsr/package.json: {"insertSpaces":true,"tabSize":2}
blbsr/package.json: Using EditorConfig core...
package.json: editor.action.trimTrailingWhitespace
package.json: insertFinalNewline(LF)
blbsr/package.json: {"insertSpaces":true,"tabSize":2}
blbsr/package.json: {"insertSpaces":true,"tabSize":2}
blbsr/package.json: Using EditorConfig core...
package.json: editor.action.trimTrailingWhitespace
package.json: insertFinalNewline(LF)
blbsr/package.json: {"insertSpaces":true,"tabSize":2}
blbsr/package.json: {"insertSpaces":true,"tabSize":2}
blbsr/package.json: {"insertSpaces":true,"tabSize":2}
blbsr/package.json: {"insertSpaces":true,"tabSize":2}
blbsr/package.json: {"insertSpaces":true,"tabSize":2}
blbsr/package.json: {"insertSpaces":true,"tabSize":2}
blbsr/package.json: {"insertSpaces":true,"tabSize":2}
blbsr/package.json: {"insertSpaces":true,"tabSize":2}
blbsr/package.json: {"insertSpaces":true,"tabSize":2}
blbsr/package.json: {"insertSpaces":true,"tabSize":2}
blbsr/package.json: {"insertSpaces":true,"tabSize":2}
blbsr/package.json: {"insertSpaces":true,"tabSize":2}
blbsr/package.json: {"insertSpaces":true,"tabSize":2}
blbsr/package.json: {"insertSpaces":true,"tabSize":2}
blbsr/package.json: {"insertSpaces":true,"tabSize":2}
blbsr/package.json: {"insertSpaces":true,"tabSize":2}
blbsr/blue.config.ts: {"insertSpaces":true,"tabSize":2}
blbsr/package.json: {"insertSpaces":true,"tabSize":2}
