2024-02-09 19:07:07.224 [info] update#setState idle
2024-02-09 19:07:37.226 [info] update#setState checking for updates
2024-02-09 19:07:37.450 [info] update#setState idle
2024-02-09 19:10:04.964 [info] Extension host with pid 6652 exited with code: 0, signal: unknown.
2024-02-09 20:07:37.232 [info] update#setState checking for updates
2024-02-09 20:07:38.974 [info] update#setState idle
2024-02-09 21:00:40.662 [error] [UtilityProcess id: 1, type: fileWatcher, pid: 7386]: crashed with code 15 and reason 'killed'
2024-02-09 21:00:40.682 [info] Extension host with pid 7376 exited with code: 0, signal: unknown.
2024-02-09 21:04:28.670 [error] [UtilityProcess id: 1, type: fileWatcher, pid: 14403]: crashed with code 15 and reason 'killed'
2024-02-09 21:04:28.672 [info] Extension host with pid 14412 exited with code: 0, signal: unknown.
2024-02-09 21:07:37.235 [info] update#setState checking for updates
2024-02-09 21:07:37.893 [info] update#setState idle
2024-02-09 22:07:37.239 [info] update#setState checking for updates
2024-02-09 22:07:38.025 [info] update#setState idle
2024-02-09 22:16:33.187 [info] Extension host with pid 14601 exited with code: 0, signal: unknown.
2024-02-09 22:17:04.503 [info] Extension host with pid 19164 exited with code: 0, signal: unknown.
2024-02-09 23:07:37.243 [info] update#setState checking for updates
2024-02-09 23:07:37.973 [info] update#setState idle
2024-02-10 00:07:37.256 [info] update#setState checking for updates
2024-02-10 00:07:38.024 [info] update#setState idle
2024-02-10 00:36:59.837 [error] [UtilityProcessWorker]: terminated unexpectedly with code 15, signal: unknown
2024-02-10 00:36:59.838 [error] [UtilityProcess id: 1, type: fileWatcher, pid: 19210]: crashed with code 15 and reason 'killed'
2024-02-10 00:36:59.854 [info] Extension host with pid 19209 exited with code: 0, signal: unknown.
