2024-02-08 20:12:07.498 [info] Added views:workbench.panel.markers.view in workbench.panel.markers
2024-02-08 20:12:07.498 [info] Added views:workbench.panel.output in workbench.panel.output
2024-02-08 20:12:07.498 [info] Added views:terminal in terminal
2024-02-08 20:12:07.498 [info] Added views:outline in workbench.view.explorer
2024-02-08 20:12:07.498 [info] Added views:workbench.scm in workbench.view.scm
2024-02-08 20:12:07.498 [info] Added views:workbench.view.search in workbench.view.search
2024-02-08 20:12:07.498 [info] Added views:timeline in workbench.view.explorer
2024-02-08 20:12:07.498 [info] Added views:workbench.explorer.fileView in workbench.view.explorer
2024-02-08 20:12:08.146 [info] Added views:workbench.debug.welcome in workbench.view.debug
2024-02-08 20:12:08.310 [info] Added views:workbench.panel.repl.view in workbench.panel.repl
2024-02-08 20:12:08.743 [info] Added views:~remote.forwardedPorts in ~remote.forwardedPortsContainer
2024-02-08 20:13:02.968 [info] Added views:workbench.panel.markers.view in workbench.panel.markers
2024-02-08 20:13:02.968 [info] Added views:workbench.panel.output in workbench.panel.output
2024-02-08 20:13:02.968 [info] Added views:terminal in terminal
2024-02-08 20:13:02.968 [info] Added views:outline in workbench.view.explorer
2024-02-08 20:13:02.968 [info] Added views:workbench.scm in workbench.view.scm
2024-02-08 20:13:02.968 [info] Added views:workbench.view.search in workbench.view.search
2024-02-08 20:13:02.968 [info] Added views:timeline in workbench.view.explorer
2024-02-08 20:13:02.968 [info] Added views:workbench.explorer.emptyView in workbench.view.explorer
2024-02-08 20:13:03.088 [info] Added views:workbench.debug.variablesView,workbench.debug.watchExpressionsView,workbench.debug.callStackView,workbench.debug.breakPointsView in workbench.view.debug
2024-02-08 20:13:03.230 [info] Added views:~remote.forwardedPorts in ~remote.forwardedPortsContainer
2024-02-08 20:13:03.350 [info] Added views:workbench.panel.repl.view in workbench.panel.repl
2024-02-08 20:13:03.350 [info] Removed views:workbench.debug.breakPointsView,workbench.debug.callStackView,workbench.debug.watchExpressionsView,workbench.debug.variablesView from workbench.view.debug
2024-02-08 20:13:03.351 [info] Added views:workbench.debug.welcome in workbench.view.debug
2024-02-08 20:48:05.013 [info] Added views:workbench.panel.markers.view in workbench.panel.markers
2024-02-08 20:48:05.013 [info] Added views:workbench.panel.output in workbench.panel.output
2024-02-08 20:48:05.013 [info] Added views:terminal in terminal
2024-02-08 20:48:05.013 [info] Added views:outline in workbench.view.explorer
2024-02-08 20:48:05.013 [info] Added views:workbench.scm in workbench.view.scm
2024-02-08 20:48:05.013 [info] Added views:workbench.view.search in workbench.view.search
2024-02-08 20:48:05.013 [info] Added views:timeline in workbench.view.explorer
2024-02-08 20:48:05.013 [info] Added views:workbench.explorer.fileView in workbench.view.explorer
2024-02-08 20:48:05.404 [info] Added views:workbench.debug.welcome in workbench.view.debug
2024-02-08 20:48:05.435 [info] Added views:workbench.panel.repl.view in workbench.panel.repl
2024-02-08 20:48:05.766 [info] Added views:~remote.forwardedPorts in ~remote.forwardedPortsContainer
2024-02-08 20:48:17.930 [info] Added views:workbench.views.extensions.installed,workbench.views.extensions.popular,extensions.recommendedList in workbench.view.extensions
2024-02-08 20:48:17.936 [info] Removed views:workbench.views.extensions.popular from workbench.view.extensions
2024-02-08 20:48:18.111 [info] Added views:workbench.views.extensions.popular in workbench.view.extensions
2024-02-08 20:48:51.132 [info] Removed views:extensions.recommendedList,workbench.views.extensions.popular,workbench.views.extensions.installed from workbench.view.extensions
2024-02-08 20:48:51.140 [info] Added views:workbench.views.extensions.marketplace in workbench.view.extensions
2024-02-08 20:49:11.484 [info] Removed views:workbench.views.extensions.marketplace from workbench.view.extensions
2024-02-08 20:49:11.494 [info] Added views:workbench.views.extensions.installed,workbench.views.extensions.popular,extensions.recommendedList in workbench.view.extensions
