2024-01-13 11:34:12.241 [warning] Via 'product.json#extensionEnabledApiProposals' extension 'ms-python.python' wants API proposal 'registerIssueDataProvider' but that proposal DOES NOT EXIST. Likely, the proposal has been finalized (check 'vscode.d.ts') or was abandoned.
2024-01-13 11:34:12.595 [info] Started local extension host with pid 13505.
2024-01-13 11:34:15.897 [info] [perf] Render performance baseline is 25ms
2024-01-13 11:35:14.857 [warning] [Vue.volar]: Cannot register 'typescript.tsdk'. This property is already registered.
2024-01-13 11:35:30.852 [warning] Via 'product.json#extensionEnabledApiProposals' extension 'ms-python.python' wants API proposal 'registerIssueDataProvider' but that proposal DOES NOT EXIST. Likely, the proposal has been finalized (check 'vscode.d.ts') or was abandoned.
2024-01-13 11:35:31.029 [info] Started local extension host with pid 13956.
2024-01-13 11:35:31.128 [warning] [Vue.volar]: Cannot register 'typescript.tsdk'. This property is already registered.
2024-01-13 11:35:33.691 [info] [perf] Render performance baseline is 24ms
2024-01-13 11:35:49.167 [warning] Via 'product.json#extensionEnabledApiProposals' extension 'ms-python.python' wants API proposal 'registerIssueDataProvider' but that proposal DOES NOT EXIST. Likely, the proposal has been finalized (check 'vscode.d.ts') or was abandoned.
2024-01-13 11:35:49.334 [info] Started local extension host with pid 14058.
2024-01-13 11:35:49.400 [warning] [Vue.volar]: Cannot register 'typescript.tsdk'. This property is already registered.
2024-01-13 11:35:51.979 [info] [perf] Render performance baseline is 30ms
2024-01-13 11:55:26.093 [error] Unknown (FileSystemError): Failed to move 'vue-model.ts' to the trash
    at c.create (/opt/visual-studio-code/resources/app/out/vs/code/electron-main/main.js:54:3486)
    at w (/opt/visual-studio-code/resources/app/out/vs/code/electron-main/main.js:54:3600)
    at p.y (/opt/visual-studio-code/resources/app/out/vs/code/electron-main/main.js:59:39643)
2024-01-13 11:55:26.099 [error] Failed to move 'vue-model.ts' to the trash: Unknown (FileSystemError): Failed to move 'vue-model.ts' to the trash
    at c.create (/opt/visual-studio-code/resources/app/out/vs/code/electron-main/main.js:54:3486)
    at w (/opt/visual-studio-code/resources/app/out/vs/code/electron-main/main.js:54:3600)
    at p.y (/opt/visual-studio-code/resources/app/out/vs/code/electron-main/main.js:59:39643)
2024-01-13 12:16:31.348 [error] [Extension Host] Error: Git error
	at ChildProcess.<anonymous> (/opt/visual-studio-code/resources/app/extensions/git/dist/main.js:2:991008)
	at ChildProcess.emit (node:events:525:35)
	at ChildProcess._handle.onexit (node:internal/child_process:291:12)
2024-01-13 12:25:44.853 [error] [Extension Host] Error: Git error
	at ChildProcess.<anonymous> (/opt/visual-studio-code/resources/app/extensions/git/dist/main.js:2:991008)
	at ChildProcess.emit (node:events:525:35)
	at ChildProcess._handle.onexit (node:internal/child_process:291:12)
2024-01-13 12:27:19.176 [error] Unknown (FileSystemError): Failed to move 'pnpm-lock.yaml' to the trash
    at c.create (/opt/visual-studio-code/resources/app/out/vs/code/electron-main/main.js:54:3486)
    at w (/opt/visual-studio-code/resources/app/out/vs/code/electron-main/main.js:54:3600)
    at p.y (/opt/visual-studio-code/resources/app/out/vs/code/electron-main/main.js:59:39643)
2024-01-13 12:27:19.182 [error] Failed to move 'pnpm-lock.yaml' to the trash: Unknown (FileSystemError): Failed to move 'pnpm-lock.yaml' to the trash
    at c.create (/opt/visual-studio-code/resources/app/out/vs/code/electron-main/main.js:54:3486)
    at w (/opt/visual-studio-code/resources/app/out/vs/code/electron-main/main.js:54:3600)
    at p.y (/opt/visual-studio-code/resources/app/out/vs/code/electron-main/main.js:59:39643)
2024-01-13 12:27:32.860 [error] Unknown (FileSystemError): Failed to move 'node_modules' to the trash
    at c.create (/opt/visual-studio-code/resources/app/out/vs/code/electron-main/main.js:54:3486)
    at w (/opt/visual-studio-code/resources/app/out/vs/code/electron-main/main.js:54:3600)
    at p.y (/opt/visual-studio-code/resources/app/out/vs/code/electron-main/main.js:59:39643)
2024-01-13 12:27:32.872 [error] Failed to move 'node_modules' to the trash: Unknown (FileSystemError): Failed to move 'node_modules' to the trash
    at c.create (/opt/visual-studio-code/resources/app/out/vs/code/electron-main/main.js:54:3486)
    at w (/opt/visual-studio-code/resources/app/out/vs/code/electron-main/main.js:54:3600)
    at p.y (/opt/visual-studio-code/resources/app/out/vs/code/electron-main/main.js:59:39643)
