2024-01-13 11:34:12.495 [info] Added views:workbench.panel.markers.view in workbench.panel.markers
2024-01-13 11:34:12.496 [info] Added views:workbench.panel.output in workbench.panel.output
2024-01-13 11:34:12.496 [info] Added views:terminal in terminal
2024-01-13 11:34:12.496 [info] Added views:outline in workbench.view.explorer
2024-01-13 11:34:12.496 [info] Added views:workbench.scm in workbench.view.scm
2024-01-13 11:34:12.496 [info] Added views:workbench.view.search in workbench.view.search
2024-01-13 11:34:12.496 [info] Added views:timeline in workbench.view.explorer
2024-01-13 11:34:12.496 [info] Added views:workbench.explorer.fileView in workbench.view.explorer
2024-01-13 11:34:12.871 [info] Added views:workbench.debug.welcome in workbench.view.debug
2024-01-13 11:34:12.910 [info] Added views:workbench.panel.repl.view in workbench.panel.repl
2024-01-13 11:34:13.055 [info] Added views:~remote.forwardedPorts in ~remote.forwardedPortsContainer
2024-01-13 11:34:29.270 [info] Added views:workbench.views.extensions.installed,workbench.views.extensions.popular,extensions.recommendedList in workbench.view.extensions
2024-01-13 11:34:29.272 [info] Removed views:workbench.views.extensions.popular from workbench.view.extensions
2024-01-13 11:34:29.879 [info] Removed views:extensions.recommendedList,workbench.views.extensions.installed from workbench.view.extensions
2024-01-13 11:34:29.899 [info] Added views:workbench.views.extensions.workspaceRecommendations,workbench.views.extensions.otherRecommendations in workbench.view.extensions
2024-01-13 11:35:30.953 [info] Added views:workbench.panel.markers.view in workbench.panel.markers
2024-01-13 11:35:30.953 [info] Added views:workbench.panel.output in workbench.panel.output
2024-01-13 11:35:30.953 [info] Added views:terminal in terminal
2024-01-13 11:35:30.953 [info] Added views:outline in workbench.view.explorer
2024-01-13 11:35:30.953 [info] Added views:workbench.scm in workbench.view.scm
2024-01-13 11:35:30.953 [info] Added views:workbench.view.search in workbench.view.search
2024-01-13 11:35:30.953 [info] Added views:timeline in workbench.view.explorer
2024-01-13 11:35:30.953 [info] Added views:workbench.explorer.emptyView in workbench.view.explorer
2024-01-13 11:35:31.270 [info] Added views:workbench.debug.variablesView,workbench.debug.watchExpressionsView,workbench.debug.callStackView,workbench.debug.breakPointsView in workbench.view.debug
2024-01-13 11:35:31.278 [info] Added views:~remote.forwardedPorts in ~remote.forwardedPortsContainer
2024-01-13 11:35:31.355 [info] Added views:workbench.panel.repl.view in workbench.panel.repl
2024-01-13 11:35:31.356 [info] Removed views:workbench.debug.breakPointsView,workbench.debug.callStackView,workbench.debug.watchExpressionsView,workbench.debug.variablesView from workbench.view.debug
2024-01-13 11:35:31.356 [info] Added views:workbench.debug.welcome in workbench.view.debug
2024-01-13 11:35:49.271 [info] Added views:workbench.panel.markers.view in workbench.panel.markers
2024-01-13 11:35:49.271 [info] Added views:workbench.panel.output in workbench.panel.output
2024-01-13 11:35:49.271 [info] Added views:terminal in terminal
2024-01-13 11:35:49.271 [info] Added views:outline in workbench.view.explorer
2024-01-13 11:35:49.271 [info] Added views:workbench.scm in workbench.view.scm
2024-01-13 11:35:49.271 [info] Added views:workbench.view.search in workbench.view.search
2024-01-13 11:35:49.271 [info] Added views:timeline in workbench.view.explorer
2024-01-13 11:35:49.271 [info] Added views:workbench.explorer.fileView in workbench.view.explorer
2024-01-13 11:35:49.741 [info] Added views:workbench.debug.welcome in workbench.view.debug
2024-01-13 11:35:49.861 [info] Added views:workbench.panel.repl.view in workbench.panel.repl
2024-01-13 11:35:50.556 [info] Added views:~remote.forwardedPorts in ~remote.forwardedPortsContainer
