2023-12-20 21:21:35.890 [info] Log level: Info
2023-12-20 21:21:35.890 [info] Validating found git in: "git"
2023-12-20 21:21:35.890 [info] Using git "2.43.0" from "git"
2023-12-20 21:21:35.890 [info] > git rev-parse --show-toplevel [10ms]
2023-12-20 21:21:35.890 [info] fatal: not a git repository (or any of the parent directories): .git
2023-12-20 21:21:35.890 [info] > git rev-parse --show-toplevel [7ms]
2023-12-20 21:21:35.890 [info] fatal: not a git repository (or any of the parent directories): .git
2023-12-20 21:21:35.890 [info] > git rev-parse --show-toplevel [5ms]
2023-12-20 21:21:35.890 [info] fatal: not a git repository (or any of the parent directories): .git
2023-12-20 21:21:35.891 [info] > git rev-parse --show-toplevel [1ms]
2023-12-20 21:21:35.891 [info] fatal: not a git repository (or any of the parent directories): .git
2023-12-20 21:21:35.896 [info] > git rev-parse --show-toplevel [1ms]
2023-12-20 21:21:35.896 [info] fatal: not a git repository (or any of the parent directories): .git
2023-12-20 21:21:35.903 [info] > git rev-parse --show-toplevel [1ms]
2023-12-20 21:21:35.903 [info] fatal: not a git repository (or any of the parent directories): .git
2023-12-20 21:21:35.917 [info] > git rev-parse --show-toplevel [0ms]
2023-12-20 21:21:35.917 [info] fatal: not a git repository (or any of the parent directories): .git
2023-12-20 21:21:36.056 [info] > git rev-parse --show-toplevel [0ms]
2023-12-20 21:21:36.056 [info] fatal: not a git repository (or any of the parent directories): .git
2023-12-20 21:21:36.291 [info] > git rev-parse --show-toplevel [6ms]
2023-12-20 21:21:36.291 [info] fatal: not a git repository (or any of the parent directories): .git
2023-12-20 21:21:36.295 [info] > git rev-parse --show-toplevel [1ms]
2023-12-20 21:21:36.295 [info] fatal: not a git repository (or any of the parent directories): .git
2023-12-20 21:21:39.331 [info] Log level: Info
2023-12-20 21:21:39.331 [info] Validating found git in: "git"
2023-12-20 21:21:39.331 [info] Using git "2.43.0" from "git"
2023-12-20 21:21:52.406 [info] Log level: Info
2023-12-20 21:21:52.406 [info] Validating found git in: "git"
2023-12-20 21:21:52.406 [info] Using git "2.43.0" from "git"
2023-12-20 21:21:52.415 [info] > git rev-parse --show-toplevel [30ms]
2023-12-20 21:21:52.423 [info] > git rev-parse --git-dir --git-common-dir [1ms]
2023-12-20 21:21:52.430 [info] Open repository: /mnt/Kynthos Development/chrmndr
2023-12-20 21:21:52.449 [info] > git rev-parse --show-toplevel [4ms]
2023-12-20 21:21:52.449 [info] > git config --get commit.template [10ms]
2023-12-20 21:21:52.486 [info] > git rev-parse --show-toplevel [25ms]
2023-12-20 21:21:52.495 [info] > git rev-parse --show-toplevel [1ms]
2023-12-20 21:21:52.501 [info] > git rev-parse --show-toplevel [1ms]
2023-12-20 21:21:52.508 [info] > git rev-parse --show-toplevel [2ms]
2023-12-20 21:21:52.508 [info] > git for-each-ref --format=%(refname)%00%(upstream:short)%00%(objectname)%00%(upstream:track)%00%(upstream:remotename)%00%(upstream:remoteref) refs/heads/LCI refs/remotes/LCI [40ms]
2023-12-20 21:21:52.515 [info] > git rev-parse --show-toplevel [1ms]
2023-12-20 21:21:52.574 [info] > git status -z -uall [23ms]
2023-12-20 21:21:52.590 [info] > git config --get commit.template [7ms]
2023-12-20 21:21:52.590 [info] > git for-each-ref --format=%(refname)%00%(upstream:short)%00%(objectname)%00%(upstream:track)%00%(upstream:remotename)%00%(upstream:remoteref) refs/heads/LCI refs/remotes/LCI [1ms]
2023-12-20 21:21:52.599 [info] > git status -z -uall [2ms]
2023-12-20 21:21:53.047 [info] > git check-ignore -v -z --stdin [2ms]
2023-12-20 21:21:53.476 [info] > git show --textconv :chrmndr/log.log [9ms]
2023-12-20 21:21:53.478 [info] > git ls-files --stage -- /mnt/Kynthos Development/chrmndr/chrmndr/log.log [2ms]
2023-12-20 21:21:53.486 [info] > git cat-file -s bb80a292def84be586b104c6bbf25460d1a0399a [1ms]
2023-12-20 21:21:54.602 [info] > git config --get commit.template [8ms]
2023-12-20 21:21:54.602 [info] > git for-each-ref --format=%(refname)%00%(upstream:short)%00%(objectname)%00%(upstream:track)%00%(upstream:remotename)%00%(upstream:remoteref) refs/heads/LCI refs/remotes/LCI [1ms]
2023-12-20 21:21:54.612 [info] > git status -z -uall [2ms]
2023-12-20 21:21:54.741 [info] > git ls-files --stage -- /mnt/Kynthos Development/chrmndr/chrmndr/log.log [2ms]
2023-12-20 21:21:54.751 [info] > git cat-file -s bb80a292def84be586b104c6bbf25460d1a0399a [2ms]
2023-12-20 21:21:54.763 [info] > git show --textconv :chrmndr/log.log [1ms]
2023-12-20 21:21:56.498 [info] > git ls-files --stage -- /mnt/Kynthos Development/chrmndr/chrmndr/log.log [0ms]
2023-12-20 21:21:56.505 [info] > git cat-file -s bb80a292def84be586b104c6bbf25460d1a0399a [1ms]
2023-12-20 21:21:56.512 [info] > git show --textconv :chrmndr/log.log [1ms]
2023-12-20 21:21:57.747 [info] > git show --textconv :chrmndr/main.py [26ms]
2023-12-20 21:21:57.748 [info] > git ls-files --stage -- /mnt/Kynthos Development/chrmndr/chrmndr/main.py [16ms]
2023-12-20 21:21:57.775 [info] > git cat-file -s a452a3e285e52bf7963ac8a1b7e7dbfadfae742a [14ms]
2023-12-20 21:21:59.629 [info] > git config --get commit.template [7ms]
2023-12-20 21:21:59.635 [info] > git for-each-ref --format=%(refname)%00%(upstream:short)%00%(objectname)%00%(upstream:track)%00%(upstream:remotename)%00%(upstream:remoteref) refs/heads/LCI refs/remotes/LCI [7ms]
2023-12-20 21:21:59.644 [info] > git status -z -uall [2ms]
2023-12-20 21:22:51.200 [info] > git show --textconv :tests/test_ability.py [11ms]
2023-12-20 21:22:51.203 [info] > git ls-files --stage -- /mnt/Kynthos Development/chrmndr/tests/test_ability.py [3ms]
2023-12-20 21:22:51.446 [info] > git check-ignore -v -z --stdin [1ms]
2023-12-20 21:22:52.027 [info] > git config --get commit.template [5ms]
2023-12-20 21:22:52.067 [info] > git for-each-ref --format=%(refname)%00%(upstream:short)%00%(objectname)%00%(upstream:track)%00%(upstream:remotename)%00%(upstream:remoteref) refs/heads/LCI refs/remotes/LCI [9ms]
2023-12-20 21:22:52.096 [info] > git status -z -uall [6ms]
2023-12-20 21:22:53.010 [info] > git show --textconv :tests/test_phases.py [10ms]
2023-12-20 21:22:53.011 [info] > git ls-files --stage -- /mnt/Kynthos Development/chrmndr/tests/test_phases.py [2ms]
2023-12-20 21:23:51.071 [info] > git show --textconv :tests/test_ability.py [11ms]
2023-12-20 21:23:51.074 [info] > git ls-files --stage -- /mnt/Kynthos Development/chrmndr/tests/test_ability.py [3ms]
2023-12-20 21:23:59.697 [info] > git show --textconv :tests/test_phases.py [5ms]
2023-12-20 21:23:59.698 [info] > git ls-files --stage -- /mnt/Kynthos Development/chrmndr/tests/test_phases.py [1ms]
2023-12-20 21:24:08.472 [info] > git show --textconv :tests/test_ability.py [6ms]
2023-12-20 21:24:08.473 [info] > git ls-files --stage -- /mnt/Kynthos Development/chrmndr/tests/test_ability.py [1ms]
2023-12-20 21:24:32.327 [info] > git show --textconv :tests/test_phases.py [19ms]
2023-12-20 21:24:32.330 [info] > git ls-files --stage -- /mnt/Kynthos Development/chrmndr/tests/test_phases.py [4ms]
2023-12-20 21:24:52.237 [info] > git show --textconv :tests/test_ability.py [7ms]
2023-12-20 21:24:52.238 [info] > git ls-files --stage -- /mnt/Kynthos Development/chrmndr/tests/test_ability.py [2ms]
2023-12-20 21:25:25.117 [info] > git config --get commit.template [13ms]
2023-12-20 21:25:25.119 [info] > git for-each-ref --format=%(refname)%00%(upstream:short)%00%(objectname)%00%(upstream:track)%00%(upstream:remotename)%00%(upstream:remoteref) refs/heads/LCI refs/remotes/LCI [3ms]
2023-12-20 21:25:25.132 [info] > git status -z -uall [2ms]
2023-12-20 21:25:30.890 [info] > git check-ignore -v -z --stdin [3ms]
2023-12-20 21:25:40.993 [info] > git show --textconv :chrmndr/engine/mechanics/actions.py [5ms]
2023-12-20 21:25:40.994 [info] > git ls-files --stage -- /mnt/Kynthos Development/chrmndr/chrmndr/engine/mechanics/actions.py [1ms]
2023-12-20 21:25:41.001 [info] > git cat-file -s 26c2d9e10b8112b63544e24dab56d995af26eed2 [1ms]
2023-12-20 21:25:47.299 [info] > git show --textconv :tests/test_ability.py [24ms]
2023-12-20 21:25:47.302 [info] > git ls-files --stage -- /mnt/Kynthos Development/chrmndr/tests/test_ability.py [6ms]
2023-12-20 21:26:03.906 [info] > git for-each-ref --format=%(refname)%00%(upstream:short)%00%(objectname)%00%(upstream:track)%00%(upstream:remotename)%00%(upstream:remoteref) refs/heads/LCI refs/remotes/LCI [17ms]
2023-12-20 21:26:03.907 [info] > git config --get commit.template [39ms]
2023-12-20 21:26:03.908 [info] > git check-ignore -v -z --stdin [3ms]
2023-12-20 21:26:03.924 [info] > git status -z -uall [3ms]
2023-12-20 21:26:04.711 [info] > git show --textconv :chrmndr/engine/mechanics/ability.py [26ms]
2023-12-20 21:26:04.716 [info] > git ls-files --stage -- /mnt/Kynthos Development/chrmndr/chrmndr/engine/mechanics/ability.py [8ms]
2023-12-20 21:26:10.295 [info] > git show --textconv :tests/test_ability.py [6ms]
2023-12-20 21:26:10.296 [info] > git ls-files --stage -- /mnt/Kynthos Development/chrmndr/tests/test_ability.py [2ms]
2023-12-20 21:26:33.286 [info] > git show --textconv :tests/test_phases.py [7ms]
2023-12-20 21:26:33.287 [info] > git ls-files --stage -- /mnt/Kynthos Development/chrmndr/tests/test_phases.py [1ms]
2023-12-20 21:26:40.480 [info] > git show --textconv :tests/test_ability.py [10ms]
2023-12-20 21:26:40.482 [info] > git ls-files --stage -- /mnt/Kynthos Development/chrmndr/tests/test_ability.py [2ms]
2023-12-20 21:27:53.373 [info] > git show --textconv :tests/test_phases.py [7ms]
2023-12-20 21:27:53.374 [info] > git ls-files --stage -- /mnt/Kynthos Development/chrmndr/tests/test_phases.py [2ms]
2023-12-20 21:27:55.311 [info] > git show --textconv :tests/test_ability.py [6ms]
2023-12-20 21:27:55.312 [info] > git ls-files --stage -- /mnt/Kynthos Development/chrmndr/tests/test_ability.py [2ms]
2023-12-20 21:28:13.737 [info] > git show --textconv :tests/conftest.py [8ms]
2023-12-20 21:28:13.737 [info] > git ls-files --stage -- /mnt/Kynthos Development/chrmndr/tests/conftest.py [1ms]
2023-12-20 21:28:13.744 [info] > git cat-file -s 5fe79a4d32bd4fe1c52477da4121b54415689752 [0ms]
2023-12-20 21:28:58.148 [info] > git show --textconv :tests/test_ability.py [20ms]
2023-12-20 21:28:58.150 [info] > git ls-files --stage -- /mnt/Kynthos Development/chrmndr/tests/test_ability.py [3ms]
2023-12-20 21:28:59.633 [info] > git show --textconv :tests/conftest.py [6ms]
2023-12-20 21:28:59.634 [info] > git ls-files --stage -- /mnt/Kynthos Development/chrmndr/tests/conftest.py [1ms]
2023-12-20 21:28:59.641 [info] > git cat-file -s 5fe79a4d32bd4fe1c52477da4121b54415689752 [1ms]
2023-12-20 21:29:01.831 [info] > git show --textconv :tests/test_ability.py [16ms]
2023-12-20 21:29:01.833 [info] > git ls-files --stage -- /mnt/Kynthos Development/chrmndr/tests/test_ability.py [3ms]
2023-12-20 21:29:07.039 [info] > git show --textconv :tests/test_phases.py [24ms]
2023-12-20 21:29:07.043 [info] > git ls-files --stage -- /mnt/Kynthos Development/chrmndr/tests/test_phases.py [6ms]
2023-12-20 21:29:08.445 [info] > git show --textconv :tests/conftest.py [29ms]
2023-12-20 21:29:08.450 [info] > git ls-files --stage -- /mnt/Kynthos Development/chrmndr/tests/conftest.py [8ms]
2023-12-20 21:29:08.478 [info] > git cat-file -s 5fe79a4d32bd4fe1c52477da4121b54415689752 [6ms]
2023-12-20 21:29:09.571 [info] > git show --textconv :chrmndr/engine/mechanics/ability.py [27ms]
2023-12-20 21:29:09.575 [info] > git ls-files --stage -- /mnt/Kynthos Development/chrmndr/chrmndr/engine/mechanics/ability.py [6ms]
2023-12-20 21:33:49.650 [info] > git show --textconv :chrmndr/utils.py [7ms]
2023-12-20 21:33:49.651 [info] > git ls-files --stage -- /mnt/Kynthos Development/chrmndr/chrmndr/utils.py [1ms]
2023-12-20 21:33:49.658 [info] > git cat-file -s 34b78e8b4096aa011e8529665921e1958612017a [1ms]
2023-12-20 21:35:14.042 [info] > git show --textconv :tests/test_ability.py [6ms]
2023-12-20 21:35:14.043 [info] > git ls-files --stage -- /mnt/Kynthos Development/chrmndr/tests/test_ability.py [1ms]
2023-12-20 21:35:16.694 [info] > git show --textconv :chrmndr/engine/mechanics/ability.py [7ms]
2023-12-20 21:35:16.695 [info] > git ls-files --stage -- /mnt/Kynthos Development/chrmndr/chrmndr/engine/mechanics/ability.py [2ms]
2023-12-20 21:40:07.827 [info] > git show --textconv :chrmndr/engine/mechanics/actions.py [6ms]
2023-12-20 21:40:07.827 [info] > git ls-files --stage -- /mnt/Kynthos Development/chrmndr/chrmndr/engine/mechanics/actions.py [1ms]
2023-12-20 21:40:07.835 [info] > git cat-file -s 26c2d9e10b8112b63544e24dab56d995af26eed2 [1ms]
2023-12-20 21:40:24.403 [info] > git show --textconv :chrmndr/engine/mechanics/ability.py [7ms]
2023-12-20 21:40:24.404 [info] > git ls-files --stage -- /mnt/Kynthos Development/chrmndr/chrmndr/engine/mechanics/ability.py [1ms]
2023-12-20 21:40:52.239 [info] > git config --get commit.template [20ms]
2023-12-20 21:40:52.240 [info] > git for-each-ref --format=%(refname)%00%(upstream:short)%00%(objectname)%00%(upstream:track)%00%(upstream:remotename)%00%(upstream:remoteref) refs/heads/LCI refs/remotes/LCI [3ms]
2023-12-20 21:40:52.252 [info] > git status -z -uall [3ms]
2023-12-20 21:40:56.995 [info] > git show --textconv :tests/test_ability.py [5ms]
2023-12-20 21:40:56.996 [info] > git ls-files --stage -- /mnt/Kynthos Development/chrmndr/tests/test_ability.py [1ms]
2023-12-20 21:40:58.911 [info] > git config --get commit.template [16ms]
2023-12-20 21:40:58.912 [info] > git for-each-ref --format=%(refname)%00%(upstream:short)%00%(objectname)%00%(upstream:track)%00%(upstream:remotename)%00%(upstream:remoteref) refs/heads/LCI refs/remotes/LCI [1ms]
2023-12-20 21:40:58.921 [info] > git status -z -uall [1ms]
2023-12-20 21:41:00.010 [info] > git show --textconv :chrmndr/engine/mechanics/ability.py [25ms]
2023-12-20 21:41:00.013 [info] > git ls-files --stage -- /mnt/Kynthos Development/chrmndr/chrmndr/engine/mechanics/ability.py [4ms]
2023-12-20 21:41:05.746 [info] > git show --textconv :chrmndr/engine/mechanics/actions.py [6ms]
2023-12-20 21:41:05.747 [info] > git ls-files --stage -- /mnt/Kynthos Development/chrmndr/chrmndr/engine/mechanics/actions.py [1ms]
2023-12-20 21:41:05.754 [info] > git cat-file -s 26c2d9e10b8112b63544e24dab56d995af26eed2 [1ms]
2023-12-20 21:41:23.358 [info] > git show --textconv :chrmndr/engine/mechanics/ability.py [11ms]
2023-12-20 21:41:23.359 [info] > git ls-files --stage -- /mnt/Kynthos Development/chrmndr/chrmndr/engine/mechanics/ability.py [2ms]
2023-12-20 21:41:35.546 [info] > git config --get commit.template [5ms]
2023-12-20 21:41:35.547 [info] > git for-each-ref --format=%(refname)%00%(upstream:short)%00%(objectname)%00%(upstream:track)%00%(upstream:remotename)%00%(upstream:remoteref) refs/heads/LCI refs/remotes/LCI [1ms]
2023-12-20 21:41:35.553 [info] > git status -z -uall [1ms]
2023-12-20 21:41:40.609 [info] > git show --textconv :chrmndr/engine/mechanics/actions.py [22ms]
2023-12-20 21:41:40.611 [info] > git ls-files --stage -- /mnt/Kynthos Development/chrmndr/chrmndr/engine/mechanics/actions.py [3ms]
2023-12-20 21:41:40.632 [info] > git cat-file -s 26c2d9e10b8112b63544e24dab56d995af26eed2 [1ms]
2023-12-20 21:42:15.605 [info] > git config --get commit.template [13ms]
2023-12-20 21:42:15.606 [info] > git for-each-ref --format=%(refname)%00%(upstream:short)%00%(objectname)%00%(upstream:track)%00%(upstream:remotename)%00%(upstream:remoteref) refs/heads/LCI refs/remotes/LCI [1ms]
2023-12-20 21:42:15.615 [info] > git status -z -uall [1ms]
2023-12-20 21:43:03.659 [info] > git show --textconv :chrmndr/engine/mechanics/ability.py [5ms]
2023-12-20 21:43:03.660 [info] > git ls-files --stage -- /mnt/Kynthos Development/chrmndr/chrmndr/engine/mechanics/ability.py [1ms]
2023-12-20 21:43:09.779 [info] > git show --textconv :tests/test_ability.py [8ms]
2023-12-20 21:43:09.780 [info] > git ls-files --stage -- /mnt/Kynthos Development/chrmndr/tests/test_ability.py [3ms]
2023-12-20 21:43:11.538 [info] > git show --textconv :chrmndr/engine/mechanics/ability.py [7ms]
2023-12-20 21:43:11.539 [info] > git ls-files --stage -- /mnt/Kynthos Development/chrmndr/chrmndr/engine/mechanics/ability.py [1ms]
2023-12-20 21:45:08.752 [info] > git show --textconv :chrmndr/engine/mechanics/actions.py [19ms]
2023-12-20 21:45:08.754 [info] > git ls-files --stage -- /mnt/Kynthos Development/chrmndr/chrmndr/engine/mechanics/actions.py [3ms]
2023-12-20 21:45:08.763 [info] > git cat-file -s 26c2d9e10b8112b63544e24dab56d995af26eed2 [2ms]
2023-12-20 21:45:10.053 [info] > git show --textconv :chrmndr/engine/mechanics/ability.py [10ms]
2023-12-20 21:45:10.054 [info] > git ls-files --stage -- /mnt/Kynthos Development/chrmndr/chrmndr/engine/mechanics/ability.py [2ms]
2023-12-20 21:47:22.426 [info] > git config --get commit.template [5ms]
2023-12-20 21:47:22.437 [info] > git for-each-ref --format=%(refname)%00%(upstream:short)%00%(objectname)%00%(upstream:track)%00%(upstream:remotename)%00%(upstream:remoteref) refs/heads/LCI refs/remotes/LCI [2ms]
2023-12-20 21:47:22.448 [info] > git status -z -uall [2ms]
