2024-02-10 20:07:36.373 [info] Extension host with pid 1549 started
2024-02-10 20:07:36.373 [info] Skipping acquiring lock for /home/stickee/.config/Code/User/workspaceStorage/383b982ba833be3224ca9e20a0814d07.
2024-02-10 20:07:36.454 [info] ExtensionService#_doActivateExtension vscode.git-base, startup: true, activationEvent: '*', root cause: vscode.git
2024-02-10 20:07:36.457 [info] ExtensionService#_doActivateExtension EditorConfig.EditorConfig, startup: true, activationEvent: '*'
2024-02-10 20:07:36.477 [info] ExtensionService#_doActivateExtension gencer.html-slim-scss-css-class-completion, startup: true, activationEvent: '*'
2024-02-10 20:07:36.553 [info] ExtensionService#_doActivateExtension vscode.npm, startup: true, activationEvent: 'workspaceContains:package.json'
2024-02-10 20:07:36.624 [info] ExtensionService#_doActivateExtension vscode.git, startup: true, activationEvent: '*'
2024-02-10 20:07:36.645 [info] ExtensionService#_doActivateExtension vscode.github, startup: true, activationEvent: '*'
2024-02-10 20:07:37.796 [info] Eager extensions activated
2024-02-10 20:07:37.797 [info] ExtensionService#_doActivateExtension vscode.debug-auto-launch, startup: false, activationEvent: 'onStartupFinished'
2024-02-10 20:07:37.799 [info] ExtensionService#_doActivateExtension vscode.merge-conflict, startup: false, activationEvent: 'onStartupFinished'
2024-02-10 20:07:37.804 [info] ExtensionService#_doActivateExtension dbaeumer.vscode-eslint, startup: false, activationEvent: 'onStartupFinished'
2024-02-10 20:09:14.622 [info] ExtensionService#_doActivateExtension vscode.typescript-language-features, startup: false, activationEvent: 'onLanguage:typescript'
2024-02-10 20:09:14.656 [info] ExtensionService#_doActivateExtension Vue.volar, startup: false, activationEvent: 'onLanguage:typescript'
2024-02-10 20:09:14.685 [info] ExtensionService#_doActivateExtension vscode.emmet, startup: false, activationEvent: 'onLanguage'
2024-02-10 20:15:13.600 [info] ExtensionService#_doActivateExtension vscodevim.vim, startup: false, activationEvent: 'onStartupFinished'
2024-02-10 21:14:39.465 [info] ExtensionService#_doActivateExtension vscode.json-language-features, startup: false, activationEvent: 'onLanguage:jsonc'
2024-02-10 22:02:28.963 [info] Extension host terminating: renderer closed the MessagePort
2024-02-10 22:02:29.049 [error] TypeError: r.some is not a function
    at Function.saveToDisk (/home/stickee/.vscode/extensions/vscodevim.vim-1.27.2/out/extension.js:2:675367)
    at Object.t.deactivate (/home/stickee/.vscode/extensions/vscodevim.vim-1.27.2/out/extension.js:2:213749)
    at g.cb (/opt/visual-studio-code/resources/app/out/vs/workbench/api/node/extensionHostProcess.js:156:9679)
    at /opt/visual-studio-code/resources/app/out/vs/workbench/api/node/extensionHostProcess.js:156:7808
    at Array.map (<anonymous>)
    at g.Y (/opt/visual-studio-code/resources/app/out/vs/workbench/api/node/extensionHostProcess.js:156:7795)
    at g.terminate (/opt/visual-studio-code/resources/app/out/vs/workbench/api/node/extensionHostProcess.js:156:8068)
    at o.terminate (/opt/visual-studio-code/resources/app/out/vs/workbench/api/node/extensionHostProcess.js:160:1513)
    at t (/opt/visual-studio-code/resources/app/out/vs/workbench/api/node/extensionHostProcess.js:173:9950)
    at MessagePortMain.<anonymous> (/opt/visual-studio-code/resources/app/out/vs/workbench/api/node/extensionHostProcess.js:173:6375)
    at MessagePortMain.emit (node:events:514:28)
    at Object.emit (node:electron/js2c/utility_init:2:2285)
2024-02-10 22:02:29.059 [info] Extension host with pid 1549 exiting with code 0
