2024-01-03 09:46:28.135 [info] Log level: Info
2024-01-03 09:46:28.135 [info] Validating found git in: "git"
2024-01-03 09:46:28.135 [info] Using git "2.43.0" from "git"
2024-01-03 09:46:28.135 [info] > git rev-parse --show-toplevel [74ms]
2024-01-03 09:46:28.154 [info] > git rev-parse --git-dir --git-common-dir [14ms]
2024-01-03 09:46:28.160 [info] Open repository: /mnt/Kynthos Development/blbsr
2024-01-03 09:46:28.193 [info] > git rev-parse --show-toplevel [13ms]
2024-01-03 09:46:28.195 [info] > git config --get commit.template [20ms]
2024-01-03 09:46:28.248 [info] > git for-each-ref --format=%(refname)%00%(upstream:short)%00%(objectname)%00%(upstream:track)%00%(upstream:remotename)%00%(upstream:remoteref) refs/heads/main refs/remotes/main [46ms]
2024-01-03 09:46:28.287 [info] > git status -z -uall [36ms]
2024-01-03 09:46:28.300 [info] > git config --get commit.template [1ms]
2024-01-03 09:46:28.304 [info] > git for-each-ref --format=%(refname)%00%(upstream:short)%00%(objectname)%00%(upstream:track)%00%(upstream:remotename)%00%(upstream:remoteref) refs/heads/main refs/remotes/main [1ms]
2024-01-03 09:46:28.311 [info] > git status -z -uall [2ms]
2024-01-03 09:46:28.691 [info] > git check-ignore -v -z --stdin [1ms]
2024-01-03 09:46:30.995 [info] > git config --get commit.template [4ms]
2024-01-03 09:46:30.996 [info] > git for-each-ref --format=%(refname)%00%(upstream:short)%00%(objectname)%00%(upstream:track)%00%(upstream:remotename)%00%(upstream:remoteref) refs/heads/main refs/remotes/main [1ms]
2024-01-03 09:46:31.000 [info] > git status -z -uall [1ms]
2024-01-03 09:49:52.911 [info] > git check-ignore -v -z --stdin [1ms]
2024-01-03 09:51:12.277 [info] > git config --get commit.template [4ms]
2024-01-03 09:51:12.281 [info] > git for-each-ref --format=%(refname)%00%(upstream:short)%00%(objectname)%00%(upstream:track)%00%(upstream:remotename)%00%(upstream:remoteref) refs/heads/main refs/remotes/main [4ms]
2024-01-03 09:51:12.281 [info] > git check-ignore -v -z --stdin [1ms]
2024-01-03 09:51:12.286 [info] > git status -z -uall [1ms]
2024-01-03 09:51:26.347 [info] > git show --textconv :src/backend/requirements.txt [5ms]
2024-01-03 09:51:26.349 [info] > git ls-files --stage -- /mnt/Kynthos Development/blbsr/src/backend/requirements.txt [3ms]
2024-01-03 09:51:28.207 [info] > git config --get commit.template [4ms]
2024-01-03 09:51:28.216 [info] > git for-each-ref --format=%(refname)%00%(upstream:short)%00%(objectname)%00%(upstream:track)%00%(upstream:remotename)%00%(upstream:remoteref) refs/heads/main refs/remotes/main [1ms]
2024-01-03 09:51:28.222 [info] > git status -z -uall [1ms]
2024-01-03 09:51:29.310 [info] > git ls-files --stage -- /mnt/Kynthos Development/blbsr/src/backend/requirements.txt [1ms]
2024-01-03 09:51:29.316 [info] > git show --textconv :src/backend/requirements.txt [1ms]
2024-01-03 10:07:47.869 [info] > git show --textconv :src/backend/Dockerfile [4ms]
2024-01-03 10:07:47.870 [info] > git ls-files --stage -- /mnt/Kynthos Development/blbsr/src/backend/Dockerfile [1ms]
2024-01-03 10:07:48.134 [info] > git check-ignore -v -z --stdin [0ms]
2024-01-03 10:07:48.640 [info] > git config --get commit.template [4ms]
2024-01-03 10:07:48.640 [info] > git for-each-ref --format=%(refname)%00%(upstream:short)%00%(objectname)%00%(upstream:track)%00%(upstream:remotename)%00%(upstream:remoteref) refs/heads/main refs/remotes/main [1ms]
2024-01-03 10:07:48.646 [info] > git status -z -uall [1ms]
2024-01-03 10:09:21.843 [info] > git config --get commit.template [4ms]
2024-01-03 10:09:21.843 [info] > git for-each-ref --format=%(refname)%00%(upstream:short)%00%(objectname)%00%(upstream:track)%00%(upstream:remotename)%00%(upstream:remoteref) refs/heads/main refs/remotes/main [1ms]
2024-01-03 10:09:21.848 [info] > git status -z -uall [1ms]
2024-01-03 10:09:22.942 [info] > git ls-files --stage -- /mnt/Kynthos Development/blbsr/src/backend/Dockerfile [1ms]
2024-01-03 10:09:22.947 [info] > git show --textconv :src/backend/Dockerfile [1ms]
2024-01-03 10:09:32.270 [info] > git check-ignore -v -z --stdin [0ms]
2024-01-03 10:09:37.517 [info] > git check-ignore -v -z --stdin [1ms]
2024-01-03 10:09:39.381 [info] > git ls-files --stage -- /mnt/Kynthos Development/blbsr/src/backend/app/main.py [14ms]
2024-01-03 10:09:39.400 [info] > git show --textconv :src/backend/app/main.py [39ms]
2024-01-03 10:09:39.400 [info] > git cat-file -s ba4d95ee964da2bc036a10bc0b60de099e890f93 [10ms]
2024-01-03 10:10:21.361 [info] > git show --textconv :src/backend/Dockerfile [7ms]
2024-01-03 10:10:21.361 [info] > git ls-files --stage -- /mnt/Kynthos Development/blbsr/src/backend/Dockerfile [1ms]
2024-01-03 10:10:22.875 [info] > git check-ignore -v -z --stdin [1ms]
2024-01-03 10:10:29.172 [info] > git config --get commit.template [1ms]
2024-01-03 10:10:29.178 [info] > git for-each-ref --format=%(refname)%00%(upstream:short)%00%(objectname)%00%(upstream:track)%00%(upstream:remotename)%00%(upstream:remoteref) refs/heads/main refs/remotes/main [1ms]
2024-01-03 10:10:29.184 [info] > git status -z -uall [1ms]
2024-01-03 10:10:34.197 [info] > git config --get commit.template [4ms]
2024-01-03 10:10:34.197 [info] > git for-each-ref --format=%(refname)%00%(upstream:short)%00%(objectname)%00%(upstream:track)%00%(upstream:remotename)%00%(upstream:remoteref) refs/heads/main refs/remotes/main [1ms]
2024-01-03 10:10:34.203 [info] > git status -z -uall [1ms]
2024-01-03 10:11:05.069 [info] > git show --textconv :src/backend/pyproject.toml [5ms]
2024-01-03 10:11:05.070 [info] > git ls-files --stage -- /mnt/Kynthos Development/blbsr/src/backend/pyproject.toml [1ms]
2024-01-03 10:11:05.077 [info] > git cat-file -s 6a216083b114d04503c7caa31a35be2541295f5d [1ms]
2024-01-03 10:11:15.349 [info] > git show --textconv :src/backend/Dockerfile [5ms]
2024-01-03 10:11:15.350 [info] > git ls-files --stage -- /mnt/Kynthos Development/blbsr/src/backend/Dockerfile [2ms]
2024-01-03 10:11:25.197 [info] > git config --get commit.template [4ms]
2024-01-03 10:11:25.198 [info] > git for-each-ref --format=%(refname)%00%(upstream:short)%00%(objectname)%00%(upstream:track)%00%(upstream:remotename)%00%(upstream:remoteref) refs/heads/main refs/remotes/main [1ms]
2024-01-03 10:11:25.203 [info] > git status -z -uall [1ms]
2024-01-03 10:11:30.215 [info] > git config --get commit.template [4ms]
2024-01-03 10:11:30.215 [info] > git for-each-ref --format=%(refname)%00%(upstream:short)%00%(objectname)%00%(upstream:track)%00%(upstream:remotename)%00%(upstream:remoteref) refs/heads/main refs/remotes/main [1ms]
2024-01-03 10:11:30.220 [info] > git status -z -uall [1ms]
2024-01-03 10:11:35.231 [info] > git config --get commit.template [5ms]
2024-01-03 10:11:35.231 [info] > git for-each-ref --format=%(refname)%00%(upstream:short)%00%(objectname)%00%(upstream:track)%00%(upstream:remotename)%00%(upstream:remoteref) refs/heads/main refs/remotes/main [1ms]
2024-01-03 10:11:35.237 [info] > git status -z -uall [1ms]
2024-01-03 10:11:50.416 [info] > git show --textconv :src/backend/app/main.py [6ms]
2024-01-03 10:11:50.416 [info] > git ls-files --stage -- /mnt/Kynthos Development/blbsr/src/backend/app/main.py [1ms]
2024-01-03 10:11:50.423 [info] > git cat-file -s ba4d95ee964da2bc036a10bc0b60de099e890f93 [1ms]
2024-01-03 10:15:06.580 [info] > git show --textconv :src/backend/app/main.py [5ms]
2024-01-03 10:15:06.581 [info] > git ls-files --stage -- /mnt/Kynthos Development/blbsr/src/backend/app/main.py [1ms]
2024-01-03 10:15:06.587 [info] > git cat-file -s ba4d95ee964da2bc036a10bc0b60de099e890f93 [1ms]
2024-01-03 10:16:45.964 [info] > git show --textconv :src/backend/Dockerfile [5ms]
2024-01-03 10:16:45.965 [info] > git ls-files --stage -- /mnt/Kynthos Development/blbsr/src/backend/Dockerfile [2ms]
2024-01-03 10:47:47.738 [info] > git config --get commit.template [8ms]
2024-01-03 10:47:47.738 [info] > git for-each-ref --format=%(refname)%00%(upstream:short)%00%(objectname)%00%(upstream:track)%00%(upstream:remotename)%00%(upstream:remoteref) refs/heads/main refs/remotes/main [1ms]
2024-01-03 10:47:47.746 [info] > git status -z -uall [1ms]
2024-01-03 10:49:00.048 [info] > git config --get commit.template [5ms]
2024-01-03 10:49:00.049 [info] > git for-each-ref --format=%(refname)%00%(upstream:short)%00%(objectname)%00%(upstream:track)%00%(upstream:remotename)%00%(upstream:remoteref) refs/heads/main refs/remotes/main [1ms]
2024-01-03 10:49:00.055 [info] > git status -z -uall [1ms]
2024-01-03 10:49:18.378 [info] > git show --textconv :src/backend/requirements.txt [4ms]
2024-01-03 10:49:18.379 [info] > git ls-files --stage -- /mnt/Kynthos Development/blbsr/src/backend/requirements.txt [1ms]
2024-01-03 10:49:22.211 [info] > git show --textconv :src/backend/Dockerfile [5ms]
2024-01-03 10:49:22.211 [info] > git ls-files --stage -- /mnt/Kynthos Development/blbsr/src/backend/Dockerfile [1ms]
2024-01-03 10:54:09.379 [info] > git show --textconv :src/backend/.dockerignore [4ms]
2024-01-03 10:54:09.380 [info] > git ls-files --stage -- /mnt/Kynthos Development/blbsr/src/backend/.dockerignore [1ms]
2024-01-03 10:54:09.656 [info] > git check-ignore -v -z --stdin [1ms]
2024-01-03 10:54:10.180 [info] > git config --get commit.template [4ms]
2024-01-03 10:54:10.180 [info] > git for-each-ref --format=%(refname)%00%(upstream:short)%00%(objectname)%00%(upstream:track)%00%(upstream:remotename)%00%(upstream:remoteref) refs/heads/main refs/remotes/main [0ms]
2024-01-03 10:54:10.187 [info] > git status -z -uall [1ms]
2024-01-03 10:54:50.918 [info] > git config --get commit.template [5ms]
2024-01-03 10:54:50.918 [info] > git for-each-ref --format=%(refname)%00%(upstream:short)%00%(objectname)%00%(upstream:track)%00%(upstream:remotename)%00%(upstream:remoteref) refs/heads/main refs/remotes/main [1ms]
2024-01-03 10:54:50.923 [info] > git status -z -uall [1ms]
2024-01-03 10:58:51.051 [info] > git show --textconv :src/backend/docker-compose.yml [5ms]
2024-01-03 10:58:51.052 [info] > git ls-files --stage -- /mnt/Kynthos Development/blbsr/src/backend/docker-compose.yml [1ms]
2024-01-03 10:58:51.324 [info] > git check-ignore -v -z --stdin [1ms]
2024-01-03 10:58:51.833 [info] > git config --get commit.template [5ms]
2024-01-03 10:58:51.833 [info] > git for-each-ref --format=%(refname)%00%(upstream:short)%00%(objectname)%00%(upstream:track)%00%(upstream:remotename)%00%(upstream:remoteref) refs/heads/main refs/remotes/main [1ms]
2024-01-03 10:58:51.839 [info] > git status -z -uall [1ms]
2024-01-03 10:59:05.371 [info] > git check-ignore -v -z --stdin [1ms]
2024-01-03 10:59:05.934 [info] > git config --get commit.template [5ms]
2024-01-03 10:59:05.935 [info] > git for-each-ref --format=%(refname)%00%(upstream:short)%00%(objectname)%00%(upstream:track)%00%(upstream:remotename)%00%(upstream:remoteref) refs/heads/main refs/remotes/main [1ms]
2024-01-03 10:59:05.942 [info] > git status -z -uall [1ms]
2024-01-03 10:59:46.172 [info] > git check-ignore -v -z --stdin [1ms]
2024-01-03 10:59:46.733 [info] > git config --get commit.template [5ms]
2024-01-03 10:59:46.733 [info] > git for-each-ref --format=%(refname)%00%(upstream:short)%00%(objectname)%00%(upstream:track)%00%(upstream:remotename)%00%(upstream:remoteref) refs/heads/main refs/remotes/main [1ms]
2024-01-03 10:59:46.740 [info] > git status -z -uall [1ms]
2024-01-03 11:00:10.871 [info] > git show --textconv :src/backend/compose.yaml [6ms]
2024-01-03 11:00:10.872 [info] > git ls-files --stage -- /mnt/Kynthos Development/blbsr/src/backend/compose.yaml [2ms]
2024-01-03 11:01:15.663 [info] > git config --get commit.template [5ms]
2024-01-03 11:01:15.663 [info] > git for-each-ref --format=%(refname)%00%(upstream:short)%00%(objectname)%00%(upstream:track)%00%(upstream:remotename)%00%(upstream:remoteref) refs/heads/main refs/remotes/main [1ms]
2024-01-03 11:01:15.669 [info] > git status -z -uall [1ms]
2024-01-03 11:07:30.827 [info] > git show --textconv :src/backend/compose.yaml [5ms]
2024-01-03 11:07:30.828 [info] > git ls-files --stage -- /mnt/Kynthos Development/blbsr/src/backend/compose.yaml [2ms]
2024-01-03 11:08:12.401 [info] > git config --get commit.template [5ms]
2024-01-03 11:08:12.402 [info] > git for-each-ref --format=%(refname)%00%(upstream:short)%00%(objectname)%00%(upstream:track)%00%(upstream:remotename)%00%(upstream:remoteref) refs/heads/main refs/remotes/main [1ms]
2024-01-03 11:08:12.407 [info] > git status -z -uall [1ms]
2024-01-03 11:08:48.172 [info] > git check-ignore -v -z --stdin [0ms]
2024-01-03 11:08:48.720 [info] > git config --get commit.template [4ms]
2024-01-03 11:08:48.721 [info] > git for-each-ref --format=%(refname)%00%(upstream:short)%00%(objectname)%00%(upstream:track)%00%(upstream:remotename)%00%(upstream:remoteref) refs/heads/main refs/remotes/main [1ms]
2024-01-03 11:08:48.726 [info] > git status -z -uall [1ms]
2024-01-03 11:09:43.336 [info] > git show --textconv :src/.dockerignore [5ms]
2024-01-03 11:09:43.336 [info] > git ls-files --stage -- /mnt/Kynthos Development/blbsr/src/.dockerignore [1ms]
2024-01-03 11:09:47.845 [info] > git show --textconv :src/backend/.dockerignore [7ms]
2024-01-03 11:09:47.846 [info] > git ls-files --stage -- /mnt/Kynthos Development/blbsr/src/backend/.dockerignore [1ms]
2024-01-03 11:09:48.805 [info] > git config --get commit.template [5ms]
2024-01-03 11:09:48.805 [info] > git for-each-ref --format=%(refname)%00%(upstream:short)%00%(objectname)%00%(upstream:track)%00%(upstream:remotename)%00%(upstream:remoteref) refs/heads/main refs/remotes/main [1ms]
2024-01-03 11:09:48.810 [info] > git status -z -uall [1ms]
2024-01-03 11:10:53.132 [info] > git show --textconv :src/backend/compose.yaml [6ms]
2024-01-03 11:10:53.132 [info] > git ls-files --stage -- /mnt/Kynthos Development/blbsr/src/backend/compose.yaml [1ms]
2024-01-03 11:11:49.024 [info] > git config --get commit.template [5ms]
2024-01-03 11:11:49.024 [info] > git for-each-ref --format=%(refname)%00%(upstream:short)%00%(objectname)%00%(upstream:track)%00%(upstream:remotename)%00%(upstream:remoteref) refs/heads/main refs/remotes/main [0ms]
2024-01-03 11:11:49.030 [info] > git status -z -uall [1ms]
2024-01-03 11:15:32.785 [info] > git config --get commit.template [5ms]
2024-01-03 11:15:32.785 [info] > git for-each-ref --format=%(refname)%00%(upstream:short)%00%(objectname)%00%(upstream:track)%00%(upstream:remotename)%00%(upstream:remoteref) refs/heads/main refs/remotes/main [0ms]
2024-01-03 11:15:32.791 [info] > git status -z -uall [1ms]
2024-01-03 11:15:47.021 [info] > git check-ignore -v -z --stdin [1ms]
2024-01-03 11:16:13.381 [info] > git show --textconv :src/backend/app/preprocessors/__init__.py [6ms]
2024-01-03 11:16:13.382 [info] > git ls-files --stage -- /mnt/Kynthos Development/blbsr/src/backend/app/preprocessors/__init__.py [2ms]
2024-01-03 11:16:13.653 [info] > git check-ignore -v -z --stdin [1ms]
2024-01-03 11:16:14.199 [info] > git config --get commit.template [6ms]
2024-01-03 11:16:14.199 [info] > git for-each-ref --format=%(refname)%00%(upstream:short)%00%(objectname)%00%(upstream:track)%00%(upstream:remotename)%00%(upstream:remoteref) refs/heads/main refs/remotes/main [1ms]
2024-01-03 11:16:14.204 [info] > git status -z -uall [1ms]
2024-01-03 11:16:25.668 [info] > git show --textconv :src/backend/app/main.py [6ms]
2024-01-03 11:16:25.669 [info] > git ls-files --stage -- /mnt/Kynthos Development/blbsr/src/backend/app/main.py [1ms]
2024-01-03 11:16:25.674 [info] > git cat-file -s ba4d95ee964da2bc036a10bc0b60de099e890f93 [1ms]
2024-01-03 11:17:01.852 [info] > git config --get commit.template [4ms]
2024-01-03 11:17:01.852 [info] > git for-each-ref --format=%(refname)%00%(upstream:short)%00%(objectname)%00%(upstream:track)%00%(upstream:remotename)%00%(upstream:remoteref) refs/heads/main refs/remotes/main [0ms]
2024-01-03 11:17:01.857 [info] > git status -z -uall [1ms]
2024-01-03 11:17:17.802 [info] > git config --get commit.template [4ms]
2024-01-03 11:17:17.802 [info] > git for-each-ref --format=%(refname)%00%(upstream:short)%00%(objectname)%00%(upstream:track)%00%(upstream:remotename)%00%(upstream:remoteref) refs/heads/main refs/remotes/main [0ms]
2024-01-03 11:17:17.807 [info] > git status -z -uall [1ms]
2024-01-03 11:17:33.712 [info] > git config --get commit.template [4ms]
2024-01-03 11:17:33.712 [info] > git for-each-ref --format=%(refname)%00%(upstream:short)%00%(objectname)%00%(upstream:track)%00%(upstream:remotename)%00%(upstream:remoteref) refs/heads/main refs/remotes/main [1ms]
2024-01-03 11:17:33.718 [info] > git status -z -uall [2ms]
2024-01-03 11:19:46.358 [info] > git show --textconv :src/backend/app/main.py [5ms]
2024-01-03 11:19:46.358 [info] > git ls-files --stage -- /mnt/Kynthos Development/blbsr/src/backend/app/main.py [1ms]
2024-01-03 11:19:46.365 [info] > git cat-file -s ba4d95ee964da2bc036a10bc0b60de099e890f93 [1ms]
2024-01-03 11:30:14.184 [info] > git show --textconv :src/backend/compose.yaml [7ms]
2024-01-03 11:30:14.184 [info] > git ls-files --stage -- /mnt/Kynthos Development/blbsr/src/backend/compose.yaml [1ms]
