2024-01-13 11:34:13.161 [info] Configuration changed
2024-01-13 11:34:15.577 [info] Configuration changed
2024-01-13 11:34:15.589 [info] Configuration changed
2024-01-13 11:35:14.865 [info] Configuration changed
2024-01-13 11:35:50.365 [info] Configuration changed
2024-01-13 11:35:50.448 [info] Configuration changed
2024-01-13 11:35:50.550 [info] Configuration changed
2024-01-13 11:35:50.696 [info] Configuration changed
2024-01-13 11:35:51.298 [info] Configuration changed
2024-01-13 11:35:54.247 [info] Active editor: file:///mnt/Kynthos%20Development/blbsr/.gitignore
2024-01-13 11:35:59.954 [info] /mnt/Kynthos Development/blbsr/.gitignore closed
2024-01-13 11:35:59.954 [info] /mnt/Kynthos Development/blbsr/.gitignore.git closed
2024-01-13 11:54:16.824 [info] Active editor: file:///mnt/Kynthos%20Development/blbsr/src/frontend/pinia-orm-models/User.ts
2024-01-13 11:54:20.397 [info] /mnt/Kynthos Development/blbsr/src/frontend/pinia-orm-models/User.ts closed
2024-01-13 11:54:20.398 [info] /mnt/Kynthos Development/blbsr/src/frontend/pinia-orm-models/User.ts.git closed
2024-01-13 11:55:15.288 [info] Active editor: file:///mnt/Kynthos%20Development/blbsr/src/frontend/src/boot/vue-model.ts
2024-01-13 11:55:17.020 [info] /mnt/Kynthos Development/blbsr/src/frontend/src/boot/vue-model.ts closed
2024-01-13 11:55:17.038 [info] Active editor: file:///mnt/Kynthos%20Development/blbsr/src/frontend/src/boot/vuemodel.ts
2024-01-13 11:55:17.066 [info] /mnt/Kynthos Development/blbsr/src/frontend/src/boot/vue-model.ts.git closed
2024-01-13 11:55:19.080 [info] /mnt/Kynthos Development/blbsr/src/frontend/src/boot/vuemodel.ts closed
2024-01-13 11:55:19.092 [info] Active editor: file:///mnt/Kynthos%20Development/blbsr/src/frontend/src/boot/vue-model.ts
2024-01-13 11:55:19.102 [info] /mnt/Kynthos Development/blbsr/src/frontend/src/boot/vuemodel.ts.git closed
2024-01-13 11:55:27.156 [info] /mnt/Kynthos Development/blbsr/src/frontend/src/boot/vue-model.ts closed
2024-01-13 11:55:27.161 [info] /mnt/Kynthos Development/blbsr/src/frontend/src/boot/vue-model.ts.git closed
2024-01-13 11:55:29.080 [info] Active editor: file:///mnt/Kynthos%20Development/blbsr/src/frontend/src/boot/unocss.js
2024-01-13 11:55:29.780 [info] /mnt/Kynthos Development/blbsr/src/frontend/src/boot/unocss.js closed
2024-01-13 11:55:29.804 [info] Active editor: file:///mnt/Kynthos%20Development/blbsr/src/frontend/src/boot/vuemodel.ts
2024-01-13 11:55:29.817 [info] /mnt/Kynthos Development/blbsr/src/frontend/src/boot/unocss.js.git closed
2024-01-13 11:55:59.794 [info] /mnt/Kynthos Development/blbsr/src/frontend/src/boot/vuemodel.ts closed
2024-01-13 11:55:59.796 [info] /mnt/Kynthos Development/blbsr/src/frontend/src/boot/vuemodel.ts.git closed
2024-01-13 11:56:04.684 [info] Active editor: file:///mnt/Kynthos%20Development/blbsr/src/frontend/quasar.config.js
2024-01-13 11:56:28.589 [info] /mnt/Kynthos Development/blbsr/src/frontend/quasar.config.js closed
2024-01-13 11:56:28.589 [info] /mnt/Kynthos Development/blbsr/src/frontend/quasar.config.js.git closed
2024-01-13 11:59:14.727 [info] Active editor: file:///mnt/Kynthos%20Development/blbsr/src/frontend/package.json
2024-01-13 11:59:24.086 [info] /mnt/Kynthos Development/blbsr/src/frontend/package.json closed
2024-01-13 11:59:24.089 [info] /mnt/Kynthos Development/blbsr/src/frontend/package.json.git closed
2024-01-13 11:59:55.430 [info] Active editor: file:///mnt/Kynthos%20Development/blbsr/src/frontend/.gitignore
2024-01-13 12:00:10.324 [info] /mnt/Kynthos Development/blbsr/src/frontend/.gitignore closed
2024-01-13 12:00:10.346 [info] /mnt/Kynthos Development/blbsr/src/frontend/.gitignore.git closed
2024-01-13 12:01:36.628 [info] Active editor: file:///mnt/Kynthos%20Development/blbsr/src/frontend/src/boot/vuemodel.ts
2024-01-13 12:02:15.047 [info] /vscode-extensions closed
2024-01-13 12:02:15.101 [info] /settings/configurationDefaults closed
2024-01-13 12:02:15.214 [info] /settings/resourceLanguage closed
2024-01-13 12:02:15.257 [info] /launch closed
2024-01-13 12:02:15.265 [info] /token-styling closed
2024-01-13 12:02:15.266 [info] /textmate-colors closed
2024-01-13 12:02:15.271 [info] /workbench-colors closed
2024-01-13 12:05:47.858 [info] Active editor: file:///mnt/Kynthos%20Development/blbsr/src/frontend/_templates/module/new/index.js
2024-01-13 12:05:47.934 [info] /mnt/Kynthos Development/blbsr/src/frontend/src/boot/vuemodel.ts.git closed
2024-01-13 12:08:01.517 [info] /mnt/Kynthos Development/blbsr/src/frontend/_templates/module/new/index.js closed
2024-01-13 12:08:01.538 [info] Active editor: file:///mnt/Kynthos%20Development/blbsr/src/frontend/_templates/module/new/prompt/Model.ejs.t
2024-01-13 12:08:01.542 [info] /mnt/Kynthos Development/blbsr/src/frontend/_templates/module/new/index.js.git closed
2024-01-13 12:08:08.721 [info] /mnt/Kynthos Development/blbsr/src/frontend/_templates/module/new/prompt/Model.ejs.t closed
2024-01-13 12:08:08.736 [info] Active editor: file:///mnt/Kynthos%20Development/blbsr/src/frontend/_templates/module/new/prompt/moduleNamePrompt.js
2024-01-13 12:08:08.742 [info] /mnt/Kynthos Development/blbsr/src/frontend/_templates/module/new/prompt/Model.ejs.t.git closed
2024-01-13 12:08:13.779 [info] /mnt/Kynthos Development/blbsr/src/frontend/_templates/module/new/prompt/moduleNamePrompt.js closed
2024-01-13 12:08:13.804 [info] Active editor: file:///mnt/Kynthos%20Development/blbsr/src/frontend/_templates/module/new/index.js
2024-01-13 12:08:13.824 [info] /mnt/Kynthos Development/blbsr/src/frontend/_templates/module/new/prompt/moduleNamePrompt.js.git closed
2024-01-13 12:08:18.411 [info] /mnt/Kynthos Development/blbsr/src/frontend/_templates/module/new/index.js closed
2024-01-13 12:08:18.425 [info] Active editor: file:///mnt/Kynthos%20Development/blbsr/src/frontend/_templates/module/new/prompt/moduleNamePrompt.js
2024-01-13 12:08:18.430 [info] /mnt/Kynthos Development/blbsr/src/frontend/_templates/module/new/index.js.git closed
2024-01-13 12:08:19.246 [info] /mnt/Kynthos Development/blbsr/src/frontend/_templates/module/new/prompt/moduleNamePrompt.js closed
2024-01-13 12:08:19.260 [info] Active editor: file:///mnt/Kynthos%20Development/blbsr/src/frontend/_templates/module/new/prompt/Model.ejs.t
2024-01-13 12:08:19.264 [info] /mnt/Kynthos Development/blbsr/src/frontend/_templates/module/new/prompt/moduleNamePrompt.js.git closed
2024-01-13 12:14:15.647 [info] /mnt/Kynthos Development/blbsr/src/frontend/_templates/module/new/prompt/Model.ejs.t closed
2024-01-13 12:14:15.650 [info] Active editor: file:///mnt/Kynthos%20Development/blbsr/src/frontend/src/boot/vuemodel.ts
2024-01-13 12:14:15.662 [info] /mnt/Kynthos Development/blbsr/src/frontend/_templates/module/new/prompt/Model.ejs.t.git closed
2024-01-13 12:14:23.776 [info] Active editor: file:///mnt/Kynthos%20Development/blbsr/src/frontend/_templates/module/new/index.js
2024-01-13 12:14:23.800 [info] /mnt/Kynthos Development/blbsr/src/frontend/src/boot/vuemodel.ts.git closed
2024-01-13 12:16:33.895 [info] /mnt/Kynthos Development/blbsr/src/frontend/_templates/module/new/index.js closed
2024-01-13 12:16:33.907 [info] Active editor: file:///mnt/Kynthos%20Development/blbsr/src/frontend/node_modules/change-case/package.json
2024-01-13 12:16:33.917 [info] /mnt/Kynthos Development/blbsr/src/frontend/_templates/module/new/index.js.git closed
2024-01-13 12:16:43.004 [info] /mnt/Kynthos Development/blbsr/src/frontend/node_modules/change-case/package.json closed
2024-01-13 12:16:43.009 [info] Active editor: file:///mnt/Kynthos%20Development/blbsr/src/frontend/src/boot/vuemodel.ts
2024-01-13 12:16:43.022 [info] /mnt/Kynthos Development/blbsr/src/frontend/node_modules/change-case/package.json.git closed
2024-01-13 12:17:50.207 [info] Active editor: file:///mnt/Kynthos%20Development/blbsr/src/frontend/package.json
2024-01-13 12:17:50.220 [info] /mnt/Kynthos Development/blbsr/src/frontend/src/boot/vuemodel.ts.git closed
2024-01-13 12:19:33.971 [info] /vscode-extensions closed
2024-01-13 12:19:34.032 [info] /settings/configurationDefaults closed
2024-01-13 12:19:34.119 [info] /settings/resourceLanguage closed
2024-01-13 12:19:34.177 [info] /launch closed
2024-01-13 12:19:34.180 [info] /token-styling closed
2024-01-13 12:19:34.180 [info] /textmate-colors closed
2024-01-13 12:19:34.183 [info] /workbench-colors closed
2024-01-13 12:20:38.451 [info] /mnt/Kynthos Development/blbsr/src/frontend/package.json closed
2024-01-13 12:20:38.456 [info] Active editor: file:///mnt/Kynthos%20Development/blbsr/src/frontend/src/boot/vuemodel.ts
2024-01-13 12:20:38.465 [info] /mnt/Kynthos Development/blbsr/src/frontend/package.json.git closed
2024-01-13 12:20:39.975 [info] /mnt/Kynthos Development/blbsr/src/frontend/src/boot/vuemodel.ts closed
2024-01-13 12:20:39.975 [info] /mnt/Kynthos Development/blbsr/src/frontend/src/boot/vuemodel.ts.git closed
2024-01-13 12:22:33.982 [info] /vscode-extensions closed
2024-01-13 12:22:34.070 [info] /settings/configurationDefaults closed
2024-01-13 12:22:34.240 [info] /settings/resourceLanguage closed
2024-01-13 12:22:34.287 [info] /launch closed
2024-01-13 12:22:34.288 [info] /token-styling closed
2024-01-13 12:22:34.289 [info] /textmate-colors closed
2024-01-13 12:22:34.314 [info] /workbench-colors closed
2024-01-13 12:25:46.930 [info] Active editor: file:///mnt/Kynthos%20Development/blbsr/src/frontend/node_modules/change-case/package.json
2024-01-13 12:27:15.787 [info] /mnt/Kynthos Development/blbsr/src/frontend/node_modules/change-case/package.json closed
2024-01-13 12:27:15.826 [info] Active editor: file:///mnt/Kynthos%20Development/blbsr/src/frontend/pnpm-lock.yaml
2024-01-13 12:27:15.829 [info] /mnt/Kynthos Development/blbsr/src/frontend/node_modules/change-case/package.json.git closed
2024-01-13 12:27:20.174 [info] /mnt/Kynthos Development/blbsr/src/frontend/pnpm-lock.yaml closed
2024-01-13 12:27:20.189 [info] /mnt/Kynthos Development/blbsr/src/frontend/pnpm-lock.yaml.git closed
2024-01-13 12:27:37.908 [info] Active editor: file:///mnt/Kynthos%20Development/blbsr/src/frontend/tsconfig.json
2024-01-13 12:27:41.421 [info] /mnt/Kynthos Development/blbsr/src/frontend/tsconfig.json closed
2024-01-13 12:27:41.421 [info] /mnt/Kynthos Development/blbsr/src/frontend/tsconfig.json.git closed
2024-01-13 12:28:46.980 [info] /vscode-extensions closed
2024-01-13 12:28:47.055 [info] /settings/configurationDefaults closed
2024-01-13 12:28:47.124 [info] /settings/resourceLanguage closed
2024-01-13 12:28:47.179 [info] /launch closed
2024-01-13 12:28:47.180 [info] /token-styling closed
2024-01-13 12:28:47.182 [info] /textmate-colors closed
2024-01-13 12:28:47.185 [info] /workbench-colors closed
2024-01-13 12:42:43.092 [info] Active editor: file:///mnt/Kynthos%20Development/blbsr/src/frontend/node_modules/.pnpm/change-case%405.4.1/node_modules/change-case/dist/index.js
2024-01-13 12:43:03.019 [info] /mnt/Kynthos Development/blbsr/src/frontend/node_modules/.pnpm/change-case@5.4.1/node_modules/change-case/dist/index.js closed
2024-01-13 12:43:03.019 [info] /mnt/Kynthos Development/blbsr/src/frontend/node_modules/.pnpm/change-case@5.4.1/node_modules/change-case/dist/index.js.git closed
2024-01-13 12:43:07.812 [info] Active editor: file:///mnt/Kynthos%20Development/blbsr/.gitignore
2024-01-13 12:43:12.771 [info] /mnt/Kynthos Development/blbsr/.gitignore closed
2024-01-13 12:43:12.782 [info] Active editor: file:///mnt/Kynthos%20Development/blbsr/src/frontend/_templates/module/new/index.js
2024-01-13 12:43:12.799 [info] /mnt/Kynthos Development/blbsr/.gitignore.git closed
2024-01-13 12:49:46.294 [info] /mnt/Kynthos Development/blbsr/src/frontend/_templates/module/new/prompt/moduleNamePrompt.js closed
2024-01-13 12:49:46.527 [info] /mnt/Kynthos Development/blbsr/src/frontend/_templates/module/new/prompt/moduleNamePrompt.js closed
2024-01-13 12:49:48.320 [info] /mnt/Kynthos Development/blbsr/src/frontend/_templates/module/new/index.js closed
2024-01-13 12:49:48.320 [info] /mnt/Kynthos Development/blbsr/src/frontend/_templates/module/new/index.js.git closed
2024-01-13 12:49:52.961 [info] Active editor: file:///mnt/Kynthos%20Development/blbsr/src/frontend/package.json
2024-01-13 12:50:25.307 [info] /mnt/Kynthos Development/blbsr/src/frontend/package.json closed
2024-01-13 12:50:25.308 [info] /mnt/Kynthos Development/blbsr/src/frontend/package.json.git closed
2024-01-13 12:50:49.609 [info] Active editor: file:///mnt/Kynthos%20Development/blbsr/src/frontend/_templates/module/new/prompt/Model.ejs.t
2024-01-13 12:50:53.625 [info] /mnt/Kynthos Development/blbsr/src/frontend/_templates/module/new/prompt/Model.ejs.t closed
2024-01-13 12:50:53.635 [info] Active editor: file:///mnt/Kynthos%20Development/blbsr/src/frontend/_templates/module/new/prompt/moduleNamePrompt.js
2024-01-13 12:50:53.643 [info] /mnt/Kynthos Development/blbsr/src/frontend/_templates/module/new/prompt/Model.ejs.t.git closed
2024-01-13 12:52:53.023 [info] /vscode-extensions closed
2024-01-13 12:52:53.067 [info] /settings/configurationDefaults closed
2024-01-13 12:52:53.171 [info] /settings/resourceLanguage closed
2024-01-13 12:52:53.210 [info] /launch closed
2024-01-13 12:52:53.210 [info] /token-styling closed
2024-01-13 12:52:53.211 [info] /textmate-colors closed
2024-01-13 12:52:53.215 [info] /workbench-colors closed
2024-01-13 12:55:02.492 [info] /mnt/Kynthos Development/blbsr/src/frontend/_templates/module/new/prompt/moduleNamePrompt.js closed
2024-01-13 12:55:02.493 [info] /mnt/Kynthos Development/blbsr/src/frontend/_templates/module/new/prompt/moduleNamePrompt.js.git closed
2024-01-13 12:55:08.203 [info] Active editor: file:///mnt/Kynthos%20Development/blbsr/src/frontend/package.json
2024-01-13 12:55:34.695 [info] Active editor: file:///mnt/Kynthos%20Development/blbsr/src/frontend/_templates/module/new/index.js
2024-01-13 12:55:34.709 [info] /mnt/Kynthos Development/blbsr/src/frontend/package.json.git closed
2024-01-13 12:58:08.257 [info] /vscode-extensions closed
2024-01-13 12:58:08.304 [info] /settings/configurationDefaults closed
2024-01-13 12:58:08.413 [info] /settings/resourceLanguage closed
2024-01-13 12:58:08.466 [info] /launch closed
2024-01-13 12:58:08.467 [info] /token-styling closed
2024-01-13 12:58:08.468 [info] /textmate-colors closed
2024-01-13 12:58:08.471 [info] /workbench-colors closed
2024-01-13 13:01:08.285 [info] /vscode-extensions closed
2024-01-13 13:01:08.342 [info] /settings/configurationDefaults closed
2024-01-13 13:01:08.503 [info] /settings/resourceLanguage closed
2024-01-13 13:01:08.547 [info] /launch closed
2024-01-13 13:01:08.548 [info] /token-styling closed
2024-01-13 13:01:08.549 [info] /textmate-colors closed
2024-01-13 13:01:08.554 [info] /workbench-colors closed
2024-01-13 13:04:08.317 [info] /vscode-extensions closed
2024-01-13 13:04:08.380 [info] /settings/configurationDefaults closed
2024-01-13 13:04:08.564 [info] /settings/resourceLanguage closed
2024-01-13 13:04:08.690 [info] /launch closed
2024-01-13 13:04:08.693 [info] /token-styling closed
2024-01-13 13:04:08.696 [info] /textmate-colors closed
2024-01-13 13:04:08.706 [info] /workbench-colors closed
2024-01-13 13:07:08.345 [info] /vscode-extensions closed
2024-01-13 13:07:08.413 [info] /settings/configurationDefaults closed
2024-01-13 13:07:08.615 [info] /settings/resourceLanguage closed
2024-01-13 13:07:08.763 [info] /launch closed
2024-01-13 13:07:08.764 [info] /token-styling closed
2024-01-13 13:07:08.767 [info] /textmate-colors closed
2024-01-13 13:07:08.915 [info] /workbench-colors closed
2024-01-13 13:10:08.375 [info] /vscode-extensions closed
2024-01-13 13:10:08.462 [info] /settings/configurationDefaults closed
2024-01-13 13:10:08.655 [info] /settings/resourceLanguage closed
2024-01-13 13:10:08.839 [info] /launch closed
2024-01-13 13:10:08.843 [info] /token-styling closed
2024-01-13 13:10:08.843 [info] /textmate-colors closed
2024-01-13 13:10:09.005 [info] /workbench-colors closed
2024-01-13 13:13:08.405 [info] /vscode-extensions closed
2024-01-13 13:13:08.495 [info] /settings/configurationDefaults closed
2024-01-13 13:13:08.697 [info] /settings/resourceLanguage closed
2024-01-13 13:13:08.916 [info] /launch closed
2024-01-13 13:13:08.920 [info] /token-styling closed
2024-01-13 13:13:08.920 [info] /textmate-colors closed
2024-01-13 13:13:09.065 [info] /workbench-colors closed
2024-01-13 13:16:08.435 [info] /vscode-extensions closed
2024-01-13 13:16:08.530 [info] /settings/configurationDefaults closed
2024-01-13 13:16:08.739 [info] /settings/resourceLanguage closed
2024-01-13 13:16:08.992 [info] /launch closed
2024-01-13 13:16:08.996 [info] /token-styling closed
2024-01-13 13:16:08.997 [info] /textmate-colors closed
2024-01-13 13:16:09.169 [info] /workbench-colors closed
2024-01-13 13:19:08.463 [info] /vscode-extensions closed
2024-01-13 13:19:08.564 [info] /settings/configurationDefaults closed
2024-01-13 13:19:08.779 [info] /settings/resourceLanguage closed
2024-01-13 13:19:09.111 [info] /launch closed
2024-01-13 13:19:09.112 [info] /token-styling closed
2024-01-13 13:19:09.115 [info] /textmate-colors closed
2024-01-13 13:19:09.275 [info] /workbench-colors closed
