2024-02-08 20:12:08.633 [info] Log level: Info
2024-02-08 20:12:08.633 [info] Validating found git in: "git"
2024-02-08 20:12:08.633 [info] Using git "2.43.0" from "git"
2024-02-08 20:12:08.633 [info] > git rev-parse --show-toplevel [43ms]
2024-02-08 20:12:08.639 [info] > git rev-parse --git-dir --git-common-dir [1ms]
2024-02-08 20:12:08.650 [info] Open repository: /mnt/Kynthos Development/blbsr
2024-02-08 20:12:08.665 [info] > git config --get commit.template [5ms]
2024-02-08 20:12:08.666 [info] > git rev-parse --show-toplevel [2ms]
2024-02-08 20:12:08.750 [info] > git for-each-ref --format=%(refname)%00%(upstream:short)%00%(objectname)%00%(upstream:track)%00%(upstream:remotename)%00%(upstream:remoteref) refs/heads/main refs/remotes/main [77ms]
2024-02-08 20:12:08.785 [info] > git status -z -uall [29ms]
2024-02-08 20:12:08.798 [info] > git config --get commit.template [4ms]
2024-02-08 20:12:08.798 [info] > git for-each-ref --format=%(refname)%00%(upstream:short)%00%(objectname)%00%(upstream:track)%00%(upstream:remotename)%00%(upstream:remoteref) refs/heads/main refs/remotes/main [1ms]
2024-02-08 20:12:08.804 [info] > git status -z -uall [2ms]
2024-02-08 20:12:09.174 [info] > git check-ignore -v -z --stdin [1ms]
2024-02-08 20:12:13.187 [info] > git config --get commit.template [17ms]
2024-02-08 20:12:13.189 [info] > git for-each-ref --format=%(refname)%00%(upstream:short)%00%(objectname)%00%(upstream:track)%00%(upstream:remotename)%00%(upstream:remoteref) refs/heads/main refs/remotes/main [3ms]
2024-02-08 20:12:13.208 [info] > git status -z -uall [5ms]
2024-02-08 20:13:03.414 [info] Log level: Info
2024-02-08 20:13:03.414 [info] Validating found git in: "git"
2024-02-08 20:13:03.414 [info] Using git "2.43.0" from "git"
2024-02-08 20:48:05.587 [info] Log level: Info
2024-02-08 20:48:05.587 [info] Validating found git in: "git"
2024-02-08 20:48:05.587 [info] Using git "2.43.0" from "git"
2024-02-08 20:48:05.587 [info] > git rev-parse --show-toplevel [5ms]
2024-02-08 20:48:05.587 [info] fatal: not a git repository (or any parent up to mount point /)
Stopping at filesystem boundary (GIT_DISCOVERY_ACROSS_FILESYSTEM not set).
2024-02-08 20:48:05.587 [info] > git rev-parse --show-toplevel [2ms]
2024-02-08 20:48:05.587 [info] fatal: not a git repository (or any parent up to mount point /)
Stopping at filesystem boundary (GIT_DISCOVERY_ACROSS_FILESYSTEM not set).
2024-02-08 20:48:05.602 [info] > git rev-parse --show-toplevel [7ms]
2024-02-08 20:48:05.602 [info] fatal: not a git repository (or any parent up to mount point /)
Stopping at filesystem boundary (GIT_DISCOVERY_ACROSS_FILESYSTEM not set).
2024-02-08 20:48:05.608 [info] > git rev-parse --show-toplevel [2ms]
2024-02-08 20:48:05.608 [info] fatal: not a git repository (or any parent up to mount point /)
Stopping at filesystem boundary (GIT_DISCOVERY_ACROSS_FILESYSTEM not set).
2024-02-08 20:48:05.621 [info] > git rev-parse --show-toplevel [1ms]
2024-02-08 20:48:05.621 [info] fatal: not a git repository (or any parent up to mount point /)
Stopping at filesystem boundary (GIT_DISCOVERY_ACROSS_FILESYSTEM not set).
2024-02-08 20:48:05.629 [info] > git rev-parse --show-toplevel [2ms]
2024-02-08 20:48:05.629 [info] fatal: not a git repository (or any parent up to mount point /)
Stopping at filesystem boundary (GIT_DISCOVERY_ACROSS_FILESYSTEM not set).
2024-02-08 20:48:05.634 [info] > git rev-parse --show-toplevel [1ms]
2024-02-08 20:48:05.634 [info] fatal: not a git repository (or any parent up to mount point /)
Stopping at filesystem boundary (GIT_DISCOVERY_ACROSS_FILESYSTEM not set).
2024-02-08 20:48:05.639 [info] > git rev-parse --show-toplevel [1ms]
2024-02-08 20:48:05.639 [info] fatal: not a git repository (or any parent up to mount point /)
Stopping at filesystem boundary (GIT_DISCOVERY_ACROSS_FILESYSTEM not set).
2024-02-08 20:48:05.646 [info] > git rev-parse --show-toplevel [1ms]
2024-02-08 20:48:05.646 [info] fatal: not a git repository (or any parent up to mount point /)
Stopping at filesystem boundary (GIT_DISCOVERY_ACROSS_FILESYSTEM not set).
2024-02-08 20:48:05.651 [info] > git rev-parse --show-toplevel [0ms]
2024-02-08 20:48:05.652 [info] fatal: not a git repository (or any parent up to mount point /)
Stopping at filesystem boundary (GIT_DISCOVERY_ACROSS_FILESYSTEM not set).
2024-02-08 20:48:05.657 [info] > git rev-parse --show-toplevel [1ms]
2024-02-08 20:48:05.657 [info] fatal: not a git repository (or any parent up to mount point /)
Stopping at filesystem boundary (GIT_DISCOVERY_ACROSS_FILESYSTEM not set).
2024-02-08 20:48:05.668 [info] > git rev-parse --show-toplevel [1ms]
2024-02-08 20:48:05.668 [info] fatal: not a git repository (or any parent up to mount point /)
Stopping at filesystem boundary (GIT_DISCOVERY_ACROSS_FILESYSTEM not set).
2024-02-08 20:48:05.673 [info] > git rev-parse --show-toplevel [1ms]
2024-02-08 20:48:05.673 [info] fatal: not a git repository (or any parent up to mount point /)
Stopping at filesystem boundary (GIT_DISCOVERY_ACROSS_FILESYSTEM not set).
2024-02-08 20:48:05.750 [info] > git rev-parse --show-toplevel [0ms]
2024-02-08 20:48:05.750 [info] fatal: not a git repository (or any parent up to mount point /)
Stopping at filesystem boundary (GIT_DISCOVERY_ACROSS_FILESYSTEM not set).
2024-02-08 20:48:05.787 [info] > git rev-parse --show-toplevel [1ms]
2024-02-08 20:48:05.787 [info] fatal: not a git repository (or any parent up to mount point /)
Stopping at filesystem boundary (GIT_DISCOVERY_ACROSS_FILESYSTEM not set).
2024-02-08 20:48:05.983 [info] > git rev-parse --show-toplevel [1ms]
2024-02-08 20:48:05.983 [info] fatal: not a git repository (or any parent up to mount point /)
Stopping at filesystem boundary (GIT_DISCOVERY_ACROSS_FILESYSTEM not set).
2024-02-08 20:48:07.060 [info] > git rev-parse --show-toplevel [1ms]
2024-02-08 20:48:07.060 [info] fatal: not a git repository (or any parent up to mount point /)
Stopping at filesystem boundary (GIT_DISCOVERY_ACROSS_FILESYSTEM not set).
2024-02-08 20:49:19.246 [info] > git rev-parse --show-toplevel [2ms]
2024-02-08 20:49:19.246 [info] fatal: not a git repository (or any parent up to mount point /)
Stopping at filesystem boundary (GIT_DISCOVERY_ACROSS_FILESYSTEM not set).
2024-02-08 20:50:13.364 [info] > git rev-parse --show-toplevel [1ms]
2024-02-08 20:50:13.364 [info] fatal: not a git repository (or any parent up to mount point /)
Stopping at filesystem boundary (GIT_DISCOVERY_ACROSS_FILESYSTEM not set).
2024-02-08 20:50:16.797 [info] > git rev-parse --show-toplevel [1ms]
2024-02-08 20:50:16.797 [info] fatal: not a git repository (or any parent up to mount point /)
Stopping at filesystem boundary (GIT_DISCOVERY_ACROSS_FILESYSTEM not set).
2024-02-08 20:50:24.280 [info] > git rev-parse --show-toplevel [3ms]
2024-02-08 20:50:24.280 [info] fatal: not a git repository (or any parent up to mount point /)
Stopping at filesystem boundary (GIT_DISCOVERY_ACROSS_FILESYSTEM not set).
2024-02-08 20:50:35.189 [info] > git rev-parse --show-toplevel [4ms]
2024-02-08 20:50:35.189 [info] fatal: not a git repository (or any parent up to mount point /)
Stopping at filesystem boundary (GIT_DISCOVERY_ACROSS_FILESYSTEM not set).
2024-02-08 20:56:09.502 [info] > git rev-parse --show-toplevel [1ms]
2024-02-08 20:56:09.502 [info] fatal: not a git repository (or any parent up to mount point /)
Stopping at filesystem boundary (GIT_DISCOVERY_ACROSS_FILESYSTEM not set).
2024-02-08 21:04:13.588 [info] > git rev-parse --show-toplevel [1ms]
2024-02-08 21:04:13.588 [info] fatal: not a git repository (or any parent up to mount point /)
Stopping at filesystem boundary (GIT_DISCOVERY_ACROSS_FILESYSTEM not set).
2024-02-08 21:04:30.061 [info] > git rev-parse --show-toplevel [1ms]
2024-02-08 21:04:30.061 [info] fatal: not a git repository (or any parent up to mount point /)
Stopping at filesystem boundary (GIT_DISCOVERY_ACROSS_FILESYSTEM not set).
2024-02-08 21:08:55.582 [info] > git rev-parse --show-toplevel [2ms]
2024-02-08 21:08:55.582 [info] fatal: not a git repository (or any parent up to mount point /)
Stopping at filesystem boundary (GIT_DISCOVERY_ACROSS_FILESYSTEM not set).
2024-02-08 21:43:07.906 [info] > git rev-parse --show-toplevel [1ms]
2024-02-08 21:43:07.906 [info] fatal: not a git repository (or any parent up to mount point /)
Stopping at filesystem boundary (GIT_DISCOVERY_ACROSS_FILESYSTEM not set).
2024-02-08 21:44:24.722 [info] > git rev-parse --show-toplevel [1ms]
2024-02-08 21:44:24.722 [info] fatal: not a git repository (or any parent up to mount point /)
Stopping at filesystem boundary (GIT_DISCOVERY_ACROSS_FILESYSTEM not set).
