Initializing document watcher...
blbsr/package.json: {"insertSpaces":true,"tabSize":2}
blbsr/package.json: {"insertSpaces":true,"tabSize":2}
blbsr/package.json: {"insertSpaces":true,"tabSize":2}
blbsr/package.json: {"insertSpaces":true,"tabSize":2}
No more open editors.
blbsr/schemas/non_conformance.schema.json: {"insertSpaces":true,"tabSize":2}
No more open editors.
No more open editors.
blbsr/schemas/non_conformance.schema.json: {"insertSpaces":true,"tabSize":2}
blbsr/schemas/user.schema.json: {"insertSpaces":true,"tabSize":2}
blbsr/schemas/user.schema.json: {"insertSpaces":true,"tabSize":2}
blbsr/scripts/generate.ts: {"insertSpaces":true,"tabSize":2}
blbsr/pinia-orm-models/User.ts: {"insertSpaces":true,"tabSize":2}
No more open editors.
No more open editors.
No more open editors.
blbsr/schemas/non_conformance.schema.json: {"insertSpaces":true,"tabSize":2}
blbsr/schemas/user.schema.json: {"insertSpaces":true,"tabSize":2}
blbsr/schemas/non_conformance.schema.json: {"insertSpaces":true,"tabSize":2}
blbsr/scripts/createEmptyFile.ts: {"insertSpaces":true,"tabSize":2}
blbsr/scripts/generate.ts: {"insertSpaces":true,"tabSize":2}
blbsr/scripts/generate.ts: {"insertSpaces":true,"tabSize":2}
blbsr/scripts/generate.ts: {"insertSpaces":true,"tabSize":2}
No more open editors.
No more open editors.
No more open editors.
blbsr/package.json: {"insertSpaces":true,"tabSize":2}
blbsr/scripts/generate.ts: {"insertSpaces":true,"tabSize":2}
blbsr/scripts/generate.ts: {"insertSpaces":true,"tabSize":2}
blbsr/scripts/generate.ts: {"insertSpaces":true,"tabSize":2}
blbsr/schemas/non_conformance.schema.json: {"insertSpaces":true,"tabSize":2}
blbsr/.env: {"insertSpaces":true,"tabSize":2}
blbsr/scripts/generate.ts: {"insertSpaces":true,"tabSize":2}
blbsr/node_modules/.pnpm/@quasar-army+ts-generator-in-json-schema@0.0.2/node_modules/@quasar-army/ts-generator-in-json-schema/src/index.ts: {"insertSpaces":true,"tabSize":2}
blbsr/scripts/generate.ts: {"insertSpaces":true,"tabSize":2}
blbsr/node_modules/.pnpm/@quasar-army+ts-generator-in-json-schema@0.0.2/node_modules/@quasar-army/ts-generator-in-json-schema/tsconfig.json: {"insertSpaces":true,"tabSize":2}
blbsr/node_modules/.pnpm/@quasar-army+ts-generator-in-json-schema@0.0.2/node_modules/@quasar-army/ts-generator-in-json-schema/tsconfig.json: Using EditorConfig core...
node_modules/.pnpm/@quasar-army+ts-generator-in-json-schema@0.0.2/node_modules/@quasar-army/ts-generator-in-json-schema/tsconfig.json: editor.action.trimTrailingWhitespace
node_modules/.pnpm/@quasar-army+ts-generator-in-json-schema@0.0.2/node_modules/@quasar-army/ts-generator-in-json-schema/tsconfig.json: insertFinalNewline(LF)
blbsr/node_modules/.pnpm/@quasar-army+ts-generator-in-json-schema@0.0.2/node_modules/@quasar-army/ts-generator-in-json-schema/tsconfig.json: {"insertSpaces":true,"tabSize":2}
blbsr/schemas/non_conformance.schema.json: {"insertSpaces":true,"tabSize":2}
blbsr/node_modules/.pnpm/@quasar-army+ts-generator-in-json-schema@0.0.2/node_modules/@quasar-army/ts-generator-in-json-schema/tsconfig.json: {"insertSpaces":true,"tabSize":2}
blbsr/scripts/generate.ts: {"insertSpaces":true,"tabSize":2}
No more open editors.
No more open editors.
blbsr/scripts/generate.ts: {"insertSpaces":true,"tabSize":2}
blbsr/scripts/generate.ts: {"insertSpaces":true,"tabSize":2}
No more open editors.
blbsr/.env: {"insertSpaces":true,"tabSize":2}
No more open editors.
No more open editors.
blbsr/blue.config.ts: {"insertSpaces":true,"tabSize":2}
blbsr/blue.config.ts: {"insertSpaces":true,"tabSize":2}
blbsr/package.json: {"insertSpaces":true,"tabSize":2}
blbsr/blue.config.ts: {"insertSpaces":true,"tabSize":2}
blbsr/blue.config.ts: {"insertSpaces":true,"tabSize":2}
blbsr/package.json: {"insertSpaces":true,"tabSize":2}
blbsr/package.json: {"insertSpaces":true,"tabSize":2}
blbsr/blue.config.ts: {"insertSpaces":true,"tabSize":2}
blbsr/blue.config.ts: {"insertSpaces":true,"tabSize":2}
blbsr/blue.config.ts: {"insertSpaces":true,"tabSize":2}
No more open editors.
blbsr/schemas/non_conformance.schema.json: {"insertSpaces":true,"tabSize":2}
blbsr/blue.config.ts: {"insertSpaces":true,"tabSize":2}
blbsr/blue.config.ts: Using EditorConfig core...
blue.config.ts: editor.action.trimTrailingWhitespace
blbsr/blue.config.ts: Using EditorConfig core...
blue.config.ts: editor.action.trimTrailingWhitespace
blbsr/blue.config.ts: {"insertSpaces":true,"tabSize":2}
blbsr/blue.config.ts: Using EditorConfig core...
blue.config.ts: editor.action.trimTrailingWhitespace
blbsr/blue.config.ts: {"insertSpaces":true,"tabSize":2}
blbsr/blue.config.ts: {"insertSpaces":true,"tabSize":2}
